
  .   ____          _            __ _ _
 /\\ / ___'_ __ _ _(_)_ __  __ _ \ \ \ \
( ( )\___ | '_ | '_| | '_ \/ _` | \ \ \ \
 \\/  ___)| |_)| | | | | || (_| |  ) ) ) )
  '  |____| .__|_| |_|_| |_\__, | / / / /
 =========|_|==============|___/=/_/_/_/
 :: Spring Boot ::                (v2.5.4)

2021-09-14 09:27:56.536  INFO 1 --- [           main] de.inovex.kirner.ping.PingApplicationKt  : Starting PingApplicationKt using Java 11.0.12 on pong with PID 1 (/app/classes started by root in /)
2021-09-14 09:27:56.544  INFO 1 --- [           main] de.inovex.kirner.ping.PingApplicationKt  : No active profile set, falling back to default profiles: default
2021-09-14 09:28:01.702  INFO 1 --- [           main] o.s.b.w.embedded.tomcat.TomcatWebServer  : Tomcat initialized with port(s): 8080 (http)
2021-09-14 09:28:01.744  INFO 1 --- [           main] o.apache.catalina.core.StandardService   : Starting service [Tomcat]
2021-09-14 09:28:01.746  INFO 1 --- [           main] org.apache.catalina.core.StandardEngine  : Starting Servlet engine: [Apache Tomcat/9.0.52]
2021-09-14 09:28:02.068  INFO 1 --- [           main] o.a.c.c.C.[Tomcat].[localhost].[/]       : Initializing Spring embedded WebApplicationContext
2021-09-14 09:28:02.069  INFO 1 --- [           main] w.s.c.ServletWebServerApplicationContext : Root WebApplicationContext: initialization completed in 5268 ms
2021-09-14 09:28:06.811  INFO 1 --- [           main] o.s.b.a.e.web.EndpointLinksResolver      : Exposing 1 endpoint(s) beneath base path '/actuator'
2021-09-14 09:28:06.955  INFO 1 --- [           main] o.s.b.w.embedded.tomcat.TomcatWebServer  : Tomcat started on port(s): 8080 (http) with context path ''
2021-09-14 09:28:07.033  INFO 1 --- [           main] de.inovex.kirner.ping.PingApplicationKt  : Started PingApplicationKt in 12.447 seconds (JVM running for 13.842)
2021-09-14 09:28:08.940  INFO 1 --- [nio-8080-exec-1] o.a.c.c.C.[Tomcat].[localhost].[/]       : Initializing Spring DispatcherServlet 'dispatcherServlet'
2021-09-14 09:28:08.941  INFO 1 --- [nio-8080-exec-1] o.s.web.servlet.DispatcherServlet        : Initializing Servlet 'dispatcherServlet'
2021-09-14 09:28:08.947  INFO 1 --- [nio-8080-exec-1] o.s.web.servlet.DispatcherServlet        : Completed initialization in 5 ms
2021-09-14 09:28:09.572  INFO 1 --- [nio-8080-exec-1] de.inovex.kirner.ping.PongController     : Received Ping - timestamp: 1631611688738 -> 1631611689530 | 792
2021-09-14 09:28:13.765  INFO 1 --- [nio-8080-exec-2] de.inovex.kirner.ping.PongController     : Received Ping - timestamp: 1631611693738 -> 1631611693765 | 27
2021-09-14 09:28:18.762  INFO 1 --- [nio-8080-exec-3] de.inovex.kirner.ping.PongController     : Received Ping - timestamp: 1631611698738 -> 1631611698761 | 23
2021-09-14 09:28:23.761  INFO 1 --- [nio-8080-exec-4] de.inovex.kirner.ping.PongController     : Received Ping - timestamp: 1631611703742 -> 1631611703761 | 19
2021-09-14 09:28:28.759  INFO 1 --- [nio-8080-exec-5] de.inovex.kirner.ping.PongController     : Received Ping - timestamp: 1631611708737 -> 1631611708759 | 22
2021-09-14 09:28:33.760  INFO 1 --- [nio-8080-exec-6] de.inovex.kirner.ping.PongController     : Received Ping - timestamp: 1631611713738 -> 1631611713760 | 22
2021-09-14 09:28:38.761  INFO 1 --- [nio-8080-exec-7] de.inovex.kirner.ping.PongController     : Received Ping - timestamp: 1631611718737 -> 1631611718761 | 24
2021-09-14 09:28:43.759  INFO 1 --- [nio-8080-exec-8] de.inovex.kirner.ping.PongController     : Received Ping - timestamp: 1631611723737 -> 1631611723759 | 22
2021-09-14 09:28:48.767  INFO 1 --- [nio-8080-exec-9] de.inovex.kirner.ping.PongController     : Received Ping - timestamp: 1631611728739 -> 1631611728767 | 28
2021-09-14 09:28:53.760  INFO 1 --- [io-8080-exec-10] de.inovex.kirner.ping.PongController     : Received Ping - timestamp: 1631611733737 -> 1631611733760 | 23
2021-09-14 09:28:58.872  INFO 1 --- [nio-8080-exec-1] de.inovex.kirner.ping.PongController     : Received Ping - timestamp: 1631611738824 -> 1631611738872 | 48
2021-09-14 09:29:03.757  INFO 1 --- [nio-8080-exec-2] de.inovex.kirner.ping.PongController     : Received Ping - timestamp: 1631611743736 -> 1631611743757 | 21
2021-09-14 09:29:08.757  INFO 1 --- [nio-8080-exec-3] de.inovex.kirner.ping.PongController     : Received Ping - timestamp: 1631611748737 -> 1631611748757 | 20
2021-09-14 09:29:13.755  INFO 1 --- [nio-8080-exec-4] de.inovex.kirner.ping.PongController     : Received Ping - timestamp: 1631611753735 -> 1631611753755 | 20
2021-09-14 09:29:18.758  INFO 1 --- [nio-8080-exec-5] de.inovex.kirner.ping.PongController     : Received Ping - timestamp: 1631611758735 -> 1631611758758 | 23
2021-09-14 09:29:23.759  INFO 1 --- [nio-8080-exec-6] de.inovex.kirner.ping.PongController     : Received Ping - timestamp: 1631611763736 -> 1631611763759 | 23
2021-09-14 09:29:28.755  INFO 1 --- [nio-8080-exec-7] de.inovex.kirner.ping.PongController     : Received Ping - timestamp: 1631611768735 -> 1631611768755 | 20
2021-09-14 09:29:33.755  INFO 1 --- [nio-8080-exec-8] de.inovex.kirner.ping.PongController     : Received Ping - timestamp: 1631611773736 -> 1631611773755 | 19
2021-09-14 09:29:38.759  INFO 1 --- [nio-8080-exec-9] de.inovex.kirner.ping.PongController     : Received Ping - timestamp: 1631611778735 -> 1631611778759 | 24
2021-09-14 09:29:43.754  INFO 1 --- [io-8080-exec-10] de.inovex.kirner.ping.PongController     : Received Ping - timestamp: 1631611783735 -> 1631611783754 | 19
2021-09-14 09:29:48.757  INFO 1 --- [nio-8080-exec-1] de.inovex.kirner.ping.PongController     : Received Ping - timestamp: 1631611788734 -> 1631611788757 | 23
2021-09-14 09:29:53.753  INFO 1 --- [nio-8080-exec-2] de.inovex.kirner.ping.PongController     : Received Ping - timestamp: 1631611793735 -> 1631611793753 | 18
2021-09-14 09:29:58.759  INFO 1 --- [nio-8080-exec-3] de.inovex.kirner.ping.PongController     : Received Ping - timestamp: 1631611798736 -> 1631611798758 | 22
2021-09-14 09:30:03.755  INFO 1 --- [nio-8080-exec-4] de.inovex.kirner.ping.PongController     : Received Ping - timestamp: 1631611803735 -> 1631611803755 | 20
2021-09-14 09:30:08.758  INFO 1 --- [nio-8080-exec-5] de.inovex.kirner.ping.PongController     : Received Ping - timestamp: 1631611808734 -> 1631611808758 | 24
2021-09-14 09:30:13.755  INFO 1 --- [nio-8080-exec-6] de.inovex.kirner.ping.PongController     : Received Ping - timestamp: 1631611813737 -> 1631611813755 | 18
2021-09-14 09:30:18.756  INFO 1 --- [nio-8080-exec-7] de.inovex.kirner.ping.PongController     : Received Ping - timestamp: 1631611818736 -> 1631611818756 | 20
2021-09-14 09:30:23.756  INFO 1 --- [nio-8080-exec-8] de.inovex.kirner.ping.PongController     : Received Ping - timestamp: 1631611823737 -> 1631611823756 | 19
2021-09-14 09:30:28.755  INFO 1 --- [nio-8080-exec-9] de.inovex.kirner.ping.PongController     : Received Ping - timestamp: 1631611828734 -> 1631611828755 | 21
2021-09-14 09:30:33.751  INFO 1 --- [io-8080-exec-10] de.inovex.kirner.ping.PongController     : Received Ping - timestamp: 1631611833734 -> 1631611833751 | 17
2021-09-14 09:30:38.757  INFO 1 --- [nio-8080-exec-1] de.inovex.kirner.ping.PongController     : Received Ping - timestamp: 1631611838734 -> 1631611838756 | 22
2021-09-14 09:30:43.755  INFO 1 --- [nio-8080-exec-2] de.inovex.kirner.ping.PongController     : Received Ping - timestamp: 1631611843735 -> 1631611843755 | 20
2021-09-14 09:30:48.753  INFO 1 --- [nio-8080-exec-3] de.inovex.kirner.ping.PongController     : Received Ping - timestamp: 1631611848735 -> 1631611848753 | 18
2021-09-14 09:30:53.750  INFO 1 --- [nio-8080-exec-4] de.inovex.kirner.ping.PongController     : Received Ping - timestamp: 1631611853736 -> 1631611853750 | 14
2021-09-14 09:30:58.751  INFO 1 --- [nio-8080-exec-5] de.inovex.kirner.ping.PongController     : Received Ping - timestamp: 1631611858735 -> 1631611858751 | 16
2021-09-14 09:31:03.754  INFO 1 --- [nio-8080-exec-6] de.inovex.kirner.ping.PongController     : Received Ping - timestamp: 1631611863735 -> 1631611863754 | 19
2021-09-14 09:31:08.756  INFO 1 --- [nio-8080-exec-7] de.inovex.kirner.ping.PongController     : Received Ping - timestamp: 1631611868734 -> 1631611868756 | 22
2021-09-14 09:31:13.753  INFO 1 --- [nio-8080-exec-8] de.inovex.kirner.ping.PongController     : Received Ping - timestamp: 1631611873734 -> 1631611873753 | 19
2021-09-14 09:31:18.757  INFO 1 --- [nio-8080-exec-9] de.inovex.kirner.ping.PongController     : Received Ping - timestamp: 1631611878736 -> 1631611878757 | 21
2021-09-14 09:31:23.754  INFO 1 --- [io-8080-exec-10] de.inovex.kirner.ping.PongController     : Received Ping - timestamp: 1631611883736 -> 1631611883754 | 18
2021-09-14 09:31:28.756  INFO 1 --- [nio-8080-exec-1] de.inovex.kirner.ping.PongController     : Received Ping - timestamp: 1631611888735 -> 1631611888756 | 21
2021-09-14 09:31:33.752  INFO 1 --- [nio-8080-exec-2] de.inovex.kirner.ping.PongController     : Received Ping - timestamp: 1631611893735 -> 1631611893752 | 17
2021-09-14 09:31:38.754  INFO 1 --- [nio-8080-exec-3] de.inovex.kirner.ping.PongController     : Received Ping - timestamp: 1631611898734 -> 1631611898754 | 20
2021-09-14 09:31:43.753  INFO 1 --- [nio-8080-exec-4] de.inovex.kirner.ping.PongController     : Received Ping - timestamp: 1631611903735 -> 1631611903753 | 18
2021-09-14 09:31:48.753  INFO 1 --- [nio-8080-exec-5] de.inovex.kirner.ping.PongController     : Received Ping - timestamp: 1631611908734 -> 1631611908753 | 19
2021-09-14 09:31:53.751  INFO 1 --- [nio-8080-exec-6] de.inovex.kirner.ping.PongController     : Received Ping - timestamp: 1631611913734 -> 1631611913751 | 17
2021-09-14 09:31:58.756  INFO 1 --- [nio-8080-exec-7] de.inovex.kirner.ping.PongController     : Received Ping - timestamp: 1631611918735 -> 1631611918756 | 21
