--- Mon Sep  6 08:27:35 UTC 2021
top - 08:27:35 up 48 min,  1 user,  load average: 0.04, 0.08, 0.08
Tasks: 142 total,   1 running, 141 sleeping,   0 stopped,   0 zombie
%Cpu(s):  0.0 us,  5.5 sy,  0.0 ni, 94.5 id,  0.0 wa,  0.0 hi,  0.0 si,  0.0 st
MiB Mem :   3793.3 total,   2154.2 free,    659.9 used,    979.2 buff/cache
MiB Swap:      0.0 total,      0.0 free,      0.0 used.   3081.7 avail Mem 
--- Mon Sep  6 08:27:40 UTC 2021
top - 08:27:40 up 48 min,  1 user,  load average: 0.04, 0.08, 0.08
Tasks: 143 total,   1 running, 142 sleeping,   0 stopped,   0 zombie
%Cpu(s):  1.3 us,  4.0 sy,  0.0 ni, 94.7 id,  0.0 wa,  0.0 hi,  0.0 si,  0.0 st
MiB Mem :   3793.3 total,   2153.6 free,    660.4 used,    979.3 buff/cache
MiB Swap:      0.0 total,      0.0 free,      0.0 used.   3081.2 avail Mem 
--- Mon Sep  6 08:27:45 UTC 2021
top - 08:27:46 up 48 min,  1 user,  load average: 0.03, 0.08, 0.08
Tasks: 143 total,   1 running, 142 sleeping,   0 stopped,   0 zombie
%Cpu(s):  0.0 us,  4.1 sy,  0.0 ni, 95.9 id,  0.0 wa,  0.0 hi,  0.0 si,  0.0 st
MiB Mem :   3793.3 total,   2153.6 free,    660.4 used,    979.3 buff/cache
MiB Swap:      0.0 total,      0.0 free,      0.0 used.   3081.2 avail Mem 
--- Mon Sep  6 08:27:51 UTC 2021
top - 08:27:51 up 48 min,  1 user,  load average: 0.03, 0.08, 0.08
Tasks: 143 total,   1 running, 142 sleeping,   0 stopped,   0 zombie
%Cpu(s):  1.4 us,  4.1 sy,  0.0 ni, 91.9 id,  2.7 wa,  0.0 hi,  0.0 si,  0.0 st
MiB Mem :   3793.3 total,   2153.5 free,    660.5 used,    979.3 buff/cache
MiB Swap:      0.0 total,      0.0 free,      0.0 used.   3081.2 avail Mem 
--- Mon Sep  6 08:27:56 UTC 2021
top - 08:27:56 up 48 min,  1 user,  load average: 0.03, 0.08, 0.08
Tasks: 143 total,   1 running, 142 sleeping,   0 stopped,   0 zombie
%Cpu(s):  2.7 us,  4.0 sy,  0.0 ni, 92.0 id,  0.0 wa,  0.0 hi,  1.3 si,  0.0 st
MiB Mem :   3793.3 total,   2153.7 free,    660.2 used,    979.3 buff/cache
MiB Swap:      0.0 total,      0.0 free,      0.0 used.   3081.4 avail Mem 
--- Mon Sep  6 08:28:01 UTC 2021
top - 08:28:01 up 49 min,  1 user,  load average: 0.02, 0.08, 0.08
Tasks: 143 total,   1 running, 142 sleeping,   0 stopped,   0 zombie
%Cpu(s):  0.0 us,  4.1 sy,  0.0 ni, 95.9 id,  0.0 wa,  0.0 hi,  0.0 si,  0.0 st
MiB Mem :   3793.3 total,   2153.4 free,    660.5 used,    979.3 buff/cache
MiB Swap:      0.0 total,      0.0 free,      0.0 used.   3081.1 avail Mem 
--- Mon Sep  6 08:28:06 UTC 2021
top - 08:28:06 up 49 min,  1 user,  load average: 0.02, 0.07, 0.08
Tasks: 143 total,   1 running, 142 sleeping,   0 stopped,   0 zombie
%Cpu(s):  1.4 us,  2.7 sy,  0.0 ni, 90.4 id,  5.5 wa,  0.0 hi,  0.0 si,  0.0 st
MiB Mem :   3793.3 total,   2152.8 free,    661.1 used,    979.4 buff/cache
MiB Swap:      0.0 total,      0.0 free,      0.0 used.   3080.5 avail Mem 
--- Mon Sep  6 08:28:11 UTC 2021
top - 08:28:12 up 49 min,  1 user,  load average: 0.02, 0.07, 0.08
Tasks: 143 total,   1 running, 142 sleeping,   0 stopped,   0 zombie
%Cpu(s):  1.4 us,  4.1 sy,  0.0 ni, 94.6 id,  0.0 wa,  0.0 hi,  0.0 si,  0.0 st
MiB Mem :   3793.3 total,   2153.1 free,    660.8 used,    979.4 buff/cache
MiB Swap:      0.0 total,      0.0 free,      0.0 used.   3080.8 avail Mem 
--- Mon Sep  6 08:28:17 UTC 2021
top - 08:28:17 up 49 min,  1 user,  load average: 0.02, 0.07, 0.08
Tasks: 143 total,   1 running, 142 sleeping,   0 stopped,   0 zombie
%Cpu(s):  1.3 us,  5.3 sy,  0.0 ni, 93.4 id,  0.0 wa,  0.0 hi,  0.0 si,  0.0 st
MiB Mem :   3793.3 total,   2153.4 free,    660.5 used,    979.4 buff/cache
MiB Swap:      0.0 total,      0.0 free,      0.0 used.   3081.2 avail Mem 
--- Mon Sep  6 08:28:22 UTC 2021
top - 08:28:22 up 49 min,  1 user,  load average: 0.02, 0.07, 0.08
Tasks: 143 total,   1 running, 142 sleeping,   0 stopped,   0 zombie
%Cpu(s):  1.4 us,  4.1 sy,  0.0 ni, 94.5 id,  0.0 wa,  0.0 hi,  0.0 si,  0.0 st
MiB Mem :   3793.3 total,   2153.6 free,    660.3 used,    979.4 buff/cache
MiB Swap:      0.0 total,      0.0 free,      0.0 used.   3081.3 avail Mem 
--- Mon Sep  6 08:28:27 UTC 2021
top - 08:28:27 up 49 min,  1 user,  load average: 0.02, 0.07, 0.08
Tasks: 143 total,   1 running, 142 sleeping,   0 stopped,   0 zombie
%Cpu(s):  2.7 us,  4.0 sy,  0.0 ni, 88.0 id,  5.3 wa,  0.0 hi,  0.0 si,  0.0 st
MiB Mem :   3793.3 total,   2153.6 free,    660.2 used,    979.4 buff/cache
MiB Swap:      0.0 total,      0.0 free,      0.0 used.   3081.4 avail Mem 
--- Mon Sep  6 08:28:32 UTC 2021
top - 08:28:32 up 49 min,  1 user,  load average: 0.01, 0.07, 0.08
Tasks: 143 total,   1 running, 142 sleeping,   0 stopped,   0 zombie
%Cpu(s):  0.0 us,  4.1 sy,  0.0 ni, 95.9 id,  0.0 wa,  0.0 hi,  0.0 si,  0.0 st
MiB Mem :   3793.3 total,   2153.5 free,    660.4 used,    979.4 buff/cache
MiB Swap:      0.0 total,      0.0 free,      0.0 used.   3081.3 avail Mem 
--- Mon Sep  6 08:28:38 UTC 2021
top - 08:28:38 up 49 min,  1 user,  load average: 0.01, 0.07, 0.08
Tasks: 143 total,   1 running, 142 sleeping,   0 stopped,   0 zombie
%Cpu(s):  1.4 us,  4.1 sy,  0.0 ni, 94.6 id,  0.0 wa,  0.0 hi,  0.0 si,  0.0 st
MiB Mem :   3793.3 total,   2153.1 free,    660.8 used,    979.4 buff/cache
MiB Swap:      0.0 total,      0.0 free,      0.0 used.   3080.9 avail Mem 
--- Mon Sep  6 08:28:43 UTC 2021
top - 08:28:43 up 49 min,  1 user,  load average: 0.09, 0.08, 0.08
Tasks: 143 total,   1 running, 142 sleeping,   0 stopped,   0 zombie
%Cpu(s):  0.0 us,  4.1 sy,  0.0 ni, 95.9 id,  0.0 wa,  0.0 hi,  0.0 si,  0.0 st
MiB Mem :   3793.3 total,   2152.6 free,    661.2 used,    979.4 buff/cache
MiB Swap:      0.0 total,      0.0 free,      0.0 used.   3080.4 avail Mem 
--- Mon Sep  6 08:28:48 UTC 2021
top - 08:28:48 up 49 min,  1 user,  load average: 0.08, 0.08, 0.08
Tasks: 143 total,   1 running, 142 sleeping,   0 stopped,   0 zombie
%Cpu(s):  2.8 us,  1.4 sy,  0.0 ni, 95.8 id,  0.0 wa,  0.0 hi,  0.0 si,  0.0 st
MiB Mem :   3793.3 total,   2152.5 free,    661.3 used,    979.5 buff/cache
MiB Swap:      0.0 total,      0.0 free,      0.0 used.   3080.4 avail Mem 
--- Mon Sep  6 08:28:53 UTC 2021
top - 08:28:53 up 49 min,  1 user,  load average: 0.08, 0.08, 0.08
Tasks: 143 total,   1 running, 142 sleeping,   0 stopped,   0 zombie
%Cpu(s):  0.0 us,  4.1 sy,  0.0 ni, 95.9 id,  0.0 wa,  0.0 hi,  0.0 si,  0.0 st
MiB Mem :   3793.3 total,   2152.4 free,    661.4 used,    979.5 buff/cache
MiB Swap:      0.0 total,      0.0 free,      0.0 used.   3080.3 avail Mem 
--- Mon Sep  6 08:28:58 UTC 2021
top - 08:28:59 up 50 min,  1 user,  load average: 0.07, 0.08, 0.08
Tasks: 143 total,   1 running, 142 sleeping,   0 stopped,   0 zombie
%Cpu(s):  2.7 us,  2.7 sy,  0.0 ni, 94.6 id,  0.0 wa,  0.0 hi,  0.0 si,  0.0 st
MiB Mem :   3793.3 total,   2152.8 free,    661.0 used,    979.5 buff/cache
MiB Swap:      0.0 total,      0.0 free,      0.0 used.   3080.6 avail Mem 
--- Mon Sep  6 08:29:04 UTC 2021
top - 08:29:04 up 50 min,  1 user,  load average: 0.15, 0.09, 0.09
Tasks: 142 total,   1 running, 141 sleeping,   0 stopped,   0 zombie
%Cpu(s):  1.4 us,  2.7 sy,  0.0 ni, 95.9 id,  0.0 wa,  0.0 hi,  0.0 si,  0.0 st
MiB Mem :   3793.3 total,   2152.2 free,    661.5 used,    979.6 buff/cache
MiB Swap:      0.0 total,      0.0 free,      0.0 used.   3080.2 avail Mem 
--- Mon Sep  6 08:29:09 UTC 2021
top - 08:29:09 up 50 min,  1 user,  load average: 0.13, 0.09, 0.09
Tasks: 142 total,   1 running, 141 sleeping,   0 stopped,   0 zombie
%Cpu(s):  8.3 us,  4.2 sy,  0.0 ni, 83.3 id,  4.2 wa,  0.0 hi,  0.0 si,  0.0 st
MiB Mem :   3793.3 total,   2152.1 free,    661.5 used,    979.6 buff/cache
MiB Swap:      0.0 total,      0.0 free,      0.0 used.   3080.4 avail Mem 
--- Mon Sep  6 08:29:14 UTC 2021
top - 08:29:14 up 50 min,  1 user,  load average: 0.26, 0.12, 0.10
Tasks: 142 total,   1 running, 141 sleeping,   0 stopped,   0 zombie
%Cpu(s):  1.4 us,  4.1 sy,  0.0 ni, 94.6 id,  0.0 wa,  0.0 hi,  0.0 si,  0.0 st
MiB Mem :   3793.3 total,   2151.8 free,    661.8 used,    979.6 buff/cache
MiB Swap:      0.0 total,      0.0 free,      0.0 used.   3080.1 avail Mem 
--- Mon Sep  6 08:29:19 UTC 2021
top - 08:29:19 up 50 min,  1 user,  load average: 0.24, 0.12, 0.10
Tasks: 142 total,   1 running, 141 sleeping,   0 stopped,   0 zombie
%Cpu(s):  2.7 us,  4.0 sy,  0.0 ni, 93.3 id,  0.0 wa,  0.0 hi,  0.0 si,  0.0 st
MiB Mem :   3793.3 total,   2151.9 free,    661.7 used,    979.6 buff/cache
MiB Swap:      0.0 total,      0.0 free,      0.0 used.   3080.1 avail Mem 
--- Mon Sep  6 08:29:24 UTC 2021
top - 08:29:25 up 50 min,  1 user,  load average: 0.22, 0.12, 0.10
Tasks: 142 total,   1 running, 141 sleeping,   0 stopped,   0 zombie
%Cpu(s):  0.0 us,  4.1 sy,  0.0 ni, 95.9 id,  0.0 wa,  0.0 hi,  0.0 si,  0.0 st
MiB Mem :   3793.3 total,   2151.9 free,    661.7 used,    979.6 buff/cache
MiB Swap:      0.0 total,      0.0 free,      0.0 used.   3080.2 avail Mem 
--- Mon Sep  6 08:29:30 UTC 2021
top - 08:29:30 up 50 min,  1 user,  load average: 0.20, 0.11, 0.09
Tasks: 142 total,   1 running, 141 sleeping,   0 stopped,   0 zombie
%Cpu(s):  1.4 us,  4.1 sy,  0.0 ni, 94.6 id,  0.0 wa,  0.0 hi,  0.0 si,  0.0 st
MiB Mem :   3793.3 total,   2151.7 free,    661.9 used,    979.7 buff/cache
MiB Swap:      0.0 total,      0.0 free,      0.0 used.   3080.0 avail Mem 
--- Mon Sep  6 08:29:35 UTC 2021
top - 08:29:35 up 50 min,  1 user,  load average: 0.19, 0.11, 0.09
Tasks: 143 total,   1 running, 142 sleeping,   0 stopped,   0 zombie
%Cpu(s):  1.4 us,  2.7 sy,  0.0 ni, 95.9 id,  0.0 wa,  0.0 hi,  0.0 si,  0.0 st
MiB Mem :   3793.3 total,   2151.9 free,    661.7 used,    979.7 buff/cache
MiB Swap:      0.0 total,      0.0 free,      0.0 used.   3080.2 avail Mem 
--- Mon Sep  6 08:29:40 UTC 2021
top - 08:29:40 up 50 min,  1 user,  load average: 0.17, 0.11, 0.09
Tasks: 143 total,   1 running, 142 sleeping,   0 stopped,   0 zombie
%Cpu(s):  5.3 us, 12.0 sy,  0.0 ni, 82.7 id,  0.0 wa,  0.0 hi,  0.0 si,  0.0 st
MiB Mem :   3793.3 total,   2151.6 free,    662.0 used,    979.7 buff/cache
MiB Swap:      0.0 total,      0.0 free,      0.0 used.   3079.9 avail Mem 
--- Mon Sep  6 08:29:45 UTC 2021
top - 08:29:46 up 50 min,  1 user,  load average: 0.16, 0.11, 0.09
Tasks: 144 total,   1 running, 143 sleeping,   0 stopped,   0 zombie
%Cpu(s):  0.0 us,  5.3 sy,  0.0 ni, 94.7 id,  0.0 wa,  0.0 hi,  0.0 si,  0.0 st
MiB Mem :   3793.3 total,   2151.4 free,    662.2 used,    979.7 buff/cache
MiB Swap:      0.0 total,      0.0 free,      0.0 used.   3079.7 avail Mem 
--- Mon Sep  6 08:29:51 UTC 2021
top - 08:29:51 up 50 min,  1 user,  load average: 0.14, 0.11, 0.09
Tasks: 144 total,   1 running, 143 sleeping,   0 stopped,   0 zombie
%Cpu(s):  0.0 us,  4.1 sy,  0.0 ni, 95.9 id,  0.0 wa,  0.0 hi,  0.0 si,  0.0 st
MiB Mem :   3793.3 total,   2151.5 free,    662.1 used,    979.7 buff/cache
MiB Swap:      0.0 total,      0.0 free,      0.0 used.   3079.8 avail Mem 
--- Mon Sep  6 08:29:56 UTC 2021
top - 08:29:56 up 50 min,  1 user,  load average: 0.13, 0.10, 0.09
Tasks: 144 total,   1 running, 143 sleeping,   0 stopped,   0 zombie
%Cpu(s):  2.7 us,  2.7 sy,  0.0 ni, 94.6 id,  0.0 wa,  0.0 hi,  0.0 si,  0.0 st
MiB Mem :   3793.3 total,   2151.7 free,    661.9 used,    979.7 buff/cache
MiB Swap:      0.0 total,      0.0 free,      0.0 used.   3080.0 avail Mem 
--- Mon Sep  6 08:30:01 UTC 2021
top - 08:30:01 up 51 min,  1 user,  load average: 0.12, 0.10, 0.09
Tasks: 144 total,   1 running, 143 sleeping,   0 stopped,   0 zombie
%Cpu(s):  9.6 us,  5.5 sy,  0.0 ni, 84.9 id,  0.0 wa,  0.0 hi,  0.0 si,  0.0 st
MiB Mem :   3793.3 total,   2151.1 free,    662.4 used,    979.7 buff/cache
MiB Swap:      0.0 total,      0.0 free,      0.0 used.   3079.5 avail Mem 
--- Mon Sep  6 08:30:06 UTC 2021
top - 08:30:06 up 51 min,  1 user,  load average: 0.11, 0.10, 0.09
Tasks: 142 total,   1 running, 141 sleeping,   0 stopped,   0 zombie
%Cpu(s):  0.0 us,  4.1 sy,  0.0 ni, 95.9 id,  0.0 wa,  0.0 hi,  0.0 si,  0.0 st
MiB Mem :   3793.3 total,   2151.1 free,    662.5 used,    979.7 buff/cache
MiB Swap:      0.0 total,      0.0 free,      0.0 used.   3079.4 avail Mem 
--- Mon Sep  6 08:30:11 UTC 2021
top - 08:30:12 up 51 min,  1 user,  load average: 0.10, 0.10, 0.09
Tasks: 142 total,   1 running, 141 sleeping,   0 stopped,   0 zombie
%Cpu(s):  5.6 us,  2.8 sy,  0.0 ni, 91.5 id,  0.0 wa,  0.0 hi,  0.0 si,  0.0 st
MiB Mem :   3793.3 total,   2150.4 free,    663.2 used,    979.7 buff/cache
MiB Swap:      0.0 total,      0.0 free,      0.0 used.   3078.7 avail Mem 
--- Mon Sep  6 08:30:17 UTC 2021
top - 08:30:17 up 51 min,  1 user,  load average: 0.09, 0.10, 0.09
Tasks: 142 total,   1 running, 141 sleeping,   0 stopped,   0 zombie
%Cpu(s):  4.2 us,  2.8 sy,  0.0 ni, 93.0 id,  0.0 wa,  0.0 hi,  0.0 si,  0.0 st
MiB Mem :   3793.3 total,   2150.5 free,    663.0 used,    979.7 buff/cache
MiB Swap:      0.0 total,      0.0 free,      0.0 used.   3078.8 avail Mem 
--- Mon Sep  6 08:30:22 UTC 2021
top - 08:30:22 up 51 min,  1 user,  load average: 0.09, 0.09, 0.09
Tasks: 141 total,   1 running, 140 sleeping,   0 stopped,   0 zombie
%Cpu(s):  2.7 us,  2.7 sy,  0.0 ni, 94.6 id,  0.0 wa,  0.0 hi,  0.0 si,  0.0 st
MiB Mem :   3793.3 total,   2151.4 free,    662.1 used,    979.7 buff/cache
MiB Swap:      0.0 total,      0.0 free,      0.0 used.   3079.8 avail Mem 
--- Mon Sep  6 08:30:27 UTC 2021
top - 08:30:27 up 51 min,  1 user,  load average: 0.08, 0.09, 0.09
Tasks: 143 total,   1 running, 142 sleeping,   0 stopped,   0 zombie
%Cpu(s):  4.1 us,  5.4 sy,  0.0 ni, 90.5 id,  0.0 wa,  0.0 hi,  0.0 si,  0.0 st
MiB Mem :   3793.3 total,   2151.3 free,    662.3 used,    979.7 buff/cache
MiB Swap:      0.0 total,      0.0 free,      0.0 used.   3079.6 avail Mem 
--- Mon Sep  6 08:30:32 UTC 2021
top - 08:30:32 up 51 min,  1 user,  load average: 0.07, 0.09, 0.09
Tasks: 143 total,   1 running, 142 sleeping,   0 stopped,   0 zombie
%Cpu(s):  1.4 us,  2.8 sy,  0.0 ni, 95.8 id,  0.0 wa,  0.0 hi,  0.0 si,  0.0 st
MiB Mem :   3793.3 total,   2151.0 free,    662.6 used,    979.7 buff/cache
MiB Swap:      0.0 total,      0.0 free,      0.0 used.   3079.3 avail Mem 
--- Mon Sep  6 08:30:37 UTC 2021
top - 08:30:38 up 51 min,  1 user,  load average: 0.07, 0.09, 0.09
Tasks: 143 total,   1 running, 142 sleeping,   0 stopped,   0 zombie
%Cpu(s):  6.8 us,  4.1 sy,  0.0 ni, 89.2 id,  0.0 wa,  0.0 hi,  0.0 si,  0.0 st
MiB Mem :   3793.3 total,   2151.2 free,    662.3 used,    979.8 buff/cache
MiB Swap:      0.0 total,      0.0 free,      0.0 used.   3079.6 avail Mem 
--- Mon Sep  6 08:30:43 UTC 2021
top - 08:30:43 up 51 min,  1 user,  load average: 0.06, 0.09, 0.09
Tasks: 143 total,   1 running, 142 sleeping,   0 stopped,   0 zombie
%Cpu(s):  1.4 us,  4.1 sy,  0.0 ni, 94.6 id,  0.0 wa,  0.0 hi,  0.0 si,  0.0 st
MiB Mem :   3793.3 total,   2151.3 free,    662.2 used,    979.8 buff/cache
MiB Swap:      0.0 total,      0.0 free,      0.0 used.   3079.7 avail Mem 
--- Mon Sep  6 08:30:48 UTC 2021
top - 08:30:48 up 51 min,  1 user,  load average: 0.06, 0.08, 0.09
Tasks: 143 total,   1 running, 142 sleeping,   0 stopped,   0 zombie
%Cpu(s):  8.3 us,  5.6 sy,  0.0 ni, 86.1 id,  0.0 wa,  0.0 hi,  0.0 si,  0.0 st
MiB Mem :   3793.3 total,   2150.6 free,    662.8 used,    979.8 buff/cache
MiB Swap:      0.0 total,      0.0 free,      0.0 used.   3079.1 avail Mem 
--- Mon Sep  6 08:30:53 UTC 2021
top - 08:30:53 up 51 min,  1 user,  load average: 0.05, 0.08, 0.08
Tasks: 143 total,   1 running, 142 sleeping,   0 stopped,   0 zombie
%Cpu(s):  1.4 us,  2.7 sy,  0.0 ni, 95.9 id,  0.0 wa,  0.0 hi,  0.0 si,  0.0 st
MiB Mem :   3793.3 total,   2150.9 free,    662.5 used,    979.8 buff/cache
MiB Swap:      0.0 total,      0.0 free,      0.0 used.   3079.3 avail Mem 
--- Mon Sep  6 08:30:58 UTC 2021
top - 08:30:59 up 52 min,  1 user,  load average: 0.05, 0.08, 0.08
Tasks: 143 total,   1 running, 142 sleeping,   0 stopped,   0 zombie
%Cpu(s):  2.6 us,  3.9 sy,  0.0 ni, 93.4 id,  0.0 wa,  0.0 hi,  0.0 si,  0.0 st
MiB Mem :   3793.3 total,   2150.9 free,    662.5 used,    979.8 buff/cache
MiB Swap:      0.0 total,      0.0 free,      0.0 used.   3079.4 avail Mem 
--- Mon Sep  6 08:31:04 UTC 2021
top - 08:31:04 up 52 min,  1 user,  load average: 0.04, 0.08, 0.08
Tasks: 143 total,   1 running, 142 sleeping,   0 stopped,   0 zombie
%Cpu(s):  0.0 us,  5.4 sy,  0.0 ni, 94.6 id,  0.0 wa,  0.0 hi,  0.0 si,  0.0 st
MiB Mem :   3793.3 total,   2151.0 free,    662.4 used,    979.8 buff/cache
MiB Swap:      0.0 total,      0.0 free,      0.0 used.   3079.5 avail Mem 
--- Mon Sep  6 08:31:09 UTC 2021
top - 08:31:09 up 52 min,  1 user,  load average: 0.04, 0.08, 0.08
Tasks: 143 total,   1 running, 142 sleeping,   0 stopped,   0 zombie
%Cpu(s):  1.4 us,  4.1 sy,  0.0 ni, 94.6 id,  0.0 wa,  0.0 hi,  0.0 si,  0.0 st
MiB Mem :   3793.3 total,   2150.4 free,    663.0 used,    979.8 buff/cache
MiB Swap:      0.0 total,      0.0 free,      0.0 used.   3078.9 avail Mem 
--- Mon Sep  6 08:31:14 UTC 2021
top - 08:31:14 up 52 min,  1 user,  load average: 0.03, 0.08, 0.08
Tasks: 143 total,   1 running, 142 sleeping,   0 stopped,   0 zombie
%Cpu(s):  1.4 us,  4.1 sy,  0.0 ni, 94.6 id,  0.0 wa,  0.0 hi,  0.0 si,  0.0 st
MiB Mem :   3793.3 total,   2150.4 free,    663.1 used,    979.9 buff/cache
MiB Swap:      0.0 total,      0.0 free,      0.0 used.   3078.8 avail Mem 
--- Mon Sep  6 08:31:19 UTC 2021
top - 08:31:19 up 52 min,  1 user,  load average: 0.03, 0.07, 0.08
Tasks: 143 total,   1 running, 142 sleeping,   0 stopped,   0 zombie
%Cpu(s):  1.4 us,  2.7 sy,  0.0 ni, 95.9 id,  0.0 wa,  0.0 hi,  0.0 si,  0.0 st
MiB Mem :   3793.3 total,   2150.6 free,    662.8 used,    979.9 buff/cache
MiB Swap:      0.0 total,      0.0 free,      0.0 used.   3079.1 avail Mem 
--- Mon Sep  6 08:31:24 UTC 2021
top - 08:31:25 up 52 min,  1 user,  load average: 0.03, 0.07, 0.08
Tasks: 143 total,   1 running, 142 sleeping,   0 stopped,   0 zombie
%Cpu(s):  1.4 us,  4.1 sy,  0.0 ni, 94.6 id,  0.0 wa,  0.0 hi,  0.0 si,  0.0 st
MiB Mem :   3793.3 total,   2150.6 free,    662.8 used,    979.9 buff/cache
MiB Swap:      0.0 total,      0.0 free,      0.0 used.   3079.1 avail Mem 
--- Mon Sep  6 08:31:30 UTC 2021
top - 08:31:30 up 52 min,  1 user,  load average: 0.02, 0.07, 0.08
Tasks: 143 total,   1 running, 142 sleeping,   0 stopped,   0 zombie
%Cpu(s):  2.7 us,  1.4 sy,  0.0 ni, 95.9 id,  0.0 wa,  0.0 hi,  0.0 si,  0.0 st
MiB Mem :   3793.3 total,   2150.1 free,    663.3 used,    979.9 buff/cache
MiB Swap:      0.0 total,      0.0 free,      0.0 used.   3078.6 avail Mem 
--- Mon Sep  6 08:31:35 UTC 2021
top - 08:31:35 up 52 min,  1 user,  load average: 0.10, 0.09, 0.09
Tasks: 143 total,   1 running, 142 sleeping,   0 stopped,   0 zombie
%Cpu(s):  0.0 us,  4.1 sy,  0.0 ni, 95.9 id,  0.0 wa,  0.0 hi,  0.0 si,  0.0 st
MiB Mem :   3793.3 total,   2150.1 free,    663.2 used,    979.9 buff/cache
MiB Swap:      0.0 total,      0.0 free,      0.0 used.   3078.6 avail Mem 
--- Mon Sep  6 08:31:40 UTC 2021
top - 08:31:40 up 52 min,  1 user,  load average: 0.09, 0.09, 0.09
Tasks: 143 total,   1 running, 142 sleeping,   0 stopped,   0 zombie
%Cpu(s):  2.7 us,  2.7 sy,  0.0 ni, 94.7 id,  0.0 wa,  0.0 hi,  0.0 si,  0.0 st
MiB Mem :   3793.3 total,   2149.8 free,    663.5 used,    980.0 buff/cache
MiB Swap:      0.0 total,      0.0 free,      0.0 used.   3078.4 avail Mem 
--- Mon Sep  6 08:31:45 UTC 2021
top - 08:31:45 up 52 min,  1 user,  load average: 0.09, 0.08, 0.09
Tasks: 143 total,   1 running, 142 sleeping,   0 stopped,   0 zombie
%Cpu(s):  1.4 us,  4.1 sy,  0.0 ni, 94.6 id,  0.0 wa,  0.0 hi,  0.0 si,  0.0 st
MiB Mem :   3793.3 total,   2149.6 free,    663.8 used,    980.0 buff/cache
MiB Swap:      0.0 total,      0.0 free,      0.0 used.   3078.1 avail Mem 
--- Mon Sep  6 08:31:51 UTC 2021
top - 08:31:51 up 52 min,  1 user,  load average: 0.08, 0.08, 0.08
Tasks: 143 total,   1 running, 142 sleeping,   0 stopped,   0 zombie
%Cpu(s):  0.0 us,  4.1 sy,  0.0 ni, 95.9 id,  0.0 wa,  0.0 hi,  0.0 si,  0.0 st
MiB Mem :   3793.3 total,   2148.7 free,    664.5 used,    980.1 buff/cache
MiB Swap:      0.0 total,      0.0 free,      0.0 used.   3077.4 avail Mem 
--- Mon Sep  6 08:31:56 UTC 2021
top - 08:31:56 up 52 min,  1 user,  load average: 0.07, 0.08, 0.08
Tasks: 143 total,   1 running, 142 sleeping,   0 stopped,   0 zombie
%Cpu(s):  1.4 us,  2.7 sy,  0.0 ni, 95.9 id,  0.0 wa,  0.0 hi,  0.0 si,  0.0 st
MiB Mem :   3793.3 total,   2149.0 free,    664.2 used,    980.1 buff/cache
MiB Swap:      0.0 total,      0.0 free,      0.0 used.   3077.7 avail Mem 
--- Mon Sep  6 08:32:01 UTC 2021
top - 08:32:01 up 53 min,  1 user,  load average: 0.07, 0.08, 0.08
Tasks: 142 total,   1 running, 141 sleeping,   0 stopped,   0 zombie
%Cpu(s):  0.0 us,  5.4 sy,  0.0 ni, 94.6 id,  0.0 wa,  0.0 hi,  0.0 si,  0.0 st
MiB Mem :   3793.3 total,   2149.1 free,    664.1 used,    980.1 buff/cache
MiB Swap:      0.0 total,      0.0 free,      0.0 used.   3077.8 avail Mem 
--- Mon Sep  6 08:32:06 UTC 2021
top - 08:32:06 up 53 min,  1 user,  load average: 0.06, 0.08, 0.08
Tasks: 142 total,   1 running, 141 sleeping,   0 stopped,   0 zombie
%Cpu(s):  2.7 us,  2.7 sy,  0.0 ni, 94.6 id,  0.0 wa,  0.0 hi,  0.0 si,  0.0 st
MiB Mem :   3793.3 total,   2149.4 free,    663.7 used,    980.1 buff/cache
MiB Swap:      0.0 total,      0.0 free,      0.0 used.   3078.1 avail Mem 
--- Mon Sep  6 08:32:11 UTC 2021
top - 08:32:12 up 53 min,  1 user,  load average: 0.06, 0.08, 0.08
Tasks: 142 total,   1 running, 141 sleeping,   0 stopped,   0 zombie
%Cpu(s):  1.4 us,  2.7 sy,  0.0 ni, 95.9 id,  0.0 wa,  0.0 hi,  0.0 si,  0.0 st
MiB Mem :   3793.3 total,   2149.2 free,    664.0 used,    980.1 buff/cache
MiB Swap:      0.0 total,      0.0 free,      0.0 used.   3077.9 avail Mem 
--- Mon Sep  6 08:32:17 UTC 2021
top - 08:32:17 up 53 min,  1 user,  load average: 0.05, 0.08, 0.08
Tasks: 142 total,   1 running, 141 sleeping,   0 stopped,   0 zombie
%Cpu(s):  1.4 us,  4.1 sy,  0.0 ni, 94.6 id,  0.0 wa,  0.0 hi,  0.0 si,  0.0 st
MiB Mem :   3793.3 total,   2148.6 free,    664.5 used,    980.1 buff/cache
MiB Swap:      0.0 total,      0.0 free,      0.0 used.   3077.4 avail Mem 
--- Mon Sep  6 08:32:22 UTC 2021
top - 08:32:22 up 53 min,  1 user,  load average: 0.05, 0.07, 0.08
Tasks: 142 total,   1 running, 141 sleeping,   0 stopped,   0 zombie
%Cpu(s):  1.4 us,  4.1 sy,  0.0 ni, 94.6 id,  0.0 wa,  0.0 hi,  0.0 si,  0.0 st
MiB Mem :   3793.3 total,   2148.4 free,    664.7 used,    980.2 buff/cache
MiB Swap:      0.0 total,      0.0 free,      0.0 used.   3077.1 avail Mem 
--- Mon Sep  6 08:32:27 UTC 2021
top - 08:32:27 up 53 min,  1 user,  load average: 0.04, 0.07, 0.08
Tasks: 142 total,   1 running, 141 sleeping,   0 stopped,   0 zombie
%Cpu(s):  1.4 us,  4.1 sy,  0.0 ni, 94.6 id,  0.0 wa,  0.0 hi,  0.0 si,  0.0 st
MiB Mem :   3793.3 total,   2147.9 free,    665.2 used,    980.2 buff/cache
MiB Swap:      0.0 total,      0.0 free,      0.0 used.   3076.7 avail Mem 
--- Mon Sep  6 08:32:32 UTC 2021
top - 08:32:32 up 53 min,  1 user,  load average: 0.04, 0.07, 0.08
Tasks: 142 total,   1 running, 141 sleeping,   0 stopped,   0 zombie
%Cpu(s):  0.0 us,  4.1 sy,  0.0 ni, 95.9 id,  0.0 wa,  0.0 hi,  0.0 si,  0.0 st
MiB Mem :   3793.3 total,   2147.3 free,    665.7 used,    980.3 buff/cache
MiB Swap:      0.0 total,      0.0 free,      0.0 used.   3076.2 avail Mem 
--- Mon Sep  6 08:32:37 UTC 2021
top - 08:32:38 up 53 min,  1 user,  load average: 0.04, 0.07, 0.08
Tasks: 142 total,   1 running, 141 sleeping,   0 stopped,   0 zombie
%Cpu(s):  1.4 us,  2.7 sy,  0.0 ni, 95.9 id,  0.0 wa,  0.0 hi,  0.0 si,  0.0 st
MiB Mem :   3793.3 total,   2145.5 free,    667.4 used,    980.3 buff/cache
MiB Swap:      0.0 total,      0.0 free,      0.0 used.   3074.5 avail Mem 
--- Mon Sep  6 08:32:43 UTC 2021
top - 08:32:43 up 53 min,  1 user,  load average: 0.03, 0.07, 0.08
Tasks: 142 total,   1 running, 141 sleeping,   0 stopped,   0 zombie
%Cpu(s):  1.4 us,  2.8 sy,  0.0 ni, 95.8 id,  0.0 wa,  0.0 hi,  0.0 si,  0.0 st
MiB Mem :   3793.3 total,   2145.3 free,    667.6 used,    980.3 buff/cache
MiB Swap:      0.0 total,      0.0 free,      0.0 used.   3074.2 avail Mem 
--- Mon Sep  6 08:32:48 UTC 2021
top - 08:32:48 up 53 min,  1 user,  load average: 0.03, 0.07, 0.08
Tasks: 142 total,   1 running, 141 sleeping,   0 stopped,   0 zombie
%Cpu(s):  1.4 us,  4.1 sy,  0.0 ni, 94.6 id,  0.0 wa,  0.0 hi,  0.0 si,  0.0 st
MiB Mem :   3793.3 total,   2145.2 free,    667.8 used,    980.3 buff/cache
MiB Swap:      0.0 total,      0.0 free,      0.0 used.   3074.1 avail Mem 
--- Mon Sep  6 08:32:53 UTC 2021
top - 08:32:53 up 53 min,  1 user,  load average: 0.03, 0.07, 0.08
Tasks: 141 total,   1 running, 140 sleeping,   0 stopped,   0 zombie
%Cpu(s):  0.0 us,  2.8 sy,  0.0 ni, 97.2 id,  0.0 wa,  0.0 hi,  0.0 si,  0.0 st
MiB Mem :   3793.3 total,   2144.7 free,    668.2 used,    980.4 buff/cache
MiB Swap:      0.0 total,      0.0 free,      0.0 used.   3073.7 avail Mem 
--- Mon Sep  6 08:32:58 UTC 2021
top - 08:32:58 up 54 min,  1 user,  load average: 0.02, 0.06, 0.08
Tasks: 141 total,   1 running, 140 sleeping,   0 stopped,   0 zombie
%Cpu(s):  1.3 us,  5.3 sy,  0.0 ni, 93.3 id,  0.0 wa,  0.0 hi,  0.0 si,  0.0 st
MiB Mem :   3793.3 total,   2144.2 free,    668.7 used,    980.4 buff/cache
MiB Swap:      0.0 total,      0.0 free,      0.0 used.   3073.2 avail Mem 
--- Mon Sep  6 08:33:04 UTC 2021
top - 08:33:04 up 54 min,  1 user,  load average: 0.02, 0.06, 0.08
Tasks: 143 total,   1 running, 142 sleeping,   0 stopped,   0 zombie
%Cpu(s):  0.0 us,  2.7 sy,  0.0 ni, 97.3 id,  0.0 wa,  0.0 hi,  0.0 si,  0.0 st
MiB Mem :   3793.3 total,   2143.4 free,    669.4 used,    980.4 buff/cache
MiB Swap:      0.0 total,      0.0 free,      0.0 used.   3072.4 avail Mem 
--- Mon Sep  6 08:33:09 UTC 2021
top - 08:33:09 up 54 min,  1 user,  load average: 0.02, 0.06, 0.08
Tasks: 143 total,   1 running, 142 sleeping,   0 stopped,   0 zombie
%Cpu(s):  1.4 us,  2.7 sy,  0.0 ni, 95.9 id,  0.0 wa,  0.0 hi,  0.0 si,  0.0 st
MiB Mem :   3793.3 total,   2142.7 free,    670.2 used,    980.4 buff/cache
MiB Swap:      0.0 total,      0.0 free,      0.0 used.   3071.7 avail Mem 
--- Mon Sep  6 08:33:14 UTC 2021
top - 08:33:14 up 54 min,  1 user,  load average: 0.02, 0.06, 0.08
Tasks: 143 total,   1 running, 142 sleeping,   0 stopped,   0 zombie
%Cpu(s):  0.0 us,  5.3 sy,  0.0 ni, 94.7 id,  0.0 wa,  0.0 hi,  0.0 si,  0.0 st
MiB Mem :   3793.3 total,   2142.1 free,    670.9 used,    980.2 buff/cache
MiB Swap:      0.0 total,      0.0 free,      0.0 used.   3070.9 avail Mem 
--- Mon Sep  6 08:33:19 UTC 2021
top - 08:33:19 up 54 min,  1 user,  load average: 0.02, 0.06, 0.08
Tasks: 143 total,   1 running, 142 sleeping,   0 stopped,   0 zombie
%Cpu(s):  1.4 us,  4.1 sy,  0.0 ni, 94.6 id,  0.0 wa,  0.0 hi,  0.0 si,  0.0 st
MiB Mem :   3793.3 total,   2141.5 free,    671.5 used,    980.3 buff/cache
MiB Swap:      0.0 total,      0.0 free,      0.0 used.   3070.4 avail Mem 
--- Mon Sep  6 08:33:24 UTC 2021
top - 08:33:25 up 54 min,  1 user,  load average: 0.01, 0.06, 0.08
Tasks: 143 total,   1 running, 142 sleeping,   0 stopped,   0 zombie
%Cpu(s):  1.4 us,  4.1 sy,  0.0 ni, 94.6 id,  0.0 wa,  0.0 hi,  0.0 si,  0.0 st
MiB Mem :   3793.3 total,   2140.2 free,    672.8 used,    980.3 buff/cache
MiB Swap:      0.0 total,      0.0 free,      0.0 used.   3069.1 avail Mem 
--- Mon Sep  6 08:33:30 UTC 2021
top - 08:33:30 up 54 min,  1 user,  load average: 0.01, 0.06, 0.08
Tasks: 143 total,   1 running, 142 sleeping,   0 stopped,   0 zombie
%Cpu(s):  1.4 us,  2.7 sy,  0.0 ni, 95.9 id,  0.0 wa,  0.0 hi,  0.0 si,  0.0 st
MiB Mem :   3793.3 total,   2140.8 free,    672.2 used,    980.3 buff/cache
MiB Swap:      0.0 total,      0.0 free,      0.0 used.   3069.7 avail Mem 
--- Mon Sep  6 08:33:35 UTC 2021
top - 08:33:35 up 54 min,  1 user,  load average: 0.01, 0.05, 0.07
Tasks: 144 total,   1 running, 143 sleeping,   0 stopped,   0 zombie
%Cpu(s):  1.3 us,  5.3 sy,  0.0 ni, 93.4 id,  0.0 wa,  0.0 hi,  0.0 si,  0.0 st
MiB Mem :   3793.3 total,   2140.2 free,    672.7 used,    980.3 buff/cache
MiB Swap:      0.0 total,      0.0 free,      0.0 used.   3069.2 avail Mem 
--- Mon Sep  6 08:33:40 UTC 2021
top - 08:33:40 up 54 min,  1 user,  load average: 0.01, 0.05, 0.07
Tasks: 144 total,   1 running, 143 sleeping,   0 stopped,   0 zombie
%Cpu(s):  1.4 us,  4.1 sy,  0.0 ni, 94.6 id,  0.0 wa,  0.0 hi,  0.0 si,  0.0 st
MiB Mem :   3793.3 total,   2140.2 free,    672.7 used,    980.4 buff/cache
MiB Swap:      0.0 total,      0.0 free,      0.0 used.   3069.2 avail Mem 
--- Mon Sep  6 08:33:45 UTC 2021
top - 08:33:45 up 54 min,  1 user,  load average: 0.01, 0.05, 0.07
Tasks: 144 total,   1 running, 143 sleeping,   0 stopped,   0 zombie
%Cpu(s): 10.8 us,  4.1 sy,  0.0 ni, 85.1 id,  0.0 wa,  0.0 hi,  0.0 si,  0.0 st
MiB Mem :   3793.3 total,   2139.2 free,    673.7 used,    980.4 buff/cache
MiB Swap:      0.0 total,      0.0 free,      0.0 used.   3068.2 avail Mem 
--- Mon Sep  6 08:33:50 UTC 2021
top - 08:33:51 up 54 min,  1 user,  load average: 0.01, 0.05, 0.07
Tasks: 144 total,   1 running, 143 sleeping,   0 stopped,   0 zombie
%Cpu(s):  1.4 us,  4.1 sy,  0.0 ni, 94.6 id,  0.0 wa,  0.0 hi,  0.0 si,  0.0 st
MiB Mem :   3793.3 total,   2138.7 free,    674.2 used,    980.4 buff/cache
MiB Swap:      0.0 total,      0.0 free,      0.0 used.   3067.7 avail Mem 
--- Mon Sep  6 08:33:56 UTC 2021
top - 08:33:56 up 54 min,  1 user,  load average: 0.01, 0.05, 0.07
Tasks: 144 total,   1 running, 143 sleeping,   0 stopped,   0 zombie
%Cpu(s):  0.0 us,  5.3 sy,  0.0 ni, 94.7 id,  0.0 wa,  0.0 hi,  0.0 si,  0.0 st
MiB Mem :   3793.3 total,   2137.9 free,    675.0 used,    980.4 buff/cache
MiB Swap:      0.0 total,      0.0 free,      0.0 used.   3066.9 avail Mem 
--- Mon Sep  6 08:34:01 UTC 2021
top - 08:34:01 up 55 min,  1 user,  load average: 0.01, 0.05, 0.07
Tasks: 144 total,   1 running, 143 sleeping,   0 stopped,   0 zombie
%Cpu(s):  0.0 us,  4.1 sy,  0.0 ni, 95.9 id,  0.0 wa,  0.0 hi,  0.0 si,  0.0 st
MiB Mem :   3793.3 total,   2137.1 free,    675.7 used,    980.4 buff/cache
MiB Swap:      0.0 total,      0.0 free,      0.0 used.   3066.1 avail Mem 
--- Mon Sep  6 08:34:06 UTC 2021
top - 08:34:06 up 55 min,  1 user,  load average: 0.01, 0.05, 0.07
Tasks: 144 total,   1 running, 143 sleeping,   0 stopped,   0 zombie
%Cpu(s):  1.4 us,  2.7 sy,  0.0 ni, 95.9 id,  0.0 wa,  0.0 hi,  0.0 si,  0.0 st
MiB Mem :   3793.3 total,   2136.8 free,    676.1 used,    980.4 buff/cache
MiB Swap:      0.0 total,      0.0 free,      0.0 used.   3065.8 avail Mem 
--- Mon Sep  6 08:34:11 UTC 2021
top - 08:34:12 up 55 min,  1 user,  load average: 0.00, 0.05, 0.07
Tasks: 144 total,   1 running, 143 sleeping,   0 stopped,   0 zombie
%Cpu(s):  2.7 us,  1.4 sy,  0.0 ni, 95.9 id,  0.0 wa,  0.0 hi,  0.0 si,  0.0 st
MiB Mem :   3793.3 total,   2139.2 free,    673.6 used,    980.4 buff/cache
MiB Swap:      0.0 total,      0.0 free,      0.0 used.   3068.3 avail Mem 
--- Mon Sep  6 08:34:17 UTC 2021
top - 08:34:17 up 55 min,  1 user,  load average: 0.00, 0.05, 0.07
Tasks: 144 total,   1 running, 143 sleeping,   0 stopped,   0 zombie
%Cpu(s):  5.3 us,  6.6 sy,  0.0 ni, 88.2 id,  0.0 wa,  0.0 hi,  0.0 si,  0.0 st
MiB Mem :   3793.3 total,   2139.3 free,    673.6 used,    980.4 buff/cache
MiB Swap:      0.0 total,      0.0 free,      0.0 used.   3068.3 avail Mem 
--- Mon Sep  6 08:34:22 UTC 2021
top - 08:34:22 up 55 min,  1 user,  load average: 0.00, 0.05, 0.07
Tasks: 145 total,   1 running, 144 sleeping,   0 stopped,   0 zombie
%Cpu(s):  0.0 us,  4.1 sy,  0.0 ni, 95.9 id,  0.0 wa,  0.0 hi,  0.0 si,  0.0 st
MiB Mem :   3793.3 total,   2139.2 free,    673.7 used,    980.4 buff/cache
MiB Swap:      0.0 total,      0.0 free,      0.0 used.   3068.2 avail Mem 
--- Mon Sep  6 08:34:27 UTC 2021
top - 08:34:27 up 55 min,  1 user,  load average: 0.00, 0.04, 0.07
Tasks: 145 total,   1 running, 144 sleeping,   0 stopped,   0 zombie
%Cpu(s):  2.7 us,  2.7 sy,  0.0 ni, 94.6 id,  0.0 wa,  0.0 hi,  0.0 si,  0.0 st
MiB Mem :   3793.3 total,   2139.2 free,    673.6 used,    980.4 buff/cache
MiB Swap:      0.0 total,      0.0 free,      0.0 used.   3068.2 avail Mem 
--- Mon Sep  6 08:34:32 UTC 2021
top - 08:34:32 up 55 min,  1 user,  load average: 0.00, 0.04, 0.07
Tasks: 145 total,   1 running, 144 sleeping,   0 stopped,   0 zombie
%Cpu(s):  1.3 us,  4.0 sy,  0.0 ni, 94.7 id,  0.0 wa,  0.0 hi,  0.0 si,  0.0 st
MiB Mem :   3793.3 total,   2139.4 free,    673.4 used,    980.5 buff/cache
MiB Swap:      0.0 total,      0.0 free,      0.0 used.   3068.5 avail Mem 
--- Mon Sep  6 08:34:37 UTC 2021
top - 08:34:38 up 55 min,  1 user,  load average: 0.00, 0.04, 0.07
Tasks: 145 total,   1 running, 144 sleeping,   0 stopped,   0 zombie
%Cpu(s):  1.4 us,  4.1 sy,  0.0 ni, 94.6 id,  0.0 wa,  0.0 hi,  0.0 si,  0.0 st
MiB Mem :   3793.3 total,   2139.4 free,    673.4 used,    980.5 buff/cache
MiB Swap:      0.0 total,      0.0 free,      0.0 used.   3068.5 avail Mem 
--- Mon Sep  6 08:34:43 UTC 2021
top - 08:34:43 up 55 min,  1 user,  load average: 0.00, 0.04, 0.07
Tasks: 145 total,   1 running, 144 sleeping,   0 stopped,   0 zombie
%Cpu(s):  1.4 us,  5.4 sy,  0.0 ni, 93.2 id,  0.0 wa,  0.0 hi,  0.0 si,  0.0 st
MiB Mem :   3793.3 total,   2139.7 free,    673.1 used,    980.5 buff/cache
MiB Swap:      0.0 total,      0.0 free,      0.0 used.   3068.8 avail Mem 
--- Mon Sep  6 08:34:48 UTC 2021
top - 08:34:48 up 55 min,  1 user,  load average: 0.00, 0.04, 0.07
Tasks: 143 total,   1 running, 142 sleeping,   0 stopped,   0 zombie
%Cpu(s):  0.0 us,  4.1 sy,  0.0 ni, 95.9 id,  0.0 wa,  0.0 hi,  0.0 si,  0.0 st
MiB Mem :   3793.3 total,   2139.6 free,    673.2 used,    980.5 buff/cache
MiB Swap:      0.0 total,      0.0 free,      0.0 used.   3068.7 avail Mem 
--- Mon Sep  6 08:34:53 UTC 2021
top - 08:34:53 up 55 min,  1 user,  load average: 0.00, 0.04, 0.07
Tasks: 143 total,   1 running, 142 sleeping,   0 stopped,   0 zombie
%Cpu(s):  0.0 us,  4.1 sy,  0.0 ni, 95.9 id,  0.0 wa,  0.0 hi,  0.0 si,  0.0 st
MiB Mem :   3793.3 total,   2139.8 free,    672.9 used,    980.5 buff/cache
MiB Swap:      0.0 total,      0.0 free,      0.0 used.   3068.9 avail Mem 
--- Mon Sep  6 08:34:58 UTC 2021
top - 08:34:58 up 56 min,  1 user,  load average: 0.00, 0.04, 0.07
Tasks: 143 total,   1 running, 142 sleeping,   0 stopped,   0 zombie
%Cpu(s):  0.0 us,  4.1 sy,  0.0 ni, 95.9 id,  0.0 wa,  0.0 hi,  0.0 si,  0.0 st
MiB Mem :   3793.3 total,   2139.6 free,    673.2 used,    980.5 buff/cache
MiB Swap:      0.0 total,      0.0 free,      0.0 used.   3068.7 avail Mem 
--- Mon Sep  6 08:35:04 UTC 2021
top - 08:35:04 up 56 min,  1 user,  load average: 0.00, 0.04, 0.07
Tasks: 144 total,   1 running, 143 sleeping,   0 stopped,   0 zombie
%Cpu(s):  0.0 us,  5.3 sy,  0.0 ni, 94.7 id,  0.0 wa,  0.0 hi,  0.0 si,  0.0 st
MiB Mem :   3793.3 total,   2139.8 free,    672.9 used,    980.6 buff/cache
MiB Swap:      0.0 total,      0.0 free,      0.0 used.   3069.0 avail Mem 
--- Mon Sep  6 08:35:09 UTC 2021
top - 08:35:09 up 56 min,  1 user,  load average: 0.00, 0.04, 0.07
Tasks: 144 total,   1 running, 143 sleeping,   0 stopped,   0 zombie
%Cpu(s):  0.0 us,  5.3 sy,  0.0 ni, 94.7 id,  0.0 wa,  0.0 hi,  0.0 si,  0.0 st
MiB Mem :   3793.3 total,   2139.5 free,    673.2 used,    980.6 buff/cache
MiB Swap:      0.0 total,      0.0 free,      0.0 used.   3068.7 avail Mem 
--- Mon Sep  6 08:35:14 UTC 2021
top - 08:35:14 up 56 min,  1 user,  load average: 0.00, 0.04, 0.07
Tasks: 144 total,   1 running, 143 sleeping,   0 stopped,   0 zombie
%Cpu(s):  1.4 us,  4.1 sy,  0.0 ni, 94.6 id,  0.0 wa,  0.0 hi,  0.0 si,  0.0 st
MiB Mem :   3793.3 total,   2139.3 free,    673.4 used,    980.6 buff/cache
MiB Swap:      0.0 total,      0.0 free,      0.0 used.   3068.5 avail Mem 
--- Mon Sep  6 08:35:19 UTC 2021
top - 08:35:19 up 56 min,  1 user,  load average: 0.00, 0.03, 0.06
Tasks: 144 total,   1 running, 143 sleeping,   0 stopped,   0 zombie
%Cpu(s):  1.4 us,  4.1 sy,  0.0 ni, 94.5 id,  0.0 wa,  0.0 hi,  0.0 si,  0.0 st
MiB Mem :   3793.3 total,   2138.5 free,    674.2 used,    980.6 buff/cache
MiB Swap:      0.0 total,      0.0 free,      0.0 used.   3067.7 avail Mem 
--- Mon Sep  6 08:35:24 UTC 2021
top - 08:35:25 up 56 min,  1 user,  load average: 0.00, 0.03, 0.06
Tasks: 144 total,   1 running, 143 sleeping,   0 stopped,   0 zombie
%Cpu(s): 12.7 us, 11.3 sy,  0.0 ni, 76.1 id,  0.0 wa,  0.0 hi,  0.0 si,  0.0 st
MiB Mem :   3793.3 total,   2139.4 free,    673.2 used,    980.6 buff/cache
MiB Swap:      0.0 total,      0.0 free,      0.0 used.   3068.6 avail Mem 
--- Mon Sep  6 08:35:30 UTC 2021
top - 08:35:30 up 56 min,  1 user,  load average: 0.00, 0.03, 0.06
Tasks: 144 total,   1 running, 143 sleeping,   0 stopped,   0 zombie
%Cpu(s):  0.0 us,  2.7 sy,  0.0 ni, 97.3 id,  0.0 wa,  0.0 hi,  0.0 si,  0.0 st
MiB Mem :   3793.3 total,   2139.4 free,    673.3 used,    980.6 buff/cache
MiB Swap:      0.0 total,      0.0 free,      0.0 used.   3068.6 avail Mem 
--- Mon Sep  6 08:35:35 UTC 2021
top - 08:35:35 up 56 min,  1 user,  load average: 0.00, 0.03, 0.06
Tasks: 143 total,   1 running, 142 sleeping,   0 stopped,   0 zombie
%Cpu(s):  5.4 us,  4.1 sy,  0.0 ni, 89.2 id,  0.0 wa,  0.0 hi,  1.4 si,  0.0 st
MiB Mem :   3793.3 total,   2139.7 free,    672.9 used,    980.6 buff/cache
MiB Swap:      0.0 total,      0.0 free,      0.0 used.   3069.0 avail Mem 
--- Mon Sep  6 08:35:40 UTC 2021
top - 08:35:40 up 56 min,  1 user,  load average: 0.00, 0.03, 0.06
Tasks: 143 total,   1 running, 142 sleeping,   0 stopped,   0 zombie
%Cpu(s):  2.7 us,  5.5 sy,  0.0 ni, 91.8 id,  0.0 wa,  0.0 hi,  0.0 si,  0.0 st
MiB Mem :   3793.3 total,   2139.1 free,    673.5 used,    980.7 buff/cache
MiB Swap:      0.0 total,      0.0 free,      0.0 used.   3068.4 avail Mem 
--- Mon Sep  6 08:35:45 UTC 2021
top - 08:35:45 up 56 min,  1 user,  load average: 0.00, 0.03, 0.06
Tasks: 143 total,   1 running, 142 sleeping,   0 stopped,   0 zombie
%Cpu(s):  8.1 us,  2.7 sy,  0.0 ni, 89.2 id,  0.0 wa,  0.0 hi,  0.0 si,  0.0 st
MiB Mem :   3793.3 total,   2138.9 free,    673.7 used,    980.7 buff/cache
MiB Swap:      0.0 total,      0.0 free,      0.0 used.   3068.2 avail Mem 
--- Mon Sep  6 08:35:50 UTC 2021
top - 08:35:51 up 56 min,  1 user,  load average: 0.00, 0.03, 0.06
Tasks: 143 total,   1 running, 142 sleeping,   0 stopped,   0 zombie
%Cpu(s):  1.4 us,  4.1 sy,  0.0 ni, 94.6 id,  0.0 wa,  0.0 hi,  0.0 si,  0.0 st
MiB Mem :   3793.3 total,   2139.1 free,    673.5 used,    980.7 buff/cache
MiB Swap:      0.0 total,      0.0 free,      0.0 used.   3068.4 avail Mem 
--- Mon Sep  6 08:35:56 UTC 2021
top - 08:35:56 up 56 min,  1 user,  load average: 0.00, 0.03, 0.06
Tasks: 143 total,   1 running, 142 sleeping,   0 stopped,   0 zombie
%Cpu(s):  1.4 us,  4.1 sy,  0.0 ni, 94.6 id,  0.0 wa,  0.0 hi,  0.0 si,  0.0 st
MiB Mem :   3793.3 total,   2139.1 free,    673.5 used,    980.7 buff/cache
MiB Swap:      0.0 total,      0.0 free,      0.0 used.   3068.5 avail Mem 
--- Mon Sep  6 08:36:01 UTC 2021
top - 08:36:01 up 57 min,  1 user,  load average: 0.00, 0.03, 0.06
Tasks: 143 total,   1 running, 142 sleeping,   0 stopped,   0 zombie
%Cpu(s):  0.0 us,  2.8 sy,  0.0 ni, 97.2 id,  0.0 wa,  0.0 hi,  0.0 si,  0.0 st
MiB Mem :   3793.3 total,   2138.6 free,    674.0 used,    980.7 buff/cache
MiB Swap:      0.0 total,      0.0 free,      0.0 used.   3067.9 avail Mem 
--- Mon Sep  6 08:36:06 UTC 2021
top - 08:36:06 up 57 min,  1 user,  load average: 0.08, 0.04, 0.07
Tasks: 144 total,   1 running, 143 sleeping,   0 stopped,   0 zombie
%Cpu(s):  2.7 us,  4.0 sy,  0.0 ni, 93.3 id,  0.0 wa,  0.0 hi,  0.0 si,  0.0 st
MiB Mem :   3793.3 total,   2138.5 free,    674.0 used,    980.8 buff/cache
MiB Swap:      0.0 total,      0.0 free,      0.0 used.   3067.9 avail Mem 
--- Mon Sep  6 08:36:11 UTC 2021
top - 08:36:11 up 57 min,  1 user,  load average: 0.07, 0.04, 0.07
Tasks: 144 total,   1 running, 143 sleeping,   0 stopped,   0 zombie
%Cpu(s):  1.4 us,  2.7 sy,  0.0 ni, 95.9 id,  0.0 wa,  0.0 hi,  0.0 si,  0.0 st
MiB Mem :   3793.3 total,   2138.7 free,    673.8 used,    980.8 buff/cache
MiB Swap:      0.0 total,      0.0 free,      0.0 used.   3068.1 avail Mem 
--- Mon Sep  6 08:36:17 UTC 2021
top - 08:36:17 up 57 min,  1 user,  load average: 0.07, 0.04, 0.06
Tasks: 144 total,   1 running, 143 sleeping,   0 stopped,   0 zombie
%Cpu(s):  1.4 us,  4.1 sy,  0.0 ni, 94.6 id,  0.0 wa,  0.0 hi,  0.0 si,  0.0 st
MiB Mem :   3793.3 total,   2138.8 free,    673.7 used,    980.8 buff/cache
MiB Swap:      0.0 total,      0.0 free,      0.0 used.   3068.2 avail Mem 
--- Mon Sep  6 08:36:22 UTC 2021
top - 08:36:22 up 57 min,  1 user,  load average: 0.06, 0.04, 0.06
Tasks: 144 total,   1 running, 143 sleeping,   0 stopped,   0 zombie
%Cpu(s):  0.0 us,  4.1 sy,  0.0 ni, 95.9 id,  0.0 wa,  0.0 hi,  0.0 si,  0.0 st
MiB Mem :   3793.3 total,   2138.8 free,    673.7 used,    980.8 buff/cache
MiB Swap:      0.0 total,      0.0 free,      0.0 used.   3068.2 avail Mem 
--- Mon Sep  6 08:36:27 UTC 2021
top - 08:36:27 up 57 min,  1 user,  load average: 0.06, 0.04, 0.06
Tasks: 144 total,   1 running, 143 sleeping,   0 stopped,   0 zombie
%Cpu(s):  0.0 us,  4.1 sy,  0.0 ni, 95.9 id,  0.0 wa,  0.0 hi,  0.0 si,  0.0 st
MiB Mem :   3793.3 total,   2139.0 free,    673.5 used,    980.8 buff/cache
MiB Swap:      0.0 total,      0.0 free,      0.0 used.   3068.4 avail Mem 
--- Mon Sep  6 08:36:32 UTC 2021
top - 08:36:32 up 57 min,  1 user,  load average: 0.05, 0.04, 0.06
Tasks: 144 total,   1 running, 143 sleeping,   0 stopped,   0 zombie
%Cpu(s):  1.3 us,  5.3 sy,  0.0 ni, 93.3 id,  0.0 wa,  0.0 hi,  0.0 si,  0.0 st
MiB Mem :   3793.3 total,   2139.1 free,    673.3 used,    980.8 buff/cache
MiB Swap:      0.0 total,      0.0 free,      0.0 used.   3068.6 avail Mem 
--- Mon Sep  6 08:36:37 UTC 2021
top - 08:36:38 up 57 min,  1 user,  load average: 0.05, 0.04, 0.06
Tasks: 144 total,   1 running, 143 sleeping,   0 stopped,   0 zombie
%Cpu(s):  2.7 us,  2.7 sy,  0.0 ni, 94.6 id,  0.0 wa,  0.0 hi,  0.0 si,  0.0 st
MiB Mem :   3793.3 total,   2138.5 free,    673.9 used,    980.9 buff/cache
MiB Swap:      0.0 total,      0.0 free,      0.0 used.   3068.0 avail Mem 
--- Mon Sep  6 08:36:43 UTC 2021
top - 08:36:43 up 57 min,  1 user,  load average: 0.04, 0.04, 0.06
Tasks: 144 total,   1 running, 143 sleeping,   0 stopped,   0 zombie
%Cpu(s):  1.4 us,  4.1 sy,  0.0 ni, 94.6 id,  0.0 wa,  0.0 hi,  0.0 si,  0.0 st
MiB Mem :   3793.3 total,   2138.2 free,    674.2 used,    980.9 buff/cache
MiB Swap:      0.0 total,      0.0 free,      0.0 used.   3067.7 avail Mem 
--- Mon Sep  6 08:36:48 UTC 2021
top - 08:36:48 up 57 min,  1 user,  load average: 0.04, 0.04, 0.06
Tasks: 144 total,   1 running, 143 sleeping,   0 stopped,   0 zombie
%Cpu(s):  0.0 us,  4.1 sy,  0.0 ni, 95.9 id,  0.0 wa,  0.0 hi,  0.0 si,  0.0 st
MiB Mem :   3793.3 total,   2137.7 free,    674.7 used,    980.9 buff/cache
MiB Swap:      0.0 total,      0.0 free,      0.0 used.   3067.2 avail Mem 
--- Mon Sep  6 08:36:53 UTC 2021
top - 08:36:53 up 57 min,  1 user,  load average: 0.04, 0.04, 0.06
Tasks: 144 total,   1 running, 143 sleeping,   0 stopped,   0 zombie
%Cpu(s):  1.3 us,  5.3 sy,  0.0 ni, 93.3 id,  0.0 wa,  0.0 hi,  0.0 si,  0.0 st
MiB Mem :   3793.3 total,   2137.7 free,    674.7 used,    980.9 buff/cache
MiB Swap:      0.0 total,      0.0 free,      0.0 used.   3067.2 avail Mem 
--- Mon Sep  6 08:36:58 UTC 2021
top - 08:36:58 up 58 min,  1 user,  load average: 0.03, 0.03, 0.06
Tasks: 144 total,   1 running, 143 sleeping,   0 stopped,   0 zombie
%Cpu(s):  0.0 us,  5.4 sy,  0.0 ni, 94.6 id,  0.0 wa,  0.0 hi,  0.0 si,  0.0 st
MiB Mem :   3793.3 total,   2137.9 free,    674.5 used,    980.9 buff/cache
MiB Swap:      0.0 total,      0.0 free,      0.0 used.   3067.4 avail Mem 
--- Mon Sep  6 08:37:03 UTC 2021
top - 08:37:04 up 58 min,  1 user,  load average: 0.03, 0.03, 0.06
Tasks: 144 total,   1 running, 143 sleeping,   0 stopped,   0 zombie
%Cpu(s):  1.3 us,  5.3 sy,  0.0 ni, 93.4 id,  0.0 wa,  0.0 hi,  0.0 si,  0.0 st
MiB Mem :   3793.3 total,   2137.6 free,    674.7 used,    980.9 buff/cache
MiB Swap:      0.0 total,      0.0 free,      0.0 used.   3067.2 avail Mem 
--- Mon Sep  6 08:37:09 UTC 2021
top - 08:37:09 up 58 min,  1 user,  load average: 0.19, 0.07, 0.07
Tasks: 144 total,   1 running, 143 sleeping,   0 stopped,   0 zombie
%Cpu(s):  0.0 us,  4.1 sy,  0.0 ni, 95.9 id,  0.0 wa,  0.0 hi,  0.0 si,  0.0 st
MiB Mem :   3793.3 total,   2137.6 free,    674.7 used,    980.9 buff/cache
MiB Swap:      0.0 total,      0.0 free,      0.0 used.   3067.2 avail Mem 
--- Mon Sep  6 08:37:14 UTC 2021
top - 08:37:14 up 58 min,  1 user,  load average: 0.17, 0.06, 0.07
Tasks: 144 total,   1 running, 143 sleeping,   0 stopped,   0 zombie
%Cpu(s):  1.4 us,  4.1 sy,  0.0 ni, 94.6 id,  0.0 wa,  0.0 hi,  0.0 si,  0.0 st
MiB Mem :   3793.3 total,   2137.4 free,    675.0 used,    981.0 buff/cache
MiB Swap:      0.0 total,      0.0 free,      0.0 used.   3066.9 avail Mem 
--- Mon Sep  6 08:37:19 UTC 2021
top - 08:37:19 up 58 min,  1 user,  load average: 0.16, 0.06, 0.07
Tasks: 144 total,   1 running, 143 sleeping,   0 stopped,   0 zombie
%Cpu(s):  1.4 us,  4.1 sy,  0.0 ni, 94.6 id,  0.0 wa,  0.0 hi,  0.0 si,  0.0 st
MiB Mem :   3793.3 total,   2137.6 free,    674.7 used,    981.0 buff/cache
MiB Swap:      0.0 total,      0.0 free,      0.0 used.   3067.2 avail Mem 
--- Mon Sep  6 08:37:24 UTC 2021
top - 08:37:25 up 58 min,  1 user,  load average: 0.13, 0.06, 0.07
Tasks: 144 total,   1 running, 143 sleeping,   0 stopped,   0 zombie
%Cpu(s):  2.7 us,  4.1 sy,  0.0 ni, 93.2 id,  0.0 wa,  0.0 hi,  0.0 si,  0.0 st
MiB Mem :   3793.3 total,   2137.8 free,    674.5 used,    981.0 buff/cache
MiB Swap:      0.0 total,      0.0 free,      0.0 used.   3067.4 avail Mem 
--- Mon Sep  6 08:37:30 UTC 2021
top - 08:37:30 up 58 min,  1 user,  load average: 0.12, 0.06, 0.07
Tasks: 144 total,   1 running, 143 sleeping,   0 stopped,   0 zombie
%Cpu(s):  1.4 us,  2.7 sy,  0.0 ni, 95.9 id,  0.0 wa,  0.0 hi,  0.0 si,  0.0 st
MiB Mem :   3793.3 total,   2137.6 free,    674.7 used,    981.0 buff/cache
MiB Swap:      0.0 total,      0.0 free,      0.0 used.   3067.2 avail Mem 
--- Mon Sep  6 08:37:35 UTC 2021
top - 08:37:35 up 58 min,  1 user,  load average: 0.11, 0.06, 0.07
Tasks: 144 total,   1 running, 143 sleeping,   0 stopped,   0 zombie
%Cpu(s):  1.4 us,  2.7 sy,  0.0 ni, 95.9 id,  0.0 wa,  0.0 hi,  0.0 si,  0.0 st
MiB Mem :   3793.3 total,   2137.3 free,    675.0 used,    981.0 buff/cache
MiB Swap:      0.0 total,      0.0 free,      0.0 used.   3066.9 avail Mem 
--- Mon Sep  6 08:37:40 UTC 2021
top - 08:37:40 up 58 min,  1 user,  load average: 0.10, 0.06, 0.07
Tasks: 144 total,   1 running, 143 sleeping,   0 stopped,   0 zombie
%Cpu(s):  1.4 us,  4.1 sy,  0.0 ni, 94.6 id,  0.0 wa,  0.0 hi,  0.0 si,  0.0 st
MiB Mem :   3793.3 total,   2137.2 free,    675.1 used,    981.0 buff/cache
MiB Swap:      0.0 total,      0.0 free,      0.0 used.   3066.8 avail Mem 
--- Mon Sep  6 08:37:45 UTC 2021
top - 08:37:45 up 58 min,  1 user,  load average: 0.10, 0.06, 0.07
Tasks: 143 total,   1 running, 142 sleeping,   0 stopped,   0 zombie
%Cpu(s):  0.0 us,  5.3 sy,  0.0 ni, 94.7 id,  0.0 wa,  0.0 hi,  0.0 si,  0.0 st
MiB Mem :   3793.3 total,   2137.5 free,    674.8 used,    981.0 buff/cache
MiB Swap:      0.0 total,      0.0 free,      0.0 used.   3067.2 avail Mem 
--- Mon Sep  6 08:37:50 UTC 2021
top - 08:37:51 up 58 min,  1 user,  load average: 0.09, 0.05, 0.07
Tasks: 144 total,   1 running, 143 sleeping,   0 stopped,   0 zombie
%Cpu(s):  0.0 us,  2.7 sy,  0.0 ni, 97.3 id,  0.0 wa,  0.0 hi,  0.0 si,  0.0 st
MiB Mem :   3793.3 total,   2137.2 free,    675.0 used,    981.1 buff/cache
MiB Swap:      0.0 total,      0.0 free,      0.0 used.   3066.9 avail Mem 
--- Mon Sep  6 08:37:56 UTC 2021
top - 08:37:56 up 58 min,  1 user,  load average: 0.08, 0.05, 0.07
Tasks: 144 total,   1 running, 143 sleeping,   0 stopped,   0 zombie
%Cpu(s):  1.4 us,  4.1 sy,  0.0 ni, 94.6 id,  0.0 wa,  0.0 hi,  0.0 si,  0.0 st
MiB Mem :   3793.3 total,   2137.1 free,    675.1 used,    981.1 buff/cache
MiB Swap:      0.0 total,      0.0 free,      0.0 used.   3066.8 avail Mem 
--- Mon Sep  6 08:38:01 UTC 2021
top - 08:38:01 up 59 min,  1 user,  load average: 0.07, 0.05, 0.07
Tasks: 142 total,   1 running, 141 sleeping,   0 stopped,   0 zombie
%Cpu(s):  1.4 us,  2.7 sy,  0.0 ni, 95.9 id,  0.0 wa,  0.0 hi,  0.0 si,  0.0 st
MiB Mem :   3793.3 total,   2137.4 free,    674.8 used,    981.1 buff/cache
MiB Swap:      0.0 total,      0.0 free,      0.0 used.   3067.1 avail Mem 
--- Mon Sep  6 08:38:06 UTC 2021
top - 08:38:06 up 59 min,  1 user,  load average: 0.07, 0.05, 0.07
Tasks: 142 total,   1 running, 141 sleeping,   0 stopped,   0 zombie
%Cpu(s):  1.4 us,  2.7 sy,  0.0 ni, 95.9 id,  0.0 wa,  0.0 hi,  0.0 si,  0.0 st
MiB Mem :   3793.3 total,   2137.6 free,    674.6 used,    981.1 buff/cache
MiB Swap:      0.0 total,      0.0 free,      0.0 used.   3067.3 avail Mem 
--- Mon Sep  6 08:38:11 UTC 2021
top - 08:38:11 up 59 min,  1 user,  load average: 0.06, 0.05, 0.06
Tasks: 142 total,   1 running, 141 sleeping,   0 stopped,   0 zombie
%Cpu(s):  1.4 us,  2.7 sy,  0.0 ni, 95.9 id,  0.0 wa,  0.0 hi,  0.0 si,  0.0 st
MiB Mem :   3793.3 total,   2137.4 free,    674.7 used,    981.1 buff/cache
MiB Swap:      0.0 total,      0.0 free,      0.0 used.   3067.2 avail Mem 
--- Mon Sep  6 08:38:17 UTC 2021
top - 08:38:17 up 59 min,  1 user,  load average: 0.06, 0.05, 0.06
Tasks: 142 total,   1 running, 141 sleeping,   0 stopped,   0 zombie
%Cpu(s):  1.3 us,  4.0 sy,  0.0 ni, 94.7 id,  0.0 wa,  0.0 hi,  0.0 si,  0.0 st
MiB Mem :   3793.3 total,   2137.4 free,    674.8 used,    981.1 buff/cache
MiB Swap:      0.0 total,      0.0 free,      0.0 used.   3067.2 avail Mem 
--- Mon Sep  6 08:38:22 UTC 2021
top - 08:38:22 up 59 min,  1 user,  load average: 0.05, 0.05, 0.06
Tasks: 142 total,   1 running, 141 sleeping,   0 stopped,   0 zombie
%Cpu(s):  8.2 us,  4.1 sy,  0.0 ni, 87.7 id,  0.0 wa,  0.0 hi,  0.0 si,  0.0 st
MiB Mem :   3793.3 total,   2136.9 free,    675.2 used,    981.2 buff/cache
MiB Swap:      0.0 total,      0.0 free,      0.0 used.   3066.7 avail Mem 
--- Mon Sep  6 08:38:27 UTC 2021
top - 08:38:27 up 59 min,  1 user,  load average: 0.05, 0.05, 0.06
Tasks: 142 total,   1 running, 141 sleeping,   0 stopped,   0 zombie
%Cpu(s):  0.0 us,  4.2 sy,  0.0 ni, 95.8 id,  0.0 wa,  0.0 hi,  0.0 si,  0.0 st
MiB Mem :   3793.3 total,   2137.1 free,    675.0 used,    981.2 buff/cache
MiB Swap:      0.0 total,      0.0 free,      0.0 used.   3066.9 avail Mem 
--- Mon Sep  6 08:38:32 UTC 2021
top - 08:38:32 up 59 min,  1 user,  load average: 0.04, 0.05, 0.06
Tasks: 142 total,   1 running, 141 sleeping,   0 stopped,   0 zombie
%Cpu(s):  1.3 us,  4.0 sy,  0.0 ni, 94.7 id,  0.0 wa,  0.0 hi,  0.0 si,  0.0 st
MiB Mem :   3793.3 total,   2137.1 free,    675.0 used,    981.2 buff/cache
MiB Swap:      0.0 total,      0.0 free,      0.0 used.   3067.0 avail Mem 
--- Mon Sep  6 08:38:37 UTC 2021
top - 08:38:38 up 59 min,  1 user,  load average: 0.04, 0.05, 0.06
Tasks: 141 total,   1 running, 140 sleeping,   0 stopped,   0 zombie
%Cpu(s):  1.4 us,  4.1 sy,  0.0 ni, 94.6 id,  0.0 wa,  0.0 hi,  0.0 si,  0.0 st
MiB Mem :   3793.3 total,   2137.0 free,    675.1 used,    981.2 buff/cache
MiB Swap:      0.0 total,      0.0 free,      0.0 used.   3066.8 avail Mem 
--- Mon Sep  6 08:38:43 UTC 2021
top - 08:38:43 up 59 min,  1 user,  load average: 0.04, 0.04, 0.06
Tasks: 142 total,   1 running, 141 sleeping,   0 stopped,   0 zombie
%Cpu(s):  0.0 us,  2.8 sy,  0.0 ni, 97.2 id,  0.0 wa,  0.0 hi,  0.0 si,  0.0 st
MiB Mem :   3793.3 total,   2137.5 free,    674.5 used,    981.2 buff/cache
MiB Swap:      0.0 total,      0.0 free,      0.0 used.   3067.4 avail Mem 
--- Mon Sep  6 08:38:48 UTC 2021
top - 08:38:48 up 59 min,  1 user,  load average: 0.03, 0.04, 0.06
Tasks: 142 total,   1 running, 141 sleeping,   0 stopped,   0 zombie
%Cpu(s):  0.0 us,  4.1 sy,  0.0 ni, 95.9 id,  0.0 wa,  0.0 hi,  0.0 si,  0.0 st
MiB Mem :   3793.3 total,   2137.3 free,    674.7 used,    981.2 buff/cache
MiB Swap:      0.0 total,      0.0 free,      0.0 used.   3067.2 avail Mem 
--- Mon Sep  6 08:38:53 UTC 2021
top - 08:38:53 up 59 min,  1 user,  load average: 0.03, 0.04, 0.06
Tasks: 142 total,   1 running, 141 sleeping,   0 stopped,   0 zombie
%Cpu(s):  1.4 us,  2.9 sy,  0.0 ni, 95.7 id,  0.0 wa,  0.0 hi,  0.0 si,  0.0 st
MiB Mem :   3793.3 total,   2137.2 free,    674.8 used,    981.3 buff/cache
MiB Swap:      0.0 total,      0.0 free,      0.0 used.   3067.1 avail Mem 
--- Mon Sep  6 08:38:58 UTC 2021
top - 08:38:58 up  1:00,  1 user,  load average: 0.03, 0.04, 0.06
Tasks: 142 total,   1 running, 141 sleeping,   0 stopped,   0 zombie
%Cpu(s):  2.7 us,  4.0 sy,  0.0 ni, 93.3 id,  0.0 wa,  0.0 hi,  0.0 si,  0.0 st
MiB Mem :   3793.3 total,   2137.1 free,    674.9 used,    981.3 buff/cache
MiB Swap:      0.0 total,      0.0 free,      0.0 used.   3067.0 avail Mem 
--- Mon Sep  6 08:39:03 UTC 2021
top - 08:39:04 up  1:00,  1 user,  load average: 0.02, 0.04, 0.06
Tasks: 142 total,   1 running, 141 sleeping,   0 stopped,   0 zombie
%Cpu(s):  0.0 us,  2.8 sy,  0.0 ni, 97.2 id,  0.0 wa,  0.0 hi,  0.0 si,  0.0 st
MiB Mem :   3793.3 total,   2137.2 free,    674.8 used,    981.3 buff/cache
MiB Swap:      0.0 total,      0.0 free,      0.0 used.   3067.1 avail Mem 
--- Mon Sep  6 08:39:09 UTC 2021
top - 08:39:09 up  1:00,  1 user,  load average: 0.02, 0.04, 0.06
Tasks: 142 total,   1 running, 141 sleeping,   0 stopped,   0 zombie
%Cpu(s):  1.4 us,  2.7 sy,  0.0 ni, 95.9 id,  0.0 wa,  0.0 hi,  0.0 si,  0.0 st
MiB Mem :   3793.3 total,   2136.4 free,    675.6 used,    981.3 buff/cache
MiB Swap:      0.0 total,      0.0 free,      0.0 used.   3066.3 avail Mem 
--- Mon Sep  6 08:39:14 UTC 2021
top - 08:39:14 up  1:00,  1 user,  load average: 0.02, 0.04, 0.06
Tasks: 142 total,   1 running, 141 sleeping,   0 stopped,   0 zombie
%Cpu(s):  0.0 us,  2.8 sy,  0.0 ni, 97.2 id,  0.0 wa,  0.0 hi,  0.0 si,  0.0 st
MiB Mem :   3793.3 total,   2136.9 free,    675.0 used,    981.4 buff/cache
MiB Swap:      0.0 total,      0.0 free,      0.0 used.   3066.9 avail Mem 
--- Mon Sep  6 08:39:19 UTC 2021
top - 08:39:19 up  1:00,  1 user,  load average: 0.02, 0.04, 0.06
Tasks: 142 total,   1 running, 141 sleeping,   0 stopped,   0 zombie
%Cpu(s):  1.3 us,  5.3 sy,  0.0 ni, 93.3 id,  0.0 wa,  0.0 hi,  0.0 si,  0.0 st
MiB Mem :   3793.3 total,   2136.8 free,    675.1 used,    981.4 buff/cache
MiB Swap:      0.0 total,      0.0 free,      0.0 used.   3066.8 avail Mem 
--- Mon Sep  6 08:39:24 UTC 2021
top - 08:39:25 up  1:00,  1 user,  load average: 0.02, 0.04, 0.06
Tasks: 142 total,   1 running, 141 sleeping,   0 stopped,   0 zombie
%Cpu(s):  1.4 us,  4.1 sy,  0.0 ni, 94.6 id,  0.0 wa,  0.0 hi,  0.0 si,  0.0 st
MiB Mem :   3793.3 total,   2137.3 free,    674.5 used,    981.4 buff/cache
MiB Swap:      0.0 total,      0.0 free,      0.0 used.   3067.4 avail Mem 
--- Mon Sep  6 08:39:30 UTC 2021
top - 08:39:30 up  1:00,  1 user,  load average: 0.01, 0.04, 0.06
Tasks: 142 total,   1 running, 141 sleeping,   0 stopped,   0 zombie
%Cpu(s):  1.4 us,  4.1 sy,  0.0 ni, 94.6 id,  0.0 wa,  0.0 hi,  0.0 si,  0.0 st
MiB Mem :   3793.3 total,   2137.1 free,    674.8 used,    981.4 buff/cache
MiB Swap:      0.0 total,      0.0 free,      0.0 used.   3067.1 avail Mem 
--- Mon Sep  6 08:39:35 UTC 2021
top - 08:39:35 up  1:00,  1 user,  load average: 0.01, 0.03, 0.06
Tasks: 142 total,   1 running, 141 sleeping,   0 stopped,   0 zombie
%Cpu(s):  1.4 us,  2.7 sy,  0.0 ni, 95.9 id,  0.0 wa,  0.0 hi,  0.0 si,  0.0 st
MiB Mem :   3793.3 total,   2136.1 free,    675.8 used,    981.4 buff/cache
MiB Swap:      0.0 total,      0.0 free,      0.0 used.   3066.1 avail Mem 
--- Mon Sep  6 08:39:40 UTC 2021
top - 08:39:40 up  1:00,  1 user,  load average: 0.01, 0.03, 0.06
Tasks: 142 total,   1 running, 141 sleeping,   0 stopped,   0 zombie
%Cpu(s):  1.4 us,  4.1 sy,  0.0 ni, 94.5 id,  0.0 wa,  0.0 hi,  0.0 si,  0.0 st
MiB Mem :   3793.3 total,   2136.1 free,    675.8 used,    981.4 buff/cache
MiB Swap:      0.0 total,      0.0 free,      0.0 used.   3066.1 avail Mem 
--- Mon Sep  6 08:39:45 UTC 2021
top - 08:39:45 up  1:00,  1 user,  load average: 0.01, 0.03, 0.06
Tasks: 142 total,   1 running, 141 sleeping,   0 stopped,   0 zombie
%Cpu(s):  2.7 us,  2.7 sy,  0.0 ni, 94.6 id,  0.0 wa,  0.0 hi,  0.0 si,  0.0 st
MiB Mem :   3793.3 total,   2136.1 free,    675.8 used,    981.4 buff/cache
MiB Swap:      0.0 total,      0.0 free,      0.0 used.   3066.1 avail Mem 
--- Mon Sep  6 08:39:50 UTC 2021
top - 08:39:51 up  1:00,  1 user,  load average: 0.01, 0.03, 0.06
Tasks: 142 total,   1 running, 141 sleeping,   0 stopped,   0 zombie
%Cpu(s):  1.4 us,  4.1 sy,  0.0 ni, 94.6 id,  0.0 wa,  0.0 hi,  0.0 si,  0.0 st
MiB Mem :   3793.3 total,   2136.3 free,    675.6 used,    981.4 buff/cache
MiB Swap:      0.0 total,      0.0 free,      0.0 used.   3066.4 avail Mem 
--- Mon Sep  6 08:39:56 UTC 2021
top - 08:39:56 up  1:00,  1 user,  load average: 0.01, 0.03, 0.05
Tasks: 142 total,   1 running, 141 sleeping,   0 stopped,   0 zombie
%Cpu(s):  2.7 us,  2.7 sy,  0.0 ni, 94.6 id,  0.0 wa,  0.0 hi,  0.0 si,  0.0 st
MiB Mem :   3793.3 total,   2136.0 free,    675.8 used,    981.4 buff/cache
MiB Swap:      0.0 total,      0.0 free,      0.0 used.   3066.1 avail Mem 
--- Mon Sep  6 08:40:01 UTC 2021
top - 08:40:01 up  1:01,  1 user,  load average: 0.01, 0.03, 0.05
Tasks: 142 total,   1 running, 141 sleeping,   0 stopped,   0 zombie
%Cpu(s):  6.8 us,  5.5 sy,  0.0 ni, 87.7 id,  0.0 wa,  0.0 hi,  0.0 si,  0.0 st
MiB Mem :   3793.3 total,   2135.8 free,    676.1 used,    981.5 buff/cache
MiB Swap:      0.0 total,      0.0 free,      0.0 used.   3065.9 avail Mem 
--- Mon Sep  6 08:40:06 UTC 2021
top - 08:40:06 up  1:01,  1 user,  load average: 0.01, 0.03, 0.05
Tasks: 142 total,   1 running, 141 sleeping,   0 stopped,   0 zombie
%Cpu(s):  0.0 us,  4.1 sy,  0.0 ni, 95.9 id,  0.0 wa,  0.0 hi,  0.0 si,  0.0 st
MiB Mem :   3793.3 total,   2135.5 free,    676.3 used,    981.5 buff/cache
MiB Swap:      0.0 total,      0.0 free,      0.0 used.   3065.6 avail Mem 
--- Mon Sep  6 08:40:11 UTC 2021
top - 08:40:11 up  1:01,  1 user,  load average: 0.01, 0.03, 0.05
Tasks: 142 total,   1 running, 141 sleeping,   0 stopped,   0 zombie
%Cpu(s):  1.4 us,  4.1 sy,  0.0 ni, 94.6 id,  0.0 wa,  0.0 hi,  0.0 si,  0.0 st
MiB Mem :   3793.3 total,   2135.6 free,    676.2 used,    981.5 buff/cache
MiB Swap:      0.0 total,      0.0 free,      0.0 used.   3065.7 avail Mem 
--- Mon Sep  6 08:40:17 UTC 2021
top - 08:40:17 up  1:01,  1 user,  load average: 0.00, 0.03, 0.05
Tasks: 142 total,   1 running, 141 sleeping,   0 stopped,   0 zombie
%Cpu(s):  1.4 us,  2.7 sy,  0.0 ni, 95.9 id,  0.0 wa,  0.0 hi,  0.0 si,  0.0 st
MiB Mem :   3793.3 total,   2135.8 free,    676.0 used,    981.5 buff/cache
MiB Swap:      0.0 total,      0.0 free,      0.0 used.   3065.9 avail Mem 
--- Mon Sep  6 08:40:22 UTC 2021
top - 08:40:22 up  1:01,  1 user,  load average: 0.00, 0.03, 0.05
Tasks: 142 total,   1 running, 141 sleeping,   0 stopped,   0 zombie
%Cpu(s):  0.0 us,  4.1 sy,  0.0 ni, 95.9 id,  0.0 wa,  0.0 hi,  0.0 si,  0.0 st
MiB Mem :   3793.3 total,   2135.7 free,    676.0 used,    981.5 buff/cache
MiB Swap:      0.0 total,      0.0 free,      0.0 used.   3065.9 avail Mem 
--- Mon Sep  6 08:40:27 UTC 2021
top - 08:40:27 up  1:01,  1 user,  load average: 0.00, 0.03, 0.05
Tasks: 142 total,   1 running, 141 sleeping,   0 stopped,   0 zombie
%Cpu(s):  2.7 us,  2.7 sy,  0.0 ni, 94.6 id,  0.0 wa,  0.0 hi,  0.0 si,  0.0 st
MiB Mem :   3793.3 total,   2135.9 free,    675.9 used,    981.5 buff/cache
MiB Swap:      0.0 total,      0.0 free,      0.0 used.   3066.0 avail Mem 
--- Mon Sep  6 08:40:32 UTC 2021
top - 08:40:32 up  1:01,  1 user,  load average: 0.00, 0.03, 0.05
Tasks: 142 total,   1 running, 141 sleeping,   0 stopped,   0 zombie
%Cpu(s):  1.4 us,  4.1 sy,  0.0 ni, 94.6 id,  0.0 wa,  0.0 hi,  0.0 si,  0.0 st
MiB Mem :   3793.3 total,   2135.4 free,    676.3 used,    981.5 buff/cache
MiB Swap:      0.0 total,      0.0 free,      0.0 used.   3065.6 avail Mem 
--- Mon Sep  6 08:40:37 UTC 2021
top - 08:40:38 up  1:01,  1 user,  load average: 0.00, 0.03, 0.05
Tasks: 143 total,   1 running, 142 sleeping,   0 stopped,   0 zombie
%Cpu(s):  2.7 us,  4.0 sy,  0.0 ni, 93.3 id,  0.0 wa,  0.0 hi,  0.0 si,  0.0 st
MiB Mem :   3793.3 total,   2134.9 free,    676.8 used,    981.6 buff/cache
MiB Swap:      0.0 total,      0.0 free,      0.0 used.   3065.2 avail Mem 
--- Mon Sep  6 08:40:43 UTC 2021
top - 08:40:43 up  1:01,  1 user,  load average: 0.00, 0.03, 0.05
Tasks: 143 total,   1 running, 142 sleeping,   0 stopped,   0 zombie
%Cpu(s):  5.6 us,  5.6 sy,  0.0 ni, 88.9 id,  0.0 wa,  0.0 hi,  0.0 si,  0.0 st
MiB Mem :   3793.3 total,   2134.9 free,    676.8 used,    981.6 buff/cache
MiB Swap:      0.0 total,      0.0 free,      0.0 used.   3065.1 avail Mem 
--- Mon Sep  6 08:40:48 UTC 2021
top - 08:40:48 up  1:01,  1 user,  load average: 0.00, 0.02, 0.05
Tasks: 143 total,   1 running, 142 sleeping,   0 stopped,   0 zombie
%Cpu(s):  2.7 us,  2.7 sy,  0.0 ni, 92.0 id,  2.7 wa,  0.0 hi,  0.0 si,  0.0 st
MiB Mem :   3793.3 total,   2134.5 free,    677.1 used,    981.6 buff/cache
MiB Swap:      0.0 total,      0.0 free,      0.0 used.   3064.8 avail Mem 
--- Mon Sep  6 08:40:53 UTC 2021
top - 08:40:53 up  1:01,  1 user,  load average: 0.00, 0.02, 0.05
Tasks: 143 total,   1 running, 142 sleeping,   0 stopped,   0 zombie
%Cpu(s):  5.3 us,  5.3 sy,  0.0 ni, 88.0 id,  0.0 wa,  0.0 hi,  1.3 si,  0.0 st
MiB Mem :   3793.3 total,   2135.1 free,    676.6 used,    981.6 buff/cache
MiB Swap:      0.0 total,      0.0 free,      0.0 used.   3065.3 avail Mem 
--- Mon Sep  6 08:40:58 UTC 2021
top - 08:40:58 up  1:02,  1 user,  load average: 0.00, 0.02, 0.05
Tasks: 143 total,   1 running, 142 sleeping,   0 stopped,   0 zombie
%Cpu(s):  0.0 us,  4.1 sy,  0.0 ni, 95.9 id,  0.0 wa,  0.0 hi,  0.0 si,  0.0 st
MiB Mem :   3793.3 total,   2134.9 free,    676.8 used,    981.6 buff/cache
MiB Swap:      0.0 total,      0.0 free,      0.0 used.   3065.1 avail Mem 
--- Mon Sep  6 08:41:03 UTC 2021
top - 08:41:04 up  1:02,  1 user,  load average: 0.00, 0.02, 0.05
Tasks: 143 total,   1 running, 142 sleeping,   0 stopped,   0 zombie
%Cpu(s):  2.7 us,  4.1 sy,  0.0 ni, 93.2 id,  0.0 wa,  0.0 hi,  0.0 si,  0.0 st
MiB Mem :   3793.3 total,   2134.9 free,    676.8 used,    981.6 buff/cache
MiB Swap:      0.0 total,      0.0 free,      0.0 used.   3065.1 avail Mem 
--- Mon Sep  6 08:41:09 UTC 2021
top - 08:41:09 up  1:02,  1 user,  load average: 0.00, 0.02, 0.05
Tasks: 143 total,   1 running, 142 sleeping,   0 stopped,   0 zombie
%Cpu(s):  1.4 us,  4.1 sy,  0.0 ni, 94.6 id,  0.0 wa,  0.0 hi,  0.0 si,  0.0 st
MiB Mem :   3793.3 total,   2134.9 free,    676.8 used,    981.6 buff/cache
MiB Swap:      0.0 total,      0.0 free,      0.0 used.   3065.1 avail Mem 
--- Mon Sep  6 08:41:14 UTC 2021
top - 08:41:14 up  1:02,  1 user,  load average: 0.00, 0.02, 0.05
Tasks: 143 total,   1 running, 142 sleeping,   0 stopped,   0 zombie
%Cpu(s):  1.3 us,  5.3 sy,  0.0 ni, 93.4 id,  0.0 wa,  0.0 hi,  0.0 si,  0.0 st
MiB Mem :   3793.3 total,   2134.3 free,    677.4 used,    981.6 buff/cache
MiB Swap:      0.0 total,      0.0 free,      0.0 used.   3064.5 avail Mem 
--- Mon Sep  6 08:41:19 UTC 2021
top - 08:41:19 up  1:02,  1 user,  load average: 0.00, 0.02, 0.05
Tasks: 142 total,   1 running, 141 sleeping,   0 stopped,   0 zombie
%Cpu(s):  1.4 us,  4.1 sy,  0.0 ni, 94.6 id,  0.0 wa,  0.0 hi,  0.0 si,  0.0 st
MiB Mem :   3793.3 total,   2134.6 free,    677.1 used,    981.6 buff/cache
MiB Swap:      0.0 total,      0.0 free,      0.0 used.   3064.8 avail Mem 
--- Mon Sep  6 08:41:24 UTC 2021
top - 08:41:25 up  1:02,  1 user,  load average: 0.00, 0.02, 0.05
Tasks: 142 total,   1 running, 141 sleeping,   0 stopped,   0 zombie
%Cpu(s):  2.7 us,  2.7 sy,  0.0 ni, 94.7 id,  0.0 wa,  0.0 hi,  0.0 si,  0.0 st
MiB Mem :   3793.3 total,   2134.7 free,    677.0 used,    981.6 buff/cache
MiB Swap:      0.0 total,      0.0 free,      0.0 used.   3065.0 avail Mem 
--- Mon Sep  6 08:41:30 UTC 2021
top - 08:41:30 up  1:02,  1 user,  load average: 0.00, 0.02, 0.05
Tasks: 142 total,   1 running, 141 sleeping,   0 stopped,   0 zombie
%Cpu(s):  0.0 us,  4.1 sy,  0.0 ni, 95.9 id,  0.0 wa,  0.0 hi,  0.0 si,  0.0 st
MiB Mem :   3793.3 total,   2134.3 free,    677.3 used,    981.6 buff/cache
MiB Swap:      0.0 total,      0.0 free,      0.0 used.   3064.6 avail Mem 
--- Mon Sep  6 08:41:35 UTC 2021
top - 08:41:35 up  1:02,  1 user,  load average: 0.00, 0.02, 0.04
Tasks: 142 total,   1 running, 141 sleeping,   0 stopped,   0 zombie
%Cpu(s):  1.4 us,  2.7 sy,  0.0 ni, 95.9 id,  0.0 wa,  0.0 hi,  0.0 si,  0.0 st
MiB Mem :   3793.3 total,   2134.5 free,    677.1 used,    981.7 buff/cache
MiB Swap:      0.0 total,      0.0 free,      0.0 used.   3064.8 avail Mem 
--- Mon Sep  6 08:41:40 UTC 2021
top - 08:41:40 up  1:02,  1 user,  load average: 0.00, 0.02, 0.04
Tasks: 143 total,   1 running, 142 sleeping,   0 stopped,   0 zombie
%Cpu(s):  1.3 us,  4.0 sy,  0.0 ni, 94.7 id,  0.0 wa,  0.0 hi,  0.0 si,  0.0 st
MiB Mem :   3793.3 total,   2133.8 free,    677.8 used,    981.7 buff/cache
MiB Swap:      0.0 total,      0.0 free,      0.0 used.   3064.1 avail Mem 
--- Mon Sep  6 08:41:45 UTC 2021
top - 08:41:45 up  1:02,  1 user,  load average: 0.00, 0.02, 0.04
Tasks: 143 total,   1 running, 142 sleeping,   0 stopped,   0 zombie
%Cpu(s):  1.4 us,  4.1 sy,  0.0 ni, 94.6 id,  0.0 wa,  0.0 hi,  0.0 si,  0.0 st
MiB Mem :   3793.3 total,   2133.8 free,    677.8 used,    981.7 buff/cache
MiB Swap:      0.0 total,      0.0 free,      0.0 used.   3064.2 avail Mem 
--- Mon Sep  6 08:41:50 UTC 2021
top - 08:41:51 up  1:02,  1 user,  load average: 0.00, 0.02, 0.04
Tasks: 143 total,   1 running, 142 sleeping,   0 stopped,   0 zombie
%Cpu(s):  1.4 us,  4.1 sy,  0.0 ni, 94.6 id,  0.0 wa,  0.0 hi,  0.0 si,  0.0 st
MiB Mem :   3793.3 total,   2134.0 free,    677.6 used,    981.7 buff/cache
MiB Swap:      0.0 total,      0.0 free,      0.0 used.   3064.3 avail Mem 
--- Mon Sep  6 08:41:56 UTC 2021
top - 08:41:56 up  1:02,  1 user,  load average: 0.00, 0.02, 0.04
Tasks: 143 total,   1 running, 142 sleeping,   0 stopped,   0 zombie
%Cpu(s):  1.4 us,  2.7 sy,  0.0 ni, 95.9 id,  0.0 wa,  0.0 hi,  0.0 si,  0.0 st
MiB Mem :   3793.3 total,   2133.4 free,    678.1 used,    981.7 buff/cache
MiB Swap:      0.0 total,      0.0 free,      0.0 used.   3063.8 avail Mem 
--- Mon Sep  6 08:42:01 UTC 2021
top - 08:42:01 up  1:03,  1 user,  load average: 0.00, 0.02, 0.04
Tasks: 143 total,   1 running, 142 sleeping,   0 stopped,   0 zombie
%Cpu(s):  0.0 us,  4.1 sy,  0.0 ni, 95.9 id,  0.0 wa,  0.0 hi,  0.0 si,  0.0 st
MiB Mem :   3793.3 total,   2133.7 free,    677.8 used,    981.7 buff/cache
MiB Swap:      0.0 total,      0.0 free,      0.0 used.   3064.1 avail Mem 
--- Mon Sep  6 08:42:06 UTC 2021
top - 08:42:06 up  1:03,  1 user,  load average: 0.00, 0.02, 0.04
Tasks: 143 total,   1 running, 142 sleeping,   0 stopped,   0 zombie
%Cpu(s):  1.4 us,  4.1 sy,  0.0 ni, 94.6 id,  0.0 wa,  0.0 hi,  0.0 si,  0.0 st
MiB Mem :   3793.3 total,   2133.4 free,    678.1 used,    981.7 buff/cache
MiB Swap:      0.0 total,      0.0 free,      0.0 used.   3063.8 avail Mem 
--- Mon Sep  6 08:42:11 UTC 2021
top - 08:42:11 up  1:03,  1 user,  load average: 0.00, 0.02, 0.04
Tasks: 143 total,   1 running, 142 sleeping,   0 stopped,   0 zombie
%Cpu(s):  1.4 us,  4.1 sy,  0.0 ni, 94.6 id,  0.0 wa,  0.0 hi,  0.0 si,  0.0 st
MiB Mem :   3793.3 total,   2133.4 free,    678.1 used,    981.8 buff/cache
MiB Swap:      0.0 total,      0.0 free,      0.0 used.   3063.8 avail Mem 
--- Mon Sep  6 08:42:16 UTC 2021
top - 08:42:17 up  1:03,  1 user,  load average: 0.00, 0.02, 0.04
Tasks: 143 total,   1 running, 142 sleeping,   0 stopped,   0 zombie
%Cpu(s):  1.4 us,  2.7 sy,  0.0 ni, 95.9 id,  0.0 wa,  0.0 hi,  0.0 si,  0.0 st
MiB Mem :   3793.3 total,   2133.6 free,    677.9 used,    981.8 buff/cache
MiB Swap:      0.0 total,      0.0 free,      0.0 used.   3064.0 avail Mem 
--- Mon Sep  6 08:42:22 UTC 2021
top - 08:42:22 up  1:03,  1 user,  load average: 0.00, 0.02, 0.04
Tasks: 143 total,   1 running, 142 sleeping,   0 stopped,   0 zombie
%Cpu(s):  2.7 us,  2.7 sy,  0.0 ni, 94.6 id,  0.0 wa,  0.0 hi,  0.0 si,  0.0 st
MiB Mem :   3793.3 total,   2133.4 free,    678.1 used,    981.8 buff/cache
MiB Swap:      0.0 total,      0.0 free,      0.0 used.   3063.8 avail Mem 
--- Mon Sep  6 08:42:27 UTC 2021
top - 08:42:27 up  1:03,  1 user,  load average: 0.00, 0.02, 0.04
Tasks: 143 total,   1 running, 142 sleeping,   0 stopped,   0 zombie
%Cpu(s):  1.4 us,  2.8 sy,  0.0 ni, 95.8 id,  0.0 wa,  0.0 hi,  0.0 si,  0.0 st
MiB Mem :   3793.3 total,   2132.9 free,    678.6 used,    981.8 buff/cache
MiB Swap:      0.0 total,      0.0 free,      0.0 used.   3063.3 avail Mem 
--- Mon Sep  6 08:42:32 UTC 2021
top - 08:42:32 up  1:03,  1 user,  load average: 0.00, 0.01, 0.04
Tasks: 143 total,   1 running, 142 sleeping,   0 stopped,   0 zombie
%Cpu(s):  0.0 us,  5.5 sy,  0.0 ni, 93.2 id,  1.4 wa,  0.0 hi,  0.0 si,  0.0 st
MiB Mem :   3793.3 total,   2133.1 free,    678.4 used,    981.8 buff/cache
MiB Swap:      0.0 total,      0.0 free,      0.0 used.   3063.6 avail Mem 
--- Mon Sep  6 08:42:37 UTC 2021
top - 08:42:38 up  1:03,  1 user,  load average: 0.00, 0.01, 0.04
Tasks: 143 total,   1 running, 142 sleeping,   0 stopped,   0 zombie
%Cpu(s):  0.0 us,  5.3 sy,  0.0 ni, 94.7 id,  0.0 wa,  0.0 hi,  0.0 si,  0.0 st
MiB Mem :   3793.3 total,   2133.3 free,    678.1 used,    981.8 buff/cache
MiB Swap:      0.0 total,      0.0 free,      0.0 used.   3063.8 avail Mem 
