--- Mon Sep  6 08:27:33 UTC 2021
top - 08:27:33 up 48 min,  1 user,  load average: 0.11, 0.04, 0.06
Tasks: 144 total,   1 running, 143 sleeping,   0 stopped,   0 zombie
%Cpu(s):  2.6 us,  3.9 sy,  0.0 ni, 92.1 id,  0.0 wa,  0.0 hi,  1.3 si,  0.0 st
MiB Mem :   3793.3 total,   2145.8 free,    670.4 used,    977.1 buff/cache
MiB Swap:      0.0 total,      0.0 free,      0.0 used.   3073.0 avail Mem 
--- Mon Sep  6 08:27:38 UTC 2021
top - 08:27:38 up 48 min,  1 user,  load average: 0.10, 0.04, 0.06
Tasks: 143 total,   1 running, 142 sleeping,   0 stopped,   0 zombie
%Cpu(s):  2.7 us,  4.0 sy,  0.0 ni, 93.3 id,  0.0 wa,  0.0 hi,  0.0 si,  0.0 st
MiB Mem :   3793.3 total,   2145.6 free,    670.6 used,    977.1 buff/cache
MiB Swap:      0.0 total,      0.0 free,      0.0 used.   3072.8 avail Mem 
--- Mon Sep  6 08:27:43 UTC 2021
top - 08:27:44 up 48 min,  1 user,  load average: 0.09, 0.04, 0.06
Tasks: 143 total,   1 running, 142 sleeping,   0 stopped,   0 zombie
%Cpu(s):  1.3 us,  4.0 sy,  0.0 ni, 94.7 id,  0.0 wa,  0.0 hi,  0.0 si,  0.0 st
MiB Mem :   3793.3 total,   2145.3 free,    670.8 used,    977.1 buff/cache
MiB Swap:      0.0 total,      0.0 free,      0.0 used.   3072.6 avail Mem 
--- Mon Sep  6 08:27:49 UTC 2021
top - 08:27:49 up 48 min,  1 user,  load average: 0.09, 0.04, 0.06
Tasks: 143 total,   1 running, 142 sleeping,   0 stopped,   0 zombie
%Cpu(s):  1.3 us,  5.3 sy,  0.0 ni, 93.4 id,  0.0 wa,  0.0 hi,  0.0 si,  0.0 st
MiB Mem :   3793.3 total,   2145.1 free,    671.0 used,    977.2 buff/cache
MiB Swap:      0.0 total,      0.0 free,      0.0 used.   3072.4 avail Mem 
--- Mon Sep  6 08:27:54 UTC 2021
top - 08:27:54 up 48 min,  1 user,  load average: 0.08, 0.04, 0.06
Tasks: 142 total,   1 running, 141 sleeping,   0 stopped,   0 zombie
%Cpu(s):  1.4 us,  2.7 sy,  0.0 ni, 95.9 id,  0.0 wa,  0.0 hi,  0.0 si,  0.0 st
MiB Mem :   3793.3 total,   2144.9 free,    671.1 used,    977.2 buff/cache
MiB Swap:      0.0 total,      0.0 free,      0.0 used.   3072.3 avail Mem 
--- Mon Sep  6 08:27:59 UTC 2021
top - 08:27:59 up 49 min,  1 user,  load average: 0.07, 0.04, 0.06
Tasks: 142 total,   1 running, 141 sleeping,   0 stopped,   0 zombie
%Cpu(s):  0.0 us,  2.8 sy,  0.0 ni, 97.2 id,  0.0 wa,  0.0 hi,  0.0 si,  0.0 st
MiB Mem :   3793.3 total,   2144.6 free,    671.4 used,    977.2 buff/cache
MiB Swap:      0.0 total,      0.0 free,      0.0 used.   3072.0 avail Mem 
--- Mon Sep  6 08:28:04 UTC 2021
top - 08:28:05 up 49 min,  1 user,  load average: 0.23, 0.07, 0.07
Tasks: 142 total,   1 running, 141 sleeping,   0 stopped,   0 zombie
%Cpu(s):  0.0 us,  5.4 sy,  0.0 ni, 94.6 id,  0.0 wa,  0.0 hi,  0.0 si,  0.0 st
MiB Mem :   3793.3 total,   2144.4 free,    671.6 used,    977.2 buff/cache
MiB Swap:      0.0 total,      0.0 free,      0.0 used.   3071.8 avail Mem 
--- Mon Sep  6 08:28:10 UTC 2021
top - 08:28:10 up 49 min,  1 user,  load average: 0.21, 0.07, 0.07
Tasks: 142 total,   1 running, 141 sleeping,   0 stopped,   0 zombie
%Cpu(s):  1.3 us,  4.0 sy,  0.0 ni, 94.7 id,  0.0 wa,  0.0 hi,  0.0 si,  0.0 st
MiB Mem :   3793.3 total,   2143.5 free,    672.6 used,    977.3 buff/cache
MiB Swap:      0.0 total,      0.0 free,      0.0 used.   3070.8 avail Mem 
--- Mon Sep  6 08:28:15 UTC 2021
top - 08:28:15 up 49 min,  1 user,  load average: 0.19, 0.07, 0.07
Tasks: 142 total,   1 running, 141 sleeping,   0 stopped,   0 zombie
%Cpu(s):  1.4 us,  4.1 sy,  0.0 ni, 94.6 id,  0.0 wa,  0.0 hi,  0.0 si,  0.0 st
MiB Mem :   3793.3 total,   2143.1 free,    672.9 used,    977.3 buff/cache
MiB Swap:      0.0 total,      0.0 free,      0.0 used.   3070.5 avail Mem 
--- Mon Sep  6 08:28:20 UTC 2021
top - 08:28:20 up 49 min,  1 user,  load average: 0.18, 0.07, 0.07
Tasks: 142 total,   1 running, 141 sleeping,   0 stopped,   0 zombie
%Cpu(s):  1.4 us,  4.1 sy,  0.0 ni, 94.6 id,  0.0 wa,  0.0 hi,  0.0 si,  0.0 st
MiB Mem :   3793.3 total,   2142.8 free,    673.2 used,    977.3 buff/cache
MiB Swap:      0.0 total,      0.0 free,      0.0 used.   3070.2 avail Mem 
--- Mon Sep  6 08:28:25 UTC 2021
top - 08:28:25 up 49 min,  1 user,  load average: 0.16, 0.07, 0.07
Tasks: 142 total,   1 running, 141 sleeping,   0 stopped,   0 zombie
%Cpu(s):  1.4 us,  4.1 sy,  0.0 ni, 94.6 id,  0.0 wa,  0.0 hi,  0.0 si,  0.0 st
MiB Mem :   3793.3 total,   2142.1 free,    673.9 used,    977.3 buff/cache
MiB Swap:      0.0 total,      0.0 free,      0.0 used.   3069.5 avail Mem 
--- Mon Sep  6 08:28:30 UTC 2021
top - 08:28:31 up 49 min,  1 user,  load average: 0.15, 0.06, 0.07
Tasks: 143 total,   1 running, 142 sleeping,   0 stopped,   0 zombie
%Cpu(s):  1.3 us,  4.0 sy,  0.0 ni, 94.7 id,  0.0 wa,  0.0 hi,  0.0 si,  0.0 st
MiB Mem :   3793.3 total,   2142.0 free,    673.8 used,    977.4 buff/cache
MiB Swap:      0.0 total,      0.0 free,      0.0 used.   3069.6 avail Mem 
--- Mon Sep  6 08:28:36 UTC 2021
top - 08:28:36 up 49 min,  1 user,  load average: 0.14, 0.06, 0.07
Tasks: 143 total,   1 running, 142 sleeping,   0 stopped,   0 zombie
%Cpu(s):  0.0 us,  5.3 sy,  0.0 ni, 94.7 id,  0.0 wa,  0.0 hi,  0.0 si,  0.0 st
MiB Mem :   3793.3 total,   2141.8 free,    674.1 used,    977.4 buff/cache
MiB Swap:      0.0 total,      0.0 free,      0.0 used.   3069.3 avail Mem 
--- Mon Sep  6 08:28:41 UTC 2021
top - 08:28:41 up 49 min,  1 user,  load average: 0.12, 0.06, 0.06
Tasks: 143 total,   1 running, 142 sleeping,   0 stopped,   0 zombie
%Cpu(s): 12.5 us,  9.7 sy,  0.0 ni, 77.8 id,  0.0 wa,  0.0 hi,  0.0 si,  0.0 st
MiB Mem :   3793.3 total,   2140.9 free,    674.9 used,    977.4 buff/cache
MiB Swap:      0.0 total,      0.0 free,      0.0 used.   3068.5 avail Mem 
--- Mon Sep  6 08:28:46 UTC 2021
top - 08:28:46 up 49 min,  1 user,  load average: 0.11, 0.06, 0.06
Tasks: 143 total,   1 running, 142 sleeping,   0 stopped,   0 zombie
%Cpu(s):  1.3 us,  4.0 sy,  0.0 ni, 94.7 id,  0.0 wa,  0.0 hi,  0.0 si,  0.0 st
MiB Mem :   3793.3 total,   2139.7 free,    676.1 used,    977.4 buff/cache
MiB Swap:      0.0 total,      0.0 free,      0.0 used.   3067.3 avail Mem 
--- Mon Sep  6 08:28:51 UTC 2021
top - 08:28:51 up 49 min,  1 user,  load average: 0.11, 0.06, 0.06
Tasks: 143 total,   1 running, 142 sleeping,   0 stopped,   0 zombie
%Cpu(s):  4.0 us,  2.7 sy,  0.0 ni, 93.3 id,  0.0 wa,  0.0 hi,  0.0 si,  0.0 st
MiB Mem :   3793.3 total,   2139.5 free,    676.4 used,    977.5 buff/cache
MiB Swap:      0.0 total,      0.0 free,      0.0 used.   3067.0 avail Mem 
--- Mon Sep  6 08:28:57 UTC 2021
top - 08:28:57 up 50 min,  1 user,  load average: 0.10, 0.06, 0.06
Tasks: 144 total,   1 running, 143 sleeping,   0 stopped,   0 zombie
%Cpu(s):  0.0 us,  4.1 sy,  0.0 ni, 95.9 id,  0.0 wa,  0.0 hi,  0.0 si,  0.0 st
MiB Mem :   3793.3 total,   2139.2 free,    676.6 used,    977.5 buff/cache
MiB Swap:      0.0 total,      0.0 free,      0.0 used.   3066.8 avail Mem 
--- Mon Sep  6 08:29:02 UTC 2021
top - 08:29:02 up 50 min,  1 user,  load average: 0.08, 0.06, 0.06
Tasks: 144 total,   1 running, 143 sleeping,   0 stopped,   0 zombie
%Cpu(s):  0.0 us,  2.8 sy,  0.0 ni, 97.2 id,  0.0 wa,  0.0 hi,  0.0 si,  0.0 st
MiB Mem :   3793.3 total,   2138.7 free,    677.1 used,    977.5 buff/cache
MiB Swap:      0.0 total,      0.0 free,      0.0 used.   3066.3 avail Mem 
--- Mon Sep  6 08:29:07 UTC 2021
top - 08:29:07 up 50 min,  1 user,  load average: 0.07, 0.05, 0.06
Tasks: 144 total,   1 running, 143 sleeping,   0 stopped,   0 zombie
%Cpu(s):  1.3 us,  4.0 sy,  0.0 ni, 94.7 id,  0.0 wa,  0.0 hi,  0.0 si,  0.0 st
MiB Mem :   3793.3 total,   2138.7 free,    677.1 used,    977.5 buff/cache
MiB Swap:      0.0 total,      0.0 free,      0.0 used.   3066.3 avail Mem 
--- Mon Sep  6 08:29:12 UTC 2021
top - 08:29:12 up 50 min,  1 user,  load average: 0.07, 0.05, 0.06
Tasks: 144 total,   1 running, 143 sleeping,   0 stopped,   0 zombie
%Cpu(s):  2.7 us,  2.7 sy,  0.0 ni, 94.7 id,  0.0 wa,  0.0 hi,  0.0 si,  0.0 st
MiB Mem :   3793.3 total,   2137.5 free,    678.3 used,    977.4 buff/cache
MiB Swap:      0.0 total,      0.0 free,      0.0 used.   3065.1 avail Mem 
--- Mon Sep  6 08:29:17 UTC 2021
top - 08:29:18 up 50 min,  1 user,  load average: 0.06, 0.05, 0.06
Tasks: 143 total,   1 running, 142 sleeping,   0 stopped,   0 zombie
%Cpu(s):  1.4 us,  2.7 sy,  0.0 ni, 95.9 id,  0.0 wa,  0.0 hi,  0.0 si,  0.0 st
MiB Mem :   3793.3 total,   2136.3 free,    679.6 used,    977.4 buff/cache
MiB Swap:      0.0 total,      0.0 free,      0.0 used.   3063.8 avail Mem 
--- Mon Sep  6 08:29:23 UTC 2021
top - 08:29:23 up 50 min,  1 user,  load average: 0.06, 0.05, 0.06
Tasks: 143 total,   1 running, 142 sleeping,   0 stopped,   0 zombie
%Cpu(s):  1.4 us,  4.1 sy,  0.0 ni, 94.6 id,  0.0 wa,  0.0 hi,  0.0 si,  0.0 st
MiB Mem :   3793.3 total,   2135.8 free,    680.0 used,    977.5 buff/cache
MiB Swap:      0.0 total,      0.0 free,      0.0 used.   3063.4 avail Mem 
--- Mon Sep  6 08:29:28 UTC 2021
top - 08:29:28 up 50 min,  1 user,  load average: 0.05, 0.05, 0.06
Tasks: 143 total,   1 running, 142 sleeping,   0 stopped,   0 zombie
%Cpu(s):  0.0 us,  4.1 sy,  0.0 ni, 95.9 id,  0.0 wa,  0.0 hi,  0.0 si,  0.0 st
MiB Mem :   3793.3 total,   2135.3 free,    680.5 used,    977.5 buff/cache
MiB Swap:      0.0 total,      0.0 free,      0.0 used.   3062.9 avail Mem 
--- Mon Sep  6 08:29:33 UTC 2021
top - 08:29:33 up 50 min,  1 user,  load average: 0.05, 0.05, 0.06
Tasks: 143 total,   1 running, 142 sleeping,   0 stopped,   0 zombie
%Cpu(s):  1.4 us,  4.1 sy,  0.0 ni, 94.6 id,  0.0 wa,  0.0 hi,  0.0 si,  0.0 st
MiB Mem :   3793.3 total,   2135.3 free,    680.6 used,    977.4 buff/cache
MiB Swap:      0.0 total,      0.0 free,      0.0 used.   3062.8 avail Mem 
--- Mon Sep  6 08:29:38 UTC 2021
top - 08:29:38 up 50 min,  1 user,  load average: 0.04, 0.05, 0.06
Tasks: 143 total,   1 running, 142 sleeping,   0 stopped,   0 zombie
%Cpu(s):  1.4 us,  2.7 sy,  0.0 ni, 95.9 id,  0.0 wa,  0.0 hi,  0.0 si,  0.0 st
MiB Mem :   3793.3 total,   2134.5 free,    681.3 used,    977.5 buff/cache
MiB Swap:      0.0 total,      0.0 free,      0.0 used.   3062.1 avail Mem 
--- Mon Sep  6 08:29:43 UTC 2021
top - 08:29:44 up 50 min,  1 user,  load average: 0.04, 0.05, 0.06
Tasks: 143 total,   1 running, 142 sleeping,   0 stopped,   0 zombie
%Cpu(s):  0.0 us,  4.1 sy,  0.0 ni, 95.9 id,  0.0 wa,  0.0 hi,  0.0 si,  0.0 st
MiB Mem :   3793.3 total,   2134.1 free,    681.6 used,    977.5 buff/cache
MiB Swap:      0.0 total,      0.0 free,      0.0 used.   3061.8 avail Mem 
--- Mon Sep  6 08:29:49 UTC 2021
top - 08:29:49 up 50 min,  1 user,  load average: 0.04, 0.05, 0.06
Tasks: 144 total,   1 running, 143 sleeping,   0 stopped,   0 zombie
%Cpu(s):  2.7 us,  2.7 sy,  0.0 ni, 94.6 id,  0.0 wa,  0.0 hi,  0.0 si,  0.0 st
MiB Mem :   3793.3 total,   2133.4 free,    682.4 used,    977.5 buff/cache
MiB Swap:      0.0 total,      0.0 free,      0.0 used.   3061.0 avail Mem 
--- Mon Sep  6 08:29:54 UTC 2021
top - 08:29:54 up 50 min,  1 user,  load average: 0.03, 0.05, 0.06
Tasks: 144 total,   1 running, 143 sleeping,   0 stopped,   0 zombie
%Cpu(s):  1.4 us,  4.1 sy,  0.0 ni, 94.6 id,  0.0 wa,  0.0 hi,  0.0 si,  0.0 st
MiB Mem :   3793.3 total,   2132.4 free,    683.4 used,    977.5 buff/cache
MiB Swap:      0.0 total,      0.0 free,      0.0 used.   3060.0 avail Mem 
--- Mon Sep  6 08:29:59 UTC 2021
top - 08:29:59 up 51 min,  1 user,  load average: 0.03, 0.04, 0.06
Tasks: 144 total,   1 running, 143 sleeping,   0 stopped,   0 zombie
%Cpu(s):  1.4 us,  4.1 sy,  0.0 ni, 94.6 id,  0.0 wa,  0.0 hi,  0.0 si,  0.0 st
MiB Mem :   3793.3 total,   2131.4 free,    684.4 used,    977.6 buff/cache
MiB Swap:      0.0 total,      0.0 free,      0.0 used.   3059.0 avail Mem 
--- Mon Sep  6 08:30:04 UTC 2021
top - 08:30:05 up 51 min,  1 user,  load average: 0.03, 0.04, 0.06
Tasks: 144 total,   1 running, 143 sleeping,   0 stopped,   0 zombie
%Cpu(s):  0.0 us,  4.1 sy,  0.0 ni, 95.9 id,  0.0 wa,  0.0 hi,  0.0 si,  0.0 st
MiB Mem :   3793.3 total,   2131.1 free,    684.6 used,    977.6 buff/cache
MiB Swap:      0.0 total,      0.0 free,      0.0 used.   3058.8 avail Mem 
--- Mon Sep  6 08:30:10 UTC 2021
top - 08:30:10 up 51 min,  1 user,  load average: 0.03, 0.04, 0.06
Tasks: 144 total,   1 running, 143 sleeping,   0 stopped,   0 zombie
%Cpu(s):  0.0 us,  4.1 sy,  0.0 ni, 95.9 id,  0.0 wa,  0.0 hi,  0.0 si,  0.0 st
MiB Mem :   3793.3 total,   2130.5 free,    685.2 used,    977.6 buff/cache
MiB Swap:      0.0 total,      0.0 free,      0.0 used.   3058.2 avail Mem 
--- Mon Sep  6 08:30:15 UTC 2021
top - 08:30:15 up 51 min,  1 user,  load average: 0.02, 0.04, 0.06
Tasks: 144 total,   1 running, 143 sleeping,   0 stopped,   0 zombie
%Cpu(s):  0.0 us,  4.1 sy,  0.0 ni, 95.9 id,  0.0 wa,  0.0 hi,  0.0 si,  0.0 st
MiB Mem :   3793.3 total,   2129.4 free,    686.4 used,    977.6 buff/cache
MiB Swap:      0.0 total,      0.0 free,      0.0 used.   3057.0 avail Mem 
--- Mon Sep  6 08:30:20 UTC 2021
top - 08:30:20 up 51 min,  1 user,  load average: 0.02, 0.04, 0.06
Tasks: 142 total,   1 running, 141 sleeping,   0 stopped,   0 zombie
%Cpu(s):  1.4 us,  2.7 sy,  0.0 ni, 95.9 id,  0.0 wa,  0.0 hi,  0.0 si,  0.0 st
MiB Mem :   3793.3 total,   2128.9 free,    686.8 used,    977.6 buff/cache
MiB Swap:      0.0 total,      0.0 free,      0.0 used.   3056.6 avail Mem 
--- Mon Sep  6 08:30:25 UTC 2021
top - 08:30:25 up 51 min,  1 user,  load average: 0.26, 0.09, 0.07
Tasks: 143 total,   1 running, 142 sleeping,   0 stopped,   0 zombie
%Cpu(s):  1.4 us,  4.1 sy,  0.0 ni, 94.6 id,  0.0 wa,  0.0 hi,  0.0 si,  0.0 st
MiB Mem :   3793.3 total,   2131.6 free,    684.1 used,    977.6 buff/cache
MiB Swap:      0.0 total,      0.0 free,      0.0 used.   3059.3 avail Mem 
--- Mon Sep  6 08:30:30 UTC 2021
top - 08:30:31 up 51 min,  1 user,  load average: 0.24, 0.09, 0.07
Tasks: 143 total,   1 running, 142 sleeping,   0 stopped,   0 zombie
%Cpu(s):  1.4 us,  2.7 sy,  0.0 ni, 95.9 id,  0.0 wa,  0.0 hi,  0.0 si,  0.0 st
MiB Mem :   3793.3 total,   2131.5 free,    684.1 used,    977.6 buff/cache
MiB Swap:      0.0 total,      0.0 free,      0.0 used.   3059.3 avail Mem 
--- Mon Sep  6 08:30:36 UTC 2021
top - 08:30:36 up 51 min,  1 user,  load average: 0.22, 0.09, 0.07
Tasks: 143 total,   1 running, 142 sleeping,   0 stopped,   0 zombie
%Cpu(s):  5.4 us,  5.4 sy,  0.0 ni, 89.2 id,  0.0 wa,  0.0 hi,  0.0 si,  0.0 st
MiB Mem :   3793.3 total,   2131.2 free,    684.4 used,    977.7 buff/cache
MiB Swap:      0.0 total,      0.0 free,      0.0 used.   3059.0 avail Mem 
--- Mon Sep  6 08:30:41 UTC 2021
top - 08:30:41 up 51 min,  1 user,  load average: 0.20, 0.08, 0.07
Tasks: 143 total,   1 running, 142 sleeping,   0 stopped,   0 zombie
%Cpu(s):  1.3 us,  5.3 sy,  0.0 ni, 93.3 id,  0.0 wa,  0.0 hi,  0.0 si,  0.0 st
MiB Mem :   3793.3 total,   2131.2 free,    684.4 used,    977.7 buff/cache
MiB Swap:      0.0 total,      0.0 free,      0.0 used.   3059.0 avail Mem 
--- Mon Sep  6 08:30:46 UTC 2021
top - 08:30:46 up 51 min,  1 user,  load average: 0.18, 0.08, 0.07
Tasks: 143 total,   1 running, 142 sleeping,   0 stopped,   0 zombie
%Cpu(s):  2.7 us,  5.3 sy,  0.0 ni, 92.0 id,  0.0 wa,  0.0 hi,  0.0 si,  0.0 st
MiB Mem :   3793.3 total,   2131.6 free,    684.0 used,    977.7 buff/cache
MiB Swap:      0.0 total,      0.0 free,      0.0 used.   3059.4 avail Mem 
--- Mon Sep  6 08:30:51 UTC 2021
top - 08:30:51 up 51 min,  1 user,  load average: 0.17, 0.08, 0.07
Tasks: 143 total,   1 running, 142 sleeping,   0 stopped,   0 zombie
%Cpu(s):  2.7 us,  2.7 sy,  0.0 ni, 94.6 id,  0.0 wa,  0.0 hi,  0.0 si,  0.0 st
MiB Mem :   3793.3 total,   2131.5 free,    684.0 used,    977.7 buff/cache
MiB Swap:      0.0 total,      0.0 free,      0.0 used.   3059.4 avail Mem 
--- Mon Sep  6 08:30:56 UTC 2021
top - 08:30:57 up 52 min,  1 user,  load average: 0.16, 0.08, 0.07
Tasks: 143 total,   1 running, 142 sleeping,   0 stopped,   0 zombie
%Cpu(s):  4.1 us,  5.5 sy,  0.0 ni, 90.4 id,  0.0 wa,  0.0 hi,  0.0 si,  0.0 st
MiB Mem :   3793.3 total,   2131.2 free,    684.4 used,    977.7 buff/cache
MiB Swap:      0.0 total,      0.0 free,      0.0 used.   3059.0 avail Mem 
--- Mon Sep  6 08:31:02 UTC 2021
top - 08:31:02 up 52 min,  1 user,  load average: 0.22, 0.10, 0.07
Tasks: 143 total,   1 running, 142 sleeping,   0 stopped,   0 zombie
%Cpu(s):  1.4 us,  5.4 sy,  0.0 ni, 93.2 id,  0.0 wa,  0.0 hi,  0.0 si,  0.0 st
MiB Mem :   3793.3 total,   2130.9 free,    684.6 used,    977.7 buff/cache
MiB Swap:      0.0 total,      0.0 free,      0.0 used.   3058.8 avail Mem 
--- Mon Sep  6 08:31:07 UTC 2021
top - 08:31:07 up 52 min,  1 user,  load average: 0.26, 0.11, 0.08
Tasks: 143 total,   1 running, 142 sleeping,   0 stopped,   0 zombie
%Cpu(s):  0.0 us,  4.1 sy,  0.0 ni, 95.9 id,  0.0 wa,  0.0 hi,  0.0 si,  0.0 st
MiB Mem :   3793.3 total,   2131.1 free,    684.4 used,    977.8 buff/cache
MiB Swap:      0.0 total,      0.0 free,      0.0 used.   3059.0 avail Mem 
--- Mon Sep  6 08:31:12 UTC 2021
top - 08:31:12 up 52 min,  1 user,  load average: 0.24, 0.11, 0.08
Tasks: 143 total,   1 running, 142 sleeping,   0 stopped,   0 zombie
%Cpu(s):  1.3 us,  5.3 sy,  0.0 ni, 93.3 id,  0.0 wa,  0.0 hi,  0.0 si,  0.0 st
MiB Mem :   3793.3 total,   2131.3 free,    684.2 used,    977.8 buff/cache
MiB Swap:      0.0 total,      0.0 free,      0.0 used.   3059.2 avail Mem 
--- Mon Sep  6 08:31:17 UTC 2021
top - 08:31:18 up 52 min,  1 user,  load average: 0.22, 0.11, 0.08
Tasks: 143 total,   1 running, 142 sleeping,   0 stopped,   0 zombie
%Cpu(s):  1.3 us,  4.0 sy,  0.0 ni, 94.7 id,  0.0 wa,  0.0 hi,  0.0 si,  0.0 st
MiB Mem :   3793.3 total,   2131.1 free,    684.4 used,    977.8 buff/cache
MiB Swap:      0.0 total,      0.0 free,      0.0 used.   3059.0 avail Mem 
--- Mon Sep  6 08:31:23 UTC 2021
top - 08:31:23 up 52 min,  1 user,  load average: 0.28, 0.12, 0.08
Tasks: 143 total,   1 running, 142 sleeping,   0 stopped,   0 zombie
%Cpu(s):  1.4 us,  4.1 sy,  0.0 ni, 94.6 id,  0.0 wa,  0.0 hi,  0.0 si,  0.0 st
MiB Mem :   3793.3 total,   2131.3 free,    684.2 used,    977.8 buff/cache
MiB Swap:      0.0 total,      0.0 free,      0.0 used.   3059.2 avail Mem 
--- Mon Sep  6 08:31:28 UTC 2021
top - 08:31:28 up 52 min,  1 user,  load average: 0.26, 0.12, 0.08
Tasks: 143 total,   1 running, 142 sleeping,   0 stopped,   0 zombie
%Cpu(s):  2.7 us,  2.7 sy,  0.0 ni, 94.6 id,  0.0 wa,  0.0 hi,  0.0 si,  0.0 st
MiB Mem :   3793.3 total,   2131.6 free,    683.9 used,    977.8 buff/cache
MiB Swap:      0.0 total,      0.0 free,      0.0 used.   3059.5 avail Mem 
--- Mon Sep  6 08:31:33 UTC 2021
top - 08:31:33 up 52 min,  1 user,  load average: 0.24, 0.12, 0.08
Tasks: 143 total,   1 running, 142 sleeping,   0 stopped,   0 zombie
%Cpu(s):  0.0 us,  4.1 sy,  0.0 ni, 95.9 id,  0.0 wa,  0.0 hi,  0.0 si,  0.0 st
MiB Mem :   3793.3 total,   2131.4 free,    684.1 used,    977.8 buff/cache
MiB Swap:      0.0 total,      0.0 free,      0.0 used.   3059.3 avail Mem 
--- Mon Sep  6 08:31:38 UTC 2021
top - 08:31:38 up 52 min,  1 user,  load average: 0.22, 0.11, 0.08
Tasks: 143 total,   1 running, 142 sleeping,   0 stopped,   0 zombie
%Cpu(s):  2.7 us,  2.7 sy,  0.0 ni, 94.5 id,  0.0 wa,  0.0 hi,  0.0 si,  0.0 st
MiB Mem :   3793.3 total,   2130.8 free,    684.7 used,    977.8 buff/cache
MiB Swap:      0.0 total,      0.0 free,      0.0 used.   3058.7 avail Mem 
--- Mon Sep  6 08:31:43 UTC 2021
top - 08:31:44 up 52 min,  1 user,  load average: 0.20, 0.11, 0.08
Tasks: 143 total,   1 running, 142 sleeping,   0 stopped,   0 zombie
%Cpu(s):  0.0 us,  4.1 sy,  0.0 ni, 95.9 id,  0.0 wa,  0.0 hi,  0.0 si,  0.0 st
MiB Mem :   3793.3 total,   2130.7 free,    684.7 used,    977.8 buff/cache
MiB Swap:      0.0 total,      0.0 free,      0.0 used.   3058.7 avail Mem 
--- Mon Sep  6 08:31:49 UTC 2021
top - 08:31:49 up 52 min,  1 user,  load average: 0.19, 0.11, 0.08
Tasks: 143 total,   1 running, 142 sleeping,   0 stopped,   0 zombie
%Cpu(s):  1.4 us,  2.7 sy,  0.0 ni, 95.9 id,  0.0 wa,  0.0 hi,  0.0 si,  0.0 st
MiB Mem :   3793.3 total,   2130.5 free,    685.0 used,    977.8 buff/cache
MiB Swap:      0.0 total,      0.0 free,      0.0 used.   3058.4 avail Mem 
--- Mon Sep  6 08:31:54 UTC 2021
top - 08:31:54 up 52 min,  1 user,  load average: 0.17, 0.11, 0.08
Tasks: 143 total,   1 running, 142 sleeping,   0 stopped,   0 zombie
%Cpu(s):  1.4 us,  4.1 sy,  0.0 ni, 94.6 id,  0.0 wa,  0.0 hi,  0.0 si,  0.0 st
MiB Mem :   3793.3 total,   2130.7 free,    684.7 used,    977.9 buff/cache
MiB Swap:      0.0 total,      0.0 free,      0.0 used.   3058.7 avail Mem 
--- Mon Sep  6 08:31:59 UTC 2021
top - 08:31:59 up 53 min,  1 user,  load average: 0.16, 0.11, 0.08
Tasks: 143 total,   1 running, 142 sleeping,   0 stopped,   0 zombie
%Cpu(s):  1.3 us,  4.0 sy,  0.0 ni, 92.0 id,  2.7 wa,  0.0 hi,  0.0 si,  0.0 st
MiB Mem :   3793.3 total,   2130.9 free,    684.5 used,    977.9 buff/cache
MiB Swap:      0.0 total,      0.0 free,      0.0 used.   3058.9 avail Mem 
--- Mon Sep  6 08:32:04 UTC 2021
top - 08:32:04 up 53 min,  1 user,  load average: 0.14, 0.10, 0.08
Tasks: 143 total,   1 running, 142 sleeping,   0 stopped,   0 zombie
%Cpu(s):  1.3 us,  4.0 sy,  0.0 ni, 94.7 id,  0.0 wa,  0.0 hi,  0.0 si,  0.0 st
MiB Mem :   3793.3 total,   2130.9 free,    684.5 used,    977.9 buff/cache
MiB Swap:      0.0 total,      0.0 free,      0.0 used.   3058.9 avail Mem 
--- Mon Sep  6 08:32:09 UTC 2021
top - 08:32:10 up 53 min,  1 user,  load average: 0.13, 0.10, 0.08
Tasks: 143 total,   1 running, 142 sleeping,   0 stopped,   0 zombie
%Cpu(s):  2.7 us,  4.0 sy,  0.0 ni, 93.3 id,  0.0 wa,  0.0 hi,  0.0 si,  0.0 st
MiB Mem :   3793.3 total,   2130.6 free,    684.7 used,    977.9 buff/cache
MiB Swap:      0.0 total,      0.0 free,      0.0 used.   3058.7 avail Mem 
--- Mon Sep  6 08:32:15 UTC 2021
top - 08:32:15 up 53 min,  1 user,  load average: 0.12, 0.10, 0.08
Tasks: 143 total,   1 running, 142 sleeping,   0 stopped,   0 zombie
%Cpu(s):  1.3 us,  5.3 sy,  0.0 ni, 93.3 id,  0.0 wa,  0.0 hi,  0.0 si,  0.0 st
MiB Mem :   3793.3 total,   2130.8 free,    684.5 used,    977.9 buff/cache
MiB Swap:      0.0 total,      0.0 free,      0.0 used.   3058.9 avail Mem 
--- Mon Sep  6 08:32:20 UTC 2021
top - 08:32:20 up 53 min,  1 user,  load average: 0.11, 0.10, 0.08
Tasks: 143 total,   1 running, 142 sleeping,   0 stopped,   0 zombie
%Cpu(s):  1.4 us,  4.1 sy,  0.0 ni, 94.6 id,  0.0 wa,  0.0 hi,  0.0 si,  0.0 st
MiB Mem :   3793.3 total,   2130.9 free,    684.5 used,    978.0 buff/cache
MiB Swap:      0.0 total,      0.0 free,      0.0 used.   3058.9 avail Mem 
--- Mon Sep  6 08:32:25 UTC 2021
top - 08:32:25 up 53 min,  1 user,  load average: 0.10, 0.10, 0.08
Tasks: 143 total,   1 running, 142 sleeping,   0 stopped,   0 zombie
%Cpu(s):  1.4 us,  4.1 sy,  0.0 ni, 94.6 id,  0.0 wa,  0.0 hi,  0.0 si,  0.0 st
MiB Mem :   3793.3 total,   2130.9 free,    684.4 used,    978.0 buff/cache
MiB Swap:      0.0 total,      0.0 free,      0.0 used.   3059.0 avail Mem 
--- Mon Sep  6 08:32:30 UTC 2021
top - 08:32:31 up 53 min,  1 user,  load average: 0.09, 0.09, 0.08
Tasks: 143 total,   1 running, 142 sleeping,   0 stopped,   0 zombie
%Cpu(s):  2.6 us,  3.9 sy,  0.0 ni, 93.4 id,  0.0 wa,  0.0 hi,  0.0 si,  0.0 st
MiB Mem :   3793.3 total,   2130.6 free,    684.7 used,    978.0 buff/cache
MiB Swap:      0.0 total,      0.0 free,      0.0 used.   3058.7 avail Mem 
--- Mon Sep  6 08:32:36 UTC 2021
top - 08:32:36 up 53 min,  1 user,  load average: 0.09, 0.09, 0.08
Tasks: 141 total,   1 running, 140 sleeping,   0 stopped,   0 zombie
%Cpu(s):  2.7 us,  2.7 sy,  0.0 ni, 94.6 id,  0.0 wa,  0.0 hi,  0.0 si,  0.0 st
MiB Mem :   3793.3 total,   2130.8 free,    684.5 used,    978.0 buff/cache
MiB Swap:      0.0 total,      0.0 free,      0.0 used.   3058.9 avail Mem 
--- Mon Sep  6 08:32:41 UTC 2021
top - 08:32:41 up 53 min,  1 user,  load average: 0.08, 0.09, 0.08
Tasks: 142 total,   2 running, 140 sleeping,   0 stopped,   0 zombie
%Cpu(s): 12.9 us, 11.4 sy,  0.0 ni, 75.7 id,  0.0 wa,  0.0 hi,  0.0 si,  0.0 st
MiB Mem :   3793.3 total,   2127.5 free,    687.8 used,    978.0 buff/cache
MiB Swap:      0.0 total,      0.0 free,      0.0 used.   3055.6 avail Mem 
--- Mon Sep  6 08:32:46 UTC 2021
top - 08:32:46 up 53 min,  1 user,  load average: 0.07, 0.09, 0.08
Tasks: 141 total,   1 running, 140 sleeping,   0 stopped,   0 zombie
%Cpu(s):  2.7 us,  4.0 sy,  0.0 ni, 93.3 id,  0.0 wa,  0.0 hi,  0.0 si,  0.0 st
MiB Mem :   3793.3 total,   2129.4 free,    685.8 used,    978.1 buff/cache
MiB Swap:      0.0 total,      0.0 free,      0.0 used.   3057.6 avail Mem 
--- Mon Sep  6 08:32:51 UTC 2021
top - 08:32:51 up 53 min,  1 user,  load average: 0.07, 0.09, 0.07
Tasks: 141 total,   1 running, 140 sleeping,   0 stopped,   0 zombie
%Cpu(s):  0.0 us,  5.4 sy,  0.0 ni, 94.6 id,  0.0 wa,  0.0 hi,  0.0 si,  0.0 st
MiB Mem :   3793.3 total,   2129.5 free,    685.6 used,    978.1 buff/cache
MiB Swap:      0.0 total,      0.0 free,      0.0 used.   3057.8 avail Mem 
--- Mon Sep  6 08:32:56 UTC 2021
top - 08:32:57 up 54 min,  1 user,  load average: 0.06, 0.08, 0.07
Tasks: 141 total,   1 running, 140 sleeping,   0 stopped,   0 zombie
%Cpu(s):  0.0 us,  4.1 sy,  0.0 ni, 95.9 id,  0.0 wa,  0.0 hi,  0.0 si,  0.0 st
MiB Mem :   3793.3 total,   2129.6 free,    685.6 used,    978.1 buff/cache
MiB Swap:      0.0 total,      0.0 free,      0.0 used.   3057.8 avail Mem 
--- Mon Sep  6 08:33:02 UTC 2021
top - 08:33:02 up 54 min,  1 user,  load average: 0.06, 0.08, 0.07
Tasks: 141 total,   1 running, 140 sleeping,   0 stopped,   0 zombie
%Cpu(s):  1.4 us,  4.1 sy,  0.0 ni, 94.5 id,  0.0 wa,  0.0 hi,  0.0 si,  0.0 st
MiB Mem :   3793.3 total,   2129.7 free,    685.4 used,    978.1 buff/cache
MiB Swap:      0.0 total,      0.0 free,      0.0 used.   3057.9 avail Mem 
--- Mon Sep  6 08:33:07 UTC 2021
top - 08:33:07 up 54 min,  1 user,  load average: 0.05, 0.08, 0.07
Tasks: 141 total,   1 running, 140 sleeping,   0 stopped,   0 zombie
%Cpu(s):  0.0 us,  4.1 sy,  0.0 ni, 95.9 id,  0.0 wa,  0.0 hi,  0.0 si,  0.0 st
MiB Mem :   3793.3 total,   2129.9 free,    685.3 used,    978.1 buff/cache
MiB Swap:      0.0 total,      0.0 free,      0.0 used.   3058.1 avail Mem 
--- Mon Sep  6 08:33:12 UTC 2021
top - 08:33:12 up 54 min,  1 user,  load average: 0.04, 0.08, 0.07
Tasks: 141 total,   1 running, 140 sleeping,   0 stopped,   0 zombie
%Cpu(s):  0.0 us,  5.4 sy,  0.0 ni, 93.2 id,  1.4 wa,  0.0 hi,  0.0 si,  0.0 st
MiB Mem :   3793.3 total,   2130.1 free,    685.0 used,    978.2 buff/cache
MiB Swap:      0.0 total,      0.0 free,      0.0 used.   3058.4 avail Mem 
--- Mon Sep  6 08:33:17 UTC 2021
top - 08:33:17 up 54 min,  1 user,  load average: 0.04, 0.08, 0.07
Tasks: 143 total,   1 running, 142 sleeping,   0 stopped,   0 zombie
%Cpu(s):  4.1 us,  5.4 sy,  0.0 ni, 90.5 id,  0.0 wa,  0.0 hi,  0.0 si,  0.0 st
MiB Mem :   3793.3 total,   2129.8 free,    685.3 used,    978.2 buff/cache
MiB Swap:      0.0 total,      0.0 free,      0.0 used.   3058.1 avail Mem 
--- Mon Sep  6 08:33:22 UTC 2021
top - 08:33:23 up 54 min,  1 user,  load average: 0.04, 0.08, 0.07
Tasks: 143 total,   1 running, 142 sleeping,   0 stopped,   0 zombie
%Cpu(s):  2.7 us,  4.0 sy,  0.0 ni, 93.3 id,  0.0 wa,  0.0 hi,  0.0 si,  0.0 st
MiB Mem :   3793.3 total,   2129.7 free,    685.3 used,    978.2 buff/cache
MiB Swap:      0.0 total,      0.0 free,      0.0 used.   3058.0 avail Mem 
--- Mon Sep  6 08:33:28 UTC 2021
top - 08:33:28 up 54 min,  1 user,  load average: 0.03, 0.07, 0.07
Tasks: 144 total,   1 running, 143 sleeping,   0 stopped,   0 zombie
%Cpu(s):  1.4 us,  4.1 sy,  0.0 ni, 94.6 id,  0.0 wa,  0.0 hi,  0.0 si,  0.0 st
MiB Mem :   3793.3 total,   2130.0 free,    685.1 used,    978.2 buff/cache
MiB Swap:      0.0 total,      0.0 free,      0.0 used.   3058.3 avail Mem 
--- Mon Sep  6 08:33:33 UTC 2021
top - 08:33:33 up 54 min,  1 user,  load average: 0.03, 0.07, 0.07
Tasks: 144 total,   1 running, 143 sleeping,   0 stopped,   0 zombie
%Cpu(s):  0.0 us,  5.4 sy,  0.0 ni, 94.6 id,  0.0 wa,  0.0 hi,  0.0 si,  0.0 st
MiB Mem :   3793.3 total,   2129.9 free,    685.1 used,    978.2 buff/cache
MiB Swap:      0.0 total,      0.0 free,      0.0 used.   3058.3 avail Mem 
--- Mon Sep  6 08:33:38 UTC 2021
top - 08:33:38 up 54 min,  1 user,  load average: 0.03, 0.07, 0.07
Tasks: 143 total,   1 running, 142 sleeping,   0 stopped,   0 zombie
%Cpu(s):  0.0 us,  5.3 sy,  0.0 ni, 94.7 id,  0.0 wa,  0.0 hi,  0.0 si,  0.0 st
MiB Mem :   3793.3 total,   2130.2 free,    684.9 used,    978.2 buff/cache
MiB Swap:      0.0 total,      0.0 free,      0.0 used.   3058.5 avail Mem 
--- Mon Sep  6 08:33:43 UTC 2021
top - 08:33:44 up 54 min,  1 user,  load average: 0.02, 0.07, 0.07
Tasks: 143 total,   1 running, 142 sleeping,   0 stopped,   0 zombie
%Cpu(s):  0.0 us,  5.3 sy,  0.0 ni, 94.7 id,  0.0 wa,  0.0 hi,  0.0 si,  0.0 st
MiB Mem :   3793.3 total,   2130.1 free,    684.9 used,    978.3 buff/cache
MiB Swap:      0.0 total,      0.0 free,      0.0 used.   3058.5 avail Mem 
--- Mon Sep  6 08:33:49 UTC 2021
top - 08:33:49 up 54 min,  1 user,  load average: 0.02, 0.07, 0.07
Tasks: 143 total,   1 running, 142 sleeping,   0 stopped,   0 zombie
%Cpu(s):  0.0 us,  4.1 sy,  0.0 ni, 95.9 id,  0.0 wa,  0.0 hi,  0.0 si,  0.0 st
MiB Mem :   3793.3 total,   2129.4 free,    685.7 used,    978.3 buff/cache
MiB Swap:      0.0 total,      0.0 free,      0.0 used.   3057.7 avail Mem 
--- Mon Sep  6 08:33:54 UTC 2021
top - 08:33:54 up 54 min,  1 user,  load average: 0.02, 0.07, 0.07
Tasks: 143 total,   1 running, 142 sleeping,   0 stopped,   0 zombie
%Cpu(s):  0.0 us,  4.1 sy,  0.0 ni, 95.9 id,  0.0 wa,  0.0 hi,  0.0 si,  0.0 st
MiB Mem :   3793.3 total,   2129.5 free,    685.5 used,    978.3 buff/cache
MiB Swap:      0.0 total,      0.0 free,      0.0 used.   3057.9 avail Mem 
--- Mon Sep  6 08:33:59 UTC 2021
top - 08:33:59 up 55 min,  1 user,  load average: 0.02, 0.07, 0.07
Tasks: 143 total,   1 running, 142 sleeping,   0 stopped,   0 zombie
%Cpu(s):  1.3 us,  4.0 sy,  0.0 ni, 94.7 id,  0.0 wa,  0.0 hi,  0.0 si,  0.0 st
MiB Mem :   3793.3 total,   2129.5 free,    685.5 used,    978.3 buff/cache
MiB Swap:      0.0 total,      0.0 free,      0.0 used.   3057.9 avail Mem 
--- Mon Sep  6 08:34:04 UTC 2021
top - 08:34:04 up 55 min,  1 user,  load average: 0.02, 0.06, 0.07
Tasks: 144 total,   1 running, 143 sleeping,   0 stopped,   0 zombie
%Cpu(s):  1.3 us,  4.0 sy,  0.0 ni, 94.7 id,  0.0 wa,  0.0 hi,  0.0 si,  0.0 st
MiB Mem :   3793.3 total,   2129.1 free,    685.9 used,    978.3 buff/cache
MiB Swap:      0.0 total,      0.0 free,      0.0 used.   3057.5 avail Mem 
--- Mon Sep  6 08:34:09 UTC 2021
top - 08:34:10 up 55 min,  1 user,  load average: 0.02, 0.06, 0.07
Tasks: 143 total,   1 running, 142 sleeping,   0 stopped,   0 zombie
%Cpu(s):  1.4 us,  2.7 sy,  0.0 ni, 95.9 id,  0.0 wa,  0.0 hi,  0.0 si,  0.0 st
MiB Mem :   3793.3 total,   2129.3 free,    685.7 used,    978.3 buff/cache
MiB Swap:      0.0 total,      0.0 free,      0.0 used.   3057.7 avail Mem 
--- Mon Sep  6 08:34:15 UTC 2021
top - 08:34:15 up 55 min,  1 user,  load average: 0.01, 0.06, 0.07
Tasks: 143 total,   1 running, 142 sleeping,   0 stopped,   0 zombie
%Cpu(s):  1.4 us,  2.7 sy,  0.0 ni, 95.9 id,  0.0 wa,  0.0 hi,  0.0 si,  0.0 st
MiB Mem :   3793.3 total,   2129.8 free,    685.1 used,    978.3 buff/cache
MiB Swap:      0.0 total,      0.0 free,      0.0 used.   3058.3 avail Mem 
--- Mon Sep  6 08:34:20 UTC 2021
top - 08:34:20 up 55 min,  1 user,  load average: 0.01, 0.06, 0.07
Tasks: 143 total,   1 running, 142 sleeping,   0 stopped,   0 zombie
%Cpu(s):  0.0 us,  2.7 sy,  0.0 ni, 97.3 id,  0.0 wa,  0.0 hi,  0.0 si,  0.0 st
MiB Mem :   3793.3 total,   2129.4 free,    685.5 used,    978.3 buff/cache
MiB Swap:      0.0 total,      0.0 free,      0.0 used.   3057.9 avail Mem 
--- Mon Sep  6 08:34:25 UTC 2021
top - 08:34:25 up 55 min,  1 user,  load average: 0.01, 0.06, 0.07
Tasks: 143 total,   1 running, 142 sleeping,   0 stopped,   0 zombie
%Cpu(s):  2.7 us,  2.7 sy,  0.0 ni, 94.6 id,  0.0 wa,  0.0 hi,  0.0 si,  0.0 st
MiB Mem :   3793.3 total,   2129.9 free,    685.0 used,    978.4 buff/cache
MiB Swap:      0.0 total,      0.0 free,      0.0 used.   3058.4 avail Mem 
--- Mon Sep  6 08:34:30 UTC 2021
top - 08:34:30 up 55 min,  1 user,  load average: 0.01, 0.06, 0.06
Tasks: 143 total,   1 running, 142 sleeping,   0 stopped,   0 zombie
%Cpu(s):  1.4 us,  4.1 sy,  0.0 ni, 94.6 id,  0.0 wa,  0.0 hi,  0.0 si,  0.0 st
MiB Mem :   3793.3 total,   2129.8 free,    685.1 used,    978.4 buff/cache
MiB Swap:      0.0 total,      0.0 free,      0.0 used.   3058.2 avail Mem 
--- Mon Sep  6 08:34:36 UTC 2021
top - 08:34:36 up 55 min,  1 user,  load average: 0.01, 0.06, 0.06
Tasks: 143 total,   1 running, 142 sleeping,   0 stopped,   0 zombie
%Cpu(s):  0.0 us,  5.4 sy,  0.0 ni, 94.6 id,  0.0 wa,  0.0 hi,  0.0 si,  0.0 st
MiB Mem :   3793.3 total,   2129.7 free,    685.2 used,    978.4 buff/cache
MiB Swap:      0.0 total,      0.0 free,      0.0 used.   3058.2 avail Mem 
--- Mon Sep  6 08:34:41 UTC 2021
top - 08:34:41 up 55 min,  1 user,  load average: 0.01, 0.06, 0.06
Tasks: 143 total,   1 running, 142 sleeping,   0 stopped,   0 zombie
%Cpu(s):  1.4 us,  2.7 sy,  0.0 ni, 95.9 id,  0.0 wa,  0.0 hi,  0.0 si,  0.0 st
MiB Mem :   3793.3 total,   2129.7 free,    685.2 used,    978.4 buff/cache
MiB Swap:      0.0 total,      0.0 free,      0.0 used.   3058.2 avail Mem 
--- Mon Sep  6 08:34:46 UTC 2021
top - 08:34:46 up 55 min,  1 user,  load average: 0.01, 0.05, 0.06
Tasks: 143 total,   1 running, 142 sleeping,   0 stopped,   0 zombie
%Cpu(s):  0.0 us,  4.1 sy,  0.0 ni, 95.9 id,  0.0 wa,  0.0 hi,  0.0 si,  0.0 st
MiB Mem :   3793.3 total,   2129.4 free,    685.4 used,    978.4 buff/cache
MiB Swap:      0.0 total,      0.0 free,      0.0 used.   3058.0 avail Mem 
--- Mon Sep  6 08:34:51 UTC 2021
top - 08:34:51 up 55 min,  1 user,  load average: 0.01, 0.05, 0.06
Tasks: 143 total,   1 running, 142 sleeping,   0 stopped,   0 zombie
%Cpu(s):  1.4 us,  4.1 sy,  0.0 ni, 94.6 id,  0.0 wa,  0.0 hi,  0.0 si,  0.0 st
MiB Mem :   3793.3 total,   2129.3 free,    685.5 used,    978.4 buff/cache
MiB Swap:      0.0 total,      0.0 free,      0.0 used.   3057.9 avail Mem 
--- Mon Sep  6 08:34:56 UTC 2021
top - 08:34:57 up 56 min,  1 user,  load average: 0.09, 0.07, 0.07
Tasks: 143 total,   1 running, 142 sleeping,   0 stopped,   0 zombie
%Cpu(s):  1.4 us,  2.7 sy,  0.0 ni, 95.9 id,  0.0 wa,  0.0 hi,  0.0 si,  0.0 st
MiB Mem :   3793.3 total,   2129.4 free,    685.4 used,    978.5 buff/cache
MiB Swap:      0.0 total,      0.0 free,      0.0 used.   3058.0 avail Mem 
--- Mon Sep  6 08:35:02 UTC 2021
top - 08:35:02 up 56 min,  1 user,  load average: 0.08, 0.07, 0.07
Tasks: 142 total,   1 running, 141 sleeping,   0 stopped,   0 zombie
%Cpu(s):  2.7 us,  2.7 sy,  0.0 ni, 94.5 id,  0.0 wa,  0.0 hi,  0.0 si,  0.0 st
MiB Mem :   3793.3 total,   2129.5 free,    685.3 used,    978.5 buff/cache
MiB Swap:      0.0 total,      0.0 free,      0.0 used.   3058.1 avail Mem 
--- Mon Sep  6 08:35:07 UTC 2021
top - 08:35:07 up 56 min,  1 user,  load average: 0.15, 0.08, 0.07
Tasks: 142 total,   1 running, 141 sleeping,   0 stopped,   0 zombie
%Cpu(s):  1.4 us,  2.7 sy,  0.0 ni, 95.9 id,  0.0 wa,  0.0 hi,  0.0 si,  0.0 st
MiB Mem :   3793.3 total,   2129.2 free,    685.5 used,    978.5 buff/cache
MiB Swap:      0.0 total,      0.0 free,      0.0 used.   3057.8 avail Mem 
--- Mon Sep  6 08:35:12 UTC 2021
top - 08:35:12 up 56 min,  1 user,  load average: 0.13, 0.08, 0.07
Tasks: 142 total,   1 running, 141 sleeping,   0 stopped,   0 zombie
%Cpu(s):  0.0 us,  4.1 sy,  0.0 ni, 95.9 id,  0.0 wa,  0.0 hi,  0.0 si,  0.0 st
MiB Mem :   3793.3 total,   2129.6 free,    685.2 used,    978.5 buff/cache
MiB Swap:      0.0 total,      0.0 free,      0.0 used.   3058.2 avail Mem 
--- Mon Sep  6 08:35:17 UTC 2021
top - 08:35:17 up 56 min,  1 user,  load average: 0.12, 0.08, 0.07
Tasks: 143 total,   1 running, 142 sleeping,   0 stopped,   0 zombie
%Cpu(s):  0.0 us,  5.3 sy,  0.0 ni, 94.7 id,  0.0 wa,  0.0 hi,  0.0 si,  0.0 st
MiB Mem :   3793.3 total,   2129.6 free,    685.2 used,    978.5 buff/cache
MiB Swap:      0.0 total,      0.0 free,      0.0 used.   3058.2 avail Mem 
--- Mon Sep  6 08:35:22 UTC 2021
top - 08:35:23 up 56 min,  1 user,  load average: 0.11, 0.08, 0.07
Tasks: 143 total,   1 running, 142 sleeping,   0 stopped,   0 zombie
%Cpu(s):  9.5 us,  5.4 sy,  0.0 ni, 85.1 id,  0.0 wa,  0.0 hi,  0.0 si,  0.0 st
MiB Mem :   3793.3 total,   2129.3 free,    685.4 used,    978.5 buff/cache
MiB Swap:      0.0 total,      0.0 free,      0.0 used.   3058.0 avail Mem 
--- Mon Sep  6 08:35:28 UTC 2021
top - 08:35:28 up 56 min,  1 user,  load average: 0.10, 0.08, 0.07
Tasks: 143 total,   1 running, 142 sleeping,   0 stopped,   0 zombie
%Cpu(s):  0.0 us,  5.3 sy,  0.0 ni, 94.7 id,  0.0 wa,  0.0 hi,  0.0 si,  0.0 st
MiB Mem :   3793.3 total,   2129.3 free,    685.5 used,    978.5 buff/cache
MiB Swap:      0.0 total,      0.0 free,      0.0 used.   3057.9 avail Mem 
--- Mon Sep  6 08:35:33 UTC 2021
top - 08:35:33 up 56 min,  1 user,  load average: 0.09, 0.08, 0.07
Tasks: 143 total,   1 running, 142 sleeping,   0 stopped,   0 zombie
%Cpu(s):  1.4 us,  2.7 sy,  0.0 ni, 95.9 id,  0.0 wa,  0.0 hi,  0.0 si,  0.0 st
MiB Mem :   3793.3 total,   2128.8 free,    686.0 used,    978.5 buff/cache
MiB Swap:      0.0 total,      0.0 free,      0.0 used.   3057.4 avail Mem 
--- Mon Sep  6 08:35:38 UTC 2021
top - 08:35:38 up 56 min,  1 user,  load average: 0.08, 0.07, 0.07
Tasks: 143 total,   1 running, 142 sleeping,   0 stopped,   0 zombie
%Cpu(s):  1.4 us,  2.7 sy,  0.0 ni, 95.9 id,  0.0 wa,  0.0 hi,  0.0 si,  0.0 st
MiB Mem :   3793.3 total,   2128.7 free,    686.1 used,    978.5 buff/cache
MiB Swap:      0.0 total,      0.0 free,      0.0 used.   3057.3 avail Mem 
--- Mon Sep  6 08:35:43 UTC 2021
top - 08:35:44 up 56 min,  1 user,  load average: 0.08, 0.07, 0.07
Tasks: 143 total,   1 running, 142 sleeping,   0 stopped,   0 zombie
%Cpu(s):  1.4 us,  4.1 sy,  0.0 ni, 94.6 id,  0.0 wa,  0.0 hi,  0.0 si,  0.0 st
MiB Mem :   3793.3 total,   2128.7 free,    686.0 used,    978.6 buff/cache
MiB Swap:      0.0 total,      0.0 free,      0.0 used.   3057.4 avail Mem 
--- Mon Sep  6 08:35:49 UTC 2021
top - 08:35:49 up 56 min,  1 user,  load average: 0.07, 0.07, 0.07
Tasks: 144 total,   1 running, 143 sleeping,   0 stopped,   0 zombie
%Cpu(s):  1.3 us,  4.0 sy,  0.0 ni, 94.7 id,  0.0 wa,  0.0 hi,  0.0 si,  0.0 st
MiB Mem :   3793.3 total,   2128.7 free,    686.0 used,    978.6 buff/cache
MiB Swap:      0.0 total,      0.0 free,      0.0 used.   3057.4 avail Mem 
--- Mon Sep  6 08:35:54 UTC 2021
top - 08:35:54 up 56 min,  1 user,  load average: 0.06, 0.07, 0.07
Tasks: 144 total,   1 running, 143 sleeping,   0 stopped,   0 zombie
%Cpu(s):  1.4 us,  4.1 sy,  0.0 ni, 94.6 id,  0.0 wa,  0.0 hi,  0.0 si,  0.0 st
MiB Mem :   3793.3 total,   2128.4 free,    686.3 used,    978.6 buff/cache
MiB Swap:      0.0 total,      0.0 free,      0.0 used.   3057.1 avail Mem 
--- Mon Sep  6 08:35:59 UTC 2021
top - 08:35:59 up 57 min,  1 user,  load average: 0.06, 0.07, 0.07
Tasks: 144 total,   1 running, 143 sleeping,   0 stopped,   0 zombie
%Cpu(s):  1.4 us,  2.7 sy,  0.0 ni, 95.9 id,  0.0 wa,  0.0 hi,  0.0 si,  0.0 st
MiB Mem :   3793.3 total,   2128.4 free,    686.2 used,    978.6 buff/cache
MiB Swap:      0.0 total,      0.0 free,      0.0 used.   3057.2 avail Mem 
--- Mon Sep  6 08:36:04 UTC 2021
top - 08:36:04 up 57 min,  1 user,  load average: 0.05, 0.07, 0.07
Tasks: 144 total,   1 running, 143 sleeping,   0 stopped,   0 zombie
%Cpu(s):  2.7 us,  2.7 sy,  0.0 ni, 94.6 id,  0.0 wa,  0.0 hi,  0.0 si,  0.0 st
MiB Mem :   3793.3 total,   2128.4 free,    686.2 used,    978.6 buff/cache
MiB Swap:      0.0 total,      0.0 free,      0.0 used.   3057.2 avail Mem 
--- Mon Sep  6 08:36:09 UTC 2021
top - 08:36:10 up 57 min,  1 user,  load average: 0.05, 0.06, 0.07
Tasks: 144 total,   1 running, 143 sleeping,   0 stopped,   0 zombie
%Cpu(s):  1.4 us,  2.7 sy,  0.0 ni, 95.9 id,  0.0 wa,  0.0 hi,  0.0 si,  0.0 st
MiB Mem :   3793.3 total,   2128.5 free,    686.1 used,    978.6 buff/cache
MiB Swap:      0.0 total,      0.0 free,      0.0 used.   3057.3 avail Mem 
--- Mon Sep  6 08:36:15 UTC 2021
top - 08:36:15 up 57 min,  1 user,  load average: 0.05, 0.06, 0.07
Tasks: 144 total,   1 running, 143 sleeping,   0 stopped,   0 zombie
%Cpu(s):  2.7 us,  2.7 sy,  0.0 ni, 94.6 id,  0.0 wa,  0.0 hi,  0.0 si,  0.0 st
MiB Mem :   3793.3 total,   2128.3 free,    686.4 used,    978.6 buff/cache
MiB Swap:      0.0 total,      0.0 free,      0.0 used.   3057.0 avail Mem 
--- Mon Sep  6 08:36:20 UTC 2021
top - 08:36:20 up 57 min,  1 user,  load average: 0.04, 0.06, 0.07
Tasks: 144 total,   1 running, 143 sleeping,   0 stopped,   0 zombie
%Cpu(s):  0.0 us,  4.1 sy,  0.0 ni, 95.9 id,  0.0 wa,  0.0 hi,  0.0 si,  0.0 st
MiB Mem :   3793.3 total,   2128.4 free,    686.2 used,    978.7 buff/cache
MiB Swap:      0.0 total,      0.0 free,      0.0 used.   3057.2 avail Mem 
--- Mon Sep  6 08:36:25 UTC 2021
top - 08:36:25 up 57 min,  1 user,  load average: 0.04, 0.06, 0.07
Tasks: 144 total,   1 running, 143 sleeping,   0 stopped,   0 zombie
%Cpu(s):  1.4 us,  2.7 sy,  0.0 ni, 95.9 id,  0.0 wa,  0.0 hi,  0.0 si,  0.0 st
MiB Mem :   3793.3 total,   2128.6 free,    686.0 used,    978.7 buff/cache
MiB Swap:      0.0 total,      0.0 free,      0.0 used.   3057.4 avail Mem 
--- Mon Sep  6 08:36:30 UTC 2021
top - 08:36:30 up 57 min,  1 user,  load average: 0.04, 0.06, 0.06
Tasks: 144 total,   1 running, 143 sleeping,   0 stopped,   0 zombie
%Cpu(s):  0.0 us,  5.4 sy,  0.0 ni, 94.6 id,  0.0 wa,  0.0 hi,  0.0 si,  0.0 st
MiB Mem :   3793.3 total,   2128.3 free,    686.3 used,    978.7 buff/cache
MiB Swap:      0.0 total,      0.0 free,      0.0 used.   3057.1 avail Mem 
--- Mon Sep  6 08:36:35 UTC 2021
top - 08:36:36 up 57 min,  1 user,  load average: 0.03, 0.06, 0.06
Tasks: 144 total,   1 running, 143 sleeping,   0 stopped,   0 zombie
%Cpu(s):  4.2 us,  5.6 sy,  0.0 ni, 90.3 id,  0.0 wa,  0.0 hi,  0.0 si,  0.0 st
MiB Mem :   3793.3 total,   2128.7 free,    685.9 used,    978.7 buff/cache
MiB Swap:      0.0 total,      0.0 free,      0.0 used.   3057.5 avail Mem 
--- Mon Sep  6 08:36:41 UTC 2021
top - 08:36:41 up 57 min,  1 user,  load average: 0.03, 0.06, 0.06
Tasks: 144 total,   1 running, 143 sleeping,   0 stopped,   0 zombie
%Cpu(s):  0.0 us,  4.1 sy,  0.0 ni, 95.9 id,  0.0 wa,  0.0 hi,  0.0 si,  0.0 st
MiB Mem :   3793.3 total,   2128.3 free,    686.3 used,    978.7 buff/cache
MiB Swap:      0.0 total,      0.0 free,      0.0 used.   3057.1 avail Mem 
--- Mon Sep  6 08:36:46 UTC 2021
top - 08:36:46 up 57 min,  1 user,  load average: 0.03, 0.06, 0.06
Tasks: 144 total,   1 running, 143 sleeping,   0 stopped,   0 zombie
%Cpu(s):  5.4 us,  4.1 sy,  0.0 ni, 90.5 id,  0.0 wa,  0.0 hi,  0.0 si,  0.0 st
MiB Mem :   3793.3 total,   2128.4 free,    686.2 used,    978.7 buff/cache
MiB Swap:      0.0 total,      0.0 free,      0.0 used.   3057.2 avail Mem 
--- Mon Sep  6 08:36:51 UTC 2021
top - 08:36:51 up 57 min,  1 user,  load average: 0.02, 0.05, 0.06
Tasks: 144 total,   1 running, 143 sleeping,   0 stopped,   0 zombie
%Cpu(s):  1.4 us,  4.1 sy,  0.0 ni, 94.6 id,  0.0 wa,  0.0 hi,  0.0 si,  0.0 st
MiB Mem :   3793.3 total,   2128.0 free,    686.5 used,    978.8 buff/cache
MiB Swap:      0.0 total,      0.0 free,      0.0 used.   3056.9 avail Mem 
--- Mon Sep  6 08:36:56 UTC 2021
top - 08:36:57 up 58 min,  1 user,  load average: 0.02, 0.05, 0.06
Tasks: 144 total,   1 running, 143 sleeping,   0 stopped,   0 zombie
%Cpu(s):  5.3 us,  4.0 sy,  0.0 ni, 90.7 id,  0.0 wa,  0.0 hi,  0.0 si,  0.0 st
MiB Mem :   3793.3 total,   2127.7 free,    686.8 used,    978.8 buff/cache
MiB Swap:      0.0 total,      0.0 free,      0.0 used.   3056.6 avail Mem 
--- Mon Sep  6 08:37:02 UTC 2021
top - 08:37:02 up 58 min,  1 user,  load average: 0.02, 0.05, 0.06
Tasks: 144 total,   1 running, 143 sleeping,   0 stopped,   0 zombie
%Cpu(s):  2.7 us,  2.7 sy,  0.0 ni, 94.5 id,  0.0 wa,  0.0 hi,  0.0 si,  0.0 st
MiB Mem :   3793.3 total,   2127.6 free,    686.9 used,    978.8 buff/cache
MiB Swap:      0.0 total,      0.0 free,      0.0 used.   3056.5 avail Mem 
--- Mon Sep  6 08:37:07 UTC 2021
top - 08:37:07 up 58 min,  1 user,  load average: 0.02, 0.05, 0.06
Tasks: 145 total,   1 running, 144 sleeping,   0 stopped,   0 zombie
%Cpu(s):  0.0 us,  4.1 sy,  0.0 ni, 95.9 id,  0.0 wa,  0.0 hi,  0.0 si,  0.0 st
MiB Mem :   3793.3 total,   2127.7 free,    686.8 used,    978.8 buff/cache
MiB Swap:      0.0 total,      0.0 free,      0.0 used.   3056.6 avail Mem 
--- Mon Sep  6 08:37:12 UTC 2021
top - 08:37:12 up 58 min,  1 user,  load average: 0.02, 0.05, 0.06
Tasks: 145 total,   1 running, 144 sleeping,   0 stopped,   0 zombie
%Cpu(s):  0.0 us,  4.1 sy,  0.0 ni, 95.9 id,  0.0 wa,  0.0 hi,  0.0 si,  0.0 st
MiB Mem :   3793.3 total,   2127.4 free,    687.0 used,    978.8 buff/cache
MiB Swap:      0.0 total,      0.0 free,      0.0 used.   3056.4 avail Mem 
--- Mon Sep  6 08:37:17 UTC 2021
top - 08:37:17 up 58 min,  1 user,  load average: 0.16, 0.08, 0.07
Tasks: 145 total,   1 running, 144 sleeping,   0 stopped,   0 zombie
%Cpu(s):  1.3 us,  5.3 sy,  0.0 ni, 93.3 id,  0.0 wa,  0.0 hi,  0.0 si,  0.0 st
MiB Mem :   3793.3 total,   2127.4 free,    687.0 used,    978.9 buff/cache
MiB Swap:      0.0 total,      0.0 free,      0.0 used.   3056.4 avail Mem 
--- Mon Sep  6 08:37:22 UTC 2021
top - 08:37:23 up 58 min,  1 user,  load average: 0.15, 0.08, 0.07
Tasks: 145 total,   1 running, 144 sleeping,   0 stopped,   0 zombie
%Cpu(s):  1.3 us,  5.3 sy,  0.0 ni, 93.3 id,  0.0 wa,  0.0 hi,  0.0 si,  0.0 st
MiB Mem :   3793.3 total,   2127.7 free,    686.7 used,    978.9 buff/cache
MiB Swap:      0.0 total,      0.0 free,      0.0 used.   3056.7 avail Mem 
--- Mon Sep  6 08:37:28 UTC 2021
top - 08:37:28 up 58 min,  1 user,  load average: 0.14, 0.08, 0.07
Tasks: 145 total,   1 running, 144 sleeping,   0 stopped,   0 zombie
%Cpu(s):  0.0 us,  2.8 sy,  0.0 ni, 97.2 id,  0.0 wa,  0.0 hi,  0.0 si,  0.0 st
MiB Mem :   3793.3 total,   2127.6 free,    686.8 used,    978.9 buff/cache
MiB Swap:      0.0 total,      0.0 free,      0.0 used.   3056.6 avail Mem 
--- Mon Sep  6 08:37:33 UTC 2021
top - 08:37:33 up 58 min,  1 user,  load average: 0.12, 0.08, 0.07
Tasks: 145 total,   1 running, 144 sleeping,   0 stopped,   0 zombie
%Cpu(s):  1.4 us,  4.1 sy,  0.0 ni, 94.6 id,  0.0 wa,  0.0 hi,  0.0 si,  0.0 st
MiB Mem :   3793.3 total,   2127.4 free,    687.0 used,    978.9 buff/cache
MiB Swap:      0.0 total,      0.0 free,      0.0 used.   3056.4 avail Mem 
--- Mon Sep  6 08:37:38 UTC 2021
top - 08:37:38 up 58 min,  1 user,  load average: 0.11, 0.08, 0.07
Tasks: 145 total,   1 running, 144 sleeping,   0 stopped,   0 zombie
%Cpu(s):  0.0 us,  4.1 sy,  0.0 ni, 95.9 id,  0.0 wa,  0.0 hi,  0.0 si,  0.0 st
MiB Mem :   3793.3 total,   2127.1 free,    687.2 used,    978.9 buff/cache
MiB Swap:      0.0 total,      0.0 free,      0.0 used.   3056.2 avail Mem 
--- Mon Sep  6 08:37:43 UTC 2021
top - 08:37:43 up 58 min,  1 user,  load average: 0.11, 0.07, 0.07
Tasks: 145 total,   1 running, 144 sleeping,   0 stopped,   0 zombie
%Cpu(s):  0.0 us,  5.4 sy,  0.0 ni, 94.6 id,  0.0 wa,  0.0 hi,  0.0 si,  0.0 st
MiB Mem :   3793.3 total,   2127.1 free,    687.2 used,    978.9 buff/cache
MiB Swap:      0.0 total,      0.0 free,      0.0 used.   3056.2 avail Mem 
--- Mon Sep  6 08:37:48 UTC 2021
top - 08:37:49 up 58 min,  1 user,  load average: 0.10, 0.07, 0.07
Tasks: 145 total,   1 running, 144 sleeping,   0 stopped,   0 zombie
%Cpu(s):  1.4 us,  4.1 sy,  0.0 ni, 94.6 id,  0.0 wa,  0.0 hi,  0.0 si,  0.0 st
MiB Mem :   3793.3 total,   2127.1 free,    687.3 used,    978.9 buff/cache
MiB Swap:      0.0 total,      0.0 free,      0.0 used.   3056.1 avail Mem 
--- Mon Sep  6 08:37:54 UTC 2021
top - 08:37:54 up 58 min,  1 user,  load average: 0.09, 0.07, 0.07
Tasks: 145 total,   1 running, 144 sleeping,   0 stopped,   0 zombie
%Cpu(s):  0.0 us,  5.3 sy,  0.0 ni, 94.7 id,  0.0 wa,  0.0 hi,  0.0 si,  0.0 st
MiB Mem :   3793.3 total,   2127.0 free,    687.3 used,    979.0 buff/cache
MiB Swap:      0.0 total,      0.0 free,      0.0 used.   3056.1 avail Mem 
--- Mon Sep  6 08:37:59 UTC 2021
top - 08:37:59 up 59 min,  1 user,  load average: 0.08, 0.07, 0.07
Tasks: 145 total,   1 running, 144 sleeping,   0 stopped,   0 zombie
%Cpu(s):  1.4 us,  4.1 sy,  0.0 ni, 94.6 id,  0.0 wa,  0.0 hi,  0.0 si,  0.0 st
MiB Mem :   3793.3 total,   2127.0 free,    687.3 used,    979.0 buff/cache
MiB Swap:      0.0 total,      0.0 free,      0.0 used.   3056.1 avail Mem 
--- Mon Sep  6 08:38:04 UTC 2021
top - 08:38:04 up 59 min,  1 user,  load average: 0.07, 0.07, 0.07
Tasks: 145 total,   1 running, 144 sleeping,   0 stopped,   0 zombie
%Cpu(s):  0.0 us,  5.3 sy,  0.0 ni, 94.7 id,  0.0 wa,  0.0 hi,  0.0 si,  0.0 st
MiB Mem :   3793.3 total,   2127.0 free,    687.2 used,    979.0 buff/cache
MiB Swap:      0.0 total,      0.0 free,      0.0 used.   3056.1 avail Mem 
--- Mon Sep  6 08:38:09 UTC 2021
top - 08:38:10 up 59 min,  1 user,  load average: 0.07, 0.07, 0.07
Tasks: 145 total,   1 running, 144 sleeping,   0 stopped,   0 zombie
%Cpu(s):  5.5 us,  2.7 sy,  0.0 ni, 91.8 id,  0.0 wa,  0.0 hi,  0.0 si,  0.0 st
MiB Mem :   3793.3 total,   2127.2 free,    687.1 used,    979.0 buff/cache
MiB Swap:      0.0 total,      0.0 free,      0.0 used.   3056.3 avail Mem 
--- Mon Sep  6 08:38:15 UTC 2021
top - 08:38:15 up 59 min,  1 user,  load average: 0.06, 0.07, 0.07
Tasks: 145 total,   1 running, 144 sleeping,   0 stopped,   0 zombie
%Cpu(s):  1.4 us,  4.1 sy,  0.0 ni, 94.6 id,  0.0 wa,  0.0 hi,  0.0 si,  0.0 st
MiB Mem :   3793.3 total,   2126.9 free,    687.4 used,    979.0 buff/cache
MiB Swap:      0.0 total,      0.0 free,      0.0 used.   3056.0 avail Mem 
--- Mon Sep  6 08:38:20 UTC 2021
top - 08:38:20 up 59 min,  1 user,  load average: 0.06, 0.06, 0.07
Tasks: 144 total,   1 running, 143 sleeping,   0 stopped,   0 zombie
%Cpu(s):  4.1 us,  4.1 sy,  0.0 ni, 91.8 id,  0.0 wa,  0.0 hi,  0.0 si,  0.0 st
MiB Mem :   3793.3 total,   2127.2 free,    687.0 used,    979.0 buff/cache
MiB Swap:      0.0 total,      0.0 free,      0.0 used.   3056.4 avail Mem 
--- Mon Sep  6 08:38:25 UTC 2021
top - 08:38:25 up 59 min,  1 user,  load average: 0.05, 0.06, 0.06
Tasks: 144 total,   1 running, 143 sleeping,   0 stopped,   0 zombie
%Cpu(s):  2.7 us,  4.0 sy,  0.0 ni, 93.3 id,  0.0 wa,  0.0 hi,  0.0 si,  0.0 st
MiB Mem :   3793.3 total,   2127.0 free,    687.3 used,    979.0 buff/cache
MiB Swap:      0.0 total,      0.0 free,      0.0 used.   3056.1 avail Mem 
--- Mon Sep  6 08:38:30 UTC 2021
top - 08:38:30 up 59 min,  1 user,  load average: 0.05, 0.06, 0.06
Tasks: 144 total,   1 running, 143 sleeping,   0 stopped,   0 zombie
%Cpu(s):  5.5 us,  5.5 sy,  0.0 ni, 89.0 id,  0.0 wa,  0.0 hi,  0.0 si,  0.0 st
MiB Mem :   3793.3 total,   2126.4 free,    687.8 used,    979.0 buff/cache
MiB Swap:      0.0 total,      0.0 free,      0.0 used.   3055.6 avail Mem 
--- Mon Sep  6 08:38:35 UTC 2021
top - 08:38:36 up 59 min,  1 user,  load average: 0.04, 0.06, 0.06
Tasks: 143 total,   1 running, 142 sleeping,   0 stopped,   0 zombie
%Cpu(s):  1.4 us,  4.1 sy,  0.0 ni, 94.6 id,  0.0 wa,  0.0 hi,  0.0 si,  0.0 st
MiB Mem :   3793.3 total,   2126.2 free,    688.0 used,    979.1 buff/cache
MiB Swap:      0.0 total,      0.0 free,      0.0 used.   3055.4 avail Mem 
--- Mon Sep  6 08:38:41 UTC 2021
top - 08:38:41 up 59 min,  1 user,  load average: 0.04, 0.06, 0.06
Tasks: 143 total,   1 running, 142 sleeping,   0 stopped,   0 zombie
%Cpu(s):  5.4 us,  5.4 sy,  0.0 ni, 87.8 id,  0.0 wa,  0.0 hi,  1.4 si,  0.0 st
MiB Mem :   3793.3 total,   2126.4 free,    687.8 used,    979.1 buff/cache
MiB Swap:      0.0 total,      0.0 free,      0.0 used.   3055.6 avail Mem 
--- Mon Sep  6 08:38:46 UTC 2021
top - 08:38:46 up 59 min,  1 user,  load average: 0.04, 0.06, 0.06
Tasks: 143 total,   1 running, 142 sleeping,   0 stopped,   0 zombie
%Cpu(s):  1.3 us,  4.0 sy,  0.0 ni, 94.7 id,  0.0 wa,  0.0 hi,  0.0 si,  0.0 st
MiB Mem :   3793.3 total,   2126.1 free,    688.1 used,    979.1 buff/cache
MiB Swap:      0.0 total,      0.0 free,      0.0 used.   3055.3 avail Mem 
--- Mon Sep  6 08:38:51 UTC 2021
top - 08:38:51 up 59 min,  1 user,  load average: 0.03, 0.06, 0.06
Tasks: 143 total,   1 running, 142 sleeping,   0 stopped,   0 zombie
%Cpu(s):  5.4 us,  2.7 sy,  0.0 ni, 91.9 id,  0.0 wa,  0.0 hi,  0.0 si,  0.0 st
MiB Mem :   3793.3 total,   2126.2 free,    688.0 used,    979.1 buff/cache
MiB Swap:      0.0 total,      0.0 free,      0.0 used.   3055.4 avail Mem 
--- Mon Sep  6 08:38:56 UTC 2021
top - 08:38:56 up  1:00,  1 user,  load average: 0.03, 0.06, 0.06
Tasks: 143 total,   1 running, 142 sleeping,   0 stopped,   0 zombie
%Cpu(s):  1.4 us,  4.1 sy,  0.0 ni, 94.6 id,  0.0 wa,  0.0 hi,  0.0 si,  0.0 st
MiB Mem :   3793.3 total,   2125.9 free,    688.3 used,    979.1 buff/cache
MiB Swap:      0.0 total,      0.0 free,      0.0 used.   3055.1 avail Mem 
--- Mon Sep  6 08:39:02 UTC 2021
top - 08:39:02 up  1:00,  1 user,  load average: 0.03, 0.05, 0.06
Tasks: 143 total,   1 running, 142 sleeping,   0 stopped,   0 zombie
%Cpu(s):  2.7 us,  5.4 sy,  0.0 ni, 91.9 id,  0.0 wa,  0.0 hi,  0.0 si,  0.0 st
MiB Mem :   3793.3 total,   2125.3 free,    688.8 used,    979.1 buff/cache
MiB Swap:      0.0 total,      0.0 free,      0.0 used.   3054.6 avail Mem 
--- Mon Sep  6 08:39:07 UTC 2021
top - 08:39:07 up  1:00,  1 user,  load average: 0.03, 0.05, 0.06
Tasks: 142 total,   1 running, 141 sleeping,   0 stopped,   0 zombie
%Cpu(s):  2.6 us,  3.9 sy,  0.0 ni, 93.4 id,  0.0 wa,  0.0 hi,  0.0 si,  0.0 st
MiB Mem :   3793.3 total,   2125.3 free,    688.8 used,    979.1 buff/cache
MiB Swap:      0.0 total,      0.0 free,      0.0 used.   3054.6 avail Mem 
--- Mon Sep  6 08:39:12 UTC 2021
top - 08:39:12 up  1:00,  1 user,  load average: 0.02, 0.05, 0.06
Tasks: 143 total,   1 running, 142 sleeping,   0 stopped,   0 zombie
%Cpu(s):  1.4 us,  4.1 sy,  0.0 ni, 94.6 id,  0.0 wa,  0.0 hi,  0.0 si,  0.0 st
MiB Mem :   3793.3 total,   2125.1 free,    689.0 used,    979.2 buff/cache
MiB Swap:      0.0 total,      0.0 free,      0.0 used.   3054.4 avail Mem 
--- Mon Sep  6 08:39:17 UTC 2021
top - 08:39:17 up  1:00,  1 user,  load average: 0.18, 0.08, 0.07
Tasks: 143 total,   1 running, 142 sleeping,   0 stopped,   0 zombie
%Cpu(s):  8.3 us,  4.2 sy,  0.0 ni, 87.5 id,  0.0 wa,  0.0 hi,  0.0 si,  0.0 st
MiB Mem :   3793.3 total,   2124.3 free,    689.8 used,    979.2 buff/cache
MiB Swap:      0.0 total,      0.0 free,      0.0 used.   3053.6 avail Mem 
--- Mon Sep  6 08:39:22 UTC 2021
top - 08:39:23 up  1:00,  1 user,  load average: 0.25, 0.10, 0.08
Tasks: 143 total,   1 running, 142 sleeping,   0 stopped,   0 zombie
%Cpu(s):  1.3 us,  4.0 sy,  0.0 ni, 94.7 id,  0.0 wa,  0.0 hi,  0.0 si,  0.0 st
MiB Mem :   3793.3 total,   2123.8 free,    690.4 used,    979.1 buff/cache
MiB Swap:      0.0 total,      0.0 free,      0.0 used.   3053.0 avail Mem 
--- Mon Sep  6 08:39:28 UTC 2021
top - 08:39:28 up  1:00,  1 user,  load average: 0.23, 0.10, 0.08
Tasks: 143 total,   1 running, 142 sleeping,   0 stopped,   0 zombie
%Cpu(s):  2.6 us,  5.3 sy,  0.0 ni, 92.1 id,  0.0 wa,  0.0 hi,  0.0 si,  0.0 st
MiB Mem :   3793.3 total,   2123.7 free,    690.3 used,    979.2 buff/cache
MiB Swap:      0.0 total,      0.0 free,      0.0 used.   3053.1 avail Mem 
--- Mon Sep  6 08:39:33 UTC 2021
top - 08:39:33 up  1:00,  1 user,  load average: 0.21, 0.10, 0.08
Tasks: 143 total,   1 running, 142 sleeping,   0 stopped,   0 zombie
%Cpu(s):  1.4 us,  2.7 sy,  0.0 ni, 95.9 id,  0.0 wa,  0.0 hi,  0.0 si,  0.0 st
MiB Mem :   3793.3 total,   2123.5 free,    690.6 used,    979.2 buff/cache
MiB Swap:      0.0 total,      0.0 free,      0.0 used.   3052.8 avail Mem 
--- Mon Sep  6 08:39:38 UTC 2021
top - 08:39:38 up  1:00,  1 user,  load average: 0.27, 0.11, 0.08
Tasks: 143 total,   1 running, 142 sleeping,   0 stopped,   0 zombie
%Cpu(s):  1.4 us,  4.1 sy,  0.0 ni, 94.5 id,  0.0 wa,  0.0 hi,  0.0 si,  0.0 st
MiB Mem :   3793.3 total,   2122.6 free,    691.4 used,    979.3 buff/cache
MiB Swap:      0.0 total,      0.0 free,      0.0 used.   3052.0 avail Mem 
--- Mon Sep  6 08:39:43 UTC 2021
top - 08:39:43 up  1:00,  1 user,  load average: 0.25, 0.11, 0.08
Tasks: 143 total,   1 running, 142 sleeping,   0 stopped,   0 zombie
%Cpu(s):  0.0 us,  4.1 sy,  0.0 ni, 95.9 id,  0.0 wa,  0.0 hi,  0.0 si,  0.0 st
MiB Mem :   3793.3 total,   2122.7 free,    691.3 used,    979.3 buff/cache
MiB Swap:      0.0 total,      0.0 free,      0.0 used.   3052.1 avail Mem 
--- Mon Sep  6 08:39:48 UTC 2021
top - 08:39:49 up  1:00,  1 user,  load average: 0.23, 0.11, 0.08
Tasks: 143 total,   1 running, 142 sleeping,   0 stopped,   0 zombie
%Cpu(s):  1.4 us,  2.7 sy,  0.0 ni, 95.9 id,  0.0 wa,  0.0 hi,  0.0 si,  0.0 st
MiB Mem :   3793.3 total,   2122.4 free,    691.5 used,    979.3 buff/cache
MiB Swap:      0.0 total,      0.0 free,      0.0 used.   3051.9 avail Mem 
--- Mon Sep  6 08:39:54 UTC 2021
top - 08:39:54 up  1:00,  1 user,  load average: 0.21, 0.11, 0.08
Tasks: 143 total,   1 running, 142 sleeping,   0 stopped,   0 zombie
%Cpu(s):  0.0 us,  4.1 sy,  0.0 ni, 95.9 id,  0.0 wa,  0.0 hi,  0.0 si,  0.0 st
MiB Mem :   3793.3 total,   2121.7 free,    692.3 used,    979.4 buff/cache
MiB Swap:      0.0 total,      0.0 free,      0.0 used.   3051.1 avail Mem 
--- Mon Sep  6 08:39:59 UTC 2021
top - 08:39:59 up  1:01,  1 user,  load average: 0.19, 0.10, 0.08
Tasks: 143 total,   1 running, 142 sleeping,   0 stopped,   0 zombie
%Cpu(s):  0.0 us,  4.1 sy,  0.0 ni, 95.9 id,  0.0 wa,  0.0 hi,  0.0 si,  0.0 st
MiB Mem :   3793.3 total,   2121.1 free,    692.8 used,    979.4 buff/cache
MiB Swap:      0.0 total,      0.0 free,      0.0 used.   3050.6 avail Mem 
--- Mon Sep  6 08:40:04 UTC 2021
top - 08:40:04 up  1:01,  1 user,  load average: 0.18, 0.10, 0.08
Tasks: 144 total,   1 running, 143 sleeping,   0 stopped,   0 zombie
%Cpu(s):  2.7 us,  1.4 sy,  0.0 ni, 95.9 id,  0.0 wa,  0.0 hi,  0.0 si,  0.0 st
MiB Mem :   3793.3 total,   2121.3 free,    692.5 used,    979.4 buff/cache
MiB Swap:      0.0 total,      0.0 free,      0.0 used.   3050.9 avail Mem 
--- Mon Sep  6 08:40:09 UTC 2021
top - 08:40:10 up  1:01,  1 user,  load average: 0.16, 0.10, 0.08
Tasks: 144 total,   1 running, 143 sleeping,   0 stopped,   0 zombie
%Cpu(s):  1.3 us,  4.0 sy,  0.0 ni, 94.7 id,  0.0 wa,  0.0 hi,  0.0 si,  0.0 st
MiB Mem :   3793.3 total,   2120.8 free,    693.1 used,    979.4 buff/cache
MiB Swap:      0.0 total,      0.0 free,      0.0 used.   3050.3 avail Mem 
--- Mon Sep  6 08:40:15 UTC 2021
top - 08:40:15 up  1:01,  1 user,  load average: 0.15, 0.10, 0.08
Tasks: 144 total,   1 running, 143 sleeping,   0 stopped,   0 zombie
%Cpu(s):  1.4 us,  4.1 sy,  0.0 ni, 94.6 id,  0.0 wa,  0.0 hi,  0.0 si,  0.0 st
MiB Mem :   3793.3 total,   2120.5 free,    693.4 used,    979.4 buff/cache
MiB Swap:      0.0 total,      0.0 free,      0.0 used.   3050.0 avail Mem 
--- Mon Sep  6 08:40:20 UTC 2021
top - 08:40:20 up  1:01,  1 user,  load average: 0.14, 0.10, 0.08
Tasks: 144 total,   1 running, 143 sleeping,   0 stopped,   0 zombie
%Cpu(s):  1.4 us,  4.1 sy,  0.0 ni, 94.6 id,  0.0 wa,  0.0 hi,  0.0 si,  0.0 st
MiB Mem :   3793.3 total,   2120.0 free,    693.9 used,    979.4 buff/cache
MiB Swap:      0.0 total,      0.0 free,      0.0 used.   3049.5 avail Mem 
--- Mon Sep  6 08:40:25 UTC 2021
top - 08:40:25 up  1:01,  1 user,  load average: 0.13, 0.09, 0.08
Tasks: 144 total,   1 running, 143 sleeping,   0 stopped,   0 zombie
%Cpu(s):  1.3 us,  4.0 sy,  0.0 ni, 94.7 id,  0.0 wa,  0.0 hi,  0.0 si,  0.0 st
MiB Mem :   3793.3 total,   2119.8 free,    694.1 used,    979.4 buff/cache
MiB Swap:      0.0 total,      0.0 free,      0.0 used.   3049.3 avail Mem 
--- Mon Sep  6 08:40:30 UTC 2021
top - 08:40:30 up  1:01,  1 user,  load average: 0.12, 0.09, 0.08
Tasks: 144 total,   1 running, 143 sleeping,   0 stopped,   0 zombie
%Cpu(s):  2.7 us,  2.7 sy,  0.0 ni, 94.5 id,  0.0 wa,  0.0 hi,  0.0 si,  0.0 st
MiB Mem :   3793.3 total,   2119.3 free,    694.5 used,    979.4 buff/cache
MiB Swap:      0.0 total,      0.0 free,      0.0 used.   3048.9 avail Mem 
--- Mon Sep  6 08:40:35 UTC 2021
top - 08:40:36 up  1:01,  1 user,  load average: 0.11, 0.09, 0.08
Tasks: 144 total,   1 running, 143 sleeping,   0 stopped,   0 zombie
%Cpu(s):  1.4 us,  4.1 sy,  0.0 ni, 94.6 id,  0.0 wa,  0.0 hi,  0.0 si,  0.0 st
MiB Mem :   3793.3 total,   2119.0 free,    694.9 used,    979.5 buff/cache
MiB Swap:      0.0 total,      0.0 free,      0.0 used.   3048.5 avail Mem 
--- Mon Sep  6 08:40:41 UTC 2021
top - 08:40:41 up  1:01,  1 user,  load average: 0.10, 0.09, 0.07
Tasks: 144 total,   1 running, 143 sleeping,   0 stopped,   0 zombie
%Cpu(s):  1.3 us,  4.0 sy,  0.0 ni, 94.7 id,  0.0 wa,  0.0 hi,  0.0 si,  0.0 st
MiB Mem :   3793.3 total,   2118.9 free,    694.9 used,    979.5 buff/cache
MiB Swap:      0.0 total,      0.0 free,      0.0 used.   3048.5 avail Mem 
--- Mon Sep  6 08:40:46 UTC 2021
top - 08:40:46 up  1:01,  1 user,  load average: 0.09, 0.09, 0.07
Tasks: 144 total,   1 running, 143 sleeping,   0 stopped,   0 zombie
%Cpu(s):  1.4 us,  4.1 sy,  0.0 ni, 94.6 id,  0.0 wa,  0.0 hi,  0.0 si,  0.0 st
MiB Mem :   3793.3 total,   2123.9 free,    689.9 used,    979.5 buff/cache
MiB Swap:      0.0 total,      0.0 free,      0.0 used.   3053.5 avail Mem 
--- Mon Sep  6 08:40:51 UTC 2021
top - 08:40:51 up  1:01,  1 user,  load average: 0.08, 0.08, 0.07
Tasks: 144 total,   1 running, 143 sleeping,   0 stopped,   0 zombie
%Cpu(s):  3.9 us,  3.9 sy,  0.0 ni, 92.1 id,  0.0 wa,  0.0 hi,  0.0 si,  0.0 st
MiB Mem :   3793.3 total,   2124.2 free,    689.6 used,    979.5 buff/cache
MiB Swap:      0.0 total,      0.0 free,      0.0 used.   3053.8 avail Mem 
--- Mon Sep  6 08:40:56 UTC 2021
top - 08:40:56 up  1:02,  1 user,  load average: 0.08, 0.08, 0.07
Tasks: 144 total,   1 running, 143 sleeping,   0 stopped,   0 zombie
%Cpu(s):  1.4 us,  2.7 sy,  0.0 ni, 95.9 id,  0.0 wa,  0.0 hi,  0.0 si,  0.0 st
MiB Mem :   3793.3 total,   2124.0 free,    689.7 used,    979.5 buff/cache
MiB Swap:      0.0 total,      0.0 free,      0.0 used.   3053.7 avail Mem 
--- Mon Sep  6 08:41:01 UTC 2021
top - 08:41:02 up  1:02,  1 user,  load average: 0.07, 0.08, 0.07
Tasks: 144 total,   1 running, 143 sleeping,   0 stopped,   0 zombie
%Cpu(s):  0.0 us,  4.1 sy,  0.0 ni, 95.9 id,  0.0 wa,  0.0 hi,  0.0 si,  0.0 st
MiB Mem :   3793.3 total,   2124.1 free,    689.7 used,    979.5 buff/cache
MiB Swap:      0.0 total,      0.0 free,      0.0 used.   3053.7 avail Mem 
--- Mon Sep  6 08:41:07 UTC 2021
top - 08:41:07 up  1:02,  1 user,  load average: 0.06, 0.08, 0.07
Tasks: 144 total,   1 running, 143 sleeping,   0 stopped,   0 zombie
%Cpu(s):  1.3 us,  4.0 sy,  0.0 ni, 94.7 id,  0.0 wa,  0.0 hi,  0.0 si,  0.0 st
MiB Mem :   3793.3 total,   2124.2 free,    689.5 used,    979.5 buff/cache
MiB Swap:      0.0 total,      0.0 free,      0.0 used.   3053.9 avail Mem 
--- Mon Sep  6 08:41:12 UTC 2021
top - 08:41:12 up  1:02,  1 user,  load average: 0.06, 0.08, 0.07
Tasks: 144 total,   1 running, 143 sleeping,   0 stopped,   0 zombie
%Cpu(s):  1.4 us,  2.7 sy,  0.0 ni, 95.9 id,  0.0 wa,  0.0 hi,  0.0 si,  0.0 st
MiB Mem :   3793.3 total,   2124.2 free,    689.5 used,    979.6 buff/cache
MiB Swap:      0.0 total,      0.0 free,      0.0 used.   3053.9 avail Mem 
--- Mon Sep  6 08:41:17 UTC 2021
top - 08:41:17 up  1:02,  1 user,  load average: 0.05, 0.08, 0.07
Tasks: 144 total,   1 running, 143 sleeping,   0 stopped,   0 zombie
%Cpu(s):  0.0 us,  4.1 sy,  0.0 ni, 95.9 id,  0.0 wa,  0.0 hi,  0.0 si,  0.0 st
MiB Mem :   3793.3 total,   2124.2 free,    689.5 used,    979.6 buff/cache
MiB Swap:      0.0 total,      0.0 free,      0.0 used.   3053.9 avail Mem 
--- Mon Sep  6 08:41:22 UTC 2021
top - 08:41:23 up  1:02,  1 user,  load average: 0.04, 0.07, 0.07
Tasks: 144 total,   1 running, 143 sleeping,   0 stopped,   0 zombie
%Cpu(s):  2.7 us,  2.7 sy,  0.0 ni, 94.6 id,  0.0 wa,  0.0 hi,  0.0 si,  0.0 st
MiB Mem :   3793.3 total,   2124.0 free,    689.7 used,    979.6 buff/cache
MiB Swap:      0.0 total,      0.0 free,      0.0 used.   3053.7 avail Mem 
--- Mon Sep  6 08:41:28 UTC 2021
top - 08:41:28 up  1:02,  1 user,  load average: 0.04, 0.07, 0.07
Tasks: 144 total,   1 running, 143 sleeping,   0 stopped,   0 zombie
%Cpu(s):  1.4 us,  2.7 sy,  0.0 ni, 95.9 id,  0.0 wa,  0.0 hi,  0.0 si,  0.0 st
MiB Mem :   3793.3 total,   2123.8 free,    689.9 used,    979.6 buff/cache
MiB Swap:      0.0 total,      0.0 free,      0.0 used.   3053.5 avail Mem 
--- Mon Sep  6 08:41:33 UTC 2021
top - 08:41:33 up  1:02,  1 user,  load average: 0.04, 0.07, 0.07
Tasks: 144 total,   1 running, 143 sleeping,   0 stopped,   0 zombie
%Cpu(s):  2.6 us,  3.9 sy,  0.0 ni, 93.4 id,  0.0 wa,  0.0 hi,  0.0 si,  0.0 st
MiB Mem :   3793.3 total,   2124.1 free,    689.6 used,    979.6 buff/cache
MiB Swap:      0.0 total,      0.0 free,      0.0 used.   3053.8 avail Mem 
--- Mon Sep  6 08:41:38 UTC 2021
top - 08:41:38 up  1:02,  1 user,  load average: 0.03, 0.07, 0.07
Tasks: 144 total,   1 running, 143 sleeping,   0 stopped,   0 zombie
%Cpu(s):  2.7 us,  2.7 sy,  0.0 ni, 94.6 id,  0.0 wa,  0.0 hi,  0.0 si,  0.0 st
MiB Mem :   3793.3 total,   2123.9 free,    689.7 used,    979.6 buff/cache
MiB Swap:      0.0 total,      0.0 free,      0.0 used.   3053.7 avail Mem 
--- Mon Sep  6 08:41:43 UTC 2021
top - 08:41:43 up  1:02,  1 user,  load average: 0.11, 0.09, 0.07
Tasks: 144 total,   1 running, 143 sleeping,   0 stopped,   0 zombie
%Cpu(s):  1.3 us,  4.0 sy,  0.0 ni, 94.7 id,  0.0 wa,  0.0 hi,  0.0 si,  0.0 st
MiB Mem :   3793.3 total,   2123.9 free,    689.7 used,    979.7 buff/cache
MiB Swap:      0.0 total,      0.0 free,      0.0 used.   3053.7 avail Mem 
--- Mon Sep  6 08:41:48 UTC 2021
top - 08:41:49 up  1:02,  1 user,  load average: 0.10, 0.08, 0.07
Tasks: 144 total,   1 running, 143 sleeping,   0 stopped,   0 zombie
%Cpu(s):  1.4 us,  2.7 sy,  0.0 ni, 95.9 id,  0.0 wa,  0.0 hi,  0.0 si,  0.0 st
MiB Mem :   3793.3 total,   2123.9 free,    689.8 used,    979.7 buff/cache
MiB Swap:      0.0 total,      0.0 free,      0.0 used.   3053.6 avail Mem 
--- Mon Sep  6 08:41:54 UTC 2021
top - 08:41:54 up  1:02,  1 user,  load average: 0.09, 0.08, 0.07
Tasks: 144 total,   1 running, 143 sleeping,   0 stopped,   0 zombie
%Cpu(s):  1.3 us,  5.3 sy,  0.0 ni, 93.4 id,  0.0 wa,  0.0 hi,  0.0 si,  0.0 st
MiB Mem :   3793.3 total,   2123.6 free,    690.0 used,    979.7 buff/cache
MiB Swap:      0.0 total,      0.0 free,      0.0 used.   3053.4 avail Mem 
--- Mon Sep  6 08:41:59 UTC 2021
top - 08:41:59 up  1:03,  1 user,  load average: 0.09, 0.08, 0.07
Tasks: 144 total,   1 running, 143 sleeping,   0 stopped,   0 zombie
%Cpu(s):  0.0 us,  4.1 sy,  0.0 ni, 95.9 id,  0.0 wa,  0.0 hi,  0.0 si,  0.0 st
MiB Mem :   3793.3 total,   2123.3 free,    690.2 used,    979.7 buff/cache
MiB Swap:      0.0 total,      0.0 free,      0.0 used.   3053.1 avail Mem 
--- Mon Sep  6 08:42:04 UTC 2021
top - 08:42:04 up  1:03,  1 user,  load average: 0.08, 0.08, 0.07
Tasks: 144 total,   1 running, 143 sleeping,   0 stopped,   0 zombie
%Cpu(s):  1.3 us,  4.0 sy,  0.0 ni, 94.7 id,  0.0 wa,  0.0 hi,  0.0 si,  0.0 st
MiB Mem :   3793.3 total,   2123.6 free,    690.0 used,    979.7 buff/cache
MiB Swap:      0.0 total,      0.0 free,      0.0 used.   3053.4 avail Mem 
--- Mon Sep  6 08:42:09 UTC 2021
top - 08:42:09 up  1:03,  1 user,  load average: 0.07, 0.08, 0.07
Tasks: 144 total,   1 running, 143 sleeping,   0 stopped,   0 zombie
%Cpu(s):  1.4 us,  4.1 sy,  0.0 ni, 94.6 id,  0.0 wa,  0.0 hi,  0.0 si,  0.0 st
MiB Mem :   3793.3 total,   2123.6 free,    690.0 used,    979.7 buff/cache
MiB Swap:      0.0 total,      0.0 free,      0.0 used.   3053.4 avail Mem 
--- Mon Sep  6 08:42:15 UTC 2021
top - 08:42:15 up  1:03,  1 user,  load average: 0.07, 0.08, 0.07
Tasks: 144 total,   1 running, 143 sleeping,   0 stopped,   0 zombie
%Cpu(s):  0.0 us,  2.8 sy,  0.0 ni, 97.2 id,  0.0 wa,  0.0 hi,  0.0 si,  0.0 st
MiB Mem :   3793.3 total,   2124.3 free,    689.2 used,    979.7 buff/cache
MiB Swap:      0.0 total,      0.0 free,      0.0 used.   3054.2 avail Mem 
--- Mon Sep  6 08:42:20 UTC 2021
top - 08:42:20 up  1:03,  1 user,  load average: 0.06, 0.08, 0.07
Tasks: 144 total,   1 running, 143 sleeping,   0 stopped,   0 zombie
%Cpu(s):  1.4 us,  2.7 sy,  0.0 ni, 95.9 id,  0.0 wa,  0.0 hi,  0.0 si,  0.0 st
MiB Mem :   3793.3 total,   2124.0 free,    689.5 used,    979.8 buff/cache
MiB Swap:      0.0 total,      0.0 free,      0.0 used.   3053.9 avail Mem 
--- Mon Sep  6 08:42:25 UTC 2021
top - 08:42:25 up  1:03,  1 user,  load average: 0.06, 0.07, 0.07
Tasks: 143 total,   1 running, 142 sleeping,   0 stopped,   0 zombie
%Cpu(s):  1.3 us,  4.0 sy,  0.0 ni, 94.7 id,  0.0 wa,  0.0 hi,  0.0 si,  0.0 st
MiB Mem :   3793.3 total,   2124.0 free,    689.5 used,    979.8 buff/cache
MiB Swap:      0.0 total,      0.0 free,      0.0 used.   3053.9 avail Mem 
--- Mon Sep  6 08:42:30 UTC 2021
top - 08:42:30 up  1:03,  1 user,  load average: 0.05, 0.07, 0.07
Tasks: 143 total,   1 running, 142 sleeping,   0 stopped,   0 zombie
%Cpu(s):  2.7 us,  2.7 sy,  0.0 ni, 94.6 id,  0.0 wa,  0.0 hi,  0.0 si,  0.0 st
MiB Mem :   3793.3 total,   2124.2 free,    689.3 used,    979.8 buff/cache
MiB Swap:      0.0 total,      0.0 free,      0.0 used.   3054.1 avail Mem 
--- Mon Sep  6 08:42:35 UTC 2021
top - 08:42:36 up  1:03,  1 user,  load average: 0.05, 0.07, 0.07
Tasks: 143 total,   1 running, 142 sleeping,   0 stopped,   0 zombie
%Cpu(s):  1.4 us,  4.1 sy,  0.0 ni, 94.6 id,  0.0 wa,  0.0 hi,  0.0 si,  0.0 st
MiB Mem :   3793.3 total,   2124.0 free,    689.5 used,    979.8 buff/cache
MiB Swap:      0.0 total,      0.0 free,      0.0 used.   3053.9 avail Mem 
--- Mon Sep  6 08:42:41 UTC 2021
top - 08:42:41 up  1:03,  1 user,  load average: 0.04, 0.07, 0.07
Tasks: 143 total,   1 running, 142 sleeping,   0 stopped,   0 zombie
%Cpu(s):  1.3 us,  5.3 sy,  0.0 ni, 93.3 id,  0.0 wa,  0.0 hi,  0.0 si,  0.0 st
MiB Mem :   3793.3 total,   2124.0 free,    689.4 used,    979.8 buff/cache
MiB Swap:      0.0 total,      0.0 free,      0.0 used.   3054.0 avail Mem 
