--- Mon Sep  6 12:24:31 UTC 2021
top - 12:24:31 up 10 min,  1 user,  load average: 0.00, 0.18, 0.16
Tasks: 139 total,   1 running, 138 sleeping,   0 stopped,   0 zombie
%Cpu(s):  0.0 us,  5.4 sy,  0.0 ni, 94.6 id,  0.0 wa,  0.0 hi,  0.0 si,  0.0 st
MiB Mem :   3793.3 total,   2905.0 free,    347.4 used,    540.8 buff/cache
MiB Swap:      0.0 total,      0.0 free,      0.0 used.   3386.2 avail Mem 
--- Mon Sep  6 12:24:36 UTC 2021
top - 12:24:36 up 10 min,  1 user,  load average: 0.00, 0.17, 0.16
Tasks: 139 total,   1 running, 138 sleeping,   0 stopped,   0 zombie
%Cpu(s):  1.4 us,  2.8 sy,  0.0 ni, 95.8 id,  0.0 wa,  0.0 hi,  0.0 si,  0.0 st
MiB Mem :   3793.3 total,   2905.2 free,    347.2 used,    540.8 buff/cache
MiB Swap:      0.0 total,      0.0 free,      0.0 used.   3386.4 avail Mem 
--- Mon Sep  6 12:24:41 UTC 2021
top - 12:24:42 up 10 min,  1 user,  load average: 0.00, 0.17, 0.16
Tasks: 139 total,   1 running, 138 sleeping,   0 stopped,   0 zombie
%Cpu(s):  1.4 us,  5.6 sy,  0.0 ni, 93.0 id,  0.0 wa,  0.0 hi,  0.0 si,  0.0 st
MiB Mem :   3793.3 total,   2905.4 free,    347.0 used,    540.8 buff/cache
MiB Swap:      0.0 total,      0.0 free,      0.0 used.   3386.6 avail Mem 
--- Mon Sep  6 12:24:47 UTC 2021
top - 12:24:47 up 10 min,  1 user,  load average: 0.00, 0.17, 0.15
Tasks: 139 total,   1 running, 138 sleeping,   0 stopped,   0 zombie
%Cpu(s):  0.0 us,  4.1 sy,  0.0 ni, 95.9 id,  0.0 wa,  0.0 hi,  0.0 si,  0.0 st
MiB Mem :   3793.3 total,   2907.7 free,    344.7 used,    540.9 buff/cache
MiB Swap:      0.0 total,      0.0 free,      0.0 used.   3388.9 avail Mem 
--- Mon Sep  6 12:24:52 UTC 2021
top - 12:24:52 up 10 min,  1 user,  load average: 0.00, 0.17, 0.15
Tasks: 139 total,   1 running, 138 sleeping,   0 stopped,   0 zombie
%Cpu(s):  0.0 us,  4.2 sy,  0.0 ni, 95.8 id,  0.0 wa,  0.0 hi,  0.0 si,  0.0 st
MiB Mem :   3793.3 total,   2908.0 free,    344.4 used,    540.9 buff/cache
MiB Swap:      0.0 total,      0.0 free,      0.0 used.   3389.2 avail Mem 
--- Mon Sep  6 12:24:57 UTC 2021
top - 12:24:57 up 10 min,  1 user,  load average: 0.00, 0.16, 0.15
Tasks: 139 total,   1 running, 138 sleeping,   0 stopped,   0 zombie
%Cpu(s):  1.3 us,  5.3 sy,  0.0 ni, 93.3 id,  0.0 wa,  0.0 hi,  0.0 si,  0.0 st
MiB Mem :   3793.3 total,   2908.4 free,    344.0 used,    540.9 buff/cache
MiB Swap:      0.0 total,      0.0 free,      0.0 used.   3389.7 avail Mem 
--- Mon Sep  6 12:25:02 UTC 2021
top - 12:25:02 up 10 min,  1 user,  load average: 0.00, 0.16, 0.15
Tasks: 139 total,   1 running, 138 sleeping,   0 stopped,   0 zombie
%Cpu(s):  1.4 us,  4.2 sy,  0.0 ni, 94.4 id,  0.0 wa,  0.0 hi,  0.0 si,  0.0 st
MiB Mem :   3793.3 total,   2908.4 free,    344.0 used,    540.9 buff/cache
MiB Swap:      0.0 total,      0.0 free,      0.0 used.   3389.7 avail Mem 
--- Mon Sep  6 12:25:07 UTC 2021
top - 12:25:08 up 10 min,  1 user,  load average: 0.00, 0.15, 0.15
Tasks: 139 total,   1 running, 138 sleeping,   0 stopped,   0 zombie
%Cpu(s):  1.4 us,  5.6 sy,  0.0 ni, 93.1 id,  0.0 wa,  0.0 hi,  0.0 si,  0.0 st
MiB Mem :   3793.3 total,   2908.0 free,    344.4 used,    540.9 buff/cache
MiB Swap:      0.0 total,      0.0 free,      0.0 used.   3389.2 avail Mem 
--- Mon Sep  6 12:25:13 UTC 2021
top - 12:25:13 up 10 min,  1 user,  load average: 0.00, 0.15, 0.15
Tasks: 139 total,   1 running, 138 sleeping,   0 stopped,   0 zombie
%Cpu(s):  1.3 us,  5.3 sy,  0.0 ni, 93.3 id,  0.0 wa,  0.0 hi,  0.0 si,  0.0 st
MiB Mem :   3793.3 total,   2907.7 free,    344.7 used,    540.9 buff/cache
MiB Swap:      0.0 total,      0.0 free,      0.0 used.   3389.0 avail Mem 
--- Mon Sep  6 12:25:18 UTC 2021
top - 12:25:18 up 10 min,  1 user,  load average: 0.00, 0.15, 0.15
Tasks: 139 total,   1 running, 138 sleeping,   0 stopped,   0 zombie
%Cpu(s):  2.6 us,  5.3 sy,  0.0 ni, 92.1 id,  0.0 wa,  0.0 hi,  0.0 si,  0.0 st
MiB Mem :   3793.3 total,   2908.2 free,    344.1 used,    540.9 buff/cache
MiB Swap:      0.0 total,      0.0 free,      0.0 used.   3389.5 avail Mem 
--- Mon Sep  6 12:25:23 UTC 2021
top - 12:25:23 up 11 min,  1 user,  load average: 0.00, 0.15, 0.15
Tasks: 139 total,   1 running, 138 sleeping,   0 stopped,   0 zombie
%Cpu(s):  1.4 us,  4.1 sy,  0.0 ni, 94.6 id,  0.0 wa,  0.0 hi,  0.0 si,  0.0 st
MiB Mem :   3793.3 total,   2908.2 free,    344.2 used,    540.9 buff/cache
MiB Swap:      0.0 total,      0.0 free,      0.0 used.   3389.5 avail Mem 
--- Mon Sep  6 12:25:28 UTC 2021
top - 12:25:28 up 11 min,  1 user,  load average: 0.00, 0.14, 0.15
Tasks: 140 total,   1 running, 139 sleeping,   0 stopped,   0 zombie
%Cpu(s):  0.0 us,  4.2 sy,  0.0 ni, 95.8 id,  0.0 wa,  0.0 hi,  0.0 si,  0.0 st
MiB Mem :   3793.3 total,   2908.5 free,    343.9 used,    540.9 buff/cache
MiB Swap:      0.0 total,      0.0 free,      0.0 used.   3389.8 avail Mem 
--- Mon Sep  6 12:25:33 UTC 2021
top - 12:25:34 up 11 min,  1 user,  load average: 0.00, 0.14, 0.14
Tasks: 140 total,   1 running, 139 sleeping,   0 stopped,   0 zombie
%Cpu(s):  0.0 us,  2.8 sy,  0.0 ni, 97.2 id,  0.0 wa,  0.0 hi,  0.0 si,  0.0 st
MiB Mem :   3793.3 total,   2908.1 free,    344.2 used,    541.0 buff/cache
MiB Swap:      0.0 total,      0.0 free,      0.0 used.   3389.4 avail Mem 
--- Mon Sep  6 12:25:39 UTC 2021
top - 12:25:39 up 11 min,  1 user,  load average: 0.00, 0.14, 0.14
Tasks: 140 total,   1 running, 139 sleeping,   0 stopped,   0 zombie
%Cpu(s):  2.7 us,  2.7 sy,  0.0 ni, 94.5 id,  0.0 wa,  0.0 hi,  0.0 si,  0.0 st
MiB Mem :   3793.3 total,   2908.2 free,    344.1 used,    541.0 buff/cache
MiB Swap:      0.0 total,      0.0 free,      0.0 used.   3389.5 avail Mem 
--- Mon Sep  6 12:25:44 UTC 2021
top - 12:25:44 up 11 min,  1 user,  load average: 0.00, 0.14, 0.14
Tasks: 140 total,   1 running, 139 sleeping,   0 stopped,   0 zombie
%Cpu(s):  0.0 us,  4.1 sy,  0.0 ni, 95.9 id,  0.0 wa,  0.0 hi,  0.0 si,  0.0 st
MiB Mem :   3793.3 total,   2907.9 free,    344.4 used,    541.0 buff/cache
MiB Swap:      0.0 total,      0.0 free,      0.0 used.   3389.3 avail Mem 
--- Mon Sep  6 12:25:49 UTC 2021
top - 12:25:49 up 11 min,  1 user,  load average: 0.00, 0.13, 0.14
Tasks: 140 total,   1 running, 139 sleeping,   0 stopped,   0 zombie
%Cpu(s):  2.7 us,  2.7 sy,  0.0 ni, 94.5 id,  0.0 wa,  0.0 hi,  0.0 si,  0.0 st
MiB Mem :   3793.3 total,   2908.2 free,    344.1 used,    541.0 buff/cache
MiB Swap:      0.0 total,      0.0 free,      0.0 used.   3389.5 avail Mem 
--- Mon Sep  6 12:25:54 UTC 2021
top - 12:25:55 up 11 min,  1 user,  load average: 0.00, 0.13, 0.14
Tasks: 140 total,   1 running, 139 sleeping,   0 stopped,   0 zombie
%Cpu(s):  1.3 us,  5.3 sy,  0.0 ni, 93.3 id,  0.0 wa,  0.0 hi,  0.0 si,  0.0 st
MiB Mem :   3793.3 total,   2908.1 free,    344.2 used,    541.0 buff/cache
MiB Swap:      0.0 total,      0.0 free,      0.0 used.   3389.4 avail Mem 
--- Mon Sep  6 12:26:00 UTC 2021
top - 12:26:00 up 11 min,  1 user,  load average: 0.00, 0.13, 0.14
Tasks: 140 total,   1 running, 139 sleeping,   0 stopped,   0 zombie
%Cpu(s):  0.0 us,  6.9 sy,  0.0 ni, 93.1 id,  0.0 wa,  0.0 hi,  0.0 si,  0.0 st
MiB Mem :   3793.3 total,   2907.9 free,    344.3 used,    541.0 buff/cache
MiB Swap:      0.0 total,      0.0 free,      0.0 used.   3389.3 avail Mem 
--- Mon Sep  6 12:26:05 UTC 2021
top - 12:26:05 up 11 min,  1 user,  load average: 0.00, 0.13, 0.14
Tasks: 140 total,   1 running, 139 sleeping,   0 stopped,   0 zombie
%Cpu(s):  1.3 us,  6.7 sy,  0.0 ni, 92.0 id,  0.0 wa,  0.0 hi,  0.0 si,  0.0 st
MiB Mem :   3793.3 total,   2907.2 free,    345.1 used,    541.0 buff/cache
MiB Swap:      0.0 total,      0.0 free,      0.0 used.   3388.6 avail Mem 
--- Mon Sep  6 12:26:10 UTC 2021
top - 12:26:10 up 11 min,  1 user,  load average: 0.00, 0.12, 0.14
Tasks: 140 total,   1 running, 139 sleeping,   0 stopped,   0 zombie
%Cpu(s):  1.4 us,  2.7 sy,  0.0 ni, 95.9 id,  0.0 wa,  0.0 hi,  0.0 si,  0.0 st
MiB Mem :   3793.3 total,   2907.1 free,    345.2 used,    541.0 buff/cache
MiB Swap:      0.0 total,      0.0 free,      0.0 used.   3388.5 avail Mem 
--- Mon Sep  6 12:26:15 UTC 2021
top - 12:26:15 up 11 min,  1 user,  load average: 0.08, 0.14, 0.14
Tasks: 139 total,   1 running, 138 sleeping,   0 stopped,   0 zombie
%Cpu(s):  2.8 us,  4.2 sy,  0.0 ni, 93.1 id,  0.0 wa,  0.0 hi,  0.0 si,  0.0 st
MiB Mem :   3793.3 total,   2907.2 free,    345.1 used,    541.0 buff/cache
MiB Swap:      0.0 total,      0.0 free,      0.0 used.   3388.6 avail Mem 
--- Mon Sep  6 12:26:20 UTC 2021
top - 12:26:21 up 11 min,  1 user,  load average: 0.07, 0.14, 0.14
Tasks: 139 total,   1 running, 138 sleeping,   0 stopped,   0 zombie
%Cpu(s):  1.3 us,  5.3 sy,  0.0 ni, 93.3 id,  0.0 wa,  0.0 hi,  0.0 si,  0.0 st
MiB Mem :   3793.3 total,   2907.5 free,    344.7 used,    541.0 buff/cache
MiB Swap:      0.0 total,      0.0 free,      0.0 used.   3388.9 avail Mem 
--- Mon Sep  6 12:26:26 UTC 2021
top - 12:26:26 up 12 min,  1 user,  load average: 0.07, 0.13, 0.14
Tasks: 139 total,   1 running, 138 sleeping,   0 stopped,   0 zombie
%Cpu(s):  0.0 us,  4.2 sy,  0.0 ni, 95.8 id,  0.0 wa,  0.0 hi,  0.0 si,  0.0 st
MiB Mem :   3793.3 total,   2907.2 free,    345.1 used,    541.1 buff/cache
MiB Swap:      0.0 total,      0.0 free,      0.0 used.   3388.6 avail Mem 
--- Mon Sep  6 12:26:31 UTC 2021
top - 12:26:31 up 12 min,  1 user,  load average: 0.06, 0.13, 0.14
Tasks: 139 total,   1 running, 138 sleeping,   0 stopped,   0 zombie
%Cpu(s):  1.4 us,  2.8 sy,  0.0 ni, 95.8 id,  0.0 wa,  0.0 hi,  0.0 si,  0.0 st
MiB Mem :   3793.3 total,   2906.9 free,    345.3 used,    541.1 buff/cache
MiB Swap:      0.0 total,      0.0 free,      0.0 used.   3388.3 avail Mem 
--- Mon Sep  6 12:26:36 UTC 2021
top - 12:26:36 up 12 min,  1 user,  load average: 0.06, 0.13, 0.14
Tasks: 139 total,   1 running, 138 sleeping,   0 stopped,   0 zombie
%Cpu(s):  0.0 us,  4.1 sy,  0.0 ni, 95.9 id,  0.0 wa,  0.0 hi,  0.0 si,  0.0 st
MiB Mem :   3793.3 total,   2906.9 free,    345.3 used,    541.1 buff/cache
MiB Swap:      0.0 total,      0.0 free,      0.0 used.   3388.3 avail Mem 
--- Mon Sep  6 12:26:41 UTC 2021
top - 12:26:41 up 12 min,  1 user,  load average: 0.05, 0.13, 0.14
Tasks: 139 total,   1 running, 138 sleeping,   0 stopped,   0 zombie
%Cpu(s):  1.4 us,  5.5 sy,  0.0 ni, 93.2 id,  0.0 wa,  0.0 hi,  0.0 si,  0.0 st
MiB Mem :   3793.3 total,   2906.7 free,    345.5 used,    541.1 buff/cache
MiB Swap:      0.0 total,      0.0 free,      0.0 used.   3388.1 avail Mem 
--- Mon Sep  6 12:26:46 UTC 2021
top - 12:26:47 up 12 min,  1 user,  load average: 0.05, 0.12, 0.14
Tasks: 139 total,   1 running, 138 sleeping,   0 stopped,   0 zombie
%Cpu(s):  0.0 us,  4.1 sy,  0.0 ni, 95.9 id,  0.0 wa,  0.0 hi,  0.0 si,  0.0 st
MiB Mem :   3793.3 total,   2906.9 free,    345.3 used,    541.1 buff/cache
MiB Swap:      0.0 total,      0.0 free,      0.0 used.   3388.3 avail Mem 
--- Mon Sep  6 12:26:52 UTC 2021
top - 12:26:52 up 12 min,  1 user,  load average: 0.04, 0.12, 0.14
Tasks: 139 total,   1 running, 138 sleeping,   0 stopped,   0 zombie
%Cpu(s):  2.7 us,  4.1 sy,  0.0 ni, 93.2 id,  0.0 wa,  0.0 hi,  0.0 si,  0.0 st
MiB Mem :   3793.3 total,   2906.9 free,    345.3 used,    541.1 buff/cache
MiB Swap:      0.0 total,      0.0 free,      0.0 used.   3388.4 avail Mem 
--- Mon Sep  6 12:26:57 UTC 2021
top - 12:26:57 up 12 min,  1 user,  load average: 0.04, 0.12, 0.14
Tasks: 139 total,   1 running, 138 sleeping,   0 stopped,   0 zombie
%Cpu(s):  0.0 us,  4.2 sy,  0.0 ni, 95.8 id,  0.0 wa,  0.0 hi,  0.0 si,  0.0 st
MiB Mem :   3793.3 total,   2906.7 free,    345.5 used,    541.1 buff/cache
MiB Swap:      0.0 total,      0.0 free,      0.0 used.   3388.1 avail Mem 
--- Mon Sep  6 12:27:02 UTC 2021
top - 12:27:02 up 12 min,  1 user,  load average: 0.12, 0.13, 0.14
Tasks: 139 total,   1 running, 138 sleeping,   0 stopped,   0 zombie
%Cpu(s):  4.1 us,  2.7 sy,  0.0 ni, 93.2 id,  0.0 wa,  0.0 hi,  0.0 si,  0.0 st
MiB Mem :   3793.3 total,   2906.6 free,    345.5 used,    541.1 buff/cache
MiB Swap:      0.0 total,      0.0 free,      0.0 used.   3388.1 avail Mem 
--- Mon Sep  6 12:27:07 UTC 2021
top - 12:27:08 up 12 min,  1 user,  load average: 0.10, 0.13, 0.14
Tasks: 139 total,   1 running, 138 sleeping,   0 stopped,   0 zombie
%Cpu(s):  1.4 us,  6.8 sy,  0.0 ni, 90.5 id,  1.4 wa,  0.0 hi,  0.0 si,  0.0 st
MiB Mem :   3793.3 total,   2906.2 free,    346.0 used,    541.1 buff/cache
MiB Swap:      0.0 total,      0.0 free,      0.0 used.   3387.6 avail Mem 
--- Mon Sep  6 12:27:13 UTC 2021
top - 12:27:13 up 12 min,  1 user,  load average: 0.17, 0.14, 0.14
Tasks: 139 total,   1 running, 138 sleeping,   0 stopped,   0 zombie
%Cpu(s):  1.4 us,  2.7 sy,  0.0 ni, 95.9 id,  0.0 wa,  0.0 hi,  0.0 si,  0.0 st
MiB Mem :   3793.3 total,   2906.4 free,    345.8 used,    541.1 buff/cache
MiB Swap:      0.0 total,      0.0 free,      0.0 used.   3387.9 avail Mem 
--- Mon Sep  6 12:27:18 UTC 2021
top - 12:27:18 up 12 min,  1 user,  load average: 0.16, 0.14, 0.14
Tasks: 138 total,   1 running, 137 sleeping,   0 stopped,   0 zombie
%Cpu(s):  2.7 us,  5.3 sy,  0.0 ni, 92.0 id,  0.0 wa,  0.0 hi,  0.0 si,  0.0 st
MiB Mem :   3793.3 total,   2906.6 free,    345.5 used,    541.1 buff/cache
MiB Swap:      0.0 total,      0.0 free,      0.0 used.   3388.1 avail Mem 
--- Mon Sep  6 12:27:23 UTC 2021
top - 12:27:23 up 13 min,  1 user,  load average: 0.14, 0.14, 0.14
Tasks: 138 total,   1 running, 137 sleeping,   0 stopped,   0 zombie
%Cpu(s):  1.4 us,  4.1 sy,  0.0 ni, 94.6 id,  0.0 wa,  0.0 hi,  0.0 si,  0.0 st
MiB Mem :   3793.3 total,   2906.6 free,    345.5 used,    541.1 buff/cache
MiB Swap:      0.0 total,      0.0 free,      0.0 used.   3388.1 avail Mem 
--- Mon Sep  6 12:27:28 UTC 2021
top - 12:27:28 up 13 min,  1 user,  load average: 0.21, 0.15, 0.15
Tasks: 138 total,   1 running, 137 sleeping,   0 stopped,   0 zombie
%Cpu(s):  1.4 us,  5.4 sy,  0.0 ni, 93.2 id,  0.0 wa,  0.0 hi,  0.0 si,  0.0 st
MiB Mem :   3793.3 total,   2906.9 free,    345.2 used,    541.2 buff/cache
MiB Swap:      0.0 total,      0.0 free,      0.0 used.   3388.4 avail Mem 
--- Mon Sep  6 12:27:33 UTC 2021
top - 12:27:34 up 13 min,  1 user,  load average: 0.28, 0.17, 0.15
Tasks: 138 total,   1 running, 137 sleeping,   0 stopped,   0 zombie
%Cpu(s):  2.6 us,  9.2 sy,  0.0 ni, 88.2 id,  0.0 wa,  0.0 hi,  0.0 si,  0.0 st
MiB Mem :   3793.3 total,   2906.9 free,    345.2 used,    541.2 buff/cache
MiB Swap:      0.0 total,      0.0 free,      0.0 used.   3388.4 avail Mem 
--- Mon Sep  6 12:27:39 UTC 2021
top - 12:27:39 up 13 min,  1 user,  load average: 0.25, 0.16, 0.15
Tasks: 138 total,   1 running, 137 sleeping,   0 stopped,   0 zombie
%Cpu(s):  1.4 us,  4.1 sy,  0.0 ni, 94.6 id,  0.0 wa,  0.0 hi,  0.0 si,  0.0 st
MiB Mem :   3793.3 total,   2906.7 free,    345.4 used,    541.2 buff/cache
MiB Swap:      0.0 total,      0.0 free,      0.0 used.   3388.2 avail Mem 
--- Mon Sep  6 12:27:44 UTC 2021
top - 12:27:44 up 13 min,  1 user,  load average: 0.23, 0.16, 0.15
Tasks: 138 total,   1 running, 137 sleeping,   0 stopped,   0 zombie
%Cpu(s):  2.7 us,  5.4 sy,  0.0 ni, 91.9 id,  0.0 wa,  0.0 hi,  0.0 si,  0.0 st
MiB Mem :   3793.3 total,   2906.6 free,    345.5 used,    541.2 buff/cache
MiB Swap:      0.0 total,      0.0 free,      0.0 used.   3388.2 avail Mem 
--- Mon Sep  6 12:27:49 UTC 2021
top - 12:27:49 up 13 min,  1 user,  load average: 0.21, 0.16, 0.15
Tasks: 138 total,   1 running, 137 sleeping,   0 stopped,   0 zombie
%Cpu(s):  1.4 us,  2.7 sy,  0.0 ni, 95.9 id,  0.0 wa,  0.0 hi,  0.0 si,  0.0 st
MiB Mem :   3793.3 total,   2906.2 free,    345.9 used,    541.2 buff/cache
MiB Swap:      0.0 total,      0.0 free,      0.0 used.   3387.7 avail Mem 
--- Mon Sep  6 12:27:54 UTC 2021
top - 12:27:54 up 13 min,  1 user,  load average: 0.20, 0.16, 0.15
Tasks: 137 total,   1 running, 136 sleeping,   0 stopped,   0 zombie
%Cpu(s):  2.6 us,  6.6 sy,  0.0 ni, 90.8 id,  0.0 wa,  0.0 hi,  0.0 si,  0.0 st
MiB Mem :   3793.3 total,   2906.9 free,    345.2 used,    541.2 buff/cache
MiB Swap:      0.0 total,      0.0 free,      0.0 used.   3388.4 avail Mem 
--- Mon Sep  6 12:27:59 UTC 2021
top - 12:28:00 up 13 min,  1 user,  load average: 0.18, 0.15, 0.15
Tasks: 137 total,   1 running, 136 sleeping,   0 stopped,   0 zombie
%Cpu(s):  1.4 us,  2.8 sy,  0.0 ni, 95.8 id,  0.0 wa,  0.0 hi,  0.0 si,  0.0 st
MiB Mem :   3793.3 total,   2906.8 free,    345.3 used,    541.2 buff/cache
MiB Swap:      0.0 total,      0.0 free,      0.0 used.   3388.4 avail Mem 
--- Mon Sep  6 12:28:05 UTC 2021
top - 12:28:05 up 13 min,  1 user,  load average: 0.17, 0.15, 0.14
Tasks: 137 total,   1 running, 136 sleeping,   0 stopped,   0 zombie
%Cpu(s):  1.4 us,  4.1 sy,  0.0 ni, 94.5 id,  0.0 wa,  0.0 hi,  0.0 si,  0.0 st
MiB Mem :   3793.3 total,   2906.9 free,    345.2 used,    541.2 buff/cache
MiB Swap:      0.0 total,      0.0 free,      0.0 used.   3388.4 avail Mem 
--- Mon Sep  6 12:28:10 UTC 2021
top - 12:28:10 up 13 min,  1 user,  load average: 0.15, 0.15, 0.14
Tasks: 137 total,   1 running, 136 sleeping,   0 stopped,   0 zombie
%Cpu(s):  1.4 us,  2.8 sy,  0.0 ni, 95.8 id,  0.0 wa,  0.0 hi,  0.0 si,  0.0 st
MiB Mem :   3793.3 total,   2906.7 free,    345.4 used,    541.2 buff/cache
MiB Swap:      0.0 total,      0.0 free,      0.0 used.   3388.2 avail Mem 
--- Mon Sep  6 12:28:15 UTC 2021
top - 12:28:15 up 13 min,  1 user,  load average: 0.14, 0.14, 0.14
Tasks: 138 total,   1 running, 137 sleeping,   0 stopped,   0 zombie
%Cpu(s):  0.0 us,  2.8 sy,  0.0 ni, 97.2 id,  0.0 wa,  0.0 hi,  0.0 si,  0.0 st
MiB Mem :   3793.3 total,   2906.9 free,    345.2 used,    541.2 buff/cache
MiB Swap:      0.0 total,      0.0 free,      0.0 used.   3388.5 avail Mem 
--- Mon Sep  6 12:28:20 UTC 2021
top - 12:28:21 up 13 min,  1 user,  load average: 0.21, 0.16, 0.15
Tasks: 138 total,   1 running, 137 sleeping,   0 stopped,   0 zombie
%Cpu(s):  1.4 us,  5.6 sy,  0.0 ni, 93.1 id,  0.0 wa,  0.0 hi,  0.0 si,  0.0 st
MiB Mem :   3793.3 total,   2906.9 free,    345.2 used,    541.2 buff/cache
MiB Swap:      0.0 total,      0.0 free,      0.0 used.   3388.5 avail Mem 
--- Mon Sep  6 12:28:26 UTC 2021
top - 12:28:26 up 14 min,  1 user,  load average: 0.19, 0.16, 0.15
Tasks: 138 total,   1 running, 137 sleeping,   0 stopped,   0 zombie
%Cpu(s):  1.4 us,  4.1 sy,  0.0 ni, 94.6 id,  0.0 wa,  0.0 hi,  0.0 si,  0.0 st
MiB Mem :   3793.3 total,   2906.3 free,    345.7 used,    541.3 buff/cache
MiB Swap:      0.0 total,      0.0 free,      0.0 used.   3387.9 avail Mem 
--- Mon Sep  6 12:28:31 UTC 2021
top - 12:28:31 up 14 min,  1 user,  load average: 0.26, 0.17, 0.15
Tasks: 138 total,   1 running, 137 sleeping,   0 stopped,   0 zombie
%Cpu(s):  0.0 us,  5.4 sy,  0.0 ni, 94.6 id,  0.0 wa,  0.0 hi,  0.0 si,  0.0 st
MiB Mem :   3793.3 total,   2906.4 free,    345.6 used,    541.3 buff/cache
MiB Swap:      0.0 total,      0.0 free,      0.0 used.   3388.0 avail Mem 
--- Mon Sep  6 12:28:36 UTC 2021
top - 12:28:36 up 14 min,  1 user,  load average: 0.24, 0.17, 0.15
Tasks: 138 total,   1 running, 137 sleeping,   0 stopped,   0 zombie
%Cpu(s):  1.4 us,  4.1 sy,  0.0 ni, 94.6 id,  0.0 wa,  0.0 hi,  0.0 si,  0.0 st
MiB Mem :   3793.3 total,   2906.7 free,    345.3 used,    541.3 buff/cache
MiB Swap:      0.0 total,      0.0 free,      0.0 used.   3388.3 avail Mem 
--- Mon Sep  6 12:28:41 UTC 2021
top - 12:28:41 up 14 min,  1 user,  load average: 0.30, 0.18, 0.16
Tasks: 138 total,   1 running, 137 sleeping,   0 stopped,   0 zombie
%Cpu(s):  0.0 us,  5.5 sy,  0.0 ni, 94.5 id,  0.0 wa,  0.0 hi,  0.0 si,  0.0 st
MiB Mem :   3793.3 total,   2906.4 free,    345.6 used,    541.3 buff/cache
MiB Swap:      0.0 total,      0.0 free,      0.0 used.   3388.0 avail Mem 
--- Mon Sep  6 12:28:46 UTC 2021
top - 12:28:47 up 14 min,  1 user,  load average: 0.27, 0.18, 0.15
Tasks: 138 total,   1 running, 137 sleeping,   0 stopped,   0 zombie
%Cpu(s): 16.2 us, 16.2 sy,  0.0 ni, 67.6 id,  0.0 wa,  0.0 hi,  0.0 si,  0.0 st
MiB Mem :   3793.3 total,   2905.7 free,    346.3 used,    541.3 buff/cache
MiB Swap:      0.0 total,      0.0 free,      0.0 used.   3387.3 avail Mem 
--- Mon Sep  6 12:28:52 UTC 2021
top - 12:28:52 up 14 min,  1 user,  load average: 0.65, 0.26, 0.18
Tasks: 138 total,   1 running, 137 sleeping,   0 stopped,   0 zombie
%Cpu(s):  2.7 us,  5.4 sy,  0.0 ni, 91.9 id,  0.0 wa,  0.0 hi,  0.0 si,  0.0 st
MiB Mem :   3793.3 total,   2905.6 free,    346.3 used,    541.3 buff/cache
MiB Swap:      0.0 total,      0.0 free,      0.0 used.   3387.3 avail Mem 
--- Mon Sep  6 12:28:57 UTC 2021
top - 12:28:57 up 14 min,  1 user,  load average: 0.68, 0.27, 0.19
Tasks: 138 total,   1 running, 137 sleeping,   0 stopped,   0 zombie
%Cpu(s):  2.7 us,  4.0 sy,  0.0 ni, 93.3 id,  0.0 wa,  0.0 hi,  0.0 si,  0.0 st
MiB Mem :   3793.3 total,   2905.4 free,    346.5 used,    541.3 buff/cache
MiB Swap:      0.0 total,      0.0 free,      0.0 used.   3387.1 avail Mem 
--- Mon Sep  6 12:29:02 UTC 2021
top - 12:29:02 up 14 min,  1 user,  load average: 0.63, 0.27, 0.18
Tasks: 138 total,   1 running, 137 sleeping,   0 stopped,   0 zombie
%Cpu(s):  1.4 us,  8.2 sy,  0.0 ni, 90.4 id,  0.0 wa,  0.0 hi,  0.0 si,  0.0 st
MiB Mem :   3793.3 total,   2905.2 free,    346.8 used,    541.3 buff/cache
MiB Swap:      0.0 total,      0.0 free,      0.0 used.   3386.8 avail Mem 
--- Mon Sep  6 12:29:07 UTC 2021
top - 12:29:07 up 14 min,  1 user,  load average: 0.58, 0.26, 0.18
Tasks: 138 total,   1 running, 137 sleeping,   0 stopped,   0 zombie
%Cpu(s):  0.0 us,  7.0 sy,  0.0 ni, 93.0 id,  0.0 wa,  0.0 hi,  0.0 si,  0.0 st
MiB Mem :   3793.3 total,   2904.9 free,    347.0 used,    541.3 buff/cache
MiB Swap:      0.0 total,      0.0 free,      0.0 used.   3386.6 avail Mem 
--- Mon Sep  6 12:29:13 UTC 2021
top - 12:29:13 up 14 min,  1 user,  load average: 0.73, 0.30, 0.20
Tasks: 137 total,   1 running, 136 sleeping,   0 stopped,   0 zombie
%Cpu(s):  2.7 us,  2.7 sy,  0.0 ni, 94.6 id,  0.0 wa,  0.0 hi,  0.0 si,  0.0 st
MiB Mem :   3793.3 total,   2905.2 free,    346.8 used,    541.3 buff/cache
MiB Swap:      0.0 total,      0.0 free,      0.0 used.   3386.9 avail Mem 
--- Mon Sep  6 12:29:18 UTC 2021
top - 12:29:18 up 14 min,  1 user,  load average: 0.67, 0.30, 0.20
Tasks: 137 total,   1 running, 136 sleeping,   0 stopped,   0 zombie
%Cpu(s):  1.4 us,  6.8 sy,  0.0 ni, 91.9 id,  0.0 wa,  0.0 hi,  0.0 si,  0.0 st
MiB Mem :   3793.3 total,   2904.9 free,    347.0 used,    541.3 buff/cache
MiB Swap:      0.0 total,      0.0 free,      0.0 used.   3386.6 avail Mem 
--- Mon Sep  6 12:29:23 UTC 2021
top - 12:29:23 up 15 min,  1 user,  load average: 0.62, 0.29, 0.19
Tasks: 137 total,   1 running, 136 sleeping,   0 stopped,   0 zombie
%Cpu(s):  1.4 us,  4.1 sy,  0.0 ni, 94.6 id,  0.0 wa,  0.0 hi,  0.0 si,  0.0 st
MiB Mem :   3793.3 total,   2904.9 free,    347.0 used,    541.3 buff/cache
MiB Swap:      0.0 total,      0.0 free,      0.0 used.   3386.6 avail Mem 
--- Mon Sep  6 12:29:28 UTC 2021
top - 12:29:28 up 15 min,  1 user,  load average: 0.57, 0.29, 0.19
Tasks: 137 total,   1 running, 136 sleeping,   0 stopped,   0 zombie
%Cpu(s):  0.0 us,  5.5 sy,  0.0 ni, 94.5 id,  0.0 wa,  0.0 hi,  0.0 si,  0.0 st
MiB Mem :   3793.3 total,   2904.7 free,    347.2 used,    541.4 buff/cache
MiB Swap:      0.0 total,      0.0 free,      0.0 used.   3386.4 avail Mem 
--- Mon Sep  6 12:29:33 UTC 2021
top - 12:29:34 up 15 min,  1 user,  load average: 0.52, 0.28, 0.19
Tasks: 137 total,   1 running, 136 sleeping,   0 stopped,   0 zombie
%Cpu(s):  2.7 us,  5.5 sy,  0.0 ni, 91.8 id,  0.0 wa,  0.0 hi,  0.0 si,  0.0 st
MiB Mem :   3793.3 total,   2904.7 free,    347.2 used,    541.4 buff/cache
MiB Swap:      0.0 total,      0.0 free,      0.0 used.   3386.4 avail Mem 
--- Mon Sep  6 12:29:39 UTC 2021
top - 12:29:39 up 15 min,  1 user,  load average: 0.48, 0.28, 0.19
Tasks: 137 total,   1 running, 136 sleeping,   0 stopped,   0 zombie
%Cpu(s):  1.3 us,  5.3 sy,  0.0 ni, 93.3 id,  0.0 wa,  0.0 hi,  0.0 si,  0.0 st
MiB Mem :   3793.3 total,   2904.4 free,    347.5 used,    541.4 buff/cache
MiB Swap:      0.0 total,      0.0 free,      0.0 used.   3386.1 avail Mem 
--- Mon Sep  6 12:29:44 UTC 2021
top - 12:29:44 up 15 min,  1 user,  load average: 0.44, 0.27, 0.19
Tasks: 149 total,   1 running, 148 sleeping,   0 stopped,   0 zombie
%Cpu(s):  1.4 us,  6.8 sy,  0.0 ni, 91.9 id,  0.0 wa,  0.0 hi,  0.0 si,  0.0 st
MiB Mem :   3793.3 total,   2895.7 free,    355.7 used,    541.9 buff/cache
MiB Swap:      0.0 total,      0.0 free,      0.0 used.   3377.9 avail Mem 
--- Mon Sep  6 12:29:49 UTC 2021
top - 12:29:49 up 15 min,  1 user,  load average: 0.40, 0.27, 0.19
Tasks: 140 total,   1 running, 139 sleeping,   0 stopped,   0 zombie
%Cpu(s):  0.0 us,  4.1 sy,  0.0 ni, 95.9 id,  0.0 wa,  0.0 hi,  0.0 si,  0.0 st
MiB Mem :   3793.3 total,   2900.6 free,    350.8 used,    541.9 buff/cache
MiB Swap:      0.0 total,      0.0 free,      0.0 used.   3382.9 avail Mem 
--- Mon Sep  6 12:29:54 UTC 2021
top - 12:29:54 up 15 min,  1 user,  load average: 0.37, 0.26, 0.19
Tasks: 140 total,   1 running, 139 sleeping,   0 stopped,   0 zombie
%Cpu(s):  1.4 us,  2.8 sy,  0.0 ni, 95.8 id,  0.0 wa,  0.0 hi,  0.0 si,  0.0 st
MiB Mem :   3793.3 total,   2900.5 free,    350.8 used,    541.9 buff/cache
MiB Swap:      0.0 total,      0.0 free,      0.0 used.   3382.8 avail Mem 
--- Mon Sep  6 12:29:59 UTC 2021
top - 12:30:00 up 15 min,  1 user,  load average: 0.34, 0.26, 0.18
Tasks: 140 total,   1 running, 139 sleeping,   0 stopped,   0 zombie
%Cpu(s):  1.4 us,  6.8 sy,  0.0 ni, 91.8 id,  0.0 wa,  0.0 hi,  0.0 si,  0.0 st
MiB Mem :   3793.3 total,   2901.1 free,    350.2 used,    541.9 buff/cache
MiB Swap:      0.0 total,      0.0 free,      0.0 used.   3383.4 avail Mem 
--- Mon Sep  6 12:30:05 UTC 2021
top - 12:30:05 up 15 min,  1 user,  load average: 0.31, 0.25, 0.18
Tasks: 140 total,   1 running, 139 sleeping,   0 stopped,   0 zombie
%Cpu(s):  1.4 us,  2.8 sy,  0.0 ni, 95.8 id,  0.0 wa,  0.0 hi,  0.0 si,  0.0 st
MiB Mem :   3793.3 total,   2900.9 free,    350.5 used,    541.9 buff/cache
MiB Swap:      0.0 total,      0.0 free,      0.0 used.   3383.1 avail Mem 
--- Mon Sep  6 12:30:10 UTC 2021
top - 12:30:10 up 15 min,  1 user,  load average: 0.29, 0.25, 0.18
Tasks: 140 total,   1 running, 139 sleeping,   0 stopped,   0 zombie
%Cpu(s):  2.7 us,  4.1 sy,  0.0 ni, 93.2 id,  0.0 wa,  0.0 hi,  0.0 si,  0.0 st
MiB Mem :   3793.3 total,   2901.1 free,    350.2 used,    541.9 buff/cache
MiB Swap:      0.0 total,      0.0 free,      0.0 used.   3383.4 avail Mem 
--- Mon Sep  6 12:30:15 UTC 2021
top - 12:30:15 up 15 min,  1 user,  load average: 0.27, 0.24, 0.18
Tasks: 140 total,   1 running, 139 sleeping,   0 stopped,   0 zombie
%Cpu(s):  1.4 us,  4.1 sy,  0.0 ni, 94.6 id,  0.0 wa,  0.0 hi,  0.0 si,  0.0 st
MiB Mem :   3793.3 total,   2901.3 free,    350.0 used,    541.9 buff/cache
MiB Swap:      0.0 total,      0.0 free,      0.0 used.   3383.6 avail Mem 
--- Mon Sep  6 12:30:20 UTC 2021
top - 12:30:21 up 15 min,  1 user,  load average: 0.24, 0.24, 0.18
Tasks: 140 total,   1 running, 139 sleeping,   0 stopped,   0 zombie
%Cpu(s):  1.4 us,  5.5 sy,  0.0 ni, 93.2 id,  0.0 wa,  0.0 hi,  0.0 si,  0.0 st
MiB Mem :   3793.3 total,   2901.3 free,    350.0 used,    541.9 buff/cache
MiB Swap:      0.0 total,      0.0 free,      0.0 used.   3383.6 avail Mem 
--- Mon Sep  6 12:30:26 UTC 2021
top - 12:30:26 up 16 min,  1 user,  load average: 0.22, 0.24, 0.18
Tasks: 140 total,   1 running, 139 sleeping,   0 stopped,   0 zombie
%Cpu(s):  1.4 us,  4.1 sy,  0.0 ni, 94.6 id,  0.0 wa,  0.0 hi,  0.0 si,  0.0 st
MiB Mem :   3793.3 total,   2901.6 free,    349.7 used,    541.9 buff/cache
MiB Swap:      0.0 total,      0.0 free,      0.0 used.   3383.9 avail Mem 
--- Mon Sep  6 12:30:31 UTC 2021
top - 12:30:31 up 16 min,  1 user,  load average: 0.21, 0.23, 0.18
Tasks: 140 total,   1 running, 139 sleeping,   0 stopped,   0 zombie
%Cpu(s):  2.7 us,  2.7 sy,  0.0 ni, 94.5 id,  0.0 wa,  0.0 hi,  0.0 si,  0.0 st
MiB Mem :   3793.3 total,   2902.7 free,    348.6 used,    542.0 buff/cache
MiB Swap:      0.0 total,      0.0 free,      0.0 used.   3385.1 avail Mem 
--- Mon Sep  6 12:30:36 UTC 2021
top - 12:30:36 up 16 min,  1 user,  load average: 0.19, 0.23, 0.18
Tasks: 139 total,   1 running, 138 sleeping,   0 stopped,   0 zombie
%Cpu(s):  1.3 us,  5.3 sy,  0.0 ni, 93.3 id,  0.0 wa,  0.0 hi,  0.0 si,  0.0 st
MiB Mem :   3793.3 total,   2903.1 free,    348.2 used,    542.0 buff/cache
MiB Swap:      0.0 total,      0.0 free,      0.0 used.   3385.4 avail Mem 
--- Mon Sep  6 12:30:41 UTC 2021
top - 12:30:41 up 16 min,  1 user,  load average: 0.17, 0.22, 0.18
Tasks: 139 total,   1 running, 138 sleeping,   0 stopped,   0 zombie
%Cpu(s):  0.0 us,  4.2 sy,  0.0 ni, 95.8 id,  0.0 wa,  0.0 hi,  0.0 si,  0.0 st
MiB Mem :   3793.3 total,   2903.1 free,    348.2 used,    542.0 buff/cache
MiB Swap:      0.0 total,      0.0 free,      0.0 used.   3385.4 avail Mem 
--- Mon Sep  6 12:30:46 UTC 2021
top - 12:30:47 up 16 min,  1 user,  load average: 0.16, 0.22, 0.17
Tasks: 139 total,   1 running, 138 sleeping,   0 stopped,   0 zombie
%Cpu(s):  1.3 us,  5.3 sy,  0.0 ni, 93.3 id,  0.0 wa,  0.0 hi,  0.0 si,  0.0 st
MiB Mem :   3793.3 total,   2903.0 free,    348.3 used,    542.0 buff/cache
MiB Swap:      0.0 total,      0.0 free,      0.0 used.   3385.3 avail Mem 
--- Mon Sep  6 12:30:52 UTC 2021
top - 12:30:52 up 16 min,  1 user,  load average: 0.31, 0.25, 0.18
Tasks: 139 total,   1 running, 138 sleeping,   0 stopped,   0 zombie
%Cpu(s):  0.0 us,  4.1 sy,  0.0 ni, 95.9 id,  0.0 wa,  0.0 hi,  0.0 si,  0.0 st
MiB Mem :   3793.3 total,   2903.6 free,    347.7 used,    542.0 buff/cache
MiB Swap:      0.0 total,      0.0 free,      0.0 used.   3385.9 avail Mem 
--- Mon Sep  6 12:30:57 UTC 2021
top - 12:30:57 up 16 min,  1 user,  load average: 0.28, 0.25, 0.18
Tasks: 139 total,   1 running, 138 sleeping,   0 stopped,   0 zombie
%Cpu(s):  1.4 us,  5.4 sy,  0.0 ni, 93.2 id,  0.0 wa,  0.0 hi,  0.0 si,  0.0 st
MiB Mem :   3793.3 total,   2903.7 free,    347.6 used,    542.0 buff/cache
MiB Swap:      0.0 total,      0.0 free,      0.0 used.   3386.0 avail Mem 
--- Mon Sep  6 12:31:02 UTC 2021
top - 12:31:02 up 16 min,  1 user,  load average: 0.26, 0.24, 0.18
Tasks: 139 total,   1 running, 138 sleeping,   0 stopped,   0 zombie
%Cpu(s):  2.7 us,  4.1 sy,  0.0 ni, 93.2 id,  0.0 wa,  0.0 hi,  0.0 si,  0.0 st
MiB Mem :   3793.3 total,   2903.1 free,    348.2 used,    542.0 buff/cache
MiB Swap:      0.0 total,      0.0 free,      0.0 used.   3385.4 avail Mem 
--- Mon Sep  6 12:31:07 UTC 2021
top - 12:31:07 up 16 min,  1 user,  load average: 0.24, 0.24, 0.18
Tasks: 139 total,   1 running, 138 sleeping,   0 stopped,   0 zombie
%Cpu(s):  1.4 us,  4.1 sy,  0.0 ni, 94.5 id,  0.0 wa,  0.0 hi,  0.0 si,  0.0 st
MiB Mem :   3793.3 total,   2903.3 free,    347.9 used,    542.0 buff/cache
MiB Swap:      0.0 total,      0.0 free,      0.0 used.   3385.7 avail Mem 
--- Mon Sep  6 12:31:12 UTC 2021
top - 12:31:13 up 16 min,  1 user,  load average: 0.20, 0.23, 0.18
Tasks: 139 total,   1 running, 138 sleeping,   0 stopped,   0 zombie
%Cpu(s):  1.4 us,  4.1 sy,  0.0 ni, 94.6 id,  0.0 wa,  0.0 hi,  0.0 si,  0.0 st
MiB Mem :   3793.3 total,   2902.8 free,    348.4 used,    542.0 buff/cache
MiB Swap:      0.0 total,      0.0 free,      0.0 used.   3385.2 avail Mem 
--- Mon Sep  6 12:31:18 UTC 2021
top - 12:31:18 up 16 min,  1 user,  load average: 0.18, 0.22, 0.18
Tasks: 139 total,   1 running, 138 sleeping,   0 stopped,   0 zombie
%Cpu(s):  2.9 us, 13.2 sy,  0.0 ni, 83.8 id,  0.0 wa,  0.0 hi,  0.0 si,  0.0 st
MiB Mem :   3793.3 total,   2902.8 free,    348.4 used,    542.0 buff/cache
MiB Swap:      0.0 total,      0.0 free,      0.0 used.   3385.2 avail Mem 
--- Mon Sep  6 12:31:23 UTC 2021
top - 12:31:23 up 17 min,  1 user,  load average: 0.17, 0.22, 0.18
Tasks: 139 total,   1 running, 138 sleeping,   0 stopped,   0 zombie
%Cpu(s):  1.4 us,  4.2 sy,  0.0 ni, 94.4 id,  0.0 wa,  0.0 hi,  0.0 si,  0.0 st
MiB Mem :   3793.3 total,   2902.8 free,    348.4 used,    542.0 buff/cache
MiB Swap:      0.0 total,      0.0 free,      0.0 used.   3385.2 avail Mem 
--- Mon Sep  6 12:31:28 UTC 2021
top - 12:31:28 up 17 min,  1 user,  load average: 0.16, 0.22, 0.18
Tasks: 139 total,   1 running, 138 sleeping,   0 stopped,   0 zombie
%Cpu(s):  0.0 us,  5.5 sy,  0.0 ni, 94.5 id,  0.0 wa,  0.0 hi,  0.0 si,  0.0 st
MiB Mem :   3793.3 total,   2902.6 free,    348.6 used,    542.0 buff/cache
MiB Swap:      0.0 total,      0.0 free,      0.0 used.   3385.0 avail Mem 
--- Mon Sep  6 12:31:33 UTC 2021
top - 12:31:34 up 17 min,  1 user,  load average: 0.14, 0.21, 0.17
Tasks: 139 total,   1 running, 138 sleeping,   0 stopped,   0 zombie
%Cpu(s):  0.0 us,  8.3 sy,  0.0 ni, 91.7 id,  0.0 wa,  0.0 hi,  0.0 si,  0.0 st
MiB Mem :   3793.3 total,   2902.6 free,    348.6 used,    542.1 buff/cache
MiB Swap:      0.0 total,      0.0 free,      0.0 used.   3385.0 avail Mem 
--- Mon Sep  6 12:31:39 UTC 2021
top - 12:31:39 up 17 min,  1 user,  load average: 0.13, 0.21, 0.17
Tasks: 139 total,   1 running, 138 sleeping,   0 stopped,   0 zombie
%Cpu(s):  1.4 us,  2.8 sy,  0.0 ni, 95.8 id,  0.0 wa,  0.0 hi,  0.0 si,  0.0 st
MiB Mem :   3793.3 total,   2902.6 free,    348.6 used,    542.1 buff/cache
MiB Swap:      0.0 total,      0.0 free,      0.0 used.   3385.0 avail Mem 
--- Mon Sep  6 12:31:44 UTC 2021
top - 12:31:44 up 17 min,  1 user,  load average: 0.12, 0.20, 0.17
Tasks: 139 total,   1 running, 138 sleeping,   0 stopped,   0 zombie
%Cpu(s):  1.4 us,  4.1 sy,  0.0 ni, 94.5 id,  0.0 wa,  0.0 hi,  0.0 si,  0.0 st
MiB Mem :   3793.3 total,   2902.8 free,    348.4 used,    542.1 buff/cache
MiB Swap:      0.0 total,      0.0 free,      0.0 used.   3385.2 avail Mem 
--- Mon Sep  6 12:31:49 UTC 2021
top - 12:31:49 up 17 min,  1 user,  load average: 0.11, 0.20, 0.17
Tasks: 139 total,   1 running, 138 sleeping,   0 stopped,   0 zombie
%Cpu(s):  0.0 us,  5.4 sy,  0.0 ni, 94.6 id,  0.0 wa,  0.0 hi,  0.0 si,  0.0 st
MiB Mem :   3793.3 total,   2902.7 free,    348.5 used,    542.1 buff/cache
MiB Swap:      0.0 total,      0.0 free,      0.0 used.   3385.1 avail Mem 
--- Mon Sep  6 12:31:54 UTC 2021
top - 12:31:54 up 17 min,  1 user,  load average: 0.10, 0.20, 0.17
Tasks: 139 total,   1 running, 138 sleeping,   0 stopped,   0 zombie
%Cpu(s):  1.4 us,  5.5 sy,  0.0 ni, 93.2 id,  0.0 wa,  0.0 hi,  0.0 si,  0.0 st
MiB Mem :   3793.3 total,   2903.0 free,    348.2 used,    542.1 buff/cache
MiB Swap:      0.0 total,      0.0 free,      0.0 used.   3385.4 avail Mem 
--- Mon Sep  6 12:31:59 UTC 2021
top - 12:32:00 up 17 min,  1 user,  load average: 0.09, 0.19, 0.17
Tasks: 139 total,   1 running, 138 sleeping,   0 stopped,   0 zombie
%Cpu(s):  2.8 us,  5.6 sy,  0.0 ni, 91.7 id,  0.0 wa,  0.0 hi,  0.0 si,  0.0 st
MiB Mem :   3793.3 total,   2903.1 free,    348.1 used,    542.1 buff/cache
MiB Swap:      0.0 total,      0.0 free,      0.0 used.   3385.5 avail Mem 
--- Mon Sep  6 12:32:05 UTC 2021
top - 12:32:05 up 17 min,  1 user,  load average: 0.09, 0.19, 0.17
Tasks: 139 total,   1 running, 138 sleeping,   0 stopped,   0 zombie
%Cpu(s):  0.0 us,  4.1 sy,  0.0 ni, 95.9 id,  0.0 wa,  0.0 hi,  0.0 si,  0.0 st
MiB Mem :   3793.3 total,   2903.3 free,    347.9 used,    542.1 buff/cache
MiB Swap:      0.0 total,      0.0 free,      0.0 used.   3385.8 avail Mem 
--- Mon Sep  6 12:32:10 UTC 2021
top - 12:32:10 up 17 min,  1 user,  load average: 0.08, 0.19, 0.17
Tasks: 139 total,   1 running, 138 sleeping,   0 stopped,   0 zombie
%Cpu(s):  1.4 us,  4.1 sy,  0.0 ni, 94.6 id,  0.0 wa,  0.0 hi,  0.0 si,  0.0 st
MiB Mem :   3793.3 total,   2903.1 free,    348.1 used,    542.1 buff/cache
MiB Swap:      0.0 total,      0.0 free,      0.0 used.   3385.5 avail Mem 
--- Mon Sep  6 12:32:15 UTC 2021
top - 12:32:15 up 17 min,  1 user,  load average: 0.07, 0.18, 0.17
Tasks: 139 total,   1 running, 138 sleeping,   0 stopped,   0 zombie
%Cpu(s):  0.0 us,  5.4 sy,  0.0 ni, 94.6 id,  0.0 wa,  0.0 hi,  0.0 si,  0.0 st
MiB Mem :   3793.3 total,   2903.3 free,    347.9 used,    542.1 buff/cache
MiB Swap:      0.0 total,      0.0 free,      0.0 used.   3385.8 avail Mem 
--- Mon Sep  6 12:32:20 UTC 2021
top - 12:32:20 up 17 min,  1 user,  load average: 0.07, 0.18, 0.17
Tasks: 139 total,   1 running, 138 sleeping,   0 stopped,   0 zombie
%Cpu(s):  2.7 us,  4.1 sy,  0.0 ni, 93.2 id,  0.0 wa,  0.0 hi,  0.0 si,  0.0 st
MiB Mem :   3793.3 total,   2903.3 free,    347.8 used,    542.1 buff/cache
MiB Swap:      0.0 total,      0.0 free,      0.0 used.   3385.8 avail Mem 
--- Mon Sep  6 12:32:25 UTC 2021
top - 12:32:26 up 18 min,  1 user,  load average: 0.06, 0.18, 0.16
Tasks: 139 total,   1 running, 138 sleeping,   0 stopped,   0 zombie
%Cpu(s):  2.7 us,  4.1 sy,  0.0 ni, 93.2 id,  0.0 wa,  0.0 hi,  0.0 si,  0.0 st
MiB Mem :   3793.3 total,   2903.8 free,    347.3 used,    542.1 buff/cache
MiB Swap:      0.0 total,      0.0 free,      0.0 used.   3386.3 avail Mem 
--- Mon Sep  6 12:32:31 UTC 2021
top - 12:32:31 up 18 min,  1 user,  load average: 0.06, 0.17, 0.16
Tasks: 139 total,   1 running, 138 sleeping,   0 stopped,   0 zombie
%Cpu(s):  1.4 us,  2.8 sy,  0.0 ni, 95.8 id,  0.0 wa,  0.0 hi,  0.0 si,  0.0 st
MiB Mem :   3793.3 total,   2903.5 free,    347.6 used,    542.2 buff/cache
MiB Swap:      0.0 total,      0.0 free,      0.0 used.   3386.0 avail Mem 
--- Mon Sep  6 12:32:36 UTC 2021
top - 12:32:36 up 18 min,  1 user,  load average: 0.05, 0.17, 0.16
Tasks: 139 total,   1 running, 138 sleeping,   0 stopped,   0 zombie
%Cpu(s):  1.3 us,  6.7 sy,  0.0 ni, 92.0 id,  0.0 wa,  0.0 hi,  0.0 si,  0.0 st
MiB Mem :   3793.3 total,   2903.3 free,    347.8 used,    542.2 buff/cache
MiB Swap:      0.0 total,      0.0 free,      0.0 used.   3385.8 avail Mem 
--- Mon Sep  6 12:32:41 UTC 2021
top - 12:32:41 up 18 min,  1 user,  load average: 0.05, 0.17, 0.16
Tasks: 139 total,   1 running, 138 sleeping,   0 stopped,   0 zombie
%Cpu(s):  1.4 us,  1.4 sy,  0.0 ni, 97.2 id,  0.0 wa,  0.0 hi,  0.0 si,  0.0 st
MiB Mem :   3793.3 total,   2903.5 free,    347.6 used,    542.2 buff/cache
MiB Swap:      0.0 total,      0.0 free,      0.0 used.   3386.1 avail Mem 
--- Mon Sep  6 12:32:46 UTC 2021
top - 12:32:47 up 18 min,  1 user,  load average: 0.04, 0.16, 0.16
Tasks: 138 total,   1 running, 137 sleeping,   0 stopped,   0 zombie
%Cpu(s):  2.7 us,  5.3 sy,  0.0 ni, 92.0 id,  0.0 wa,  0.0 hi,  0.0 si,  0.0 st
MiB Mem :   3793.3 total,   2903.1 free,    348.0 used,    542.2 buff/cache
MiB Swap:      0.0 total,      0.0 free,      0.0 used.   3385.6 avail Mem 
--- Mon Sep  6 12:32:52 UTC 2021
top - 12:32:52 up 18 min,  1 user,  load average: 0.04, 0.16, 0.16
Tasks: 138 total,   1 running, 137 sleeping,   0 stopped,   0 zombie
%Cpu(s):  0.0 us,  5.5 sy,  0.0 ni, 94.5 id,  0.0 wa,  0.0 hi,  0.0 si,  0.0 st
MiB Mem :   3793.3 total,   2902.6 free,    348.5 used,    542.2 buff/cache
MiB Swap:      0.0 total,      0.0 free,      0.0 used.   3385.1 avail Mem 
--- Mon Sep  6 12:32:57 UTC 2021
top - 12:32:57 up 18 min,  1 user,  load average: 0.04, 0.16, 0.16
Tasks: 138 total,   1 running, 137 sleeping,   0 stopped,   0 zombie
%Cpu(s):  1.4 us,  4.1 sy,  0.0 ni, 94.5 id,  0.0 wa,  0.0 hi,  0.0 si,  0.0 st
MiB Mem :   3793.3 total,   2902.1 free,    349.0 used,    542.2 buff/cache
MiB Swap:      0.0 total,      0.0 free,      0.0 used.   3384.6 avail Mem 
--- Mon Sep  6 12:33:02 UTC 2021
top - 12:33:02 up 18 min,  1 user,  load average: 0.03, 0.16, 0.16
Tasks: 138 total,   1 running, 137 sleeping,   0 stopped,   0 zombie
%Cpu(s):  0.0 us,  4.1 sy,  0.0 ni, 94.5 id,  0.0 wa,  0.0 hi,  1.4 si,  0.0 st
MiB Mem :   3793.3 total,   2901.8 free,    349.3 used,    542.2 buff/cache
MiB Swap:      0.0 total,      0.0 free,      0.0 used.   3384.4 avail Mem 
--- Mon Sep  6 12:33:07 UTC 2021
top - 12:33:07 up 18 min,  1 user,  load average: 0.03, 0.15, 0.16
Tasks: 138 total,   1 running, 137 sleeping,   0 stopped,   0 zombie
%Cpu(s):  1.4 us,  4.2 sy,  0.0 ni, 94.4 id,  0.0 wa,  0.0 hi,  0.0 si,  0.0 st
MiB Mem :   3793.3 total,   2901.8 free,    349.2 used,    542.2 buff/cache
MiB Swap:      0.0 total,      0.0 free,      0.0 used.   3384.4 avail Mem 
--- Mon Sep  6 12:33:12 UTC 2021
top - 12:33:13 up 18 min,  1 user,  load average: 0.03, 0.15, 0.16
Tasks: 139 total,   1 running, 138 sleeping,   0 stopped,   0 zombie
%Cpu(s):  2.7 us,  4.1 sy,  0.0 ni, 93.2 id,  0.0 wa,  0.0 hi,  0.0 si,  0.0 st
MiB Mem :   3793.3 total,   2902.0 free,    349.0 used,    542.2 buff/cache
MiB Swap:      0.0 total,      0.0 free,      0.0 used.   3384.6 avail Mem 
--- Mon Sep  6 12:33:18 UTC 2021
top - 12:33:18 up 18 min,  1 user,  load average: 0.17, 0.18, 0.17
Tasks: 137 total,   1 running, 136 sleeping,   0 stopped,   0 zombie
%Cpu(s):  1.4 us,  4.1 sy,  0.0 ni, 94.5 id,  0.0 wa,  0.0 hi,  0.0 si,  0.0 st
MiB Mem :   3793.3 total,   2902.1 free,    349.0 used,    542.2 buff/cache
MiB Swap:      0.0 total,      0.0 free,      0.0 used.   3384.7 avail Mem 
--- Mon Sep  6 12:33:23 UTC 2021
top - 12:33:23 up 19 min,  1 user,  load average: 0.16, 0.17, 0.16
Tasks: 139 total,   1 running, 138 sleeping,   0 stopped,   0 zombie
%Cpu(s):  1.4 us,  4.1 sy,  0.0 ni, 94.5 id,  0.0 wa,  0.0 hi,  0.0 si,  0.0 st
MiB Mem :   3793.3 total,   2901.8 free,    349.2 used,    542.2 buff/cache
MiB Swap:      0.0 total,      0.0 free,      0.0 used.   3384.4 avail Mem 
--- Mon Sep  6 12:33:28 UTC 2021
top - 12:33:28 up 19 min,  1 user,  load average: 0.14, 0.17, 0.16
Tasks: 139 total,   1 running, 138 sleeping,   0 stopped,   0 zombie
%Cpu(s):  1.4 us,  4.1 sy,  0.0 ni, 94.6 id,  0.0 wa,  0.0 hi,  0.0 si,  0.0 st
MiB Mem :   3793.3 total,   2902.3 free,    348.7 used,    542.3 buff/cache
MiB Swap:      0.0 total,      0.0 free,      0.0 used.   3384.9 avail Mem 
--- Mon Sep  6 12:33:33 UTC 2021
top - 12:33:33 up 19 min,  1 user,  load average: 0.13, 0.17, 0.16
Tasks: 139 total,   1 running, 138 sleeping,   0 stopped,   0 zombie
%Cpu(s):  1.4 us,  5.5 sy,  0.0 ni, 93.2 id,  0.0 wa,  0.0 hi,  0.0 si,  0.0 st
MiB Mem :   3793.3 total,   2901.8 free,    349.2 used,    542.3 buff/cache
MiB Swap:      0.0 total,      0.0 free,      0.0 used.   3384.4 avail Mem 
--- Mon Sep  6 12:33:39 UTC 2021
top - 12:33:39 up 19 min,  1 user,  load average: 0.12, 0.17, 0.16
Tasks: 140 total,   1 running, 139 sleeping,   0 stopped,   0 zombie
%Cpu(s):  1.4 us,  4.1 sy,  0.0 ni, 94.5 id,  0.0 wa,  0.0 hi,  0.0 si,  0.0 st
MiB Mem :   3793.3 total,   2901.6 free,    349.4 used,    542.3 buff/cache
MiB Swap:      0.0 total,      0.0 free,      0.0 used.   3384.2 avail Mem 
--- Mon Sep  6 12:33:44 UTC 2021
top - 12:33:44 up 19 min,  1 user,  load average: 0.11, 0.16, 0.16
Tasks: 140 total,   1 running, 139 sleeping,   0 stopped,   0 zombie
%Cpu(s):  0.0 us,  5.5 sy,  0.0 ni, 94.5 id,  0.0 wa,  0.0 hi,  0.0 si,  0.0 st
MiB Mem :   3793.3 total,   2901.3 free,    349.6 used,    542.3 buff/cache
MiB Swap:      0.0 total,      0.0 free,      0.0 used.   3384.0 avail Mem 
--- Mon Sep  6 12:33:49 UTC 2021
top - 12:33:49 up 19 min,  1 user,  load average: 0.10, 0.16, 0.16
Tasks: 140 total,   1 running, 139 sleeping,   0 stopped,   0 zombie
%Cpu(s):  1.3 us,  5.3 sy,  0.0 ni, 93.3 id,  0.0 wa,  0.0 hi,  0.0 si,  0.0 st
MiB Mem :   3793.3 total,   2901.3 free,    349.7 used,    542.3 buff/cache
MiB Swap:      0.0 total,      0.0 free,      0.0 used.   3383.9 avail Mem 
--- Mon Sep  6 12:33:54 UTC 2021
top - 12:33:54 up 19 min,  1 user,  load average: 0.09, 0.16, 0.16
Tasks: 141 total,   1 running, 140 sleeping,   0 stopped,   0 zombie
%Cpu(s):  0.0 us,  6.9 sy,  0.0 ni, 93.1 id,  0.0 wa,  0.0 hi,  0.0 si,  0.0 st
MiB Mem :   3793.3 total,   2901.0 free,    349.9 used,    542.3 buff/cache
MiB Swap:      0.0 total,      0.0 free,      0.0 used.   3383.7 avail Mem 
--- Mon Sep  6 12:33:59 UTC 2021
top - 12:34:00 up 19 min,  1 user,  load average: 0.09, 0.15, 0.16
Tasks: 141 total,   1 running, 140 sleeping,   0 stopped,   0 zombie
%Cpu(s):  2.7 us,  5.5 sy,  0.0 ni, 91.8 id,  0.0 wa,  0.0 hi,  0.0 si,  0.0 st
MiB Mem :   3793.3 total,   2900.8 free,    350.1 used,    542.3 buff/cache
MiB Swap:      0.0 total,      0.0 free,      0.0 used.   3383.5 avail Mem 
--- Mon Sep  6 12:34:05 UTC 2021
top - 12:34:05 up 19 min,  1 user,  load average: 0.08, 0.15, 0.16
Tasks: 141 total,   1 running, 140 sleeping,   0 stopped,   0 zombie
%Cpu(s):  2.7 us,  2.7 sy,  0.0 ni, 94.5 id,  0.0 wa,  0.0 hi,  0.0 si,  0.0 st
MiB Mem :   3793.3 total,   2901.0 free,    350.0 used,    542.3 buff/cache
MiB Swap:      0.0 total,      0.0 free,      0.0 used.   3383.7 avail Mem 
--- Mon Sep  6 12:34:10 UTC 2021
top - 12:34:10 up 19 min,  1 user,  load average: 0.07, 0.15, 0.16
Tasks: 141 total,   1 running, 140 sleeping,   0 stopped,   0 zombie
%Cpu(s):  0.0 us,  4.2 sy,  0.0 ni, 95.8 id,  0.0 wa,  0.0 hi,  0.0 si,  0.0 st
MiB Mem :   3793.3 total,   2901.2 free,    349.7 used,    542.4 buff/cache
MiB Swap:      0.0 total,      0.0 free,      0.0 used.   3383.9 avail Mem 
--- Mon Sep  6 12:34:15 UTC 2021
top - 12:34:15 up 19 min,  1 user,  load average: 0.07, 0.14, 0.15
Tasks: 141 total,   1 running, 140 sleeping,   0 stopped,   0 zombie
%Cpu(s):  2.7 us,  2.7 sy,  0.0 ni, 94.7 id,  0.0 wa,  0.0 hi,  0.0 si,  0.0 st
MiB Mem :   3793.3 total,   2900.9 free,    350.0 used,    542.4 buff/cache
MiB Swap:      0.0 total,      0.0 free,      0.0 used.   3383.6 avail Mem 
--- Mon Sep  6 12:34:20 UTC 2021
top - 12:34:20 up 19 min,  1 user,  load average: 0.06, 0.14, 0.15
Tasks: 141 total,   1 running, 140 sleeping,   0 stopped,   0 zombie
%Cpu(s):  2.7 us,  4.1 sy,  0.0 ni, 93.2 id,  0.0 wa,  0.0 hi,  0.0 si,  0.0 st
MiB Mem :   3793.3 total,   2900.6 free,    350.3 used,    542.4 buff/cache
MiB Swap:      0.0 total,      0.0 free,      0.0 used.   3383.3 avail Mem 
--- Mon Sep  6 12:34:25 UTC 2021
top - 12:34:26 up 20 min,  1 user,  load average: 0.06, 0.14, 0.15
Tasks: 141 total,   1 running, 140 sleeping,   0 stopped,   0 zombie
%Cpu(s):  2.7 us,  8.0 sy,  0.0 ni, 89.3 id,  0.0 wa,  0.0 hi,  0.0 si,  0.0 st
MiB Mem :   3793.3 total,   2901.0 free,    349.8 used,    542.4 buff/cache
MiB Swap:      0.0 total,      0.0 free,      0.0 used.   3383.8 avail Mem 
--- Mon Sep  6 12:34:31 UTC 2021
top - 12:34:31 up 20 min,  1 user,  load average: 0.05, 0.14, 0.15
Tasks: 141 total,   1 running, 140 sleeping,   0 stopped,   0 zombie
%Cpu(s):  2.7 us,  4.1 sy,  0.0 ni, 93.2 id,  0.0 wa,  0.0 hi,  0.0 si,  0.0 st
MiB Mem :   3793.3 total,   2901.5 free,    349.3 used,    542.4 buff/cache
MiB Swap:      0.0 total,      0.0 free,      0.0 used.   3384.3 avail Mem 
--- Mon Sep  6 12:34:36 UTC 2021
top - 12:34:36 up 20 min,  1 user,  load average: 0.05, 0.14, 0.15
Tasks: 141 total,   1 running, 140 sleeping,   0 stopped,   0 zombie
%Cpu(s):  0.0 us,  4.1 sy,  0.0 ni, 95.9 id,  0.0 wa,  0.0 hi,  0.0 si,  0.0 st
MiB Mem :   3793.3 total,   2901.3 free,    349.6 used,    542.4 buff/cache
MiB Swap:      0.0 total,      0.0 free,      0.0 used.   3384.0 avail Mem 
--- Mon Sep  6 12:34:41 UTC 2021
top - 12:34:41 up 20 min,  1 user,  load average: 0.04, 0.13, 0.15
Tasks: 141 total,   1 running, 140 sleeping,   0 stopped,   0 zombie
%Cpu(s):  0.0 us,  5.4 sy,  0.0 ni, 94.6 id,  0.0 wa,  0.0 hi,  0.0 si,  0.0 st
MiB Mem :   3793.3 total,   2901.5 free,    349.3 used,    542.4 buff/cache
MiB Swap:      0.0 total,      0.0 free,      0.0 used.   3384.3 avail Mem 
--- Mon Sep  6 12:34:46 UTC 2021
top - 12:34:46 up 20 min,  1 user,  load average: 0.04, 0.13, 0.15
Tasks: 141 total,   1 running, 140 sleeping,   0 stopped,   0 zombie
%Cpu(s):  2.7 us,  2.7 sy,  0.0 ni, 94.5 id,  0.0 wa,  0.0 hi,  0.0 si,  0.0 st
MiB Mem :   3793.3 total,   2901.7 free,    349.2 used,    542.4 buff/cache
MiB Swap:      0.0 total,      0.0 free,      0.0 used.   3384.4 avail Mem 
--- Mon Sep  6 12:34:52 UTC 2021
top - 12:34:52 up 20 min,  1 user,  load average: 0.04, 0.13, 0.15
Tasks: 141 total,   1 running, 140 sleeping,   0 stopped,   0 zombie
%Cpu(s):  1.4 us,  2.7 sy,  0.0 ni, 95.9 id,  0.0 wa,  0.0 hi,  0.0 si,  0.0 st
MiB Mem :   3793.3 total,   2901.5 free,    349.3 used,    542.4 buff/cache
MiB Swap:      0.0 total,      0.0 free,      0.0 used.   3384.3 avail Mem 
--- Mon Sep  6 12:34:57 UTC 2021
top - 12:34:57 up 20 min,  1 user,  load average: 0.03, 0.13, 0.15
Tasks: 138 total,   1 running, 137 sleeping,   0 stopped,   0 zombie
%Cpu(s):  1.4 us,  5.4 sy,  0.0 ni, 93.2 id,  0.0 wa,  0.0 hi,  0.0 si,  0.0 st
MiB Mem :   3793.3 total,   2901.8 free,    349.0 used,    542.4 buff/cache
MiB Swap:      0.0 total,      0.0 free,      0.0 used.   3384.6 avail Mem 
--- Mon Sep  6 12:35:02 UTC 2021
top - 12:35:02 up 20 min,  1 user,  load average: 0.03, 0.12, 0.15
Tasks: 138 total,   1 running, 137 sleeping,   0 stopped,   0 zombie
%Cpu(s):  1.4 us,  4.1 sy,  0.0 ni, 94.6 id,  0.0 wa,  0.0 hi,  0.0 si,  0.0 st
MiB Mem :   3793.3 total,   2901.6 free,    349.3 used,    542.4 buff/cache
MiB Swap:      0.0 total,      0.0 free,      0.0 used.   3384.4 avail Mem 
--- Mon Sep  6 12:35:07 UTC 2021
top - 12:35:07 up 20 min,  1 user,  load average: 0.03, 0.12, 0.14
Tasks: 138 total,   1 running, 137 sleeping,   0 stopped,   0 zombie
%Cpu(s):  1.4 us,  4.1 sy,  0.0 ni, 94.5 id,  0.0 wa,  0.0 hi,  0.0 si,  0.0 st
MiB Mem :   3793.3 total,   2901.7 free,    349.2 used,    542.4 buff/cache
MiB Swap:      0.0 total,      0.0 free,      0.0 used.   3384.5 avail Mem 
--- Mon Sep  6 12:35:12 UTC 2021
top - 12:35:13 up 20 min,  1 user,  load average: 0.02, 0.12, 0.14
Tasks: 138 total,   1 running, 137 sleeping,   0 stopped,   0 zombie
%Cpu(s):  1.4 us,  2.8 sy,  0.0 ni, 95.8 id,  0.0 wa,  0.0 hi,  0.0 si,  0.0 st
MiB Mem :   3793.3 total,   2902.5 free,    348.3 used,    542.5 buff/cache
MiB Swap:      0.0 total,      0.0 free,      0.0 used.   3385.3 avail Mem 
--- Mon Sep  6 12:35:18 UTC 2021
top - 12:35:18 up 20 min,  1 user,  load average: 0.02, 0.12, 0.14
Tasks: 138 total,   1 running, 137 sleeping,   0 stopped,   0 zombie
%Cpu(s):  0.0 us,  5.4 sy,  0.0 ni, 94.6 id,  0.0 wa,  0.0 hi,  0.0 si,  0.0 st
MiB Mem :   3793.3 total,   2902.8 free,    348.0 used,    542.5 buff/cache
MiB Swap:      0.0 total,      0.0 free,      0.0 used.   3385.6 avail Mem 
--- Mon Sep  6 12:35:23 UTC 2021
top - 12:35:23 up 21 min,  1 user,  load average: 0.18, 0.15, 0.15
Tasks: 138 total,   1 running, 137 sleeping,   0 stopped,   0 zombie
%Cpu(s):  1.4 us,  5.5 sy,  0.0 ni, 93.2 id,  0.0 wa,  0.0 hi,  0.0 si,  0.0 st
MiB Mem :   3793.3 total,   2902.8 free,    348.0 used,    542.5 buff/cache
MiB Swap:      0.0 total,      0.0 free,      0.0 used.   3385.6 avail Mem 
--- Mon Sep  6 12:35:28 UTC 2021
top - 12:35:28 up 21 min,  1 user,  load average: 0.16, 0.14, 0.15
Tasks: 138 total,   1 running, 137 sleeping,   0 stopped,   0 zombie
%Cpu(s):  0.0 us,  5.5 sy,  0.0 ni, 94.5 id,  0.0 wa,  0.0 hi,  0.0 si,  0.0 st
MiB Mem :   3793.3 total,   2902.9 free,    347.9 used,    542.5 buff/cache
MiB Swap:      0.0 total,      0.0 free,      0.0 used.   3385.7 avail Mem 
--- Mon Sep  6 12:35:33 UTC 2021
top - 12:35:33 up 21 min,  1 user,  load average: 0.15, 0.14, 0.15
Tasks: 138 total,   1 running, 137 sleeping,   0 stopped,   0 zombie
%Cpu(s):  1.4 us,  4.2 sy,  0.0 ni, 94.4 id,  0.0 wa,  0.0 hi,  0.0 si,  0.0 st
MiB Mem :   3793.3 total,   2903.0 free,    347.8 used,    542.5 buff/cache
MiB Swap:      0.0 total,      0.0 free,      0.0 used.   3385.8 avail Mem 
--- Mon Sep  6 12:35:38 UTC 2021
top - 12:35:39 up 21 min,  1 user,  load average: 0.14, 0.14, 0.15
Tasks: 138 total,   1 running, 137 sleeping,   0 stopped,   0 zombie
%Cpu(s):  0.0 us,  5.5 sy,  0.0 ni, 94.5 id,  0.0 wa,  0.0 hi,  0.0 si,  0.0 st
MiB Mem :   3793.3 total,   2903.0 free,    347.7 used,    542.5 buff/cache
MiB Swap:      0.0 total,      0.0 free,      0.0 used.   3385.9 avail Mem 
--- Mon Sep  6 12:35:44 UTC 2021
top - 12:35:44 up 21 min,  1 user,  load average: 0.13, 0.14, 0.15
Tasks: 138 total,   1 running, 137 sleeping,   0 stopped,   0 zombie
%Cpu(s):  1.4 us,  2.8 sy,  0.0 ni, 95.8 id,  0.0 wa,  0.0 hi,  0.0 si,  0.0 st
MiB Mem :   3793.3 total,   2902.9 free,    347.9 used,    542.5 buff/cache
MiB Swap:      0.0 total,      0.0 free,      0.0 used.   3385.8 avail Mem 
--- Mon Sep  6 12:35:49 UTC 2021
top - 12:35:49 up 21 min,  1 user,  load average: 0.12, 0.13, 0.15
Tasks: 138 total,   1 running, 137 sleeping,   0 stopped,   0 zombie
%Cpu(s):  2.7 us,  4.1 sy,  0.0 ni, 93.2 id,  0.0 wa,  0.0 hi,  0.0 si,  0.0 st
MiB Mem :   3793.3 total,   2903.2 free,    347.6 used,    542.5 buff/cache
MiB Swap:      0.0 total,      0.0 free,      0.0 used.   3386.0 avail Mem 
--- Mon Sep  6 12:35:54 UTC 2021
top - 12:35:54 up 21 min,  1 user,  load average: 0.27, 0.16, 0.16
Tasks: 138 total,   1 running, 137 sleeping,   0 stopped,   0 zombie
%Cpu(s):  1.4 us,  2.7 sy,  0.0 ni, 95.9 id,  0.0 wa,  0.0 hi,  0.0 si,  0.0 st
MiB Mem :   3793.3 total,   2903.0 free,    347.7 used,    542.5 buff/cache
MiB Swap:      0.0 total,      0.0 free,      0.0 used.   3385.9 avail Mem 
--- Mon Sep  6 12:35:59 UTC 2021
top - 12:35:59 up 21 min,  1 user,  load average: 0.25, 0.16, 0.16
Tasks: 138 total,   1 running, 137 sleeping,   0 stopped,   0 zombie
%Cpu(s):  1.4 us,  7.0 sy,  0.0 ni, 91.5 id,  0.0 wa,  0.0 hi,  0.0 si,  0.0 st
MiB Mem :   3793.3 total,   2903.2 free,    347.6 used,    542.5 buff/cache
MiB Swap:      0.0 total,      0.0 free,      0.0 used.   3386.0 avail Mem 
--- Mon Sep  6 12:36:05 UTC 2021
top - 12:36:05 up 21 min,  1 user,  load average: 0.23, 0.16, 0.16
Tasks: 138 total,   1 running, 137 sleeping,   0 stopped,   0 zombie
%Cpu(s):  2.7 us,  1.4 sy,  0.0 ni, 95.9 id,  0.0 wa,  0.0 hi,  0.0 si,  0.0 st
MiB Mem :   3793.3 total,   2903.0 free,    347.7 used,    542.5 buff/cache
MiB Swap:      0.0 total,      0.0 free,      0.0 used.   3385.9 avail Mem 
--- Mon Sep  6 12:36:10 UTC 2021
top - 12:36:10 up 21 min,  1 user,  load average: 0.21, 0.16, 0.15
Tasks: 138 total,   1 running, 137 sleeping,   0 stopped,   0 zombie
%Cpu(s):  4.1 us,  2.7 sy,  0.0 ni, 93.2 id,  0.0 wa,  0.0 hi,  0.0 si,  0.0 st
MiB Mem :   3793.3 total,   2903.0 free,    347.7 used,    542.5 buff/cache
MiB Swap:      0.0 total,      0.0 free,      0.0 used.   3385.9 avail Mem 
--- Mon Sep  6 12:36:15 UTC 2021
top - 12:36:15 up 21 min,  1 user,  load average: 0.19, 0.15, 0.15
Tasks: 138 total,   1 running, 137 sleeping,   0 stopped,   0 zombie
%Cpu(s):  2.8 us,  1.4 sy,  0.0 ni, 95.8 id,  0.0 wa,  0.0 hi,  0.0 si,  0.0 st
MiB Mem :   3793.3 total,   2903.0 free,    347.7 used,    542.6 buff/cache
MiB Swap:      0.0 total,      0.0 free,      0.0 used.   3385.9 avail Mem 
--- Mon Sep  6 12:36:20 UTC 2021
top - 12:36:20 up 21 min,  1 user,  load average: 0.18, 0.15, 0.15
Tasks: 138 total,   1 running, 137 sleeping,   0 stopped,   0 zombie
%Cpu(s):  1.4 us,  5.4 sy,  0.0 ni, 93.2 id,  0.0 wa,  0.0 hi,  0.0 si,  0.0 st
MiB Mem :   3793.3 total,   2903.2 free,    347.5 used,    542.6 buff/cache
MiB Swap:      0.0 total,      0.0 free,      0.0 used.   3386.1 avail Mem 
--- Mon Sep  6 12:36:25 UTC 2021
top - 12:36:26 up 22 min,  1 user,  load average: 0.16, 0.15, 0.15
Tasks: 138 total,   1 running, 137 sleeping,   0 stopped,   0 zombie
%Cpu(s):  2.7 us,  5.5 sy,  0.0 ni, 91.8 id,  0.0 wa,  0.0 hi,  0.0 si,  0.0 st
MiB Mem :   3793.3 total,   2903.3 free,    347.4 used,    542.6 buff/cache
MiB Swap:      0.0 total,      0.0 free,      0.0 used.   3386.2 avail Mem 
--- Mon Sep  6 12:36:31 UTC 2021
top - 12:36:31 up 22 min,  1 user,  load average: 0.15, 0.14, 0.15
Tasks: 138 total,   1 running, 137 sleeping,   0 stopped,   0 zombie
%Cpu(s):  4.1 us, 17.8 sy,  0.0 ni, 78.1 id,  0.0 wa,  0.0 hi,  0.0 si,  0.0 st
MiB Mem :   3793.3 total,   2903.0 free,    347.7 used,    542.6 buff/cache
MiB Swap:      0.0 total,      0.0 free,      0.0 used.   3385.9 avail Mem 
--- Mon Sep  6 12:36:36 UTC 2021
top - 12:36:36 up 22 min,  1 user,  load average: 0.22, 0.16, 0.16
Tasks: 138 total,   1 running, 137 sleeping,   0 stopped,   0 zombie
%Cpu(s):  1.3 us,  5.3 sy,  0.0 ni, 93.3 id,  0.0 wa,  0.0 hi,  0.0 si,  0.0 st
MiB Mem :   3793.3 total,   2903.0 free,    347.6 used,    542.6 buff/cache
MiB Swap:      0.0 total,      0.0 free,      0.0 used.   3386.0 avail Mem 
--- Mon Sep  6 12:36:41 UTC 2021
top - 12:36:41 up 22 min,  1 user,  load average: 0.20, 0.16, 0.15
Tasks: 138 total,   1 running, 137 sleeping,   0 stopped,   0 zombie
%Cpu(s):  1.4 us,  4.1 sy,  0.0 ni, 94.5 id,  0.0 wa,  0.0 hi,  0.0 si,  0.0 st
MiB Mem :   3793.3 total,   2903.5 free,    347.1 used,    542.6 buff/cache
MiB Swap:      0.0 total,      0.0 free,      0.0 used.   3386.5 avail Mem 
--- Mon Sep  6 12:36:46 UTC 2021
top - 12:36:46 up 22 min,  1 user,  load average: 0.18, 0.15, 0.15
Tasks: 138 total,   1 running, 137 sleeping,   0 stopped,   0 zombie
%Cpu(s):  0.0 us,  5.5 sy,  0.0 ni, 94.5 id,  0.0 wa,  0.0 hi,  0.0 si,  0.0 st
MiB Mem :   3793.3 total,   2903.3 free,    347.4 used,    542.6 buff/cache
MiB Swap:      0.0 total,      0.0 free,      0.0 used.   3386.2 avail Mem 
--- Mon Sep  6 12:36:51 UTC 2021
top - 12:36:52 up 22 min,  1 user,  load average: 0.17, 0.15, 0.15
Tasks: 138 total,   1 running, 137 sleeping,   0 stopped,   0 zombie
%Cpu(s):  0.0 us,  6.9 sy,  0.0 ni, 93.1 id,  0.0 wa,  0.0 hi,  0.0 si,  0.0 st
MiB Mem :   3793.3 total,   2902.3 free,    348.4 used,    542.6 buff/cache
MiB Swap:      0.0 total,      0.0 free,      0.0 used.   3385.2 avail Mem 
--- Mon Sep  6 12:36:57 UTC 2021
top - 12:36:57 up 22 min,  1 user,  load average: 0.15, 0.15, 0.15
Tasks: 138 total,   1 running, 137 sleeping,   0 stopped,   0 zombie
%Cpu(s):  1.4 us,  2.8 sy,  0.0 ni, 95.8 id,  0.0 wa,  0.0 hi,  0.0 si,  0.0 st
MiB Mem :   3793.3 total,   2902.0 free,    348.6 used,    542.6 buff/cache
MiB Swap:      0.0 total,      0.0 free,      0.0 used.   3385.0 avail Mem 
--- Mon Sep  6 12:37:02 UTC 2021
top - 12:37:02 up 22 min,  1 user,  load average: 0.14, 0.14, 0.15
Tasks: 138 total,   1 running, 137 sleeping,   0 stopped,   0 zombie
%Cpu(s):  0.0 us,  5.6 sy,  0.0 ni, 94.4 id,  0.0 wa,  0.0 hi,  0.0 si,  0.0 st
MiB Mem :   3793.3 total,   2901.5 free,    349.1 used,    542.6 buff/cache
MiB Swap:      0.0 total,      0.0 free,      0.0 used.   3384.5 avail Mem 
--- Mon Sep  6 12:37:07 UTC 2021
top - 12:37:07 up 22 min,  1 user,  load average: 0.13, 0.14, 0.15
Tasks: 138 total,   1 running, 137 sleeping,   0 stopped,   0 zombie
%Cpu(s):  1.4 us,  5.4 sy,  0.0 ni, 93.2 id,  0.0 wa,  0.0 hi,  0.0 si,  0.0 st
MiB Mem :   3793.3 total,   2901.0 free,    349.6 used,    542.6 buff/cache
MiB Swap:      0.0 total,      0.0 free,      0.0 used.   3384.0 avail Mem 
--- Mon Sep  6 12:37:12 UTC 2021
top - 12:37:12 up 22 min,  1 user,  load average: 0.12, 0.14, 0.15
Tasks: 138 total,   1 running, 137 sleeping,   0 stopped,   0 zombie
%Cpu(s):  0.0 us,  5.5 sy,  0.0 ni, 94.5 id,  0.0 wa,  0.0 hi,  0.0 si,  0.0 st
MiB Mem :   3793.3 total,   2900.6 free,    350.1 used,    542.6 buff/cache
MiB Swap:      0.0 total,      0.0 free,      0.0 used.   3383.5 avail Mem 
--- Mon Sep  6 12:37:18 UTC 2021
top - 12:37:18 up 22 min,  1 user,  load average: 0.11, 0.14, 0.15
Tasks: 138 total,   1 running, 137 sleeping,   0 stopped,   0 zombie
%Cpu(s):  2.7 us,  2.7 sy,  0.0 ni, 94.6 id,  0.0 wa,  0.0 hi,  0.0 si,  0.0 st
MiB Mem :   3793.3 total,   2901.0 free,    349.7 used,    542.6 buff/cache
MiB Swap:      0.0 total,      0.0 free,      0.0 used.   3384.0 avail Mem 
--- Mon Sep  6 12:37:23 UTC 2021
top - 12:37:23 up 23 min,  1 user,  load average: 0.10, 0.13, 0.15
Tasks: 138 total,   1 running, 137 sleeping,   0 stopped,   0 zombie
%Cpu(s):  2.7 us,  4.1 sy,  0.0 ni, 93.2 id,  0.0 wa,  0.0 hi,  0.0 si,  0.0 st
MiB Mem :   3793.3 total,   2901.0 free,    349.6 used,    542.7 buff/cache
MiB Swap:      0.0 total,      0.0 free,      0.0 used.   3384.1 avail Mem 
--- Mon Sep  6 12:37:28 UTC 2021
top - 12:37:28 up 23 min,  1 user,  load average: 0.08, 0.13, 0.14
Tasks: 138 total,   1 running, 137 sleeping,   0 stopped,   0 zombie
%Cpu(s):  2.6 us,  3.9 sy,  0.0 ni, 93.4 id,  0.0 wa,  0.0 hi,  0.0 si,  0.0 st
MiB Mem :   3793.3 total,   2901.0 free,    349.6 used,    542.7 buff/cache
MiB Swap:      0.0 total,      0.0 free,      0.0 used.   3384.1 avail Mem 
--- Mon Sep  6 12:37:33 UTC 2021
top - 12:37:33 up 23 min,  1 user,  load average: 0.08, 0.13, 0.14
Tasks: 139 total,   1 running, 138 sleeping,   0 stopped,   0 zombie
%Cpu(s):  2.7 us,  2.7 sy,  0.0 ni, 94.5 id,  0.0 wa,  0.0 hi,  0.0 si,  0.0 st
MiB Mem :   3793.3 total,   2902.3 free,    348.3 used,    542.7 buff/cache
MiB Swap:      0.0 total,      0.0 free,      0.0 used.   3385.3 avail Mem 
--- Mon Sep  6 12:37:38 UTC 2021
top - 12:37:39 up 23 min,  1 user,  load average: 0.07, 0.12, 0.14
Tasks: 139 total,   1 running, 138 sleeping,   0 stopped,   0 zombie
%Cpu(s):  0.0 us,  5.4 sy,  0.0 ni, 94.6 id,  0.0 wa,  0.0 hi,  0.0 si,  0.0 st
MiB Mem :   3793.3 total,   2902.0 free,    348.6 used,    542.7 buff/cache
MiB Swap:      0.0 total,      0.0 free,      0.0 used.   3385.1 avail Mem 
--- Mon Sep  6 12:37:44 UTC 2021
top - 12:37:44 up 23 min,  1 user,  load average: 0.07, 0.12, 0.14
Tasks: 139 total,   1 running, 138 sleeping,   0 stopped,   0 zombie
%Cpu(s):  0.0 us,  4.2 sy,  0.0 ni, 95.8 id,  0.0 wa,  0.0 hi,  0.0 si,  0.0 st
MiB Mem :   3793.3 total,   2901.9 free,    348.7 used,    542.7 buff/cache
MiB Swap:      0.0 total,      0.0 free,      0.0 used.   3385.0 avail Mem 
--- Mon Sep  6 12:37:49 UTC 2021
top - 12:37:49 up 23 min,  1 user,  load average: 0.06, 0.12, 0.14
Tasks: 139 total,   1 running, 138 sleeping,   0 stopped,   0 zombie
%Cpu(s):  1.4 us,  4.2 sy,  0.0 ni, 94.4 id,  0.0 wa,  0.0 hi,  0.0 si,  0.0 st
MiB Mem :   3793.3 total,   2901.8 free,    348.8 used,    542.7 buff/cache
MiB Swap:      0.0 total,      0.0 free,      0.0 used.   3384.8 avail Mem 
--- Mon Sep  6 12:37:54 UTC 2021
top - 12:37:54 up 23 min,  1 user,  load average: 0.06, 0.12, 0.14
Tasks: 139 total,   1 running, 138 sleeping,   0 stopped,   0 zombie
%Cpu(s):  1.4 us,  4.1 sy,  0.0 ni, 94.6 id,  0.0 wa,  0.0 hi,  0.0 si,  0.0 st
MiB Mem :   3793.3 total,   2901.7 free,    348.9 used,    542.7 buff/cache
MiB Swap:      0.0 total,      0.0 free,      0.0 used.   3384.7 avail Mem 
--- Mon Sep  6 12:37:59 UTC 2021
top - 12:37:59 up 23 min,  1 user,  load average: 0.05, 0.12, 0.14
Tasks: 139 total,   1 running, 138 sleeping,   0 stopped,   0 zombie
%Cpu(s):  1.4 us,  4.2 sy,  0.0 ni, 94.4 id,  0.0 wa,  0.0 hi,  0.0 si,  0.0 st
MiB Mem :   3793.3 total,   2901.7 free,    348.9 used,    542.7 buff/cache
MiB Swap:      0.0 total,      0.0 free,      0.0 used.   3384.7 avail Mem 
--- Mon Sep  6 12:38:04 UTC 2021
top - 12:38:05 up 23 min,  1 user,  load average: 0.05, 0.11, 0.14
Tasks: 139 total,   1 running, 138 sleeping,   0 stopped,   0 zombie
%Cpu(s):  0.0 us,  5.4 sy,  0.0 ni, 94.6 id,  0.0 wa,  0.0 hi,  0.0 si,  0.0 st
MiB Mem :   3793.3 total,   2901.8 free,    348.8 used,    542.7 buff/cache
MiB Swap:      0.0 total,      0.0 free,      0.0 used.   3384.9 avail Mem 
--- Mon Sep  6 12:38:10 UTC 2021
top - 12:38:10 up 23 min,  1 user,  load average: 0.04, 0.11, 0.14
Tasks: 139 total,   1 running, 138 sleeping,   0 stopped,   0 zombie
%Cpu(s):  4.2 us,  4.2 sy,  0.0 ni, 91.7 id,  0.0 wa,  0.0 hi,  0.0 si,  0.0 st
MiB Mem :   3793.3 total,   2901.5 free,    349.0 used,    542.7 buff/cache
MiB Swap:      0.0 total,      0.0 free,      0.0 used.   3384.6 avail Mem 
--- Mon Sep  6 12:38:15 UTC 2021
top - 12:38:15 up 23 min,  1 user,  load average: 0.04, 0.11, 0.14
Tasks: 138 total,   1 running, 137 sleeping,   0 stopped,   0 zombie
%Cpu(s):  2.7 us,  2.7 sy,  0.0 ni, 94.6 id,  0.0 wa,  0.0 hi,  0.0 si,  0.0 st
MiB Mem :   3793.3 total,   2904.4 free,    346.1 used,    542.7 buff/cache
MiB Swap:      0.0 total,      0.0 free,      0.0 used.   3387.5 avail Mem 
--- Mon Sep  6 12:38:20 UTC 2021
top - 12:38:20 up 23 min,  1 user,  load average: 0.04, 0.11, 0.14
Tasks: 138 total,   1 running, 137 sleeping,   0 stopped,   0 zombie
%Cpu(s):  1.4 us,  2.7 sy,  0.0 ni, 95.9 id,  0.0 wa,  0.0 hi,  0.0 si,  0.0 st
MiB Mem :   3793.3 total,   2904.8 free,    345.8 used,    542.8 buff/cache
MiB Swap:      0.0 total,      0.0 free,      0.0 used.   3387.9 avail Mem 
--- Mon Sep  6 12:38:25 UTC 2021
top - 12:38:25 up 24 min,  1 user,  load average: 0.03, 0.11, 0.13
Tasks: 138 total,   1 running, 137 sleeping,   0 stopped,   0 zombie
%Cpu(s):  4.2 us,  8.3 sy,  0.0 ni, 87.5 id,  0.0 wa,  0.0 hi,  0.0 si,  0.0 st
MiB Mem :   3793.3 total,   2904.8 free,    345.8 used,    542.8 buff/cache
MiB Swap:      0.0 total,      0.0 free,      0.0 used.   3387.9 avail Mem 
--- Mon Sep  6 12:38:31 UTC 2021
top - 12:38:31 up 24 min,  1 user,  load average: 0.03, 0.10, 0.13
Tasks: 137 total,   1 running, 136 sleeping,   0 stopped,   0 zombie
%Cpu(s):  0.0 us,  4.2 sy,  0.0 ni, 95.8 id,  0.0 wa,  0.0 hi,  0.0 si,  0.0 st
MiB Mem :   3793.3 total,   2904.6 free,    345.9 used,    542.8 buff/cache
MiB Swap:      0.0 total,      0.0 free,      0.0 used.   3387.8 avail Mem 
--- Mon Sep  6 12:38:36 UTC 2021
top - 12:38:36 up 24 min,  1 user,  load average: 0.03, 0.10, 0.13
Tasks: 137 total,   1 running, 136 sleeping,   0 stopped,   0 zombie
%Cpu(s):  2.7 us,  4.1 sy,  0.0 ni, 93.2 id,  0.0 wa,  0.0 hi,  0.0 si,  0.0 st
MiB Mem :   3793.3 total,   2904.7 free,    345.8 used,    542.8 buff/cache
MiB Swap:      0.0 total,      0.0 free,      0.0 used.   3387.9 avail Mem 
--- Mon Sep  6 12:38:41 UTC 2021
top - 12:38:41 up 24 min,  1 user,  load average: 0.02, 0.10, 0.13
Tasks: 137 total,   1 running, 136 sleeping,   0 stopped,   0 zombie
%Cpu(s):  1.4 us,  4.1 sy,  0.0 ni, 94.6 id,  0.0 wa,  0.0 hi,  0.0 si,  0.0 st
MiB Mem :   3793.3 total,   2904.8 free,    345.7 used,    542.8 buff/cache
MiB Swap:      0.0 total,      0.0 free,      0.0 used.   3387.9 avail Mem 
--- Mon Sep  6 12:38:46 UTC 2021
top - 12:38:46 up 24 min,  1 user,  load average: 0.02, 0.10, 0.13
Tasks: 136 total,   1 running, 135 sleeping,   0 stopped,   0 zombie
%Cpu(s):  1.4 us,  4.2 sy,  0.0 ni, 94.4 id,  0.0 wa,  0.0 hi,  0.0 si,  0.0 st
MiB Mem :   3793.3 total,   2904.7 free,    345.7 used,    542.8 buff/cache
MiB Swap:      0.0 total,      0.0 free,      0.0 used.   3387.9 avail Mem 
--- Mon Sep  6 12:38:51 UTC 2021
top - 12:38:52 up 24 min,  1 user,  load average: 0.02, 0.10, 0.13
Tasks: 137 total,   1 running, 136 sleeping,   0 stopped,   0 zombie
%Cpu(s):  2.7 us,  8.1 sy,  0.0 ni, 89.2 id,  0.0 wa,  0.0 hi,  0.0 si,  0.0 st
MiB Mem :   3793.3 total,   2905.0 free,    345.5 used,    542.8 buff/cache
MiB Swap:      0.0 total,      0.0 free,      0.0 used.   3388.1 avail Mem 
--- Mon Sep  6 12:38:57 UTC 2021
top - 12:38:57 up 24 min,  1 user,  load average: 0.02, 0.09, 0.13
Tasks: 137 total,   1 running, 136 sleeping,   0 stopped,   0 zombie
%Cpu(s):  0.0 us,  2.8 sy,  0.0 ni, 97.2 id,  0.0 wa,  0.0 hi,  0.0 si,  0.0 st
MiB Mem :   3793.3 total,   2905.3 free,    345.2 used,    542.8 buff/cache
MiB Swap:      0.0 total,      0.0 free,      0.0 used.   3388.4 avail Mem 
--- Mon Sep  6 12:39:02 UTC 2021
top - 12:39:02 up 24 min,  1 user,  load average: 0.02, 0.09, 0.13
Tasks: 136 total,   2 running, 134 sleeping,   0 stopped,   0 zombie
%Cpu(s):  0.0 us,  4.1 sy,  0.0 ni, 95.9 id,  0.0 wa,  0.0 hi,  0.0 si,  0.0 st
MiB Mem :   3793.3 total,   2905.8 free,    344.7 used,    542.8 buff/cache
MiB Swap:      0.0 total,      0.0 free,      0.0 used.   3388.9 avail Mem 
--- Mon Sep  6 12:39:07 UTC 2021
top - 12:39:07 up 24 min,  1 user,  load average: 0.02, 0.09, 0.13
Tasks: 136 total,   2 running, 134 sleeping,   0 stopped,   0 zombie
%Cpu(s):  0.0 us,  4.1 sy,  0.0 ni, 95.9 id,  0.0 wa,  0.0 hi,  0.0 si,  0.0 st
MiB Mem :   3793.3 total,   2905.2 free,    345.2 used,    542.8 buff/cache
MiB Swap:      0.0 total,      0.0 free,      0.0 used.   3388.4 avail Mem 
--- Mon Sep  6 12:39:12 UTC 2021
top - 12:39:12 up 24 min,  1 user,  load average: 0.01, 0.09, 0.13
Tasks: 136 total,   1 running, 135 sleeping,   0 stopped,   0 zombie
%Cpu(s):  1.4 us,  8.2 sy,  0.0 ni, 90.4 id,  0.0 wa,  0.0 hi,  0.0 si,  0.0 st
MiB Mem :   3793.3 total,   2904.2 free,    346.2 used,    542.8 buff/cache
MiB Swap:      0.0 total,      0.0 free,      0.0 used.   3387.4 avail Mem 
--- Mon Sep  6 12:39:17 UTC 2021
top - 12:39:18 up 24 min,  1 user,  load average: 0.01, 0.09, 0.12
Tasks: 136 total,   1 running, 135 sleeping,   0 stopped,   0 zombie
%Cpu(s):  4.0 us,  6.7 sy,  0.0 ni, 89.3 id,  0.0 wa,  0.0 hi,  0.0 si,  0.0 st
MiB Mem :   3793.3 total,   2904.6 free,    345.8 used,    542.8 buff/cache
MiB Swap:      0.0 total,      0.0 free,      0.0 used.   3387.8 avail Mem 
--- Mon Sep  6 12:39:23 UTC 2021
top - 12:39:23 up 25 min,  1 user,  load average: 0.01, 0.08, 0.12
Tasks: 136 total,   1 running, 135 sleeping,   0 stopped,   0 zombie
%Cpu(s):  1.4 us,  4.1 sy,  0.0 ni, 94.5 id,  0.0 wa,  0.0 hi,  0.0 si,  0.0 st
MiB Mem :   3793.3 total,   2904.8 free,    345.7 used,    542.9 buff/cache
MiB Swap:      0.0 total,      0.0 free,      0.0 used.   3388.0 avail Mem 
--- Mon Sep  6 12:39:28 UTC 2021
top - 12:39:28 up 25 min,  1 user,  load average: 0.01, 0.08, 0.12
Tasks: 136 total,   1 running, 135 sleeping,   0 stopped,   0 zombie
%Cpu(s):  0.0 us,  5.5 sy,  0.0 ni, 94.5 id,  0.0 wa,  0.0 hi,  0.0 si,  0.0 st
MiB Mem :   3793.3 total,   2905.2 free,    345.2 used,    542.9 buff/cache
MiB Swap:      0.0 total,      0.0 free,      0.0 used.   3388.4 avail Mem 
--- Mon Sep  6 12:39:33 UTC 2021
top - 12:39:33 up 25 min,  1 user,  load average: 0.01, 0.08, 0.12
Tasks: 136 total,   1 running, 135 sleeping,   0 stopped,   0 zombie
%Cpu(s):  0.0 us,  6.9 sy,  0.0 ni, 93.1 id,  0.0 wa,  0.0 hi,  0.0 si,  0.0 st
MiB Mem :   3793.3 total,   2905.0 free,    345.4 used,    542.9 buff/cache
MiB Swap:      0.0 total,      0.0 free,      0.0 used.   3388.2 avail Mem 
