--- Mon Sep  6 10:42:10 UTC 2021
top - 10:42:10 up  1:05,  1 user,  load average: 0.00, 0.00, 0.00
Tasks: 136 total,   1 running, 135 sleeping,   0 stopped,   0 zombie
%Cpu(s):  1.4 us,  2.8 sy,  0.0 ni, 95.8 id,  0.0 wa,  0.0 hi,  0.0 si,  0.0 st
MiB Mem :   3793.3 total,   2610.7 free,    584.5 used,    598.1 buff/cache
MiB Swap:      0.0 total,      0.0 free,      0.0 used.   3153.2 avail Mem 
--- Mon Sep  6 10:42:15 UTC 2021
top - 10:42:16 up  1:05,  1 user,  load average: 0.00, 0.00, 0.00
Tasks: 136 total,   1 running, 135 sleeping,   0 stopped,   0 zombie
%Cpu(s):  0.0 us,  4.1 sy,  0.0 ni, 95.9 id,  0.0 wa,  0.0 hi,  0.0 si,  0.0 st
MiB Mem :   3793.3 total,   2611.3 free,    583.9 used,    598.1 buff/cache
MiB Swap:      0.0 total,      0.0 free,      0.0 used.   3153.8 avail Mem 
--- Mon Sep  6 10:42:21 UTC 2021
top - 10:42:21 up  1:05,  1 user,  load average: 0.00, 0.00, 0.00
Tasks: 136 total,   1 running, 135 sleeping,   0 stopped,   0 zombie
%Cpu(s):  1.4 us,  4.1 sy,  0.0 ni, 94.6 id,  0.0 wa,  0.0 hi,  0.0 si,  0.0 st
MiB Mem :   3793.3 total,   2611.2 free,    584.0 used,    598.1 buff/cache
MiB Swap:      0.0 total,      0.0 free,      0.0 used.   3153.7 avail Mem 
--- Mon Sep  6 10:42:26 UTC 2021
top - 10:42:26 up  1:05,  1 user,  load average: 0.00, 0.00, 0.00
Tasks: 136 total,   1 running, 135 sleeping,   0 stopped,   0 zombie
%Cpu(s):  1.4 us,  4.1 sy,  0.0 ni, 94.6 id,  0.0 wa,  0.0 hi,  0.0 si,  0.0 st
MiB Mem :   3793.3 total,   2611.4 free,    583.8 used,    598.1 buff/cache
MiB Swap:      0.0 total,      0.0 free,      0.0 used.   3153.9 avail Mem 
--- Mon Sep  6 10:42:31 UTC 2021
top - 10:42:31 up  1:05,  1 user,  load average: 0.00, 0.00, 0.00
Tasks: 136 total,   1 running, 135 sleeping,   0 stopped,   0 zombie
%Cpu(s):  0.0 us,  4.1 sy,  0.0 ni, 95.9 id,  0.0 wa,  0.0 hi,  0.0 si,  0.0 st
MiB Mem :   3793.3 total,   2611.2 free,    583.9 used,    598.1 buff/cache
MiB Swap:      0.0 total,      0.0 free,      0.0 used.   3153.8 avail Mem 
--- Mon Sep  6 10:42:36 UTC 2021
top - 10:42:36 up  1:05,  1 user,  load average: 0.00, 0.00, 0.00
Tasks: 136 total,   1 running, 135 sleeping,   0 stopped,   0 zombie
%Cpu(s):  0.0 us,  5.4 sy,  0.0 ni, 94.6 id,  0.0 wa,  0.0 hi,  0.0 si,  0.0 st
MiB Mem :   3793.3 total,   2611.4 free,    583.8 used,    598.2 buff/cache
MiB Swap:      0.0 total,      0.0 free,      0.0 used.   3153.9 avail Mem 
--- Mon Sep  6 10:42:41 UTC 2021
top - 10:42:42 up  1:05,  1 user,  load average: 0.00, 0.00, 0.00
Tasks: 136 total,   1 running, 135 sleeping,   0 stopped,   0 zombie
%Cpu(s):  1.4 us,  4.1 sy,  0.0 ni, 94.6 id,  0.0 wa,  0.0 hi,  0.0 si,  0.0 st
MiB Mem :   3793.3 total,   2611.9 free,    583.2 used,    598.2 buff/cache
MiB Swap:      0.0 total,      0.0 free,      0.0 used.   3154.5 avail Mem 
--- Mon Sep  6 10:42:47 UTC 2021
top - 10:42:47 up  1:06,  1 user,  load average: 0.00, 0.00, 0.00
Tasks: 136 total,   1 running, 135 sleeping,   0 stopped,   0 zombie
%Cpu(s):  1.4 us,  4.1 sy,  0.0 ni, 94.6 id,  0.0 wa,  0.0 hi,  0.0 si,  0.0 st
MiB Mem :   3793.3 total,   2611.7 free,    583.4 used,    598.2 buff/cache
MiB Swap:      0.0 total,      0.0 free,      0.0 used.   3154.3 avail Mem 
--- Mon Sep  6 10:42:52 UTC 2021
top - 10:42:52 up  1:06,  1 user,  load average: 0.00, 0.00, 0.00
Tasks: 136 total,   1 running, 135 sleeping,   0 stopped,   0 zombie
%Cpu(s):  0.0 us,  5.4 sy,  0.0 ni, 94.6 id,  0.0 wa,  0.0 hi,  0.0 si,  0.0 st
MiB Mem :   3793.3 total,   2611.3 free,    583.8 used,    598.2 buff/cache
MiB Swap:      0.0 total,      0.0 free,      0.0 used.   3153.9 avail Mem 
--- Mon Sep  6 10:42:57 UTC 2021
top - 10:42:57 up  1:06,  1 user,  load average: 0.00, 0.00, 0.00
Tasks: 136 total,   1 running, 135 sleeping,   0 stopped,   0 zombie
%Cpu(s):  1.4 us,  4.1 sy,  0.0 ni, 94.6 id,  0.0 wa,  0.0 hi,  0.0 si,  0.0 st
MiB Mem :   3793.3 total,   2611.6 free,    583.5 used,    598.2 buff/cache
MiB Swap:      0.0 total,      0.0 free,      0.0 used.   3154.2 avail Mem 
--- Mon Sep  6 10:43:02 UTC 2021
top - 10:43:03 up  1:06,  1 user,  load average: 0.00, 0.00, 0.00
Tasks: 136 total,   1 running, 135 sleeping,   0 stopped,   0 zombie
%Cpu(s):  1.4 us,  4.1 sy,  0.0 ni, 94.6 id,  0.0 wa,  0.0 hi,  0.0 si,  0.0 st
MiB Mem :   3793.3 total,   2611.4 free,    583.7 used,    598.2 buff/cache
MiB Swap:      0.0 total,      0.0 free,      0.0 used.   3154.0 avail Mem 
--- Mon Sep  6 10:43:08 UTC 2021
top - 10:43:08 up  1:06,  1 user,  load average: 0.00, 0.00, 0.00
Tasks: 136 total,   1 running, 135 sleeping,   0 stopped,   0 zombie
%Cpu(s):  1.3 us,  4.0 sy,  0.0 ni, 94.7 id,  0.0 wa,  0.0 hi,  0.0 si,  0.0 st
MiB Mem :   3793.3 total,   2611.4 free,    583.6 used,    598.2 buff/cache
MiB Swap:      0.0 total,      0.0 free,      0.0 used.   3154.1 avail Mem 
--- Mon Sep  6 10:43:13 UTC 2021
top - 10:43:13 up  1:06,  1 user,  load average: 0.00, 0.00, 0.00
Tasks: 136 total,   1 running, 135 sleeping,   0 stopped,   0 zombie
%Cpu(s):  1.3 us,  4.0 sy,  0.0 ni, 94.7 id,  0.0 wa,  0.0 hi,  0.0 si,  0.0 st
MiB Mem :   3793.3 total,   2611.5 free,    583.6 used,    598.2 buff/cache
MiB Swap:      0.0 total,      0.0 free,      0.0 used.   3154.1 avail Mem 
--- Mon Sep  6 10:43:18 UTC 2021
top - 10:43:18 up  1:06,  1 user,  load average: 0.00, 0.00, 0.00
Tasks: 136 total,   1 running, 135 sleeping,   0 stopped,   0 zombie
%Cpu(s):  1.3 us,  5.3 sy,  0.0 ni, 93.4 id,  0.0 wa,  0.0 hi,  0.0 si,  0.0 st
MiB Mem :   3793.3 total,   2611.5 free,    583.6 used,    598.2 buff/cache
MiB Swap:      0.0 total,      0.0 free,      0.0 used.   3154.1 avail Mem 
--- Mon Sep  6 10:43:23 UTC 2021
top - 10:43:23 up  1:06,  1 user,  load average: 0.00, 0.00, 0.00
Tasks: 136 total,   1 running, 135 sleeping,   0 stopped,   0 zombie
%Cpu(s):  1.4 us,  4.1 sy,  0.0 ni, 94.6 id,  0.0 wa,  0.0 hi,  0.0 si,  0.0 st
MiB Mem :   3793.3 total,   2611.2 free,    583.8 used,    598.2 buff/cache
MiB Swap:      0.0 total,      0.0 free,      0.0 used.   3153.9 avail Mem 
--- Mon Sep  6 10:43:28 UTC 2021
top - 10:43:29 up  1:06,  1 user,  load average: 0.00, 0.00, 0.00
Tasks: 136 total,   1 running, 135 sleeping,   0 stopped,   0 zombie
%Cpu(s):  1.4 us,  4.1 sy,  0.0 ni, 94.6 id,  0.0 wa,  0.0 hi,  0.0 si,  0.0 st
MiB Mem :   3793.3 total,   2611.7 free,    583.4 used,    598.2 buff/cache
MiB Swap:      0.0 total,      0.0 free,      0.0 used.   3154.3 avail Mem 
--- Mon Sep  6 10:43:34 UTC 2021
top - 10:43:34 up  1:06,  1 user,  load average: 0.00, 0.00, 0.00
Tasks: 136 total,   1 running, 135 sleeping,   0 stopped,   0 zombie
%Cpu(s):  1.4 us,  2.7 sy,  0.0 ni, 95.9 id,  0.0 wa,  0.0 hi,  0.0 si,  0.0 st
MiB Mem :   3793.3 total,   2611.4 free,    583.7 used,    598.2 buff/cache
MiB Swap:      0.0 total,      0.0 free,      0.0 used.   3154.0 avail Mem 
--- Mon Sep  6 10:43:39 UTC 2021
top - 10:43:39 up  1:06,  1 user,  load average: 0.00, 0.00, 0.00
Tasks: 136 total,   1 running, 135 sleeping,   0 stopped,   0 zombie
%Cpu(s):  1.4 us,  4.1 sy,  0.0 ni, 94.6 id,  0.0 wa,  0.0 hi,  0.0 si,  0.0 st
MiB Mem :   3793.3 total,   2611.4 free,    583.6 used,    598.2 buff/cache
MiB Swap:      0.0 total,      0.0 free,      0.0 used.   3154.1 avail Mem 
--- Mon Sep  6 10:43:44 UTC 2021
top - 10:43:44 up  1:07,  1 user,  load average: 0.00, 0.00, 0.00
Tasks: 136 total,   1 running, 135 sleeping,   0 stopped,   0 zombie
%Cpu(s):  2.6 us,  3.9 sy,  0.0 ni, 93.4 id,  0.0 wa,  0.0 hi,  0.0 si,  0.0 st
MiB Mem :   3793.3 total,   2611.0 free,    584.0 used,    598.3 buff/cache
MiB Swap:      0.0 total,      0.0 free,      0.0 used.   3153.7 avail Mem 
--- Mon Sep  6 10:43:49 UTC 2021
top - 10:43:50 up  1:07,  1 user,  load average: 0.00, 0.00, 0.00
Tasks: 136 total,   1 running, 135 sleeping,   0 stopped,   0 zombie
%Cpu(s):  1.4 us,  4.1 sy,  0.0 ni, 94.6 id,  0.0 wa,  0.0 hi,  0.0 si,  0.0 st
MiB Mem :   3793.3 total,   2610.8 free,    584.2 used,    598.3 buff/cache
MiB Swap:      0.0 total,      0.0 free,      0.0 used.   3153.5 avail Mem 
--- Mon Sep  6 10:43:55 UTC 2021
top - 10:43:55 up  1:07,  1 user,  load average: 0.00, 0.00, 0.00
Tasks: 136 total,   1 running, 135 sleeping,   0 stopped,   0 zombie
%Cpu(s):  1.4 us,  4.1 sy,  0.0 ni, 94.6 id,  0.0 wa,  0.0 hi,  0.0 si,  0.0 st
MiB Mem :   3793.3 total,   2610.9 free,    584.1 used,    598.3 buff/cache
MiB Swap:      0.0 total,      0.0 free,      0.0 used.   3153.6 avail Mem 
--- Mon Sep  6 10:44:00 UTC 2021
top - 10:44:00 up  1:07,  1 user,  load average: 0.00, 0.00, 0.00
Tasks: 136 total,   1 running, 135 sleeping,   0 stopped,   0 zombie
%Cpu(s):  0.0 us,  4.2 sy,  0.0 ni, 95.8 id,  0.0 wa,  0.0 hi,  0.0 si,  0.0 st
MiB Mem :   3793.3 total,   2611.2 free,    583.8 used,    598.3 buff/cache
MiB Swap:      0.0 total,      0.0 free,      0.0 used.   3153.9 avail Mem 
--- Mon Sep  6 10:44:05 UTC 2021
top - 10:44:05 up  1:07,  1 user,  load average: 0.00, 0.00, 0.00
Tasks: 136 total,   1 running, 135 sleeping,   0 stopped,   0 zombie
%Cpu(s):  0.0 us,  5.4 sy,  0.0 ni, 94.6 id,  0.0 wa,  0.0 hi,  0.0 si,  0.0 st
MiB Mem :   3793.3 total,   2611.4 free,    583.5 used,    598.3 buff/cache
MiB Swap:      0.0 total,      0.0 free,      0.0 used.   3154.2 avail Mem 
--- Mon Sep  6 10:44:10 UTC 2021
top - 10:44:10 up  1:07,  1 user,  load average: 0.00, 0.00, 0.00
Tasks: 136 total,   1 running, 135 sleeping,   0 stopped,   0 zombie
%Cpu(s):  1.4 us,  4.1 sy,  0.0 ni, 94.6 id,  0.0 wa,  0.0 hi,  0.0 si,  0.0 st
MiB Mem :   3793.3 total,   2611.1 free,    583.9 used,    598.3 buff/cache
MiB Swap:      0.0 total,      0.0 free,      0.0 used.   3153.8 avail Mem 
--- Mon Sep  6 10:44:15 UTC 2021
top - 10:44:16 up  1:07,  1 user,  load average: 0.00, 0.00, 0.00
Tasks: 136 total,   1 running, 135 sleeping,   0 stopped,   0 zombie
%Cpu(s):  1.4 us,  2.7 sy,  0.0 ni, 95.9 id,  0.0 wa,  0.0 hi,  0.0 si,  0.0 st
MiB Mem :   3793.3 total,   2611.3 free,    583.6 used,    598.3 buff/cache
MiB Swap:      0.0 total,      0.0 free,      0.0 used.   3154.1 avail Mem 
--- Mon Sep  6 10:44:21 UTC 2021
top - 10:44:21 up  1:07,  1 user,  load average: 0.00, 0.00, 0.00
Tasks: 136 total,   1 running, 135 sleeping,   0 stopped,   0 zombie
%Cpu(s):  0.0 us,  4.1 sy,  0.0 ni, 95.9 id,  0.0 wa,  0.0 hi,  0.0 si,  0.0 st
MiB Mem :   3793.3 total,   2611.4 free,    583.6 used,    598.3 buff/cache
MiB Swap:      0.0 total,      0.0 free,      0.0 used.   3154.1 avail Mem 
--- Mon Sep  6 10:44:26 UTC 2021
top - 10:44:26 up  1:07,  1 user,  load average: 0.00, 0.00, 0.00
Tasks: 136 total,   1 running, 135 sleeping,   0 stopped,   0 zombie
%Cpu(s):  0.0 us,  4.1 sy,  0.0 ni, 95.9 id,  0.0 wa,  0.0 hi,  0.0 si,  0.0 st
MiB Mem :   3793.3 total,   2611.4 free,    583.5 used,    598.3 buff/cache
MiB Swap:      0.0 total,      0.0 free,      0.0 used.   3154.2 avail Mem 
--- Mon Sep  6 10:44:31 UTC 2021
top - 10:44:31 up  1:07,  1 user,  load average: 0.00, 0.00, 0.00
Tasks: 136 total,   1 running, 135 sleeping,   0 stopped,   0 zombie
%Cpu(s):  1.4 us,  4.1 sy,  0.0 ni, 94.6 id,  0.0 wa,  0.0 hi,  0.0 si,  0.0 st
MiB Mem :   3793.3 total,   2611.5 free,    583.5 used,    598.3 buff/cache
MiB Swap:      0.0 total,      0.0 free,      0.0 used.   3154.2 avail Mem 
--- Mon Sep  6 10:44:36 UTC 2021
top - 10:44:36 up  1:07,  1 user,  load average: 0.00, 0.00, 0.00
Tasks: 136 total,   1 running, 135 sleeping,   0 stopped,   0 zombie
%Cpu(s):  1.4 us,  4.1 sy,  0.0 ni, 94.6 id,  0.0 wa,  0.0 hi,  0.0 si,  0.0 st
MiB Mem :   3793.3 total,   2610.8 free,    584.1 used,    598.3 buff/cache
MiB Swap:      0.0 total,      0.0 free,      0.0 used.   3153.6 avail Mem 
--- Mon Sep  6 10:44:42 UTC 2021
top - 10:44:42 up  1:07,  1 user,  load average: 0.00, 0.00, 0.00
Tasks: 136 total,   1 running, 135 sleeping,   0 stopped,   0 zombie
%Cpu(s):  0.0 us,  4.1 sy,  0.0 ni, 95.9 id,  0.0 wa,  0.0 hi,  0.0 si,  0.0 st
MiB Mem :   3793.3 total,   2610.5 free,    584.5 used,    598.3 buff/cache
MiB Swap:      0.0 total,      0.0 free,      0.0 used.   3153.2 avail Mem 
--- Mon Sep  6 10:44:47 UTC 2021
top - 10:44:47 up  1:08,  1 user,  load average: 0.00, 0.00, 0.00
Tasks: 136 total,   1 running, 135 sleeping,   0 stopped,   0 zombie
%Cpu(s):  0.0 us,  4.1 sy,  0.0 ni, 95.9 id,  0.0 wa,  0.0 hi,  0.0 si,  0.0 st
MiB Mem :   3793.3 total,   2610.5 free,    584.5 used,    598.4 buff/cache
MiB Swap:      0.0 total,      0.0 free,      0.0 used.   3153.2 avail Mem 
--- Mon Sep  6 10:44:52 UTC 2021
top - 10:44:52 up  1:08,  1 user,  load average: 0.00, 0.00, 0.00
Tasks: 136 total,   1 running, 135 sleeping,   0 stopped,   0 zombie
%Cpu(s):  1.4 us,  4.1 sy,  0.0 ni, 94.6 id,  0.0 wa,  0.0 hi,  0.0 si,  0.0 st
MiB Mem :   3793.3 total,   2610.6 free,    584.3 used,    598.4 buff/cache
MiB Swap:      0.0 total,      0.0 free,      0.0 used.   3153.4 avail Mem 
--- Mon Sep  6 10:44:57 UTC 2021
top - 10:44:57 up  1:08,  1 user,  load average: 0.00, 0.00, 0.00
Tasks: 136 total,   1 running, 135 sleeping,   0 stopped,   0 zombie
%Cpu(s):  0.0 us,  5.3 sy,  0.0 ni, 94.7 id,  0.0 wa,  0.0 hi,  0.0 si,  0.0 st
MiB Mem :   3793.3 total,   2610.8 free,    584.1 used,    598.4 buff/cache
MiB Swap:      0.0 total,      0.0 free,      0.0 used.   3153.6 avail Mem 
--- Mon Sep  6 10:45:02 UTC 2021
top - 10:45:03 up  1:08,  1 user,  load average: 0.00, 0.00, 0.00
Tasks: 136 total,   1 running, 135 sleeping,   0 stopped,   0 zombie
%Cpu(s):  1.4 us,  4.1 sy,  0.0 ni, 94.6 id,  0.0 wa,  0.0 hi,  0.0 si,  0.0 st
MiB Mem :   3793.3 total,   2610.7 free,    584.2 used,    598.4 buff/cache
MiB Swap:      0.0 total,      0.0 free,      0.0 used.   3153.5 avail Mem 
--- Mon Sep  6 10:45:08 UTC 2021
top - 10:45:08 up  1:08,  1 user,  load average: 0.00, 0.00, 0.00
Tasks: 135 total,   1 running, 134 sleeping,   0 stopped,   0 zombie
%Cpu(s):  2.7 us,  2.7 sy,  0.0 ni, 94.6 id,  0.0 wa,  0.0 hi,  0.0 si,  0.0 st
MiB Mem :   3793.3 total,   2610.8 free,    584.0 used,    598.4 buff/cache
MiB Swap:      0.0 total,      0.0 free,      0.0 used.   3153.7 avail Mem 
--- Mon Sep  6 10:45:13 UTC 2021
top - 10:45:13 up  1:08,  1 user,  load average: 0.00, 0.00, 0.00
Tasks: 135 total,   1 running, 134 sleeping,   0 stopped,   0 zombie
%Cpu(s):  1.4 us,  2.7 sy,  0.0 ni, 95.9 id,  0.0 wa,  0.0 hi,  0.0 si,  0.0 st
MiB Mem :   3793.3 total,   2611.2 free,    583.6 used,    598.4 buff/cache
MiB Swap:      0.0 total,      0.0 free,      0.0 used.   3154.1 avail Mem 
--- Mon Sep  6 10:45:18 UTC 2021
top - 10:45:18 up  1:08,  1 user,  load average: 0.00, 0.00, 0.00
Tasks: 135 total,   1 running, 134 sleeping,   0 stopped,   0 zombie
%Cpu(s):  1.3 us,  5.3 sy,  0.0 ni, 93.4 id,  0.0 wa,  0.0 hi,  0.0 si,  0.0 st
MiB Mem :   3793.3 total,   2611.3 free,    583.5 used,    598.4 buff/cache
MiB Swap:      0.0 total,      0.0 free,      0.0 used.   3154.2 avail Mem 
--- Mon Sep  6 10:45:23 UTC 2021
top - 10:45:23 up  1:08,  1 user,  load average: 0.00, 0.00, 0.00
Tasks: 135 total,   1 running, 134 sleeping,   0 stopped,   0 zombie
%Cpu(s):  1.4 us,  4.1 sy,  0.0 ni, 94.6 id,  0.0 wa,  0.0 hi,  0.0 si,  0.0 st
MiB Mem :   3793.3 total,   2611.5 free,    583.3 used,    598.4 buff/cache
MiB Swap:      0.0 total,      0.0 free,      0.0 used.   3154.4 avail Mem 
--- Mon Sep  6 10:45:28 UTC 2021
top - 10:45:29 up  1:08,  1 user,  load average: 0.00, 0.00, 0.00
Tasks: 135 total,   1 running, 134 sleeping,   0 stopped,   0 zombie
%Cpu(s):  0.0 us,  4.1 sy,  0.0 ni, 95.9 id,  0.0 wa,  0.0 hi,  0.0 si,  0.0 st
MiB Mem :   3793.3 total,   2611.1 free,    583.8 used,    598.4 buff/cache
MiB Swap:      0.0 total,      0.0 free,      0.0 used.   3153.9 avail Mem 
--- Mon Sep  6 10:45:34 UTC 2021
top - 10:45:34 up  1:08,  1 user,  load average: 0.00, 0.00, 0.00
Tasks: 135 total,   1 running, 134 sleeping,   0 stopped,   0 zombie
%Cpu(s):  0.0 us,  4.1 sy,  0.0 ni, 95.9 id,  0.0 wa,  0.0 hi,  0.0 si,  0.0 st
MiB Mem :   3793.3 total,   2611.5 free,    583.4 used,    598.4 buff/cache
MiB Swap:      0.0 total,      0.0 free,      0.0 used.   3154.3 avail Mem 
--- Mon Sep  6 10:45:39 UTC 2021
top - 10:45:39 up  1:08,  1 user,  load average: 0.00, 0.00, 0.00
Tasks: 134 total,   1 running, 133 sleeping,   0 stopped,   0 zombie
%Cpu(s):  1.4 us,  4.1 sy,  0.0 ni, 94.6 id,  0.0 wa,  0.0 hi,  0.0 si,  0.0 st
MiB Mem :   3793.3 total,   2610.6 free,    584.2 used,    598.4 buff/cache
MiB Swap:      0.0 total,      0.0 free,      0.0 used.   3153.5 avail Mem 
--- Mon Sep  6 10:45:44 UTC 2021
top - 10:45:44 up  1:09,  1 user,  load average: 0.00, 0.00, 0.00
Tasks: 134 total,   1 running, 133 sleeping,   0 stopped,   0 zombie
%Cpu(s):  1.4 us,  4.1 sy,  0.0 ni, 94.6 id,  0.0 wa,  0.0 hi,  0.0 si,  0.0 st
MiB Mem :   3793.3 total,   2610.5 free,    584.3 used,    598.5 buff/cache
MiB Swap:      0.0 total,      0.0 free,      0.0 used.   3153.4 avail Mem 
--- Mon Sep  6 10:45:49 UTC 2021
top - 10:45:50 up  1:09,  1 user,  load average: 0.00, 0.00, 0.00
Tasks: 134 total,   1 running, 133 sleeping,   0 stopped,   0 zombie
%Cpu(s):  0.0 us,  4.2 sy,  0.0 ni, 95.8 id,  0.0 wa,  0.0 hi,  0.0 si,  0.0 st
MiB Mem :   3793.3 total,   2611.0 free,    583.8 used,    598.5 buff/cache
MiB Swap:      0.0 total,      0.0 free,      0.0 used.   3153.9 avail Mem 
--- Mon Sep  6 10:45:55 UTC 2021
top - 10:45:55 up  1:09,  1 user,  load average: 0.00, 0.00, 0.00
Tasks: 134 total,   1 running, 133 sleeping,   0 stopped,   0 zombie
%Cpu(s):  0.0 us,  5.4 sy,  0.0 ni, 94.6 id,  0.0 wa,  0.0 hi,  0.0 si,  0.0 st
MiB Mem :   3793.3 total,   2610.5 free,    584.4 used,    598.5 buff/cache
MiB Swap:      0.0 total,      0.0 free,      0.0 used.   3153.3 avail Mem 
--- Mon Sep  6 10:46:00 UTC 2021
top - 10:46:00 up  1:09,  1 user,  load average: 0.00, 0.00, 0.00
Tasks: 134 total,   1 running, 133 sleeping,   0 stopped,   0 zombie
%Cpu(s):  0.0 us,  4.1 sy,  0.0 ni, 95.9 id,  0.0 wa,  0.0 hi,  0.0 si,  0.0 st
MiB Mem :   3793.3 total,   2610.7 free,    584.1 used,    598.5 buff/cache
MiB Swap:      0.0 total,      0.0 free,      0.0 used.   3153.6 avail Mem 
--- Mon Sep  6 10:46:05 UTC 2021
top - 10:46:05 up  1:09,  1 user,  load average: 0.00, 0.00, 0.00
Tasks: 134 total,   1 running, 133 sleeping,   0 stopped,   0 zombie
%Cpu(s):  1.3 us,  5.3 sy,  0.0 ni, 93.3 id,  0.0 wa,  0.0 hi,  0.0 si,  0.0 st
MiB Mem :   3793.3 total,   2610.7 free,    584.1 used,    598.5 buff/cache
MiB Swap:      0.0 total,      0.0 free,      0.0 used.   3153.6 avail Mem 
--- Mon Sep  6 10:46:10 UTC 2021
top - 10:46:10 up  1:09,  1 user,  load average: 0.08, 0.02, 0.01
Tasks: 134 total,   1 running, 133 sleeping,   0 stopped,   0 zombie
%Cpu(s):  1.4 us,  4.1 sy,  0.0 ni, 94.6 id,  0.0 wa,  0.0 hi,  0.0 si,  0.0 st
MiB Mem :   3793.3 total,   2610.9 free,    583.8 used,    598.5 buff/cache
MiB Swap:      0.0 total,      0.0 free,      0.0 used.   3153.9 avail Mem 
--- Mon Sep  6 10:46:15 UTC 2021
top - 10:46:16 up  1:09,  1 user,  load average: 0.07, 0.02, 0.00
Tasks: 134 total,   1 running, 133 sleeping,   0 stopped,   0 zombie
%Cpu(s):  1.4 us,  4.1 sy,  0.0 ni, 94.6 id,  0.0 wa,  0.0 hi,  0.0 si,  0.0 st
MiB Mem :   3793.3 total,   2611.0 free,    583.8 used,    598.5 buff/cache
MiB Swap:      0.0 total,      0.0 free,      0.0 used.   3153.9 avail Mem 
--- Mon Sep  6 10:46:21 UTC 2021
top - 10:46:21 up  1:09,  1 user,  load average: 0.07, 0.02, 0.00
Tasks: 134 total,   1 running, 133 sleeping,   0 stopped,   0 zombie
%Cpu(s):  1.4 us,  2.7 sy,  0.0 ni, 95.9 id,  0.0 wa,  0.0 hi,  0.0 si,  0.0 st
MiB Mem :   3793.3 total,   2611.2 free,    583.6 used,    598.5 buff/cache
MiB Swap:      0.0 total,      0.0 free,      0.0 used.   3154.1 avail Mem 
--- Mon Sep  6 10:46:26 UTC 2021
top - 10:46:26 up  1:09,  1 user,  load average: 0.06, 0.02, 0.00
Tasks: 134 total,   1 running, 133 sleeping,   0 stopped,   0 zombie
%Cpu(s):  1.4 us,  2.7 sy,  0.0 ni, 95.9 id,  0.0 wa,  0.0 hi,  0.0 si,  0.0 st
MiB Mem :   3793.3 total,   2611.1 free,    583.6 used,    598.5 buff/cache
MiB Swap:      0.0 total,      0.0 free,      0.0 used.   3154.1 avail Mem 
--- Mon Sep  6 10:46:31 UTC 2021
top - 10:46:31 up  1:09,  1 user,  load average: 0.06, 0.01, 0.00
Tasks: 134 total,   1 running, 133 sleeping,   0 stopped,   0 zombie
%Cpu(s):  1.4 us,  4.1 sy,  0.0 ni, 94.6 id,  0.0 wa,  0.0 hi,  0.0 si,  0.0 st
MiB Mem :   3793.3 total,   2610.9 free,    583.8 used,    598.5 buff/cache
MiB Swap:      0.0 total,      0.0 free,      0.0 used.   3153.9 avail Mem 
--- Mon Sep  6 10:46:36 UTC 2021
top - 10:46:37 up  1:09,  1 user,  load average: 0.05, 0.01, 0.00
Tasks: 134 total,   1 running, 133 sleeping,   0 stopped,   0 zombie
%Cpu(s):  0.0 us,  5.4 sy,  0.0 ni, 94.6 id,  0.0 wa,  0.0 hi,  0.0 si,  0.0 st
MiB Mem :   3793.3 total,   2611.4 free,    583.4 used,    598.5 buff/cache
MiB Swap:      0.0 total,      0.0 free,      0.0 used.   3154.3 avail Mem 
--- Mon Sep  6 10:46:42 UTC 2021
top - 10:46:42 up  1:09,  1 user,  load average: 0.05, 0.01, 0.00
Tasks: 133 total,   1 running, 132 sleeping,   0 stopped,   0 zombie
%Cpu(s):  1.4 us,  4.1 sy,  0.0 ni, 94.6 id,  0.0 wa,  0.0 hi,  0.0 si,  0.0 st
MiB Mem :   3793.3 total,   2611.1 free,    583.6 used,    598.5 buff/cache
MiB Swap:      0.0 total,      0.0 free,      0.0 used.   3154.1 avail Mem 
--- Mon Sep  6 10:46:47 UTC 2021
top - 10:46:47 up  1:10,  1 user,  load average: 0.04, 0.01, 0.00
Tasks: 133 total,   1 running, 132 sleeping,   0 stopped,   0 zombie
%Cpu(s):  1.4 us,  2.7 sy,  0.0 ni, 95.9 id,  0.0 wa,  0.0 hi,  0.0 si,  0.0 st
MiB Mem :   3793.3 total,   2611.4 free,    583.3 used,    598.6 buff/cache
MiB Swap:      0.0 total,      0.0 free,      0.0 used.   3154.4 avail Mem 
--- Mon Sep  6 10:46:52 UTC 2021
top - 10:46:52 up  1:10,  1 user,  load average: 0.04, 0.01, 0.00
Tasks: 133 total,   1 running, 132 sleeping,   0 stopped,   0 zombie
%Cpu(s):  3.9 us,  3.9 sy,  0.0 ni, 92.1 id,  0.0 wa,  0.0 hi,  0.0 si,  0.0 st
MiB Mem :   3793.3 total,   2611.4 free,    583.3 used,    598.6 buff/cache
MiB Swap:      0.0 total,      0.0 free,      0.0 used.   3154.4 avail Mem 
--- Mon Sep  6 10:46:57 UTC 2021
top - 10:46:57 up  1:10,  1 user,  load average: 0.04, 0.01, 0.00
Tasks: 133 total,   1 running, 132 sleeping,   0 stopped,   0 zombie
%Cpu(s):  1.4 us,  4.1 sy,  0.0 ni, 94.6 id,  0.0 wa,  0.0 hi,  0.0 si,  0.0 st
MiB Mem :   3793.3 total,   2611.2 free,    583.5 used,    598.6 buff/cache
MiB Swap:      0.0 total,      0.0 free,      0.0 used.   3154.2 avail Mem 
--- Mon Sep  6 10:47:02 UTC 2021
top - 10:47:03 up  1:10,  1 user,  load average: 0.03, 0.01, 0.00
Tasks: 133 total,   1 running, 132 sleeping,   0 stopped,   0 zombie
%Cpu(s):  1.3 us,  4.0 sy,  0.0 ni, 94.7 id,  0.0 wa,  0.0 hi,  0.0 si,  0.0 st
MiB Mem :   3793.3 total,   2610.9 free,    583.8 used,    598.6 buff/cache
MiB Swap:      0.0 total,      0.0 free,      0.0 used.   3153.9 avail Mem 
--- Mon Sep  6 10:47:08 UTC 2021
top - 10:47:08 up  1:10,  1 user,  load average: 0.03, 0.01, 0.00
Tasks: 133 total,   1 running, 132 sleeping,   0 stopped,   0 zombie
%Cpu(s):  1.4 us,  4.1 sy,  0.0 ni, 94.6 id,  0.0 wa,  0.0 hi,  0.0 si,  0.0 st
MiB Mem :   3793.3 total,   2613.1 free,    581.6 used,    598.6 buff/cache
MiB Swap:      0.0 total,      0.0 free,      0.0 used.   3156.1 avail Mem 
--- Mon Sep  6 10:47:13 UTC 2021
top - 10:47:13 up  1:10,  1 user,  load average: 0.03, 0.01, 0.00
Tasks: 133 total,   1 running, 132 sleeping,   0 stopped,   0 zombie
%Cpu(s):  1.4 us,  4.1 sy,  0.0 ni, 94.6 id,  0.0 wa,  0.0 hi,  0.0 si,  0.0 st
MiB Mem :   3793.3 total,   2613.2 free,    581.5 used,    598.6 buff/cache
MiB Swap:      0.0 total,      0.0 free,      0.0 used.   3156.2 avail Mem 
--- Mon Sep  6 10:47:18 UTC 2021
top - 10:47:18 up  1:10,  1 user,  load average: 0.02, 0.01, 0.00
Tasks: 132 total,   1 running, 131 sleeping,   0 stopped,   0 zombie
%Cpu(s):  1.4 us,  2.7 sy,  0.0 ni, 95.9 id,  0.0 wa,  0.0 hi,  0.0 si,  0.0 st
MiB Mem :   3793.3 total,   2613.6 free,    581.1 used,    598.6 buff/cache
MiB Swap:      0.0 total,      0.0 free,      0.0 used.   3156.6 avail Mem 
--- Mon Sep  6 10:47:23 UTC 2021
top - 10:47:23 up  1:10,  1 user,  load average: 0.02, 0.01, 0.00
Tasks: 132 total,   1 running, 131 sleeping,   0 stopped,   0 zombie
%Cpu(s):  1.4 us,  4.1 sy,  0.0 ni, 94.6 id,  0.0 wa,  0.0 hi,  0.0 si,  0.0 st
MiB Mem :   3793.3 total,   2613.2 free,    581.5 used,    598.6 buff/cache
MiB Swap:      0.0 total,      0.0 free,      0.0 used.   3156.2 avail Mem 
--- Mon Sep  6 10:47:29 UTC 2021
top - 10:47:29 up  1:10,  1 user,  load average: 0.02, 0.01, 0.00
Tasks: 132 total,   1 running, 131 sleeping,   0 stopped,   0 zombie
%Cpu(s):  0.0 us,  4.1 sy,  0.0 ni, 95.9 id,  0.0 wa,  0.0 hi,  0.0 si,  0.0 st
MiB Mem :   3793.3 total,   2613.4 free,    581.3 used,    598.6 buff/cache
MiB Swap:      0.0 total,      0.0 free,      0.0 used.   3156.4 avail Mem 
--- Mon Sep  6 10:47:34 UTC 2021
top - 10:47:34 up  1:10,  1 user,  load average: 0.02, 0.01, 0.00
Tasks: 132 total,   1 running, 131 sleeping,   0 stopped,   0 zombie
%Cpu(s):  0.0 us,  4.1 sy,  0.0 ni, 95.9 id,  0.0 wa,  0.0 hi,  0.0 si,  0.0 st
MiB Mem :   3793.3 total,   2613.4 free,    581.2 used,    598.6 buff/cache
MiB Swap:      0.0 total,      0.0 free,      0.0 used.   3156.5 avail Mem 
--- Mon Sep  6 10:47:39 UTC 2021
top - 10:47:39 up  1:10,  1 user,  load average: 0.02, 0.01, 0.00
Tasks: 133 total,   1 running, 132 sleeping,   0 stopped,   0 zombie
%Cpu(s):  0.0 us,  4.2 sy,  0.0 ni, 95.8 id,  0.0 wa,  0.0 hi,  0.0 si,  0.0 st
MiB Mem :   3793.3 total,   2613.4 free,    581.2 used,    598.6 buff/cache
MiB Swap:      0.0 total,      0.0 free,      0.0 used.   3156.5 avail Mem 
--- Mon Sep  6 10:47:44 UTC 2021
top - 10:47:44 up  1:11,  1 user,  load average: 0.02, 0.01, 0.00
Tasks: 133 total,   1 running, 132 sleeping,   0 stopped,   0 zombie
%Cpu(s):  1.4 us,  4.1 sy,  0.0 ni, 94.6 id,  0.0 wa,  0.0 hi,  0.0 si,  0.0 st
MiB Mem :   3793.3 total,   2613.4 free,    581.2 used,    598.6 buff/cache
MiB Swap:      0.0 total,      0.0 free,      0.0 used.   3156.5 avail Mem 
--- Mon Sep  6 10:47:49 UTC 2021
top - 10:47:50 up  1:11,  1 user,  load average: 0.01, 0.01, 0.00
Tasks: 133 total,   1 running, 132 sleeping,   0 stopped,   0 zombie
%Cpu(s):  1.3 us,  4.0 sy,  0.0 ni, 94.7 id,  0.0 wa,  0.0 hi,  0.0 si,  0.0 st
MiB Mem :   3793.3 total,   2613.6 free,    581.1 used,    598.7 buff/cache
MiB Swap:      0.0 total,      0.0 free,      0.0 used.   3156.6 avail Mem 
--- Mon Sep  6 10:47:55 UTC 2021
top - 10:47:55 up  1:11,  1 user,  load average: 0.01, 0.01, 0.00
Tasks: 133 total,   1 running, 132 sleeping,   0 stopped,   0 zombie
%Cpu(s):  6.8 us,  2.7 sy,  0.0 ni, 90.5 id,  0.0 wa,  0.0 hi,  0.0 si,  0.0 st
MiB Mem :   3793.3 total,   2613.7 free,    580.9 used,    598.7 buff/cache
MiB Swap:      0.0 total,      0.0 free,      0.0 used.   3156.8 avail Mem 
--- Mon Sep  6 10:48:00 UTC 2021
top - 10:48:00 up  1:11,  1 user,  load average: 0.01, 0.01, 0.00
Tasks: 133 total,   1 running, 132 sleeping,   0 stopped,   0 zombie
%Cpu(s):  1.4 us,  2.7 sy,  0.0 ni, 95.9 id,  0.0 wa,  0.0 hi,  0.0 si,  0.0 st
MiB Mem :   3793.3 total,   2613.7 free,    580.9 used,    598.7 buff/cache
MiB Swap:      0.0 total,      0.0 free,      0.0 used.   3156.7 avail Mem 
--- Mon Sep  6 10:48:05 UTC 2021
top - 10:48:05 up  1:11,  1 user,  load average: 0.01, 0.01, 0.00
Tasks: 133 total,   1 running, 132 sleeping,   0 stopped,   0 zombie
%Cpu(s):  2.7 us,  4.0 sy,  0.0 ni, 93.3 id,  0.0 wa,  0.0 hi,  0.0 si,  0.0 st
MiB Mem :   3793.3 total,   2613.7 free,    580.9 used,    598.7 buff/cache
MiB Swap:      0.0 total,      0.0 free,      0.0 used.   3156.8 avail Mem 
--- Mon Sep  6 10:48:10 UTC 2021
top - 10:48:10 up  1:11,  1 user,  load average: 0.01, 0.00, 0.00
Tasks: 133 total,   1 running, 132 sleeping,   0 stopped,   0 zombie
%Cpu(s):  1.4 us,  2.7 sy,  0.0 ni, 95.9 id,  0.0 wa,  0.0 hi,  0.0 si,  0.0 st
MiB Mem :   3793.3 total,   2613.8 free,    580.8 used,    598.7 buff/cache
MiB Swap:      0.0 total,      0.0 free,      0.0 used.   3156.9 avail Mem 
--- Mon Sep  6 10:48:15 UTC 2021
top - 10:48:16 up  1:11,  1 user,  load average: 0.01, 0.00, 0.00
Tasks: 133 total,   1 running, 132 sleeping,   0 stopped,   0 zombie
%Cpu(s):  2.7 us,  2.7 sy,  0.0 ni, 94.6 id,  0.0 wa,  0.0 hi,  0.0 si,  0.0 st
MiB Mem :   3793.3 total,   2613.7 free,    580.9 used,    598.7 buff/cache
MiB Swap:      0.0 total,      0.0 free,      0.0 used.   3156.8 avail Mem 
--- Mon Sep  6 10:48:21 UTC 2021
top - 10:48:21 up  1:11,  1 user,  load average: 0.01, 0.00, 0.00
Tasks: 133 total,   1 running, 132 sleeping,   0 stopped,   0 zombie
%Cpu(s):  2.7 us,  2.7 sy,  0.0 ni, 94.6 id,  0.0 wa,  0.0 hi,  0.0 si,  0.0 st
MiB Mem :   3793.3 total,   2613.8 free,    580.8 used,    598.7 buff/cache
MiB Swap:      0.0 total,      0.0 free,      0.0 used.   3156.9 avail Mem 
--- Mon Sep  6 10:48:26 UTC 2021
top - 10:48:26 up  1:11,  1 user,  load average: 0.01, 0.00, 0.00
Tasks: 133 total,   1 running, 132 sleeping,   0 stopped,   0 zombie
%Cpu(s):  1.4 us,  4.1 sy,  0.0 ni, 94.6 id,  0.0 wa,  0.0 hi,  0.0 si,  0.0 st
MiB Mem :   3793.3 total,   2614.1 free,    580.5 used,    598.7 buff/cache
MiB Swap:      0.0 total,      0.0 free,      0.0 used.   3157.2 avail Mem 
--- Mon Sep  6 10:48:31 UTC 2021
top - 10:48:31 up  1:11,  1 user,  load average: 0.00, 0.00, 0.00
Tasks: 133 total,   1 running, 132 sleeping,   0 stopped,   0 zombie
%Cpu(s):  2.6 us,  3.9 sy,  0.0 ni, 93.4 id,  0.0 wa,  0.0 hi,  0.0 si,  0.0 st
MiB Mem :   3793.3 total,   2613.7 free,    580.9 used,    598.7 buff/cache
MiB Swap:      0.0 total,      0.0 free,      0.0 used.   3156.8 avail Mem 
--- Mon Sep  6 10:48:36 UTC 2021
top - 10:48:37 up  1:11,  1 user,  load average: 0.00, 0.00, 0.00
Tasks: 133 total,   1 running, 132 sleeping,   0 stopped,   0 zombie
%Cpu(s):  1.4 us,  2.7 sy,  0.0 ni, 95.9 id,  0.0 wa,  0.0 hi,  0.0 si,  0.0 st
MiB Mem :   3793.3 total,   2614.1 free,    580.5 used,    598.7 buff/cache
MiB Swap:      0.0 total,      0.0 free,      0.0 used.   3157.2 avail Mem 
--- Mon Sep  6 10:48:42 UTC 2021
top - 10:48:42 up  1:11,  1 user,  load average: 0.00, 0.00, 0.00
Tasks: 133 total,   1 running, 132 sleeping,   0 stopped,   0 zombie
%Cpu(s):  0.0 us,  4.1 sy,  0.0 ni, 95.9 id,  0.0 wa,  0.0 hi,  0.0 si,  0.0 st
MiB Mem :   3793.3 total,   2614.1 free,    580.4 used,    598.7 buff/cache
MiB Swap:      0.0 total,      0.0 free,      0.0 used.   3157.3 avail Mem 
--- Mon Sep  6 10:48:47 UTC 2021
top - 10:48:47 up  1:12,  1 user,  load average: 0.00, 0.00, 0.00
Tasks: 133 total,   1 running, 132 sleeping,   0 stopped,   0 zombie
%Cpu(s):  1.4 us,  4.1 sy,  0.0 ni, 94.6 id,  0.0 wa,  0.0 hi,  0.0 si,  0.0 st
MiB Mem :   3793.3 total,   2613.7 free,    580.9 used,    598.7 buff/cache
MiB Swap:      0.0 total,      0.0 free,      0.0 used.   3156.8 avail Mem 
--- Mon Sep  6 10:48:52 UTC 2021
top - 10:48:52 up  1:12,  1 user,  load average: 0.00, 0.00, 0.00
Tasks: 133 total,   1 running, 132 sleeping,   0 stopped,   0 zombie
%Cpu(s):  3.9 us,  2.6 sy,  0.0 ni, 93.4 id,  0.0 wa,  0.0 hi,  0.0 si,  0.0 st
MiB Mem :   3793.3 total,   2614.0 free,    580.5 used,    598.8 buff/cache
MiB Swap:      0.0 total,      0.0 free,      0.0 used.   3157.2 avail Mem 
--- Mon Sep  6 10:48:57 UTC 2021
top - 10:48:57 up  1:12,  1 user,  load average: 0.00, 0.00, 0.00
Tasks: 133 total,   1 running, 132 sleeping,   0 stopped,   0 zombie
%Cpu(s):  0.0 us,  4.2 sy,  0.0 ni, 95.8 id,  0.0 wa,  0.0 hi,  0.0 si,  0.0 st
MiB Mem :   3793.3 total,   2613.4 free,    581.1 used,    598.8 buff/cache
MiB Swap:      0.0 total,      0.0 free,      0.0 used.   3156.6 avail Mem 
--- Mon Sep  6 10:49:02 UTC 2021
top - 10:49:03 up  1:12,  1 user,  load average: 0.00, 0.00, 0.00
Tasks: 133 total,   1 running, 132 sleeping,   0 stopped,   0 zombie
%Cpu(s):  0.0 us,  4.1 sy,  0.0 ni, 95.9 id,  0.0 wa,  0.0 hi,  0.0 si,  0.0 st
MiB Mem :   3793.3 total,   2613.4 free,    581.1 used,    598.8 buff/cache
MiB Swap:      0.0 total,      0.0 free,      0.0 used.   3156.6 avail Mem 
--- Mon Sep  6 10:49:08 UTC 2021
top - 10:49:08 up  1:12,  1 user,  load average: 0.00, 0.00, 0.00
Tasks: 133 total,   1 running, 132 sleeping,   0 stopped,   0 zombie
%Cpu(s):  0.0 us,  4.1 sy,  0.0 ni, 95.9 id,  0.0 wa,  0.0 hi,  0.0 si,  0.0 st
MiB Mem :   3793.3 total,   2613.4 free,    581.1 used,    598.8 buff/cache
MiB Swap:      0.0 total,      0.0 free,      0.0 used.   3156.6 avail Mem 
--- Mon Sep  6 10:49:13 UTC 2021
top - 10:49:13 up  1:12,  1 user,  load average: 0.00, 0.00, 0.00
Tasks: 133 total,   1 running, 132 sleeping,   0 stopped,   0 zombie
%Cpu(s):  1.4 us,  4.1 sy,  0.0 ni, 94.6 id,  0.0 wa,  0.0 hi,  0.0 si,  0.0 st
MiB Mem :   3793.3 total,   2613.4 free,    581.1 used,    598.8 buff/cache
MiB Swap:      0.0 total,      0.0 free,      0.0 used.   3156.6 avail Mem 
--- Mon Sep  6 10:49:18 UTC 2021
top - 10:49:18 up  1:12,  1 user,  load average: 0.00, 0.00, 0.00
Tasks: 133 total,   1 running, 132 sleeping,   0 stopped,   0 zombie
%Cpu(s):  1.3 us,  5.3 sy,  0.0 ni, 93.3 id,  0.0 wa,  0.0 hi,  0.0 si,  0.0 st
MiB Mem :   3793.3 total,   2613.6 free,    580.8 used,    598.8 buff/cache
MiB Swap:      0.0 total,      0.0 free,      0.0 used.   3156.9 avail Mem 
--- Mon Sep  6 10:49:23 UTC 2021
top - 10:49:24 up  1:12,  1 user,  load average: 0.00, 0.00, 0.00
Tasks: 133 total,   1 running, 132 sleeping,   0 stopped,   0 zombie
%Cpu(s):  1.3 us,  4.0 sy,  0.0 ni, 94.7 id,  0.0 wa,  0.0 hi,  0.0 si,  0.0 st
MiB Mem :   3793.3 total,   2613.3 free,    581.1 used,    598.8 buff/cache
MiB Swap:      0.0 total,      0.0 free,      0.0 used.   3156.6 avail Mem 
--- Mon Sep  6 10:49:29 UTC 2021
top - 10:49:29 up  1:12,  1 user,  load average: 0.00, 0.00, 0.00
Tasks: 133 total,   1 running, 132 sleeping,   0 stopped,   0 zombie
%Cpu(s):  0.0 us,  5.4 sy,  0.0 ni, 94.6 id,  0.0 wa,  0.0 hi,  0.0 si,  0.0 st
MiB Mem :   3793.3 total,   2613.4 free,    581.1 used,    598.8 buff/cache
MiB Swap:      0.0 total,      0.0 free,      0.0 used.   3156.6 avail Mem 
--- Mon Sep  6 10:49:34 UTC 2021
top - 10:49:34 up  1:12,  1 user,  load average: 0.00, 0.00, 0.00
Tasks: 133 total,   1 running, 132 sleeping,   0 stopped,   0 zombie
%Cpu(s):  1.4 us,  2.7 sy,  0.0 ni, 95.9 id,  0.0 wa,  0.0 hi,  0.0 si,  0.0 st
MiB Mem :   3793.3 total,   2613.9 free,    580.5 used,    598.8 buff/cache
MiB Swap:      0.0 total,      0.0 free,      0.0 used.   3157.2 avail Mem 
--- Mon Sep  6 10:49:39 UTC 2021
top - 10:49:39 up  1:12,  1 user,  load average: 0.00, 0.00, 0.00
Tasks: 133 total,   1 running, 132 sleeping,   0 stopped,   0 zombie
%Cpu(s):  1.4 us,  4.1 sy,  0.0 ni, 94.6 id,  0.0 wa,  0.0 hi,  0.0 si,  0.0 st
MiB Mem :   3793.3 total,   2613.8 free,    580.7 used,    598.8 buff/cache
MiB Swap:      0.0 total,      0.0 free,      0.0 used.   3157.0 avail Mem 
--- Mon Sep  6 10:49:44 UTC 2021
top - 10:49:44 up  1:13,  1 user,  load average: 0.00, 0.00, 0.00
Tasks: 133 total,   1 running, 132 sleeping,   0 stopped,   0 zombie
%Cpu(s):  1.4 us,  4.1 sy,  0.0 ni, 94.6 id,  0.0 wa,  0.0 hi,  0.0 si,  0.0 st
MiB Mem :   3793.3 total,   2613.7 free,    580.8 used,    598.8 buff/cache
MiB Swap:      0.0 total,      0.0 free,      0.0 used.   3156.9 avail Mem 
--- Mon Sep  6 10:49:49 UTC 2021
top - 10:49:50 up  1:13,  1 user,  load average: 0.00, 0.00, 0.00
Tasks: 133 total,   1 running, 132 sleeping,   0 stopped,   0 zombie
%Cpu(s):  2.7 us,  2.7 sy,  0.0 ni, 94.7 id,  0.0 wa,  0.0 hi,  0.0 si,  0.0 st
MiB Mem :   3793.3 total,   2614.0 free,    580.4 used,    598.9 buff/cache
MiB Swap:      0.0 total,      0.0 free,      0.0 used.   3157.3 avail Mem 
--- Mon Sep  6 10:49:55 UTC 2021
top - 10:49:55 up  1:13,  1 user,  load average: 0.00, 0.00, 0.00
Tasks: 134 total,   1 running, 133 sleeping,   0 stopped,   0 zombie
%Cpu(s):  0.0 us,  4.1 sy,  0.0 ni, 95.9 id,  0.0 wa,  0.0 hi,  0.0 si,  0.0 st
MiB Mem :   3793.3 total,   2614.0 free,    580.5 used,    598.9 buff/cache
MiB Swap:      0.0 total,      0.0 free,      0.0 used.   3157.2 avail Mem 
--- Mon Sep  6 10:50:00 UTC 2021
top - 10:50:00 up  1:13,  1 user,  load average: 0.00, 0.00, 0.00
Tasks: 135 total,   1 running, 134 sleeping,   0 stopped,   0 zombie
%Cpu(s):  1.4 us,  2.7 sy,  0.0 ni, 95.9 id,  0.0 wa,  0.0 hi,  0.0 si,  0.0 st
MiB Mem :   3793.3 total,   2613.6 free,    580.8 used,    598.9 buff/cache
MiB Swap:      0.0 total,      0.0 free,      0.0 used.   3156.9 avail Mem 
--- Mon Sep  6 10:50:05 UTC 2021
top - 10:50:05 up  1:13,  1 user,  load average: 0.00, 0.00, 0.00
Tasks: 135 total,   1 running, 134 sleeping,   0 stopped,   0 zombie
%Cpu(s):  1.3 us,  4.0 sy,  0.0 ni, 94.7 id,  0.0 wa,  0.0 hi,  0.0 si,  0.0 st
MiB Mem :   3793.3 total,   2613.7 free,    580.7 used,    598.9 buff/cache
MiB Swap:      0.0 total,      0.0 free,      0.0 used.   3157.0 avail Mem 
--- Mon Sep  6 10:50:10 UTC 2021
top - 10:50:10 up  1:13,  1 user,  load average: 0.00, 0.00, 0.00
Tasks: 135 total,   1 running, 134 sleeping,   0 stopped,   0 zombie
%Cpu(s):  1.4 us,  4.1 sy,  0.0 ni, 94.6 id,  0.0 wa,  0.0 hi,  0.0 si,  0.0 st
MiB Mem :   3793.3 total,   2613.4 free,    581.0 used,    598.9 buff/cache
MiB Swap:      0.0 total,      0.0 free,      0.0 used.   3156.7 avail Mem 
--- Mon Sep  6 10:50:16 UTC 2021
top - 10:50:16 up  1:13,  1 user,  load average: 0.00, 0.00, 0.00
Tasks: 135 total,   1 running, 134 sleeping,   0 stopped,   0 zombie
%Cpu(s):  1.4 us,  4.1 sy,  0.0 ni, 94.6 id,  0.0 wa,  0.0 hi,  0.0 si,  0.0 st
MiB Mem :   3793.3 total,   2613.4 free,    581.0 used,    598.9 buff/cache
MiB Swap:      0.0 total,      0.0 free,      0.0 used.   3156.7 avail Mem 
--- Mon Sep  6 10:50:21 UTC 2021
top - 10:50:21 up  1:13,  1 user,  load average: 0.00, 0.00, 0.00
Tasks: 135 total,   1 running, 134 sleeping,   0 stopped,   0 zombie
%Cpu(s):  0.0 us,  4.1 sy,  0.0 ni, 95.9 id,  0.0 wa,  0.0 hi,  0.0 si,  0.0 st
MiB Mem :   3793.3 total,   2613.9 free,    580.5 used,    598.9 buff/cache
MiB Swap:      0.0 total,      0.0 free,      0.0 used.   3157.2 avail Mem 
--- Mon Sep  6 10:50:26 UTC 2021
top - 10:50:26 up  1:13,  1 user,  load average: 0.00, 0.00, 0.00
Tasks: 135 total,   1 running, 134 sleeping,   0 stopped,   0 zombie
%Cpu(s):  1.4 us,  4.1 sy,  0.0 ni, 94.6 id,  0.0 wa,  0.0 hi,  0.0 si,  0.0 st
MiB Mem :   3793.3 total,   2613.5 free,    580.8 used,    598.9 buff/cache
MiB Swap:      0.0 total,      0.0 free,      0.0 used.   3156.9 avail Mem 
--- Mon Sep  6 10:50:31 UTC 2021
top - 10:50:31 up  1:13,  1 user,  load average: 0.00, 0.00, 0.00
Tasks: 135 total,   1 running, 134 sleeping,   0 stopped,   0 zombie
%Cpu(s):  0.0 us,  4.1 sy,  0.0 ni, 95.9 id,  0.0 wa,  0.0 hi,  0.0 si,  0.0 st
MiB Mem :   3793.3 total,   2613.2 free,    581.2 used,    598.9 buff/cache
MiB Swap:      0.0 total,      0.0 free,      0.0 used.   3156.5 avail Mem 
--- Mon Sep  6 10:50:36 UTC 2021
top - 10:50:37 up  1:13,  1 user,  load average: 0.00, 0.00, 0.00
Tasks: 135 total,   1 running, 134 sleeping,   0 stopped,   0 zombie
%Cpu(s):  1.4 us,  2.7 sy,  0.0 ni, 95.9 id,  0.0 wa,  0.0 hi,  0.0 si,  0.0 st
MiB Mem :   3793.3 total,   2613.4 free,    580.9 used,    598.9 buff/cache
MiB Swap:      0.0 total,      0.0 free,      0.0 used.   3156.7 avail Mem 
--- Mon Sep  6 10:50:42 UTC 2021
top - 10:50:42 up  1:13,  1 user,  load average: 0.00, 0.00, 0.00
Tasks: 135 total,   1 running, 134 sleeping,   0 stopped,   0 zombie
%Cpu(s):  1.4 us,  4.1 sy,  0.0 ni, 94.6 id,  0.0 wa,  0.0 hi,  0.0 si,  0.0 st
MiB Mem :   3793.3 total,   2613.3 free,    581.0 used,    598.9 buff/cache
MiB Swap:      0.0 total,      0.0 free,      0.0 used.   3156.7 avail Mem 
--- Mon Sep  6 10:50:47 UTC 2021
top - 10:50:47 up  1:14,  1 user,  load average: 0.00, 0.00, 0.00
Tasks: 135 total,   1 running, 134 sleeping,   0 stopped,   0 zombie
%Cpu(s):  0.0 us,  4.1 sy,  0.0 ni, 95.9 id,  0.0 wa,  0.0 hi,  0.0 si,  0.0 st
MiB Mem :   3793.3 total,   2613.4 free,    580.9 used,    599.0 buff/cache
MiB Swap:      0.0 total,      0.0 free,      0.0 used.   3156.8 avail Mem 
--- Mon Sep  6 10:50:52 UTC 2021
top - 10:50:52 up  1:14,  1 user,  load average: 0.00, 0.00, 0.00
Tasks: 135 total,   1 running, 134 sleeping,   0 stopped,   0 zombie
%Cpu(s):  1.4 us,  4.1 sy,  0.0 ni, 94.6 id,  0.0 wa,  0.0 hi,  0.0 si,  0.0 st
MiB Mem :   3793.3 total,   2613.6 free,    580.7 used,    599.0 buff/cache
MiB Swap:      0.0 total,      0.0 free,      0.0 used.   3157.0 avail Mem 
--- Mon Sep  6 10:50:57 UTC 2021
top - 10:50:57 up  1:14,  1 user,  load average: 0.00, 0.00, 0.00
Tasks: 135 total,   1 running, 134 sleeping,   0 stopped,   0 zombie
%Cpu(s):  1.4 us,  4.1 sy,  0.0 ni, 94.6 id,  0.0 wa,  0.0 hi,  0.0 si,  0.0 st
MiB Mem :   3793.3 total,   2613.5 free,    580.8 used,    599.0 buff/cache
MiB Swap:      0.0 total,      0.0 free,      0.0 used.   3156.9 avail Mem 
--- Mon Sep  6 10:51:02 UTC 2021
top - 10:51:03 up  1:14,  1 user,  load average: 0.00, 0.00, 0.00
Tasks: 135 total,   1 running, 134 sleeping,   0 stopped,   0 zombie
%Cpu(s):  1.3 us,  5.3 sy,  0.0 ni, 93.3 id,  0.0 wa,  0.0 hi,  0.0 si,  0.0 st
MiB Mem :   3793.3 total,   2614.1 free,    580.2 used,    599.0 buff/cache
MiB Swap:      0.0 total,      0.0 free,      0.0 used.   3157.5 avail Mem 
--- Mon Sep  6 10:51:08 UTC 2021
top - 10:51:08 up  1:14,  1 user,  load average: 0.00, 0.00, 0.00
Tasks: 135 total,   1 running, 134 sleeping,   0 stopped,   0 zombie
%Cpu(s):  1.4 us,  2.7 sy,  0.0 ni, 95.9 id,  0.0 wa,  0.0 hi,  0.0 si,  0.0 st
MiB Mem :   3793.3 total,   2613.6 free,    580.6 used,    599.0 buff/cache
MiB Swap:      0.0 total,      0.0 free,      0.0 used.   3157.1 avail Mem 
--- Mon Sep  6 10:51:13 UTC 2021
top - 10:51:13 up  1:14,  1 user,  load average: 0.00, 0.00, 0.00
Tasks: 135 total,   1 running, 134 sleeping,   0 stopped,   0 zombie
%Cpu(s):  1.4 us,  4.1 sy,  0.0 ni, 94.6 id,  0.0 wa,  0.0 hi,  0.0 si,  0.0 st
MiB Mem :   3793.3 total,   2614.0 free,    580.3 used,    599.0 buff/cache
MiB Swap:      0.0 total,      0.0 free,      0.0 used.   3157.4 avail Mem 
--- Mon Sep  6 10:51:18 UTC 2021
top - 10:51:18 up  1:14,  1 user,  load average: 0.00, 0.00, 0.00
Tasks: 135 total,   1 running, 134 sleeping,   0 stopped,   0 zombie
%Cpu(s):  1.4 us,  4.1 sy,  0.0 ni, 94.6 id,  0.0 wa,  0.0 hi,  0.0 si,  0.0 st
MiB Mem :   3793.3 total,   2614.0 free,    580.2 used,    599.0 buff/cache
MiB Swap:      0.0 total,      0.0 free,      0.0 used.   3157.5 avail Mem 
--- Mon Sep  6 10:51:23 UTC 2021
top - 10:51:24 up  1:14,  1 user,  load average: 0.00, 0.00, 0.00
Tasks: 135 total,   1 running, 134 sleeping,   0 stopped,   0 zombie
%Cpu(s):  0.0 us,  4.1 sy,  0.0 ni, 95.9 id,  0.0 wa,  0.0 hi,  0.0 si,  0.0 st
MiB Mem :   3793.3 total,   2613.4 free,    580.8 used,    599.0 buff/cache
MiB Swap:      0.0 total,      0.0 free,      0.0 used.   3156.9 avail Mem 
--- Mon Sep  6 10:51:29 UTC 2021
top - 10:51:29 up  1:14,  1 user,  load average: 0.00, 0.00, 0.00
Tasks: 135 total,   1 running, 134 sleeping,   0 stopped,   0 zombie
%Cpu(s):  1.4 us,  2.7 sy,  0.0 ni, 95.9 id,  0.0 wa,  0.0 hi,  0.0 si,  0.0 st
MiB Mem :   3793.3 total,   2613.8 free,    580.5 used,    599.0 buff/cache
MiB Swap:      0.0 total,      0.0 free,      0.0 used.   3157.2 avail Mem 
--- Mon Sep  6 10:51:34 UTC 2021
top - 10:51:34 up  1:14,  1 user,  load average: 0.00, 0.00, 0.00
Tasks: 135 total,   1 running, 134 sleeping,   0 stopped,   0 zombie
%Cpu(s):  1.3 us,  4.0 sy,  0.0 ni, 94.7 id,  0.0 wa,  0.0 hi,  0.0 si,  0.0 st
MiB Mem :   3793.3 total,   2614.2 free,    580.1 used,    599.0 buff/cache
MiB Swap:      0.0 total,      0.0 free,      0.0 used.   3157.6 avail Mem 
--- Mon Sep  6 10:51:39 UTC 2021
top - 10:51:39 up  1:14,  1 user,  load average: 0.00, 0.00, 0.00
Tasks: 134 total,   1 running, 133 sleeping,   0 stopped,   0 zombie
%Cpu(s):  0.0 us,  5.4 sy,  0.0 ni, 94.6 id,  0.0 wa,  0.0 hi,  0.0 si,  0.0 st
MiB Mem :   3793.3 total,   2614.1 free,    580.1 used,    599.0 buff/cache
MiB Swap:      0.0 total,      0.0 free,      0.0 used.   3157.6 avail Mem 
--- Mon Sep  6 10:51:44 UTC 2021
top - 10:51:44 up  1:15,  1 user,  load average: 0.00, 0.00, 0.00
Tasks: 134 total,   1 running, 133 sleeping,   0 stopped,   0 zombie
%Cpu(s):  0.0 us,  4.1 sy,  0.0 ni, 95.9 id,  0.0 wa,  0.0 hi,  0.0 si,  0.0 st
MiB Mem :   3793.3 total,   2613.8 free,    580.4 used,    599.1 buff/cache
MiB Swap:      0.0 total,      0.0 free,      0.0 used.   3157.3 avail Mem 
--- Mon Sep  6 10:51:49 UTC 2021
top - 10:51:50 up  1:15,  1 user,  load average: 0.00, 0.00, 0.00
Tasks: 134 total,   1 running, 133 sleeping,   0 stopped,   0 zombie
%Cpu(s):  1.4 us,  2.7 sy,  0.0 ni, 95.9 id,  0.0 wa,  0.0 hi,  0.0 si,  0.0 st
MiB Mem :   3793.3 total,   2613.9 free,    580.3 used,    599.1 buff/cache
MiB Swap:      0.0 total,      0.0 free,      0.0 used.   3157.4 avail Mem 
--- Mon Sep  6 10:51:55 UTC 2021
top - 10:51:55 up  1:15,  1 user,  load average: 0.00, 0.00, 0.00
Tasks: 134 total,   1 running, 133 sleeping,   0 stopped,   0 zombie
%Cpu(s):  1.4 us,  4.1 sy,  0.0 ni, 94.6 id,  0.0 wa,  0.0 hi,  0.0 si,  0.0 st
MiB Mem :   3793.3 total,   2613.9 free,    580.3 used,    599.1 buff/cache
MiB Swap:      0.0 total,      0.0 free,      0.0 used.   3157.4 avail Mem 
--- Mon Sep  6 10:52:00 UTC 2021
top - 10:52:00 up  1:15,  1 user,  load average: 0.00, 0.00, 0.00
Tasks: 134 total,   1 running, 133 sleeping,   0 stopped,   0 zombie
%Cpu(s):  1.4 us,  2.7 sy,  0.0 ni, 95.9 id,  0.0 wa,  0.0 hi,  0.0 si,  0.0 st
MiB Mem :   3793.3 total,   2613.5 free,    580.7 used,    599.1 buff/cache
MiB Swap:      0.0 total,      0.0 free,      0.0 used.   3157.0 avail Mem 
--- Mon Sep  6 10:52:05 UTC 2021
top - 10:52:05 up  1:15,  1 user,  load average: 0.00, 0.00, 0.00
Tasks: 134 total,   1 running, 133 sleeping,   0 stopped,   0 zombie
%Cpu(s):  1.4 us,  2.7 sy,  0.0 ni, 95.9 id,  0.0 wa,  0.0 hi,  0.0 si,  0.0 st
MiB Mem :   3793.3 total,   2613.6 free,    580.6 used,    599.1 buff/cache
MiB Swap:      0.0 total,      0.0 free,      0.0 used.   3157.1 avail Mem 
--- Mon Sep  6 10:52:10 UTC 2021
top - 10:52:11 up  1:15,  1 user,  load average: 0.00, 0.00, 0.00
Tasks: 134 total,   1 running, 133 sleeping,   0 stopped,   0 zombie
%Cpu(s):  2.6 us,  3.9 sy,  0.0 ni, 93.4 id,  0.0 wa,  0.0 hi,  0.0 si,  0.0 st
MiB Mem :   3793.3 total,   2613.4 free,    580.8 used,    599.1 buff/cache
MiB Swap:      0.0 total,      0.0 free,      0.0 used.   3156.9 avail Mem 
--- Mon Sep  6 10:52:16 UTC 2021
top - 10:52:16 up  1:15,  1 user,  load average: 0.08, 0.02, 0.01
Tasks: 134 total,   1 running, 133 sleeping,   0 stopped,   0 zombie
%Cpu(s):  0.0 us,  4.1 sy,  0.0 ni, 95.9 id,  0.0 wa,  0.0 hi,  0.0 si,  0.0 st
MiB Mem :   3793.3 total,   2613.1 free,    581.0 used,    599.1 buff/cache
MiB Swap:      0.0 total,      0.0 free,      0.0 used.   3156.7 avail Mem 
--- Mon Sep  6 10:52:21 UTC 2021
top - 10:52:21 up  1:15,  1 user,  load average: 0.07, 0.02, 0.00
Tasks: 134 total,   1 running, 133 sleeping,   0 stopped,   0 zombie
%Cpu(s):  0.0 us,  4.1 sy,  0.0 ni, 95.9 id,  0.0 wa,  0.0 hi,  0.0 si,  0.0 st
MiB Mem :   3793.3 total,   2613.4 free,    580.7 used,    599.1 buff/cache
MiB Swap:      0.0 total,      0.0 free,      0.0 used.   3157.0 avail Mem 
--- Mon Sep  6 10:52:26 UTC 2021
top - 10:52:26 up  1:15,  1 user,  load average: 0.07, 0.02, 0.00
Tasks: 134 total,   1 running, 133 sleeping,   0 stopped,   0 zombie
%Cpu(s):  0.0 us,  5.3 sy,  0.0 ni, 94.7 id,  0.0 wa,  0.0 hi,  0.0 si,  0.0 st
MiB Mem :   3793.3 total,   2613.4 free,    580.8 used,    599.1 buff/cache
MiB Swap:      0.0 total,      0.0 free,      0.0 used.   3156.9 avail Mem 
--- Mon Sep  6 10:52:31 UTC 2021
top - 10:52:31 up  1:15,  1 user,  load average: 0.06, 0.02, 0.00
Tasks: 134 total,   1 running, 133 sleeping,   0 stopped,   0 zombie
%Cpu(s):  1.4 us,  4.1 sy,  0.0 ni, 94.6 id,  0.0 wa,  0.0 hi,  0.0 si,  0.0 st
MiB Mem :   3793.3 total,   2613.4 free,    580.7 used,    599.1 buff/cache
MiB Swap:      0.0 total,      0.0 free,      0.0 used.   3157.0 avail Mem 
--- Mon Sep  6 10:52:36 UTC 2021
top - 10:52:37 up  1:15,  1 user,  load average: 0.06, 0.01, 0.00
Tasks: 134 total,   1 running, 133 sleeping,   0 stopped,   0 zombie
%Cpu(s):  0.0 us,  5.4 sy,  0.0 ni, 94.6 id,  0.0 wa,  0.0 hi,  0.0 si,  0.0 st
MiB Mem :   3793.3 total,   2613.5 free,    580.6 used,    599.1 buff/cache
MiB Swap:      0.0 total,      0.0 free,      0.0 used.   3157.1 avail Mem 
--- Mon Sep  6 10:52:42 UTC 2021
top - 10:52:42 up  1:15,  1 user,  load average: 0.05, 0.01, 0.00
Tasks: 133 total,   1 running, 132 sleeping,   0 stopped,   0 zombie
%Cpu(s):  1.4 us,  4.1 sy,  0.0 ni, 94.6 id,  0.0 wa,  0.0 hi,  0.0 si,  0.0 st
MiB Mem :   3793.3 total,   2614.1 free,    580.1 used,    599.1 buff/cache
MiB Swap:      0.0 total,      0.0 free,      0.0 used.   3157.6 avail Mem 
--- Mon Sep  6 10:52:47 UTC 2021
top - 10:52:47 up  1:16,  1 user,  load average: 0.05, 0.01, 0.00
Tasks: 133 total,   1 running, 132 sleeping,   0 stopped,   0 zombie
%Cpu(s):  1.4 us,  2.7 sy,  0.0 ni, 95.9 id,  0.0 wa,  0.0 hi,  0.0 si,  0.0 st
MiB Mem :   3793.3 total,   2613.2 free,    581.0 used,    599.1 buff/cache
MiB Swap:      0.0 total,      0.0 free,      0.0 used.   3156.7 avail Mem 
--- Mon Sep  6 10:52:52 UTC 2021
top - 10:52:52 up  1:16,  1 user,  load average: 0.04, 0.01, 0.00
Tasks: 134 total,   1 running, 133 sleeping,   0 stopped,   0 zombie
%Cpu(s):  2.7 us,  4.1 sy,  0.0 ni, 93.2 id,  0.0 wa,  0.0 hi,  0.0 si,  0.0 st
MiB Mem :   3793.3 total,   2613.6 free,    580.5 used,    599.1 buff/cache
MiB Swap:      0.0 total,      0.0 free,      0.0 used.   3157.2 avail Mem 
--- Mon Sep  6 10:52:57 UTC 2021
top - 10:52:57 up  1:16,  1 user,  load average: 0.04, 0.01, 0.00
Tasks: 134 total,   1 running, 133 sleeping,   0 stopped,   0 zombie
%Cpu(s):  0.0 us,  5.4 sy,  0.0 ni, 94.6 id,  0.0 wa,  0.0 hi,  0.0 si,  0.0 st
MiB Mem :   3793.3 total,   2613.4 free,    580.7 used,    599.1 buff/cache
MiB Swap:      0.0 total,      0.0 free,      0.0 used.   3157.0 avail Mem 
--- Mon Sep  6 10:53:03 UTC 2021
top - 10:53:03 up  1:16,  1 user,  load average: 0.04, 0.01, 0.00
Tasks: 134 total,   1 running, 133 sleeping,   0 stopped,   0 zombie
%Cpu(s):  0.0 us,  5.4 sy,  0.0 ni, 94.6 id,  0.0 wa,  0.0 hi,  0.0 si,  0.0 st
MiB Mem :   3793.3 total,   2613.4 free,    580.7 used,    599.2 buff/cache
MiB Swap:      0.0 total,      0.0 free,      0.0 used.   3157.0 avail Mem 
--- Mon Sep  6 10:53:08 UTC 2021
top - 10:53:08 up  1:16,  1 user,  load average: 0.03, 0.01, 0.00
Tasks: 134 total,   1 running, 133 sleeping,   0 stopped,   0 zombie
%Cpu(s):  1.3 us,  4.0 sy,  0.0 ni, 94.7 id,  0.0 wa,  0.0 hi,  0.0 si,  0.0 st
MiB Mem :   3793.3 total,   2613.2 free,    580.9 used,    599.2 buff/cache
MiB Swap:      0.0 total,      0.0 free,      0.0 used.   3156.8 avail Mem 
--- Mon Sep  6 10:53:13 UTC 2021
top - 10:53:13 up  1:16,  1 user,  load average: 0.03, 0.01, 0.00
Tasks: 134 total,   1 running, 133 sleeping,   0 stopped,   0 zombie
%Cpu(s):  0.0 us,  5.4 sy,  0.0 ni, 94.6 id,  0.0 wa,  0.0 hi,  0.0 si,  0.0 st
MiB Mem :   3793.3 total,   2613.3 free,    580.8 used,    599.2 buff/cache
MiB Swap:      0.0 total,      0.0 free,      0.0 used.   3156.9 avail Mem 
--- Mon Sep  6 10:53:18 UTC 2021
top - 10:53:18 up  1:16,  1 user,  load average: 0.03, 0.01, 0.00
Tasks: 134 total,   1 running, 133 sleeping,   0 stopped,   0 zombie
%Cpu(s):  1.3 us,  5.3 sy,  0.0 ni, 93.4 id,  0.0 wa,  0.0 hi,  0.0 si,  0.0 st
MiB Mem :   3793.3 total,   2613.2 free,    580.9 used,    599.2 buff/cache
MiB Swap:      0.0 total,      0.0 free,      0.0 used.   3156.8 avail Mem 
--- Mon Sep  6 10:53:23 UTC 2021
top - 10:53:24 up  1:16,  1 user,  load average: 0.02, 0.01, 0.00
Tasks: 134 total,   1 running, 133 sleeping,   0 stopped,   0 zombie
%Cpu(s):  1.4 us,  4.1 sy,  0.0 ni, 94.6 id,  0.0 wa,  0.0 hi,  0.0 si,  0.0 st
MiB Mem :   3793.3 total,   2613.2 free,    580.9 used,    599.2 buff/cache
MiB Swap:      0.0 total,      0.0 free,      0.0 used.   3156.8 avail Mem 
--- Mon Sep  6 10:53:29 UTC 2021
top - 10:53:29 up  1:16,  1 user,  load average: 0.02, 0.01, 0.00
Tasks: 134 total,   1 running, 133 sleeping,   0 stopped,   0 zombie
%Cpu(s):  2.7 us,  2.7 sy,  0.0 ni, 94.6 id,  0.0 wa,  0.0 hi,  0.0 si,  0.0 st
MiB Mem :   3793.3 total,   2613.2 free,    580.9 used,    599.2 buff/cache
MiB Swap:      0.0 total,      0.0 free,      0.0 used.   3156.8 avail Mem 
--- Mon Sep  6 10:53:34 UTC 2021
top - 10:53:34 up  1:16,  1 user,  load average: 0.02, 0.01, 0.00
Tasks: 134 total,   1 running, 133 sleeping,   0 stopped,   0 zombie
%Cpu(s):  0.0 us,  4.1 sy,  0.0 ni, 95.9 id,  0.0 wa,  0.0 hi,  0.0 si,  0.0 st
MiB Mem :   3793.3 total,   2613.1 free,    581.0 used,    599.2 buff/cache
MiB Swap:      0.0 total,      0.0 free,      0.0 used.   3156.7 avail Mem 
--- Mon Sep  6 10:53:39 UTC 2021
top - 10:53:39 up  1:16,  1 user,  load average: 0.02, 0.01, 0.00
Tasks: 134 total,   1 running, 133 sleeping,   0 stopped,   0 zombie
%Cpu(s):  1.3 us,  5.3 sy,  0.0 ni, 93.4 id,  0.0 wa,  0.0 hi,  0.0 si,  0.0 st
MiB Mem :   3793.3 total,   2613.4 free,    580.7 used,    599.2 buff/cache
MiB Swap:      0.0 total,      0.0 free,      0.0 used.   3157.0 avail Mem 
--- Mon Sep  6 10:53:44 UTC 2021
top - 10:53:44 up  1:17,  1 user,  load average: 0.02, 0.01, 0.00
Tasks: 134 total,   1 running, 133 sleeping,   0 stopped,   0 zombie
%Cpu(s):  0.0 us,  5.3 sy,  0.0 ni, 94.7 id,  0.0 wa,  0.0 hi,  0.0 si,  0.0 st
MiB Mem :   3793.3 total,   2613.2 free,    580.9 used,    599.2 buff/cache
MiB Swap:      0.0 total,      0.0 free,      0.0 used.   3156.8 avail Mem 
--- Mon Sep  6 10:53:50 UTC 2021
top - 10:53:50 up  1:17,  1 user,  load average: 0.02, 0.01, 0.00
Tasks: 134 total,   1 running, 133 sleeping,   0 stopped,   0 zombie
%Cpu(s):  1.4 us,  2.7 sy,  0.0 ni, 95.9 id,  0.0 wa,  0.0 hi,  0.0 si,  0.0 st
MiB Mem :   3793.3 total,   2613.6 free,    580.5 used,    599.2 buff/cache
MiB Swap:      0.0 total,      0.0 free,      0.0 used.   3157.2 avail Mem 
--- Mon Sep  6 10:53:55 UTC 2021
top - 10:53:55 up  1:17,  1 user,  load average: 0.01, 0.01, 0.00
Tasks: 134 total,   1 running, 133 sleeping,   0 stopped,   0 zombie
%Cpu(s):  1.4 us,  2.7 sy,  0.0 ni, 95.9 id,  0.0 wa,  0.0 hi,  0.0 si,  0.0 st
MiB Mem :   3793.3 total,   2613.4 free,    580.6 used,    599.2 buff/cache
MiB Swap:      0.0 total,      0.0 free,      0.0 used.   3157.1 avail Mem 
--- Mon Sep  6 10:54:00 UTC 2021
top - 10:54:00 up  1:17,  1 user,  load average: 0.01, 0.01, 0.00
Tasks: 134 total,   1 running, 133 sleeping,   0 stopped,   0 zombie
%Cpu(s):  0.0 us,  4.1 sy,  0.0 ni, 95.9 id,  0.0 wa,  0.0 hi,  0.0 si,  0.0 st
MiB Mem :   3793.3 total,   2613.8 free,    580.2 used,    599.2 buff/cache
MiB Swap:      0.0 total,      0.0 free,      0.0 used.   3157.5 avail Mem 
--- Mon Sep  6 10:54:05 UTC 2021
top - 10:54:05 up  1:17,  1 user,  load average: 0.01, 0.01, 0.00
Tasks: 134 total,   1 running, 133 sleeping,   0 stopped,   0 zombie
%Cpu(s):  1.4 us,  4.1 sy,  0.0 ni, 94.6 id,  0.0 wa,  0.0 hi,  0.0 si,  0.0 st
MiB Mem :   3793.3 total,   2614.0 free,    580.0 used,    599.3 buff/cache
MiB Swap:      0.0 total,      0.0 free,      0.0 used.   3157.7 avail Mem 
--- Mon Sep  6 10:54:10 UTC 2021
top - 10:54:11 up  1:17,  1 user,  load average: 0.01, 0.01, 0.00
Tasks: 134 total,   1 running, 133 sleeping,   0 stopped,   0 zombie
%Cpu(s):  0.0 us,  4.1 sy,  0.0 ni, 95.9 id,  0.0 wa,  0.0 hi,  0.0 si,  0.0 st
MiB Mem :   3793.3 total,   2613.7 free,    580.4 used,    599.3 buff/cache
MiB Swap:      0.0 total,      0.0 free,      0.0 used.   3157.3 avail Mem 
--- Mon Sep  6 10:54:16 UTC 2021
top - 10:54:16 up  1:17,  1 user,  load average: 0.01, 0.00, 0.00
Tasks: 134 total,   1 running, 133 sleeping,   0 stopped,   0 zombie
%Cpu(s):  1.4 us,  2.7 sy,  0.0 ni, 95.9 id,  0.0 wa,  0.0 hi,  0.0 si,  0.0 st
MiB Mem :   3793.3 total,   2613.4 free,    580.6 used,    599.3 buff/cache
MiB Swap:      0.0 total,      0.0 free,      0.0 used.   3157.1 avail Mem 
--- Mon Sep  6 10:54:21 UTC 2021
top - 10:54:21 up  1:17,  1 user,  load average: 0.01, 0.00, 0.00
Tasks: 134 total,   1 running, 133 sleeping,   0 stopped,   0 zombie
%Cpu(s):  0.0 us,  5.3 sy,  0.0 ni, 94.7 id,  0.0 wa,  0.0 hi,  0.0 si,  0.0 st
MiB Mem :   3793.3 total,   2613.4 free,    580.6 used,    599.3 buff/cache
MiB Swap:      0.0 total,      0.0 free,      0.0 used.   3157.1 avail Mem 
--- Mon Sep  6 10:54:26 UTC 2021
top - 10:54:26 up  1:17,  1 user,  load average: 0.01, 0.00, 0.00
Tasks: 134 total,   1 running, 133 sleeping,   0 stopped,   0 zombie
%Cpu(s):  2.6 us,  3.9 sy,  0.0 ni, 93.4 id,  0.0 wa,  0.0 hi,  0.0 si,  0.0 st
MiB Mem :   3793.3 total,   2613.4 free,    580.6 used,    599.3 buff/cache
MiB Swap:      0.0 total,      0.0 free,      0.0 used.   3157.1 avail Mem 
--- Mon Sep  6 10:54:31 UTC 2021
top - 10:54:31 up  1:17,  1 user,  load average: 0.01, 0.00, 0.00
Tasks: 134 total,   1 running, 133 sleeping,   0 stopped,   0 zombie
%Cpu(s):  2.7 us,  2.7 sy,  0.0 ni, 94.6 id,  0.0 wa,  0.0 hi,  0.0 si,  0.0 st
MiB Mem :   3793.3 total,   2613.4 free,    580.6 used,    599.3 buff/cache
MiB Swap:      0.0 total,      0.0 free,      0.0 used.   3157.1 avail Mem 
--- Mon Sep  6 10:54:36 UTC 2021
top - 10:54:37 up  1:17,  1 user,  load average: 0.00, 0.00, 0.00
Tasks: 134 total,   1 running, 133 sleeping,   0 stopped,   0 zombie
%Cpu(s):  1.4 us,  4.1 sy,  0.0 ni, 94.6 id,  0.0 wa,  0.0 hi,  0.0 si,  0.0 st
MiB Mem :   3793.3 total,   2613.3 free,    580.6 used,    599.3 buff/cache
MiB Swap:      0.0 total,      0.0 free,      0.0 used.   3157.1 avail Mem 
--- Mon Sep  6 10:54:42 UTC 2021
top - 10:54:42 up  1:17,  1 user,  load average: 0.00, 0.00, 0.00
Tasks: 134 total,   1 running, 133 sleeping,   0 stopped,   0 zombie
%Cpu(s):  1.4 us,  2.7 sy,  0.0 ni, 95.9 id,  0.0 wa,  0.0 hi,  0.0 si,  0.0 st
MiB Mem :   3793.3 total,   2613.4 free,    580.5 used,    599.3 buff/cache
MiB Swap:      0.0 total,      0.0 free,      0.0 used.   3157.1 avail Mem 
--- Mon Sep  6 10:54:47 UTC 2021
top - 10:54:47 up  1:18,  1 user,  load average: 0.00, 0.00, 0.00
Tasks: 134 total,   1 running, 133 sleeping,   0 stopped,   0 zombie
%Cpu(s):  1.4 us,  2.7 sy,  0.0 ni, 95.9 id,  0.0 wa,  0.0 hi,  0.0 si,  0.0 st
MiB Mem :   3793.3 total,   2613.7 free,    580.3 used,    599.3 buff/cache
MiB Swap:      0.0 total,      0.0 free,      0.0 used.   3157.4 avail Mem 
--- Mon Sep  6 10:54:52 UTC 2021
top - 10:54:52 up  1:18,  1 user,  load average: 0.00, 0.00, 0.00
Tasks: 134 total,   1 running, 133 sleeping,   0 stopped,   0 zombie
%Cpu(s):  1.4 us,  5.4 sy,  0.0 ni, 93.2 id,  0.0 wa,  0.0 hi,  0.0 si,  0.0 st
MiB Mem :   3793.3 total,   2613.7 free,    580.3 used,    599.3 buff/cache
MiB Swap:      0.0 total,      0.0 free,      0.0 used.   3157.4 avail Mem 
--- Mon Sep  6 10:54:57 UTC 2021
top - 10:54:58 up  1:18,  1 user,  load average: 0.00, 0.00, 0.00
Tasks: 134 total,   1 running, 133 sleeping,   0 stopped,   0 zombie
%Cpu(s):  2.7 us,  1.4 sy,  0.0 ni, 95.9 id,  0.0 wa,  0.0 hi,  0.0 si,  0.0 st
MiB Mem :   3793.3 total,   2613.8 free,    580.1 used,    599.3 buff/cache
MiB Swap:      0.0 total,      0.0 free,      0.0 used.   3157.6 avail Mem 
--- Mon Sep  6 10:55:03 UTC 2021
top - 10:55:03 up  1:18,  1 user,  load average: 0.00, 0.00, 0.00
Tasks: 134 total,   1 running, 133 sleeping,   0 stopped,   0 zombie
%Cpu(s):  1.4 us,  4.1 sy,  0.0 ni, 94.6 id,  0.0 wa,  0.0 hi,  0.0 si,  0.0 st
MiB Mem :   3793.3 total,   2613.4 free,    580.5 used,    599.3 buff/cache
MiB Swap:      0.0 total,      0.0 free,      0.0 used.   3157.2 avail Mem 
--- Mon Sep  6 10:55:08 UTC 2021
top - 10:55:08 up  1:18,  1 user,  load average: 0.00, 0.00, 0.00
Tasks: 134 total,   1 running, 133 sleeping,   0 stopped,   0 zombie
%Cpu(s):  1.4 us,  2.7 sy,  0.0 ni, 95.9 id,  0.0 wa,  0.0 hi,  0.0 si,  0.0 st
MiB Mem :   3793.3 total,   2612.9 free,    581.0 used,    599.4 buff/cache
MiB Swap:      0.0 total,      0.0 free,      0.0 used.   3156.7 avail Mem 
--- Mon Sep  6 10:55:13 UTC 2021
top - 10:55:13 up  1:18,  1 user,  load average: 0.00, 0.00, 0.00
Tasks: 132 total,   1 running, 131 sleeping,   0 stopped,   0 zombie
%Cpu(s):  2.7 us,  2.7 sy,  0.0 ni, 94.6 id,  0.0 wa,  0.0 hi,  0.0 si,  0.0 st
MiB Mem :   3793.3 total,   2612.9 free,    581.0 used,    599.4 buff/cache
MiB Swap:      0.0 total,      0.0 free,      0.0 used.   3156.7 avail Mem 
--- Mon Sep  6 10:55:18 UTC 2021
top - 10:55:18 up  1:18,  1 user,  load average: 0.00, 0.00, 0.00
Tasks: 132 total,   1 running, 131 sleeping,   0 stopped,   0 zombie
%Cpu(s):  1.4 us,  4.1 sy,  0.0 ni, 94.6 id,  0.0 wa,  0.0 hi,  0.0 si,  0.0 st
MiB Mem :   3793.3 total,   2613.1 free,    580.8 used,    599.4 buff/cache
MiB Swap:      0.0 total,      0.0 free,      0.0 used.   3156.9 avail Mem 
--- Mon Sep  6 10:55:23 UTC 2021
top - 10:55:24 up  1:18,  1 user,  load average: 0.00, 0.00, 0.00
Tasks: 132 total,   1 running, 131 sleeping,   0 stopped,   0 zombie
%Cpu(s):  0.0 us,  4.2 sy,  0.0 ni, 95.8 id,  0.0 wa,  0.0 hi,  0.0 si,  0.0 st
MiB Mem :   3793.3 total,   2613.4 free,    580.5 used,    599.4 buff/cache
MiB Swap:      0.0 total,      0.0 free,      0.0 used.   3157.2 avail Mem 
--- Mon Sep  6 10:55:29 UTC 2021
top - 10:55:29 up  1:18,  1 user,  load average: 0.00, 0.00, 0.00
Tasks: 132 total,   1 running, 131 sleeping,   0 stopped,   0 zombie
%Cpu(s):  1.4 us,  2.7 sy,  0.0 ni, 95.9 id,  0.0 wa,  0.0 hi,  0.0 si,  0.0 st
MiB Mem :   3793.3 total,   2613.3 free,    580.6 used,    599.4 buff/cache
MiB Swap:      0.0 total,      0.0 free,      0.0 used.   3157.1 avail Mem 
--- Mon Sep  6 10:55:34 UTC 2021
top - 10:55:34 up  1:18,  1 user,  load average: 0.00, 0.00, 0.00
Tasks: 132 total,   1 running, 131 sleeping,   0 stopped,   0 zombie
%Cpu(s):  1.4 us,  4.1 sy,  0.0 ni, 94.6 id,  0.0 wa,  0.0 hi,  0.0 si,  0.0 st
MiB Mem :   3793.3 total,   2613.2 free,    580.7 used,    599.4 buff/cache
MiB Swap:      0.0 total,      0.0 free,      0.0 used.   3157.0 avail Mem 
--- Mon Sep  6 10:55:39 UTC 2021
top - 10:55:39 up  1:18,  1 user,  load average: 0.00, 0.00, 0.00
Tasks: 132 total,   1 running, 131 sleeping,   0 stopped,   0 zombie
%Cpu(s):  1.3 us,  5.3 sy,  0.0 ni, 93.3 id,  0.0 wa,  0.0 hi,  0.0 si,  0.0 st
MiB Mem :   3793.3 total,   2612.7 free,    581.2 used,    599.4 buff/cache
MiB Swap:      0.0 total,      0.0 free,      0.0 used.   3156.5 avail Mem 
--- Mon Sep  6 10:55:44 UTC 2021
top - 10:55:44 up  1:19,  1 user,  load average: 0.00, 0.00, 0.00
Tasks: 132 total,   1 running, 131 sleeping,   0 stopped,   0 zombie
%Cpu(s):  2.7 us,  2.7 sy,  0.0 ni, 94.6 id,  0.0 wa,  0.0 hi,  0.0 si,  0.0 st
MiB Mem :   3793.3 total,   2612.8 free,    581.0 used,    599.4 buff/cache
MiB Swap:      0.0 total,      0.0 free,      0.0 used.   3156.7 avail Mem 
--- Mon Sep  6 10:55:50 UTC 2021
top - 10:55:50 up  1:19,  1 user,  load average: 0.00, 0.00, 0.00
Tasks: 132 total,   1 running, 131 sleeping,   0 stopped,   0 zombie
%Cpu(s):  0.0 us,  4.1 sy,  0.0 ni, 95.9 id,  0.0 wa,  0.0 hi,  0.0 si,  0.0 st
MiB Mem :   3793.3 total,   2613.0 free,    580.9 used,    599.4 buff/cache
MiB Swap:      0.0 total,      0.0 free,      0.0 used.   3156.8 avail Mem 
--- Mon Sep  6 10:55:55 UTC 2021
top - 10:55:55 up  1:19,  1 user,  load average: 0.00, 0.00, 0.00
Tasks: 132 total,   1 running, 131 sleeping,   0 stopped,   0 zombie
%Cpu(s):  1.4 us,  4.1 sy,  0.0 ni, 94.5 id,  0.0 wa,  0.0 hi,  0.0 si,  0.0 st
MiB Mem :   3793.3 total,   2612.9 free,    580.9 used,    599.4 buff/cache
MiB Swap:      0.0 total,      0.0 free,      0.0 used.   3156.8 avail Mem 
--- Mon Sep  6 10:56:00 UTC 2021
top - 10:56:00 up  1:19,  1 user,  load average: 0.00, 0.00, 0.00
Tasks: 132 total,   1 running, 131 sleeping,   0 stopped,   0 zombie
%Cpu(s):  0.0 us,  4.1 sy,  0.0 ni, 95.9 id,  0.0 wa,  0.0 hi,  0.0 si,  0.0 st
MiB Mem :   3793.3 total,   2613.2 free,    580.7 used,    599.4 buff/cache
MiB Swap:      0.0 total,      0.0 free,      0.0 used.   3157.0 avail Mem 
--- Mon Sep  6 10:56:05 UTC 2021
top - 10:56:05 up  1:19,  1 user,  load average: 0.00, 0.00, 0.00
Tasks: 132 total,   1 running, 131 sleeping,   0 stopped,   0 zombie
%Cpu(s):  0.0 us,  4.1 sy,  0.0 ni, 95.9 id,  0.0 wa,  0.0 hi,  0.0 si,  0.0 st
MiB Mem :   3793.3 total,   2613.2 free,    580.6 used,    599.4 buff/cache
MiB Swap:      0.0 total,      0.0 free,      0.0 used.   3157.1 avail Mem 
--- Mon Sep  6 10:56:10 UTC 2021
top - 10:56:11 up  1:19,  1 user,  load average: 0.00, 0.00, 0.00
Tasks: 132 total,   1 running, 131 sleeping,   0 stopped,   0 zombie
%Cpu(s):  0.0 us,  4.1 sy,  0.0 ni, 95.9 id,  0.0 wa,  0.0 hi,  0.0 si,  0.0 st
MiB Mem :   3793.3 total,   2613.1 free,    580.8 used,    599.5 buff/cache
MiB Swap:      0.0 total,      0.0 free,      0.0 used.   3156.9 avail Mem 
--- Mon Sep  6 10:56:16 UTC 2021
top - 10:56:16 up  1:19,  1 user,  load average: 0.00, 0.00, 0.00
Tasks: 132 total,   1 running, 131 sleeping,   0 stopped,   0 zombie
%Cpu(s):  0.0 us,  5.3 sy,  0.0 ni, 94.7 id,  0.0 wa,  0.0 hi,  0.0 si,  0.0 st
MiB Mem :   3793.3 total,   2613.1 free,    580.8 used,    599.5 buff/cache
MiB Swap:      0.0 total,      0.0 free,      0.0 used.   3156.9 avail Mem 
--- Mon Sep  6 10:56:21 UTC 2021
top - 10:56:21 up  1:19,  1 user,  load average: 0.00, 0.00, 0.00
Tasks: 132 total,   1 running, 131 sleeping,   0 stopped,   0 zombie
%Cpu(s):  0.0 us,  4.1 sy,  0.0 ni, 95.9 id,  0.0 wa,  0.0 hi,  0.0 si,  0.0 st
MiB Mem :   3793.3 total,   2613.2 free,    580.6 used,    599.5 buff/cache
MiB Swap:      0.0 total,      0.0 free,      0.0 used.   3157.1 avail Mem 
--- Mon Sep  6 10:56:26 UTC 2021
top - 10:56:26 up  1:19,  1 user,  load average: 0.00, 0.00, 0.00
Tasks: 132 total,   1 running, 131 sleeping,   0 stopped,   0 zombie
%Cpu(s):  1.4 us,  2.7 sy,  0.0 ni, 95.9 id,  0.0 wa,  0.0 hi,  0.0 si,  0.0 st
MiB Mem :   3793.3 total,   2613.1 free,    580.7 used,    599.5 buff/cache
MiB Swap:      0.0 total,      0.0 free,      0.0 used.   3157.0 avail Mem 
--- Mon Sep  6 10:56:31 UTC 2021
top - 10:56:31 up  1:19,  1 user,  load average: 0.00, 0.00, 0.00
Tasks: 132 total,   1 running, 131 sleeping,   0 stopped,   0 zombie
%Cpu(s):  0.0 us,  4.1 sy,  0.0 ni, 95.9 id,  0.0 wa,  0.0 hi,  0.0 si,  0.0 st
MiB Mem :   3793.3 total,   2612.9 free,    580.9 used,    599.5 buff/cache
MiB Swap:      0.0 total,      0.0 free,      0.0 used.   3156.8 avail Mem 
--- Mon Sep  6 10:56:36 UTC 2021
top - 10:56:37 up  1:19,  1 user,  load average: 0.00, 0.00, 0.00
Tasks: 132 total,   1 running, 131 sleeping,   0 stopped,   0 zombie
%Cpu(s):  1.4 us,  4.1 sy,  0.0 ni, 94.6 id,  0.0 wa,  0.0 hi,  0.0 si,  0.0 st
MiB Mem :   3793.3 total,   2613.1 free,    580.7 used,    599.5 buff/cache
MiB Swap:      0.0 total,      0.0 free,      0.0 used.   3157.0 avail Mem 
--- Mon Sep  6 10:56:42 UTC 2021
top - 10:56:42 up  1:19,  1 user,  load average: 0.00, 0.00, 0.00
Tasks: 132 total,   1 running, 131 sleeping,   0 stopped,   0 zombie
%Cpu(s):  1.4 us,  4.1 sy,  0.0 ni, 94.6 id,  0.0 wa,  0.0 hi,  0.0 si,  0.0 st
MiB Mem :   3793.3 total,   2613.4 free,    580.3 used,    599.5 buff/cache
MiB Swap:      0.0 total,      0.0 free,      0.0 used.   3157.3 avail Mem 
--- Mon Sep  6 10:56:47 UTC 2021
top - 10:56:47 up  1:20,  1 user,  load average: 0.00, 0.00, 0.00
Tasks: 132 total,   1 running, 131 sleeping,   0 stopped,   0 zombie
%Cpu(s):  1.4 us,  4.1 sy,  0.0 ni, 94.5 id,  0.0 wa,  0.0 hi,  0.0 si,  0.0 st
MiB Mem :   3793.3 total,   2613.1 free,    580.7 used,    599.5 buff/cache
MiB Swap:      0.0 total,      0.0 free,      0.0 used.   3157.0 avail Mem 
--- Mon Sep  6 10:56:52 UTC 2021
top - 10:56:52 up  1:20,  1 user,  load average: 0.00, 0.00, 0.00
Tasks: 133 total,   1 running, 132 sleeping,   0 stopped,   0 zombie
%Cpu(s):  1.4 us,  4.1 sy,  0.0 ni, 94.6 id,  0.0 wa,  0.0 hi,  0.0 si,  0.0 st
MiB Mem :   3793.3 total,   2612.7 free,    581.1 used,    599.5 buff/cache
MiB Swap:      0.0 total,      0.0 free,      0.0 used.   3156.6 avail Mem 
--- Mon Sep  6 10:56:57 UTC 2021
top - 10:56:58 up  1:20,  1 user,  load average: 0.00, 0.00, 0.00
Tasks: 133 total,   1 running, 132 sleeping,   0 stopped,   0 zombie
%Cpu(s):  0.0 us,  5.4 sy,  0.0 ni, 94.6 id,  0.0 wa,  0.0 hi,  0.0 si,  0.0 st
MiB Mem :   3793.3 total,   2612.7 free,    581.1 used,    599.5 buff/cache
MiB Swap:      0.0 total,      0.0 free,      0.0 used.   3156.6 avail Mem 
--- Mon Sep  6 10:57:03 UTC 2021
top - 10:57:03 up  1:20,  1 user,  load average: 0.00, 0.00, 0.00
Tasks: 133 total,   1 running, 132 sleeping,   0 stopped,   0 zombie
%Cpu(s):  1.4 us,  4.1 sy,  0.0 ni, 94.6 id,  0.0 wa,  0.0 hi,  0.0 si,  0.0 st
MiB Mem :   3793.3 total,   2612.7 free,    581.0 used,    599.5 buff/cache
MiB Swap:      0.0 total,      0.0 free,      0.0 used.   3156.7 avail Mem 
--- Mon Sep  6 10:57:08 UTC 2021
top - 10:57:08 up  1:20,  1 user,  load average: 0.00, 0.00, 0.00
Tasks: 133 total,   1 running, 132 sleeping,   0 stopped,   0 zombie
%Cpu(s):  1.4 us,  4.1 sy,  0.0 ni, 94.6 id,  0.0 wa,  0.0 hi,  0.0 si,  0.0 st
MiB Mem :   3793.3 total,   2612.7 free,    581.1 used,    599.6 buff/cache
MiB Swap:      0.0 total,      0.0 free,      0.0 used.   3156.6 avail Mem 
--- Mon Sep  6 10:57:13 UTC 2021
top - 10:57:13 up  1:20,  1 user,  load average: 0.00, 0.00, 0.00
Tasks: 133 total,   1 running, 132 sleeping,   0 stopped,   0 zombie
%Cpu(s):  1.4 us,  4.1 sy,  0.0 ni, 94.6 id,  0.0 wa,  0.0 hi,  0.0 si,  0.0 st
MiB Mem :   3793.3 total,   2612.7 free,    581.0 used,    599.6 buff/cache
MiB Swap:      0.0 total,      0.0 free,      0.0 used.   3156.7 avail Mem 
--- Mon Sep  6 10:57:18 UTC 2021
top - 10:57:18 up  1:20,  1 user,  load average: 0.00, 0.00, 0.00
Tasks: 133 total,   1 running, 132 sleeping,   0 stopped,   0 zombie
%Cpu(s):  1.4 us,  2.8 sy,  0.0 ni, 95.8 id,  0.0 wa,  0.0 hi,  0.0 si,  0.0 st
MiB Mem :   3793.3 total,   2612.9 free,    580.8 used,    599.6 buff/cache
MiB Swap:      0.0 total,      0.0 free,      0.0 used.   3156.9 avail Mem 
